1
. . . . . . . . . . . . . . . . . . . . 
. . . . . . . . . . . . . . . . . . . . 
. . . . . . . . . . . . . . . . . . . . 
. . . . . . . . . . . . . . . . . . . . 
. . . . . . . . . . . . . . . . . . . . 
. . . . . . . . . . . . . . . . . . . . 
. . . . . . . . . . . . . . . . . . . . 
. . . . . . . # # . . # # . . . . . . . 
. . . . . . . # . . . . # . . . . . . . 
. . . . . . . . . # # . . . . . . . . . 
. . . . . . . . . # # . . . . . . . . . 
. . . . . . . # . . . . # . . . . . . . 
. . . . . . . # # . . # # . . . . . . . 
. . . . . . . . . . . . . . . . . . . . 
. . . . . . . . . . . . . . . . . . . . 
. . . . . . . . . . . . . . . . . . . . 
. . . . . . . . . . . . . . . . . . . . 
. . . . . . . . . . . . . . . . . . . . 
. . . . . . . . . . . . . . . . . . . . 
. . . . . . . . . . . . . . . . . . . . 

. . . . . . . . . . . . . . . . . . . . 
. . . . . . . . . . . . . . . . . . . . 
. . . . . . . . . . . . . . . . . . . . 
. . . . . . . . . . . . . . . . . . . . 
. . . . . . . . . . . . . . . . . . . . 
. . . . . . . . . . . . . . . . . . . . 
. . . . . . . . . . . . . . . . . . . . 
. . . . . . . # # . . # # . . . . . . . 
. . . . . . . # . . . . # . . . . . . . 
. . . . . . . . . # # . . . . . . . . . 
. . . . . . . . . # # . . . . . . . . . 
. . . . . . . # . . . . # . . . . . . . 
. . . . . . . # # . . # # . . . . . . . 
. . . . . . . . . . . . . . . . . . . . 
. . . . . . . . . . . . . . . . . . . . 
. . . . . . . . . . . . . . . . . . . . 
. . . . . . . . . . . . . . . . . . . . 
. . . . . . . . . . . . . . . . . . . . 
. . . . . . . . . . . . . . . . . . . . 
. . . . . . . . . . . . . . . . . . . . 

. . . . . . . . . . . . . . . . . . . . 
. . . . . . . . . . . . . . . . . . . . 
. . . . . . . . . . . . . . . . . . . . 
. . . . . . . . . . . . . . . . . . . . 
. . . . . . . . . . . . . . . . . . . . 
. . . . . . . . . . . . . . . . . . . . 
. . . . . . . . . . . . . . . . . . . . 
. . . . . . . # # . . # # . . . . . . . 
. . . . . . . # . . . . # . . . . . . . 
. . . . . . . . . # # . . . . . . . . . 
. . . . . . . . . # # . . . . . . . . . 
. . . . . . . # . . . . # . . . . . . . 
. . . . . . . # # . . # # . . . . . . . 
. . . . . . . . . . . . . . . . . . . . 
. . . . . . . . . . . . . . . . . . . . 
. . . . . . . . . . . . . . . . . . . . 
. . . . . . . . . . . . . . . . . . . . 
. . . . . . . . . . . . . . . . . . . . 
. . . . . . . . . . . . . . . . . . . . 
. . . . . . . . . . . . . . . . . . . . 

. . . . . . . . . . . . . . . . . . . . 
. . . . . . . . . . . . . . . . . . . . 
. . . . . . . . . . . . . . . . . . . . 
. . . . . . . . . . . . . . . . . . . . 
. . . . . . . . . . . . . . . . . . . . 
. . . . . . . . . . . . . . . . . . . . 
. . . . . . . . . . . . . . . . . . . . 
. . . . . . . # # . . # # . . . . . . . 
. . . . . . . # . . . . # . . . . . . . 
. . . . . . . . . # # . . . . . . . . . 
. . . . . . . . . # # . . . . . . . . . 
. . . . . . . # . . . . # . . . . . . . 
. . . . . . . # # . . # # . . . . . . . 
. . . . . . . . . . . . . . . . . . . . 
. . . . . . . . . . . . . . . . . . . . 
. . . . . . . . . . . . . . . . . . . . 
. . . . . . . . . . . . . . . . . . . . 
. . . . . . . . . . . . . . . . . . . . 
. . . . . . . . . . . . . . . . . . . . 
. . . . . . . . . . . . . . . . . . . . 

. . . . . . . . . . . . . . . . . . . . 
. . . . . . . . . . . . . . . . . . . . 
. . . . . . . . . . . . . . . . . . . . 
. . . . . . . . . . . . . . . . . . . . 
. . . . . . . . . . . . . . . . . . . . 
. . . A . . . . . . . . . . . . . . . . 
. . . . . . . . . . . . . . . . . . . . 
. . . . . . . # # . . # # . . . . . . . 
. . . . . . . # . . . . # . . . . . . . 
. . . . . . . . . # # . . . . . . . . . 
. . . . . . . . . # # . . . . . . . . . 
. . . . . . . # . . . . # . . . . . . . 
. . . . . . . # # . . # # . . . . . . . 
. . . . . . . . . . . . . . . . . . . . 
. . . B . . . . . . . . . . . . . . . . 
. . . . . . . . . . . . . . . . . . . . 
. . . . . . . . . . . . . . . . . . . . 
. . . . . . . . . . . . . . . . . . . . 
. . . . . . . . . . . . . . . . . . . . 
. . . . . . . . . . . . . . . . . . . . 

. . . . . . . . . . . . . . . . . . . . 
. . . . . . . . . . . . . . . . . . . . 
. . . . . . . . . . . . . . . . . . . . 
. . . . . . . . . . . . . . . . . . . . 
. . . . . . . . . . . . . . . . . . . . 
. . A A . . . . . . . . . . . . . . . . 
. . . . . . . . . . . . . . . . . . . . 
. . . . . . . # # . . # # . . . . . . . 
. . . . . . . # . . . . # . . . . . . . 
. . . . . . . . . # # . . . . . . . . . 
. . . . . . . . . # # . . . . . . . . . 
. . . . . . . # . . . . # . . . . . . . 
. . . . . . . # # . . # # . . . . . . . 
. . . . . . . . . . . . . . . . . . . . 
. . B B . . . . . . . . . . . . . . . . 
. . . . . . . . . . . . . . . . . . . . 
. . . . . . . . . . . . . . . . . . . . 
. . . . . . . . . . . . . . . . . . . . 
. . . . . . . . . . . . . . . . . . . . 
. . . . . . . . . . . . . . . . . . . . 

. . . . . . . . . . . . . . . . . . . . 
. . . . . . . . . . . . . . . . . . . . 
. . . . . . . . . . . . . . . . . . . . 
. . . . . . . . . . . . . . . . . . . . 
. . . . . . . . . . . . . . . . . . . . 
. . A A . . . . . . . . . . . . . . . . 
. . A . . . . . . . . . . . . . . . . . 
. . . . . . . # # . . # # . . . . . . . 
. . . . . . . # . . . . # . . . . . . . 
. . . . . . . . . # # . . . . . . . . . 
. . . . . . . . . # # . . . . . . . . . 
. . . . . . . # . . . . # . . . . . . . 
. . . . . . . # # . . # # . . . . . . . 
. . . . . . . . . . . . . . . . . . . . 
. . B B . . . . . . . . . . . . . . . . 
. . B . . . . . . . . . . . . . . . . . 
. . . . . . . . . . . . . . . . . . . . 
. . . . . . . . . . . . . . . . . . . . 
. . . . . . . . . . . . . . . . . . . . 
. . . . . . . . . . . . . . . . . . . . 

. . . . . . . . . . . . . . . . . . . . 
. . . . . . . . . . . . . . . . . . . . 
. . . . . . . . . . . . . . . . . . . . 
. . . . . . . . . . . . . . . . . . . . 
. . . . . . . . . . . . . . . . . . . . 
. . . . . . . . . . . . . . . . . . . . 
. . . . . . . . . . . . . . . . . . . . 
. . . . . . . # # . . # # . . . . . . . 
. . . . . . . # . . . . # . . . . . . . 
. . . . . . . . . # # . . . . . . . . . 
. . . . . . . . . # # . . . . . . . . . 
. . . . . . . # . . . . # . . . . . . . 
. . . . . . . # # . . # # . . . . . . . 
. . . . . . . . . . . . . . . . . . . . 
. . . . . . . . . . . . . . . . . . . . 
. . . . . . . . . . . . . . . . . . . . 
. . . . . . . . . . . . . . . . . . . . 
. . . . . . . . . . . . . . . . . . . . 
. . . . . . . . . . . . . . . . . . . . 
. . . . . . . . . . . . . . . . . . . . 

. . . . . . . . . . . . . . . . . . . . 
. . . . . . . . . . . . . . . . . . . . 
. . . . . . . . . . . . . . . . . . . . 
. . . . . . . . . . . . . . . . . . . . 
. . . . . . . . . . . . . . . . . . . . 
. . . . . . . . . . . . . . . . . . . . 
. . . . . . . . . . . . . . . . . . . . 
. . . A . . . # # . . # # . . . . . . . 
. . . . . . . # . . . . # . . . . . . . 
. . . . . . . . . # # . . . . . . . . . 
. . . . . . . . . # # . . . . . . . . . 
. . . . . . . # . . . . # . . . . . . . 
. . . . . . . # # . . # # . . . . . . . 
. . . . . . . . . . . . . . . . . . . . 
. . . . . . . . . . . . . . . . . . . . 
. . . . . . . . . . . . . . . . . . . . 
. . . B . . . . . . . . . . . . . . . . 
. . . . . . . . . . . . . . . . . . . . 
. . . . . . . . . . . . . . . . . . . . 
. . . . . . . . . . . . . . . . . . . . 

. . . . . . . . . . . . . . . . . . . . 
. . . . . . . . . . . . . . . . . . . . 
. . . . . . . . . . . . . . . . . . . . 
. . . . . . . . . . . . . . . . . . . . 
. . . . . . . . . . . . . . . . . . . . 
. . . . . . . . . . . . . . . . . . . . 
. . . . . . . . . . . . . . . . . . . . 
. . . A A . . # # . . # # . . . . . . . 
. . . . . . . # . . . . # . . . . . . . 
. . . . . . . . . # # . . . . . . . . . 
. . . . . . . . . # # . . . . . . . . . 
. . . . . . . # . . . . # . . . . . . . 
. . . . . . . # # . . # # . . . . . . . 
. . . . . . . . . . . . . . . . . . . . 
. . . . . . . . . . . . . . . . . . . . 
. . . . . . . . . . . . . . . . . . . . 
. . . B B B . . . . . . . . . . . . . . 
. . . . . . . . . . . . . . . . . . . . 
. . . . . . . . . . . . . . . . . . . . 
. . . . . . . . . . . . . . . . . . . . 

. . . . . . . . . . . . . . . . . . . . 
. . . . . . . . . . . . . . . . . . . . 
. . . . . . . . . . . . . . . . . . . . 
. . . . . . . . . . . . . . . . . . . . 
. . . . . . . . . . . . . . . . . . . . 
. . . . . . . . . . . . . . . . . . . . 
. . . . . . . . . . . . . . . . . . . . 
. . . A A A . # # . . # # . . . . . . . 
. . . . . . . # . . . . # . . . . . . . 
. . . . . . . . . # # . . . . . . . . . 
. . . . . . . . . # # . . . . . . . . . 
. . . . . . . # . . . . # . . . . . . . 
. . . . . . . # # . . # # . . . . . . . 
. . . . . . . . . . . . . . . . . . . . 
. . . . . . . . . . . . . . . . . . . . 
. . . . . . . . . . . . . . . . . . . . 
. . . B B B B B . . . . . . . . . . . . 
. . . . . . . . . . . . . . . . . . . . 
. . . . . . . . . . . . . . . . . . . . 
. . . . . . . . . . . . . . . . . . . . 

. . . . . . . . . . . . . . . . . . . . 
. . . . . . . . . . . . . . . . . . . . 
. . . . . . . . . . . . . . . . . . . . 
. . . . . . . . . . . . . . . . . . . . 
. . . . . . . . . . . . . . . . . . . . 
. . . . . . . . . . . . . . . . . . . . 
. . . . . . . . . . . . . . . . . . . . 
. . . . . . . # # . . # # . . . . . . . 
. . . . . . . # . . . . # . . . . . . . 
. . . . . . . . . # # . . . . . . . . . 
. . . . . . . . . # # . . . . . . . . . 
. . . . . . . # . . . . # . . . . . . . 
. . . . . . . # # . . # # . . . . . . . 
. . . . . . . . . . . . . . . . . . . . 
. . . . . . . B . . . . . . . . . . . . 
. . . . . . . B . . . . . . . . . . . . 
. . . B B B B B . . . . . . . . . . . . 
. . . . . . . . . . . . . . . . . . . . 
. . . . . . . . . . . . . . . . . . . . 
. . . . . . . . . . . . . . . . . . . . 

. . . . . . . . . . . . . . . . . . . . 
. . . . . . . . . . . . . . . . . . . . 
. . . . . . . . . . . . . . . . . . . . 
. . . . . . . . . . . . . . . . . . . . 
. . . . . . . . . . . . . . . . . . . . 
. . . . . . . . . . . . . . . . . . . . 
. . . . . . . . . . . . . . . . . . . . 
. . . . . . . # # . . # # . . . . . . . 
. . . . . . . # . . . . # . . . . . . . 
. . . . . . . . . # # . . . . . . . . . 
. . . . . . . . . # # . . . . . . . . . 
. . . . . . . # . . . . # . . . . . . . 
. . . . . . . # # . . # # . . . . . . . 
. . . . . . . . . . . . . . . . . . . . 
. . . . . . . . . . . . . . . . . . . . 
. . . . . . . . . . . . . . . . . . . . 
. . . . . . . . . . . . . . . . . . . . 
. . . . . . . . . . . . . . . . . . . . 
. . . . . . . . . . . . . . . . . . . . 
. . . . . . . . . . . . . . . . . . . . 

. . . . . . . . . . . . . . . . . . . . 
. . . . . . . . . . . . . . . . . . . . 
. . . . . . . . . . . . . . . . . . . . 
. . . . . . . . . . . . . . . . . . . . 
. . . . . . . . . . . . . . . . . . . . 
. . . . . . . . . . . . . . . . . . . . 
. . . . . . . . . . . . . . . . . . . . 
. . . . . . . # # . . # # . . . . . . . 
. . . . . . . # . . . . # . . . . . . . 
. . . . . . . . . # # . . . . . . . . . 
. . . . . . . . . # # . . . . . . . . . 
. . . . . . . # . . . . # . . . . . . . 
. . . . . B . # # . . # # . . . . . . . 
. . . . . . . . . . . . . . . . . . . . 
. . . . . . . . . . . . . . . . . . . . 
. . . . . . . . . . . . . . . . . . . . 
. . . . . . . . . . . . . . . . . . . . 
. . . . . . . . . . . . . . . . . . . . 
. . . . . . . . . . . . . . . . . . . . 
. . . . . . . . . . . . . . . . . . . . 

. . . . . . . . . . . . . . . . . . . . 
. . . . . . . . . . . . . . . . . . . . 
. . . . . . . . . . . . . . . . . . . . 
. . . . . . . . . . . . . . . . . . . . 
. . . . . . . . . . . . . . . . . . . . 
. . . . . . . . . . . . . . . . . . . . 
. . . . . . . . . . . . . . . . . . . . 
. . . . . . . # # . . # # . . . . . . . 
. . . . . . . # . . . . # . . . . . . . 
. . . . . . . . . # # . . . . . . . . . 
. . . . . . . . . # # . . . . . . . . . 
. . . . . . . # . . . . # . . . . . . . 
. . . B B B . # # . . # # . . . . . . . 
. . . . . . . . . . . . . . . . . . . . 
. . . . . . . . . . . . . . . . . . . . 
. . . . . . . . . . . . . . . . . . . . 
. . . . . . . . . . . . . . . . . . . . 
. . . . . . . . . . . . . . . . . . . . 
. . . . . . . . . . . . . . . . . . . . 
. . . . . . . . . . . . . . . . . . . . 

. . . . . . . . . . . . . . . . . . . . 
. . . . . . . . . . . . . . . . . . . . 
. . . . . . . . . . . . . . . . . . . . 
. . . . . . . . . . . . . . . . . . . . 
. . . . . . . . . . . . . . . . . . . . 
. . . . . . . . . . . . . . . . . . . . 
. . . . . . . . . . . . . . . . . . . . 
. . . . . . . # # . . # # . . . . . . . 
. . . . . . . # . . . . # . . . . . . . 
. . . . . . . . . # # . . . . . . . . . 
. . . . . . . . . # # . . . . . . . . . 
. . . . . . . # . . . . # . . . . . . . 
. . . . . . . # # . . # # . . . . . . . 
. . . . . . . . . . . . . . . . . . . . 
. . . . . . . . . . . . . . . . . . . . 
. . . . . . . . . . . . . . . . . . . . 
. . . . . . . . . . . . . . . . . . . . 
. . . . . . . . . . . . . . . . . . . . 
. . . . . . . . . . . . . . . . . . . . 
. . . . . . . . . . . . . . . . . . . . 

. . . . . . . . . . . . . . . . . . . . 
. . . . . . . . . . . . . . . . . . . . 
. . . . . . . . . . . . . . . . . . . . 
. . . . . . . . . . . . . . . . . . . . 
. . . . . . . . . . . . . . . . . . . . 
. . . . . . . . . . . . . . . . . . . . 
. . . . . . . . . . . . . . . . . . . . 
. . . . . . . # # . . # # . . . . . . . 
. . . . . . . # . . . . # . . . . . . . 
. . . . . . . . . # # . . . . . . . . . 
. . . . . . . . . # # . . . . . . . . . 
. . . . . . . # . . . . # . . . . . . . 
. . . . . . . # # . . # # . . . . . . . 
. . . . . . . . . . . . . . . . . . . . 
. . . . . . . . . . . . . . . . . . . . 
. . . . . . . . . . . . . . . . . . . . 
. . . . . . . . . . . . . . . . . . . . 
. . . . . . . . . . . . . . . . . . . . 
. . . . . . . . . . . . . . . . . . . . 
. . . . . . . . . . . . . . . . . . . . 

. . . . . . . . . . . . . . . . . . . . 
. . . . . . . . . . . . . . . . . . . . 
. . . . . . . . . . . . . . . . . . . . 
. . . . . . A . . . . . . . . . . . . . 
. . . . . . . . . . . . . . . . . . . . 
. . . . . . . . . . . . . . . . . . . . 
. . . . . . . . . . . . . . . . . . . . 
. . . . . . . # # . . # # . . . . . . . 
. . . . . . . # . . . . # . . . . . . . 
. . . . . . . . . # # . . . . . . . . . 
. . . . . . . . . # # . . . . . . . . . 
. . . . . . . # . . . . # . . . . . . . 
. . . . . . . # # . . # # . . . . . . . 
. . . . . . . . . . . . . . . . . . . . 
. . . . . . . . . . . . . . . . . . . . 
. . . . . . . . . . . . . . . . . . . . 
. . . . . . . . . . . . . . . . . . . . 
. . . . . . . . . . . . . . . . . . . . 
. . . . . . . . . . . . . . . . . . . . 
. . . . . . . . . . . . . . . . . . . . 

. . . . . . . . . . . . . . . . . . . . 
. . . . . . . . . . . . . . . . . . . . 
. . . . . . . . . . . . . . . . . . . . 
. . . . . . A A . . . . . . . . . . . . 
. . . . . . . . . . . . . . . . . . . . 
. . . . . . . . . . . . . . . . . . . . 
. . . . . . . . . . . . . . . . . . . . 
. . . . . . . # # . . # # . . . . . . . 
. . . . . . . # . . . . # . . . . . . . 
. . . . . . . . . # # . . . . . . . . . 
. . . . . . . . . # # . . . . . . . . . 
. . . . . . . # . . . . # . . . . . . . 
. . . . . . . # # . . # # . . . . . . . 
. . . . . . . . . . . . . . . . . . . . 
. . . . . . . . . . . . . . . . . . . . 
. . . . . . . . . . . . . . . . . . . . 
. . . . . . . . . . . . . . . . . . . . 
. . . . . . . . . . . . . . . . . . . . 
. . . . . . . . . . . . . . . . . . . . 
. . . . . . . . . . . . . . . . . . . . 

. . . . . . . . . . . . . . . . . . . . 
. . . . . . . . . . . . . . . . . . . . 
. . . . . . . A . . . . . . . . . . . . 
. . . . . . A A . . . . . . . . . . . . 
. . . . . . . . . . . . . . . . . . . . 
. . . . . . . . . . . . . . . . . . . . 
. . . . . . . . . . . . . . . . . . . . 
. . . . . . . # # . . # # . . . . . . . 
. . . . . . . # . . . . # . . . . . . . 
. . . . . . . . . # # . . . . . . . . . 
. . . . . . . . . # # . . . . . . . . . 
. . . . . . . # . . . . # . . . . . . . 
. . . . . . . # # . . # # . . . . . . . 
. . . . . . . . . . . . . . . . . . . . 
. . . . . . . . . . . . . . . . . . . . 
. . . . . . . . . . . . . . . . . . . . 
. . . . . . . . . . . . . . . . . . . . 
. . . . . . . . . . . . . . . . . . . . 
. . . . . . . . . . . . . . . . . . . . 
. . . . . . . . . . . . . . . . . . . . 

. . . . . . . . . . . . . . . . . . . . 
. . . . . . . . . . . . . . . . . . . . 
. . . . . . . A A . . . . . . . . . . . 
. . . . . . A A . . . . . . . . . . . . 
. . . . . . . . . . . . . . . . . . . . 
. . . . . . . . . . . . . . . . . . . . 
. . . . . . . . . . . . . . . . . . . . 
. . . . . . . # # . . # # . . . . . . . 
. . . . . . . # . . . . # . . . . . . . 
. . . . . . . . . # # . . . . . . . . . 
. . . . . . . . . # # . . . . . . . . . 
. . . . . . . # . . . . # . . . . . . . 
. . . . . . . # # . . # # . . . . . . . 
. . . . . . . . . . . . . . . . . . . . 
. . . . . . . . . . . . . . . . . . . . 
. . . . . . . . . . . . . . . . . . . . 
. . . . . . . . . . . . . . . . . . . . 
. . . . . . . . . . . . . . . . . . . . 
. . . . . . . . . . . . . . . . . . . . 
. . . . . . . . . . . . . . . . . . . . 

. . . . . . . . . . . . . . . . . . . . 
. . . . . . . . . . . . . . . . . . . . 
. . . . . . . A A A . . . . . . . . . . 
. . . . . . A A . . . . . . . . . . . . 
. . . . . . . . . . . . . . . . . . . . 
. . . . . . . . . . . . . . . . . . . . 
. . . . . . . . . . . . . . . . . . . . 
. . . . . . . # # . . # # . . . . . . . 
. . . . . . . # . . . . # . . . . . . . 
. . . . . . . . . # # . . . . . . . . . 
. . . . . . . . . # # . . . . . . . . . 
. . . . . . . # . . . . # . . . . . . . 
. . . . . . . # # . . # # . . . . . . . 
. . . . . . . . . . . . . . . . . . . . 
. . . . . . . . . . . . . . . . . . . . 
. . . . . . . . . . . . . . . . . . . . 
. . . . . . . . . . . . . . . . . . . . 
. . . . . . . . . . . . . . . . . . . . 
. . . . . . . . . . . . . . . . . . . . 
. . . . . . . . . . . . . . . . . . . . 

. . . . . . . . . . . . . . . . . . . . 
. . . . . . . . . A . . . . . . . . . . 
. . . . . . . A A A . . . . . . . . . . 
. . . . . . A A . . . . . . . . . . . . 
. . . . . . . . . . . . . . . . . . . . 
. . . . . . . . . . . . . . . . . . . . 
. . . . . . . . . . . . . . . . . . . . 
. . . . . . . # # . . # # . . . . . . . 
. . . . . . . # . . . . # . . . . . . . 
. . . . . . . . . # # . . . . . . . . . 
. . . . . . . . . # # . . . . . . . . . 
. . . . . . . # . . . . # . . . . . . . 
. . . . . . . # # . . # # . . . . . . . 
. . . . . . . . . . . . . . . . . . . . 
. . . . . . . . . . . . . . . . . . . . 
. . . . . . . . . . . . . . . . . . . . 
. . . . . . . . . . . . . . . . . . . . 
. . . . . . . . . . . . . . . . . . . . 
. . . . . . . . . . . . . . . . . . . . 
. . . . . . . . . . . . . . . . . . . . 

. . . . . . . . . . . . . . . . . . . . 
. . . . . . . . A A . . . . . . . . . . 
. . . . . . . A A A . . . . . . . . . . 
. . . . . . A A . . . . . . . . . . . . 
. . . . . . . . . . . . . . . . . . . . 
. . . . . . . . . . . . . . . . . . . . 
. . . . . . . . . . . . . . . . . . . . 
. . . . . . . # # . . # # . . . . . . . 
. . . . . . . # . . . . # . . . . . . . 
. . . . . . . . . # # . . . . . . . . . 
. . . . . . . . . # # . . . . . . . . . 
. . . . . . . # . . . . # . . . . . . . 
. . . . . . . # # . . # # . . . . . . . 
. . . . . . . . . . . . . . . . . . . . 
. . . . . . . . . . . . . . . . . . . . 
. . . . . . . . . . . . . . . . . . . . 
. . . . . . . . . . . . . . . . . . . . 
. . . . . . . . . . . . . . . . . . . . 
. . . . . . . . . . . . . . . . . . . . 
. . . . . . . . . . . . . . . . . . . . 

. . . . . . . . A . . . . . . . . . . . 
. . . . . . . . A A . . . . . . . . . . 
. . . . . . . A A A . . . . . . . . . . 
. . . . . . A A . . . . . . . . . . . . 
. . . . . . . . . . . . . . . . . . . . 
. . . . . . . . . . . . . . . . . . . . 
. . . . . . . . . . . . . . . . . . . . 
. . . . . . . # # . . # # . . . . . . . 
. . . . . . . # . . . . # . . . . . . . 
. . . . . . . . . # # . . . . . . . . . 
. . . . . . . . . # # . . . . . . . . . 
. . . . . . . # . . . . # . . . . . . . 
. . . . . . . # # . . # # . . . . . . . 
. . . . . . . . . . . . . . . . . . . . 
. . . . . . . . . . . . . . . . . . . . 
. . . . . . . . . . . . . . . . . . . . 
. . . . . . . . . . . . . . . . . . . . 
. . . . . . . . . . . . . . . . . . . . 
. . . . . . . . . . . . . . . . . . . . 
. . . . . . . . . . . . . . . . . . . . 

. . . . . . . . A A . . . . . . . . . . 
. . . . . . . . A A . . . . . . . . . . 
. . . . . . . A A A . . . . . . . . . . 
. . . . . . A A . . . . . . . . . . . . 
. . . . . . . . . . . . . . . . . . . . 
. . . . . . . . . . . . . . . . . . . . 
. . . . . . . . . . . . . . . . . . . . 
. . . . . . . # # . . # # . . . . . . . 
. . . . . . . # . . . . # . . . . . . . 
. . . . . . . . . # # . . . . . . . . . 
. . . . . . . . . # # . . . . . . . . . 
. . . . . . . # . . . . # . . . . . . . 
. . . . . . . # # . . # # . . . . . . . 
. . . . . . . . . . . . . . . . . . . . 
. . . . . . . . . . . . . . . . . . . . 
. . . . . . . . . . . . . . . . . . . . 
. . . . . . . . . . . . . . . . . . . . 
. . . . . . . . . . . . . . . . . . . . 
. . . . . . . . . . . . . . . . . . . . 
. . . . . . . . . . . . . . . . . . . . 

