2
. . . . . . . . . . . . . . . . . . . . 
. . . . . . . . . . . . . . . . . . . . 
. . . . . . . . . . . . . . . . . . . . 
. . . . . . . . . . . . . . . . . . . . 
. . . . . . . . . . . . . . . . . . . . 
. . . . . . . . . . . . . . . . . . . . 
. . . . . . . . . . . . . . . . . . . . 
. . . . . . . # # . . # # . . . . . . . 
. . . . . . . # . . . . # . . . . . . . 
. . . . . . . . . # # . . . . . . . . . 
. . . . . . . . . # # . . . . . . . . . 
. . . . . . . # . . . . # . . . . . . . 
. . . . . . . # # . . # # . . . . . . . 
. . . . . . . . . . . . . . . . . . . . 
. . . . . . . . . . . . . . . . . . . . 
. . . . . . . . . . . . . . . . . . . . 
. . . . . . . . . . . . . . . . . . . . 
. . . . . . . . . . . . . . . . . . . . 
. . . . . . . . . . . . . . . . . . . . 
. . . . . . . . . . . . . . . . . . . . 

. . . . . . . . . . . . . . . . . . . . 
. . . . . . . . . . . . . . . . . . . . 
. . . . . . . . . . . . . . . . . . . . 
. . . . . . . . . . . . . . . . . . . . 
. . . . . . . . . . . . . . . . . . . . 
. . . . . . . . . . . . . . . . . . . . 
. . . . . . . . . . . . . . . . . . . . 
. . . . . . . # # . . # # . . . . . . . 
. . . . . . . # . . . . # . . . . . . . 
. . . . . . . . . # # . . . . . . . . . 
. . . . . . . . . # # . . . . . . . . . 
. . . . . . . # . . . . # . . . . . . . 
. . . . . . . # # . . # # . . . . . . . 
. . . . . . . . . . . . . . . . . . . . 
. . . . . . . . . . . . . . . . . . . . 
. . . . . . . . . . . . . . . . . . . . 
. . . . . . . . . . . . . . . . . . . . 
. . . . . . . . . . . . . . . . . . . . 
. . . . . . . . . . . . . . . . . . . . 
. . . . . . . . . . . . . . . . . . . . 

. . . . . . . . . . . . . . . . . . . . 
. . . . . . . . . . . . . . . . . . . . 
. . . . . . . . . . . . . . . . . . . . 
. . . . . . . . . . . . . . . . . . . . 
<<<<<<< HEAD
. . . . . . . . . . . . . . . . . . . . 
. . . . . . . . . . . . . . . . . . . . 
. . . . . . . . . . . . . . . . . . . . 
. . . . . . . # # . . # # . . . . . . . 
. . . . . . . # . . . . # . . . . . . . 
. . . . . . . . . # # . . . . . . . . . 
. . . . . . . . . # # . . . . . . . . . 
. . . . . . . # . . . . # . . . . . . . 
. . . . . . . # # . . # # . . . . . . . 
. . . . . . . . . . . . . . . . . . . . 
. . . . . . . . . . . . . . . . . . . . 
. . . . . . . . . . . . . . . . . . . . 
. . . . . . . . . . . . . . . . . . . . 
. . . . . . . . . . . . . . . . . . . . 
. . . . . . . . . . . . . . . . . . . . 
. . . . . . . . . . . . . . . . . . . . 

. . . . . . . . . . . . . . . . . . . . 
. . . . . . . . . . . . . . . . . . . . 
. . . . . . . . . . . . . . . . . . . . 
. . . . . . . . . . . . . . . . . . . . 
=======
>>>>>>> a2a0ca54ee062a3ed367c0d6b62474f71b3f47fe
. . . . . . . . . . . . . . . . . . . . 
. . . . . . . . . . . . . . . . . . . . 
. . . . . . . . . . . . . . . . . . . . 
. . . . . . . # # . . # # . . . . . . . 
. . . . . . . # . . . . # . . . . . . . 
. . . . . . . . . # # . . . . . . . . . 
. . . . . . . . . # # . . . . . . . . . 
. . . . . . . # . . . . # . . . . . . . 
. . . . . . . # # . . # # . . . . . . . 
. . . . . . . . . . . . . . . . . . . . 
. . . . . . . . . . . . . . . . . . . . 
. . . . . . . . . . . . . . . . . . . . 
. . . . . . . . . . . . . . . . . . . . 
. . . . . . . . . . . . . . . . . . . . 
. . . . . . . . . . . . . . . . . . . . 
. . . . . . . . . . . . . . . . . . . . 

. . . . . . . . . . . . . . . . . . . . 
. . . . . . . . . . . . . . . . . . . . 
<<<<<<< HEAD
. . . . B B . . . . . . . B B . . . . . 
=======
. . . . . . . . . . . . . . . . . . . . 
>>>>>>> a2a0ca54ee062a3ed367c0d6b62474f71b3f47fe
. . . . . . . . . . . . . . . . . . . . 
. . . . . . . . . . . . . . . . . . . . 
. . . . . . . . . . . . . . . . . . . . 
. . . . . . . . . . . . . . . . . . . . 
. . . . . . . # # . . # # . . . . . . . 
. . . . . . . # . . . . # . . . . . . . 
. . . . . . . . . # # . . . . . . . . . 
. . . . . . . . . # # . . . . . . . . . 
<<<<<<< HEAD
. . . . A A . # . . . . # B B . . . . . 
=======
. . . . . . . # . . . . # . . . . . . . 
>>>>>>> a2a0ca54ee062a3ed367c0d6b62474f71b3f47fe
. . . . . . . # # . . # # . . . . . . . 
. . . . . . . . . . . . . . . . . . . . 
. . . . . . . . . . . . . . . . . . . . 
. . . . . . . . . . . . . . . . . . . . 
. . . . . . . . . . . . . . . . . . . . 
. . . . . . . . . . . . . . . . . . . . 
. . . . . . . . . . . . . . . . . . . . 
. . . . . . . . . . . . . . . . . . . . 

. . . . . . . . . . . . . . . . . . . . 
. . . . . . . . . . . . . . . . . . . . 
<<<<<<< HEAD
. . . B B B . . . . . . B B B . . . . . 
. . . . . . . . . . . . . . . . . . . . 
=======
. . . . . . . . . . . . . . . . . . . . 
. . . . . A . . . . . . . . B . . . . . 
>>>>>>> a2a0ca54ee062a3ed367c0d6b62474f71b3f47fe
. . . . . . . . . . . . . . . . . . . . 
. . . . . . . . . . . . . . . . . . . . 
. . . . . . . . . . . . . . . . . . . . 
. . . . . . . # # . . # # . . . . . . . 
. . . . . . . # . . . . # . . . . . . . 
. . . . . . . . . # # . . . . . . . . . 
. . . . . . . . . # # . . . . . . . . . 
<<<<<<< HEAD
. . . A A A . # . . . . # . . . . . . . 
. . . . . . . # # . . # # . . . . . . . 
=======
. . . . . . . # . . . . # . . . . . . . 
. . . . . B . # # . . # # . B . . . . . 
>>>>>>> a2a0ca54ee062a3ed367c0d6b62474f71b3f47fe
. . . . . . . . . . . . . . . . . . . . 
. . . . . . . . . . . . . . . . . . . . 
. . . . . . . . . . . . . . . . . . . . 
. . . . . . . . . . . . . . . . . . . . 
. . . . . . . . . . . . . . . . . . . . 
. . . . . . . . . . . . . . . . . . . . 
. . . . . . . . . . . . . . . . . . . . 

<<<<<<< HEAD
. . . . . . . . . . . . . . . . . . . . 
. . . . . . . . . . . . . . . . . . . . 
. . B B B B . . . . . B B B B . . . . . 
. . . . . . . . . . . . . . . . . . . . 
=======
>>>>>>> a2a0ca54ee062a3ed367c0d6b62474f71b3f47fe
. . . . . . . . . . . . . . . . . . . . 
. . . . . . . . . . . . . . . . . . . . 
. . . . . . . . . . . . . . . . . . . . 
. . . . . . . . . . . . . . . . . . . . 
. . . . . . . . . . . . . . . . . . . . 
. . . . . . . . . . . . . . . . . . . . 
. . . . . . . . . . . . . . . . . . . . 
. . . . . . . # # . . # # . . . . . . . 
. . . . . . . # . . . . # . . . . . . . 
. . . . . . . . . # # . . . . . . . . . 
. . . . . . . . . # # . . . . . . . . . 
. . . . . . . # . . . . # . . . . . . . 
. . . . . . . # # . . # # . . . . . . . 
. . . . . . . . . . . . . . . . . . . . 
. . . . . . . . . . . . . . . . . . . . 
. . . . . . . . . . . . . . . . . . . . 
. . . . . . . . . . . . . . . . . . . . 
. . . . . . . . . . . . . . . . . . . . 
. . . . . . . . . . . . . . . . . . . . 
. . . . . . . . . . . . . . . . . . . . 

. . . . . . . . . . . . . . . . . . . . 
. . . . . . . . . . . . . . . . . . . . 
. . . . . . . . . . . . . . . . . . . . 
. . . . . . . . . . . . . . . . . . . . 
. . . . . . . . . . . . . . . . . . . . 
. . . . . . . . . . . . . . . . . . . . 
. . . . . . . . . . . . . . . . . . . . 
. . . . . . . # # . . # # . . . . . . . 
. . . . . . . # . . . . # . . . . . . . 
. . . . . . . . . # # . . . . . . . . . 
. . . . . . . . . # # . . . . . . . . . 
. . . . . . . # . . . . # . . . . . . . 
. . . . . . . # # . . # # . . . . . . . 
. . . . . . . . . . . . . . . . . . . . 
. . . . . . . . . . . . . . . . . . . . 
. . . . . . . . . . . . . . . . . . . . 
. . . . . . . . . . . . . . . . . . . . 
. . . . . . . . . . . . . . . . . . . . 
. . . . . . . . . . . . . . . . . . . . 
. . . . . . . . . . . . . . . . . . . . 

. . . . . . . . . . . . . . . . . . . . 
. . . . . . . . . . . . . . . . . . . . 
. . . . . . . . . . . . . . . . . . . . 
. . . . . . A . . . . . . . . B . . . . 
. . . . . . . . . . . . . . . . . . . . 
. . . . . . . . . . . . . . . . . . . . 
. . . . . . . . . . . . . . . . . . . . 
. . . . . . . # # . . # # . . . . . . . 
. . . . . . . # . . . . # . . . . . . . 
. . . . . . . . . # # . . . . . . . . . 
. . . . . . . . . # # . . . . . . . . . 
. . . . . . . # . . . . # . . . . . . . 
. . . . . . B # # . . # # . . B . . . . 
. . . . . . . . . . . . . . . . . . . . 
. . . . . . . . . . . . . . . . . . . . 
. . . . . . . . . . . . . . . . . . . . 
. . . . . . . . . . . . . . . . . . . . 
. . . . . . . . . . . . . . . . . . . . 
. . . . . . . . . . . . . . . . . . . . 
. . . . . . . . . . . . . . . . . . . . 

. . . . . . . . . . . . . . . . . . . . 
. . . . . . . . . . . . . . . . . . . . 
. . . . . . . . . . . . . . . . . . . . 
. . . . . . . . . . . . . . . . . . . . 
. . . . . . . . . . . . . . . . . . . . 
. . . . . . . . . . . . . . . . . . . . 
. . . . . . . . . . . . . . . . . . . . 
. . . . . . . # # . . # # . . . . . . . 
. . . . . . . # . . . . # . . . . . . . 
. . . . . . . . . # # . . . . . . . . . 
. . . . . . . . . # # . . . . . . . . . 
. . . . . . . # . . . . # . . . . . . . 
. . . . . . . # # . . # # . . . . . . . 
. . . . . . . . . . . . . . . . . . . . 
. . . . . . . . . . . . . . . . . . . . 
. . . . . . . . . . . . . . . . . . . . 
. . . . . . . . . . . . . . . . . . . . 
. . . . . . . . . . . . . . . . . . . . 
. . . . . . . . . . . . . . . . . . . . 
. . . . . . . . . . . . . . . . . . . . 

. . . . . . . . . . . . . . . . . . . . 
. . . . . . . . . . . . . . . . . . . . 
. . . . . . . . . . . . . . . . . . . . 
. . . . . . . . . . . . . . . . . . . . 
. . . . . . . A . . . . . . . . B . . . 
. . . . . . . . . . . . . . . . . . . . 
. . . . . . . . . . . . . . . . . . . . 
. . . . . . . # # . . # # . . . . . . . 
. . . . . . . # . . . . # . . . . . . . 
. . . . . . . . . # # . . . . . . . . . 
. . . . . . . . . # # . . . . . . . . . 
. . . . . . . # . . . . # . . . . . . . 
. . . . . . . # # . . # # . . . . . . . 
. . . . . . . B . . . . . . . . B . . . 
. . . . . . . . . . . . . . . . . . . . 
. . . . . . . . . . . . . . . . . . . . 
. . . . . . . . . . . . . . . . . . . . 
. . . . . . . . . . . . . . . . . . . . 
. . . . . . . . . . . . . . . . . . . . 
. . . . . . . . . . . . . . . . . . . . 

. . . . . . . . . . . . . . . . . . . . 
. . . . . . . . . . . . . . . . . . . . 
. . . . . . . . . . . . . . . . . . . . 
. . . . . . . . . . . . . . . . . . . . 
. . . . . . . A A . . . . . . . B B . . 
. . . . . . . . . . . . . . . . . . . . 
. . . . . . . . . . . . . . . . . . . . 
. . . . . . . # # . . # # . . . . . . . 
. . . . . . . # . . . . # . . . . . . . 
. . . . . . . . . # # . . . . . . . . . 
. . . . . . . . . # # . . . . . . . . . 
<<<<<<< HEAD
. . A A A A . # . . . . # . . . . . . . 
. . . . . . . # # . . # # . . . . . . . 
=======
. . . . . . . # . . . . # . . . . . . . 
. . . . . . . # # . . # # . . . . . . . 
. . . . . . . B B . . . . . . . B B . . 
. . . . . . . . . . . . . . . . . . . . 
. . . . . . . . . . . . . . . . . . . . 
. . . . . . . . . . . . . . . . . . . . 
. . . . . . . . . . . . . . . . . . . . 
. . . . . . . . . . . . . . . . . . . . 
. . . . . . . . . . . . . . . . . . . . 

. . . . . . . . . . . . . . . . . . . . 
. . . . . . . . . . . . . . . . . . . . 
. . . . . . . . . . . . . . . . . . . . 
. . . . . . . . . . . . . . . . . . . . 
. . . . . . . A A . . . . . . . B B . . 
. . . . . . . . A . . . . . . . . B . . 
. . . . . . . . . . . . . . . . . . . . 
. . . . . . . # # . . # # . . . . . . . 
. . . . . . . # . . . . # . . . . . . . 
. . . . . . . . . # # . . . . . . . . . 
. . . . . . . . . # # . . . . . . . . . 
. . . . . . . # . . . . # . . . . . . . 
. . . . . . . # # . . # # . . . . . . . 
. . . . . . . B B . . . . . . . B B . . 
. . . . . . . . B . . . . . . . . B . . 
. . . . . . . . . . . . . . . . . . . . 
. . . . . . . . . . . . . . . . . . . . 
. . . . . . . . . . . . . . . . . . . . 
. . . . . . . . . . . . . . . . . . . . 
. . . . . . . . . . . . . . . . . . . . 

. . . . . . . . . . . . . . . . . . . . 
. . . . . . . . . . . . . . . . . . . . 
. . . . . . . . . . . . . . . . . . . . 
. . . . . . . . . . . . . . . . . . . . 
. . . . . . . A A . . . . . . . B B . . 
. . . . . . . . A . . . . . . . . B . . 
. . . . . . . . A . . . . . . . . B . . 
. . . . . . . # # . . # # . . . . . . . 
. . . . . . . # . . . . # . . . . . . . 
. . . . . . . . . # # . . . . . . . . . 
. . . . . . . . . # # . . . . . . . . . 
. . . . . . . # . . . . # . . . . . . . 
. . . . . . . # # . . # # . . . . . . . 
. . . . . . . B B . . . . . . . B B . . 
. . . . . . . . B . . . . . . . . B . . 
. . . . . . . . B . . . . . . . . B . . 
. . . . . . . . . . . . . . . . . . . . 
. . . . . . . . . . . . . . . . . . . . 
. . . . . . . . . . . . . . . . . . . . 
. . . . . . . . . . . . . . . . . . . . 

. . . . . . . . . . . . . . . . . . . . 
. . . . . . . . . . . . . . . . . . . . 
. . . . . . . . . . . . . . . . . . . . 
. . . . . . . . . . . . . . . . . . . . 
. . . . . . . A A . . . . . . . B B . . 
. . . . . . . . A . . . . . . . . B . . 
. . . . . . . A A . . . . . . . B B . . 
. . . . . . . # # . . # # . . . . . . . 
. . . . . . . # . . . . # . . . . . . . 
. . . . . . . . . # # . . . . . . . . . 
. . . . . . . . . # # . . . . . . . . . 
. . . . . . . # . . . . # . . . . . . . 
. . . . . . . # # . . # # . . . . . . . 
. . . . . . . B B . . . . . . . B B . . 
. . . . . . . . B . . . . . . . . B . . 
. . . . . . . B B . . . . . . . B B . . 
. . . . . . . . . . . . . . . . . . . . 
. . . . . . . . . . . . . . . . . . . . 
. . . . . . . . . . . . . . . . . . . . 
. . . . . . . . . . . . . . . . . . . . 

. . . . . . . . . . . . . . . . . . . . 
>>>>>>> a2a0ca54ee062a3ed367c0d6b62474f71b3f47fe
. . . . . . . . . . . . . . . . . . . . 
. . . . . . . . . . . . . . . . . . . . 
. . . . . . . . . . . . . . . . . . . . 
. . . . . . . A A . . . . . . . B B . . 
. . . . . . . A A . . . . . . . B B . . 
. . . . . . . A A . . . . . . . B B . . 
. . . . . . . # # . . # # . . . . . . . 
. . . . . . . # . . . . # . . . . . . . 
. . . . . . . . . # # . . . . . . . . . 
. . . . . . . . . # # . . . . . . . . . 
. . . . . . . # . . . . # . . . . . . . 
. . . . . . . # # . . # # . . . . . . . 
. . . . . . . B B . . . . . . . B B . . 
. . . . . . . B B . . . . . . . B B . . 
. . . . . . . B B . . . . . . . B B . . 
. . . . . . . . . . . . . . . . . . . . 
. . . . . . . . . . . . . . . . . . . . 
. . . . . . . . . . . . . . . . . . . . 
. . . . . . . . . . . . . . . . . . . . 

. . . . . . . . . . . . . . . . . . . . 
<<<<<<< HEAD
. . B . . . . . . . . B . . . . . . . . 
. . B B B B . . . . . B B B B . . . . . 
=======
. . . . . . . . . . . . . . . . . . . . 
. . . . . . . . . . . . . . . . . . . . 
>>>>>>> a2a0ca54ee062a3ed367c0d6b62474f71b3f47fe
. . . . . . . . . . . . . . . . . . . . 
. . . . . . . . . . . . . . . . . . . . 
. . . . . . . . . . . . . . . . . . . . 
. . . . . . . . . . . . . . . . . . . . 
. . . . . . . # # . . # # . . . . . . . 
. . . . . . . # . . . . # . . . . . . . 
. . . . . . . . . # # . . . . . . . . . 
<<<<<<< HEAD
. . A . . . . . . # # . . . . . . . . . 
. . A A A A . # . . . . # . . . . . . . 
=======
. . . . . . . . . # # . . . . . . . . . 
. . . . . . . # . . . . # . . . . . . . 
>>>>>>> a2a0ca54ee062a3ed367c0d6b62474f71b3f47fe
. . . . . . . # # . . # # . . . . . . . 
. . . . . . . . . . . . . . . . . . . . 
. . . . . . . . . . . . . . . . . . . . 
. . . . . . . . . . . . . . . . . . . . 
. . . . . . . . . . . . . . . . . . . . 
. . . . . . . . . . . . . . . . . . . . 
. . . . . . . . . . . . . . . . . . . . 
. . . . . . . . . . . . . . . . . . . . 

<<<<<<< HEAD
. . B . . . . . . . . B . . . . . . . . 
. . B . . . . . . . . B . . . . . . . . 
. . B B B B . . . . . B B B B . . . . . 
=======
. . . . . . . . . . . . . . . . . . . . 
. . . . . . . . . . . . . . . . . . . . 
. . . . . . . . . . . . . . . . . . . . 
>>>>>>> a2a0ca54ee062a3ed367c0d6b62474f71b3f47fe
. . . . . . . . . . . . . . . . . . . . 
. . . . . . . . . . . . . . . . . . . . 
. . . . . . . . . . . . . . . . . . . . 
. . . . . . . . . . . . . . . . . . . . 
. . . . . . . # # . . # # . . . . . . . 
. . . . . . . # . . . . # . . . . . . . 
<<<<<<< HEAD
. . A . . . . . . # # . . . . . . . . . 
. . A . . . . . . # # . . . . . . . . . 
. . A A A A . # . . . . # . . . . . . . 
=======
. . . . . . . . . # # . . . . . . . . . 
. . . . . . . . . # # . . . . . . . . . 
. . . . . . . # . . . . # . . . . . . . 
>>>>>>> a2a0ca54ee062a3ed367c0d6b62474f71b3f47fe
. . . . . . . # # . . # # . . . . . . . 
. . . . . . . . . . . . . . . . . . . . 
. . . . . . . . . . . . . . . . . . . . 
. . . . . . . . . . . . . . . . . . . . 
. . . . . . . . . . . . . . . . . . . . 
. . . . . . . . . . . . . . . . . . . . 
. . . . . . . . . . . . . . . . . . . . 
. . . . . . . . . . . . . . . . . . . . 

<<<<<<< HEAD
. B B . . . . . . . B B . . . . . . . . 
. . B . . . . . . . . B . . . . . . . . 
. . B B B B . . . . . B B B B . . . . . 
. . . . . . . . . . . . . . . . . . . . 
. . . . . . . . . . . . . . . . . . . . 
. . . . . . . . . . . . . . . . . . . . 
. . . . . . . . . . . . . . . . . . . . 
. . . . . . . # # . . # # . . . . . . . 
. . A . . . . # . . . . # . . . . . . . 
. . A . . . . . . # # . . . . . . . . . 
. . A . . . . . . # # . . . . . . . . . 
. . A A A A . # . . . . # . . . . . . . 
. . . . . . . # # . . # # . . . . . . . 
. . . . . . . . . . . . . . . . . . . . 
. . . . . . . . . . . . . . . . . . . . 
. . . . . . . . . . . . . . . . . . . . 
. . . . . . . . . . . . . . . . . . . . 
. . . . . . . . . . . . . . . . . . . . 
. . . . . . . . . . . . . . . . . . . . 
. . . . . . . . . . . . . . . . . . . . 

. B B . . . . . . . B B . . . . . . . . 
. B B . . . . . . . B B . . . . . . . . 
. . B B B B . . . . . B B B B . . . . . 
. . . . . . . . . . . . . . . . . . . . 
. . . . . . . . . . . . . . . . . . . . 
. . . . . . . . . . . . . . . . . . . . 
. . . . . . . . . . . . . . . . . . . . 
. . . . . . . # # . . # # . . . . . . . 
. . A A . . . # . . . . # . . . . . . . 
. . A . . . . . . # # . . . . . . . . . 
. . A . . . . . . # # . . . . . . . . . 
. . A A A A . # . . . . # . . . . . . . 
. . . . . . . # # . . # # . . . . . . . 
. . . . . . . . . . . . . . . . . . . . 
. . . . . . . . . . . . . . . . . . . . 
. . . . . . . . . . . . . . . . . . . . 
. . . . . . . . . . . . . . . . . . . . 
. . . . . . . . . . . . . . . . . . . . 
. . . . . . . . . . . . . . . . . . . . 
. . . . . . . . . . . . . . . . . . . . 

. B B . . . . . . . B B . . . . . . . . 
B B B . . . . . . B B B . . . . . . . . 
. . B B B B . . . . . B B B B . . . . . 
. . . . . . . . . . . . . . . . . . . . 
. . . . . . . . . . . . . . . . . . . . 
. . . . . . . . . . . . . . . . . . . . 
. . . . . . . . . . . . . . . . . . . . 
. . . A . . . # # . . # # . . . . . . . 
. . A A . . . # . . . . # . . . . . . . 
. . A . . . . . . # # . . . . . . . . . 
. . A . . . . . . # # . . . . . . . . . 
. . A A A A . # . . . . # . . . . . . . 
. . . . . . . # # . . # # . . . . . . . 
. . . . . . . . . . . . . . . . . . . . 
. . . . . . . . . . . . . . . . . . . . 
. . . . . . . . . . . . . . . . . . . . 
. . . . . . . . . . . . . . . . . . . . 
. . . . . . . . . . . . . . . . . . . . 
. . . . . . . . . . . . . . . . . . . . 
. . . . . . . . . . . . . . . . . . . . 

. B B . . . . . . . B B . . . . . . . . 
B B B . . . . . B B B B . . . . . . . . 
B . B B B B . . . . . B B B B . . . . . 
. . . . . . . . . . . . . . . . . . . . 
. . . . . . . . . . . . . . . . . . . . 
. . . . . . . . . . . . . . . . . . . . 
. . . . . . . . . . . . . . . . . . . . 
. . . A A . . # # . . # # . . . . . . . 
. . A A . . . # . . . . # . . . . . . . 
. . A . . . . . . # # . . . . . . . . . 
. . A . . . . . . # # . . . . . . . . . 
. . A A A A . # . . . . # . . . . . . . 
. . . . . . . # # . . # # . . . . . . . 
. . . . . . . . . . . . . . . . . . . . 
. . . . . . . . . . . . . . . . . . . . 
. . . . . . . . . . . . . . . . . . . . 
. . . . . . . . . . . . . . . . . . . . 
. . . . . . . . . . . . . . . . . . . . 
. . . . . . . . . . . . . . . . . . . . 
. . . . . . . . . . . . . . . . . . . . 

. B B . . . . . B . B B . . . . . . . . 
B B B . . . . . B B B B . . . . . . . . 
B B B B B B . . . . . B B B B . . . . . 
. . . . . . . . . . . . . . . . . . . . 
. . . . . . . . . . . . . . . . . . . . 
. . . . . . . . . . . . . . . . . . . . 
. . . . A . . . . . . . . . . . . . . . 
. . . A A . . # # . . # # . . . . . . . 
. . A A . . . # . . . . # . . . . . . . 
. . A . . . . . . # # . . . . . . . . . 
. . A . . . . . . # # . . . . . . . . . 
. . A A A A . # . . . . # . . . . . . . 
. . . . . . . # # . . # # . . . . . . . 
. . . . . . . . . . . . . . . . . . . . 
. . . . . . . . . . . . . . . . . . . . 
. . . . . . . . . . . . . . . . . . . . 
. . . . . . . . . . . . . . . . . . . . 
. . . . . . . . . . . . . . . . . . . . 
. . . . . . . . . . . . . . . . . . . . 
. . . . . . . . . . . . . . . . . . . . 

. B B . . . . B B . B B . . . . . . . . 
B B B . . . . . B B B B . . . . . . . . 
B B B B B B . . . . . B B B B . . . . . 
. B . . . . . . . . . . . . . . . . . . 
. . . . . . . . . . . . . . . . . . . . 
. . . . A . . . . . . . . . . . . . . . 
. . . . A . . . . . . . . . . . . . . . 
. . . A A . . # # . . # # . . . . . . . 
. . A A . . . # . . . . # . . . . . . . 
. . A . . . . . . # # . . . . . . . . . 
. . A . . . . . . # # . . . . . . . . . 
. . A A A A . # . . . . # . . . . . . . 
. . . . . . . # # . . # # . . . . . . . 
. . . . . . . . . . . . . . . . . . . . 
. . . . . . . . . . . . . . . . . . . . 
. . . . . . . . . . . . . . . . . . . . 
. . . . . . . . . . . . . . . . . . . . 
. . . . . . . . . . . . . . . . . . . . 
. . . . . . . . . . . . . . . . . . . . 
. . . . . . . . . . . . . . . . . . . . 

. B B . . . . B B . B B . . . . . . . . 
B B B . . . . B B B B B . . . . . . . . 
B B B B B B . . . . . B B B B . . . . . 
. B B . . . . . . . . . . . . . . . . . 
. . . . . . . . . . . . . . . . . . . . 
. . . . A A . . . . . . . . . . . . . . 
. . . . A . . . . . . . . . . . . . . . 
. . . A A . . # # . . # # . . . . . . . 
. . A A . . . # . . . . # . . . . . . . 
. . A . . . . . . # # . . . . . . . . . 
. . A . . . . . . # # . . . . . . . . . 
. . A A A A . # . . . . # . . . . . . . 
. . . . . . . # # . . # # . . . . . . . 
. . . . . . . . . . . . . . . . . . . . 
. . . . . . . . . . . . . . . . . . . . 
. . . . . . . . . . . . . . . . . . . . 
. . . . . . . . . . . . . . . . . . . . 
. . . . . . . . . . . . . . . . . . . . 
. . . . . . . . . . . . . . . . . . . . 
. . . . . . . . . . . . . . . . . . . . 

. B B . . . . B B . B B . . . . . . . . 
B B B . . . B B B B B B . . . . . . . . 
B B B B B B . . . . . B B B B . . . . . 
. B B B . . . . . . . . . . . . . . . . 
. . . . . . . . . . . . . . . . . . . . 
. . . . A A . . . . . . . . . . . . . . 
. . . . A A . . . . . . . . . . . . . . 
. . . A A . . # # . . # # . . . . . . . 
. . A A . . . # . . . . # . . . . . . . 
. . A . . . . . . # # . . . . . . . . . 
. . A . . . . . . # # . . . . . . . . . 
. . A A A A . # . . . . # . . . . . . . 
. . . . . . . # # . . # # . . . . . . . 
. . . . . . . . . . . . . . . . . . . . 
. . . . . . . . . . . . . . . . . . . . 
. . . . . . . . . . . . . . . . . . . . 
. . . . . . . . . . . . . . . . . . . . 
. . . . . . . . . . . . . . . . . . . . 
. . . . . . . . . . . . . . . . . . . . 
. . . . . . . . . . . . . . . . . . . . 

. B B . . . . B B . B B . . . . . . . . 
B B B . . B B B B B B B . . . . . . . . 
B B B B B B . . . . . B B B B . . . . . 
. B B B . . . . . . . . . . . . . . . . 
. . . B . . . . . . . . . . . . . . . . 
. . . . A A . . . . . . . . . . . . . . 
. . . . A A . . . . . . . . . . . . . . 
. . . A A A . # # . . # # . . . . . . . 
. . A A . . . # . . . . # . . . . . . . 
. . A . . . . . . # # . . . . . . . . . 
. . A . . . . . . # # . . . . . . . . . 
. . A A A A . # . . . . # . . . . . . . 
. . . . . . . # # . . # # . . . . . . . 
. . . . . . . . . . . . . . . . . . . . 
. . . . . . . . . . . . . . . . . . . . 
. . . . . . . . . . . . . . . . . . . . 
. . . . . . . . . . . . . . . . . . . . 
. . . . . . . . . . . . . . . . . . . . 
. . . . . . . . . . . . . . . . . . . . 
. . . . . . . . . . . . . . . . . . . . 

. . . . . . . B B . B B . . . . . . . . 
. . . . . B B B B B B B . . . . . . . . 
. . . . . B . . . . . B B B B . . . . . 
. . . . . . . . . . . . . . . . . . . . 
. . . . . . . . . . . . . . . . . . . . 
. . . . A A . . . . . . . . . . . . . . 
. . . . A A . . . . . . . . . . . . . . 
. . . A A A . # # . . # # . . . . . . . 
. . A A . A . # . . . . # . . . . . . . 
. . A . . . . . . # # . . . . . . . . . 
. . A . . . . . . # # . . . . . . . . . 
. . A A A A . # . . . . # . . . . . . . 
. . . . . . . # # . . # # . . . . . . . 
. . . . . . . . . . . . . . . . . . . . 
. . . . . . . . . . . . . . . . . . . . 
. . . . . . . . . . . . . . . . . . . . 
. . . . . . . . . . . . . . . . . . . . 
. . . . . . . . . . . . . . . . . . . . 
. . . . . . . . . . . . . . . . . . . . 
. . . . . . . . . . . . . . . . . . . . 

. . . . . . . B B . B B . . . . . . . . 
. . . . . B B B B B B B . . . . . . . . 
. . . . . B . . . . . B B B B . . . . . 
. . . . . B . . . . . . . . . . . . . . 
. . . . . . . . . . . . . . . . . . . . 
. . . . A A . . . . . . . . . . . . . . 
. . . . A A . . . . . . . . . . . . . . 
. . . A A A . # # . . # # . . . . . . . 
. . A A . A . # . . . . # . . . . . . . 
. . A . . A . . . # # . . . . . . . . . 
. . A . . . . . . # # . . . . . . . . . 
. . A A A A . # . . . . # . . . . . . . 
. . . . . . . # # . . # # . . . . . . . 
. . . . . . . . . . . . . . . . . . . . 
. . . . . . . . . . . . . . . . . . . . 
. . . . . . . . . . . . . . . . . . . . 
. . . . . . . . . . . . . . . . . . . . 
. . . . . . . . . . . . . . . . . . . . 
. . . . . . . . . . . . . . . . . . . . 
. . . . . . . . . . . . . . . . . . . . 

. . . . . . . B B . B B . . . . . . . . 
. . . . . B B B B B B B . . . . . . . . 
. . . . . B . . . . . B B B B . . . . . 
. . . . . B B . . . . . . . . . . . . . 
. . . . . . . . . . . . . . . . . . . . 
. . . . A A . . . . . . . . . . . . . . 
. . . . A A . . . . . . . . . . . . . . 
. . . A A A . # # . . # # . . . . . . . 
. . A A . A . # . . . . # . . . . . . . 
. . A . . A A . . # # . . . . . . . . . 
. . A . . . . . . # # . . . . . . . . . 
. . A A A A . # . . . . # . . . . . . . 
. . . . . . . # # . . # # . . . . . . . 
. . . . . . . . . . . . . . . . . . . . 
. . . . . . . . . . . . . . . . . . . . 
. . . . . . . . . . . . . . . . . . . . 
. . . . . . . . . . . . . . . . . . . . 
. . . . . . . . . . . . . . . . . . . . 
. . . . . . . . . . . . . . . . . . . . 
. . . . . . . . . . . . . . . . . . . . 

. . . . . . . . . . . . . . . . . . . . 
. . . . . . . . . . . . . . . . . . . . 
. . . . . . . . . . . . . . . . . . . . 
. . . . . . . . . . . . . . . . . . . . 
. . . . . . . . . . . . . . . . . . . . 
. . . . A A . . . . . . . . . . . . . . 
. . . . A A . . . . . . . . . . . . . . 
. . . A A A . # # . . # # . . . . . . . 
. . A A . A A # . . . . # . . . . . . . 
. . A . . A A . . # # . . . . . . . . . 
. . A . . . . . . # # . . . . . . . . . 
. . A A A A . # . . . . # . . . . . . . 
. . . . . . . # # . . # # . . . . . . . 
=======
. . . . . . . . . . . . . . . . . . . . 
>>>>>>> a2a0ca54ee062a3ed367c0d6b62474f71b3f47fe
. . . . . . . . . . . . . . . . . . . . 
. . . . . . . . . . . . . . . . . . . . 
. . . . . . . . . . . . . . . . . . . . 
. . . . . . . . . . . . . . . . . . . . 
. . . . . . . . . . . . . . . . . . . . 
. . . . . . . . . . . . . . . . . . . . 
. . . . . . A # # . . # # . . B . . . . 
. . . . . . . # . . . . # . . . . . . . 
. . . . . . . . . # # . . . . . . . . . 
. . . . . . . . . # # . . . . . . . . . 
. . . . . . . # . . . . # . . . . . . . 
. . . . . . . # # . . # # . . . . . . . 
. . . . . . . . . . . . . . . . . . . . 
. . . . . . . . . . . . . . . . . . . . 
. . . . . . . . . . . . . . . . . . . . 
. . . . . . B . . . . . . . . B . . . . 
. . . . . . . . . . . . . . . . . . . . 
. . . . . . . . . . . . . . . . . . . . 
. . . . . . . . . . . . . . . . . . . . 

. . . . . . . . . . . . . . . . . . . . 
. . . . . . . . . . . . . . . . . . . . 
. . . . . . . . . . . . . . . . . . . . 
. . . . . . . . . . . . . . . . . . . . 
. . . . . . . . . . . . . . . . . . . . 
. . . . . . . . . . . . . . . . . . . . 
. . . . . . . . . . . . . . . . . . . . 
. . . . . . A # # . . # # . . B . . . . 
. . . . . . A # . . . . # . . B . . . . 
. . . . . . . . . # # . . . . . . . . . 
. . . . . . . . . # # . . . . . . . . . 
. . . . . . . # . . . . # . . . . . . . 
. . . . . . . # # . . # # . . . . . . . 
. . . . . . . . . . . . . . . . . . . . 
. . . . . . . . . . . . . . . . . . . . 
. . . . . . . . . . . . . . . . . . . . 
. . . . . . B . . . . . . . . B . . . . 
. . . . . . B . . . . . . . . B . . . . 
. . . . . . . . . . . . . . . . . . . . 
. . . . . . . . . . . . . . . . . . . . 

