0
. . . . . . . . . . . . . . . . . . . . 
. . . . . . . . . . . . . . . . . . . . 
. . . . . . . . . . . . . . . . . . . . 
. . . . . . . . . . . . . . . . . . . . 
. . . . . . . . . . . . . . . . . . . . 
. . . . . . . . . . . . . . . . . . . . 
. . . . . . . . . . . . . . . . . . . . 
. . . . . . . # # . . # # . . . . . . . 
. . . . . . . # . . . . # . . . . . . . 
. . . . . . . . . # # . . . . . . . . . 
. . . . . . . . . # # . . . . . . . . . 
. . . . . . . # . . . . # . . . . . . . 
. . . . . . . # # . . # # . . . . . . . 
. . . . . . . . . . . . . . . . . . . . 
. . . . . . . . . . . . . . . . . . . . 
. . . . . . . . . . . . . . . . . . . . 
. . . . . . . . . . . . . . . . . . . . 
. . . . . . . . . . . . . . . . . . . . 
. . . . . . . . . . . . . . . . . . . . 
. . . . . . . . . . . . . . . . . . . . 

. . . . . . . . . . . . . . . . . . . . 
. . . . . . . . . . . . . . . . . . . . 
. . . . . . . . . . . . . . . . . . . . 
. . . . . . . . . . . . . . . . . . . . 
. . . . . . . . . . . . . . . . . . . . 
. . . . . . . . . . . . . . . . . . . . 
. . . . . . . . . . . . . . . . . . . . 
. . . . . . . # # . . # # . . . . . . . 
. . . . . . . # . . . . # . . . . . . . 
. . . . . . . . . # # . . . . . . . . . 
. . . . . . . . . # # . . . . . . . . . 
. . . . . . . # . . . . # . . . . . . . 
. . . . . . . # # . . # # . . . . . . . 
. . . . . . . . . . . . . . . . . . . . 
. . . . . . . . . . . . . . . . . . . . 
. . . . . . . . . . . . . . . . . . . . 
. . . . . . . . . . . . . . . . . . . . 
. . . . . . . . . . . . . . . . . . . . 
. . . . . . . . . . . . . . . . . . . . 
. . . . . . . . . . . . . . . . . . . . 

. . . . . . . . . . . . . . . . . . . . 
. . . . . . . . . . . . . . . . . . . . 
. . . . . A A . . . . . . . B B . . . . 
. . . . . A . . . . . . . . B . . . . . 
. . . . . . . . . . . . . . . . . . . . 
. . . . . . . . . . . . . . . . . . . . 
<<<<<<< HEAD
=======
. . . A . . . . . . . . . . . . . . . . 
. . . A . . . . . . . . . . . . . . . . 
>>>>>>> 5a7a6857afa334225f655b11cc7903dd1964c5c1
. . . . . . . . . . . . . . . . . . . . 
. . . . . . . # # . . # # . . . . . . . 
. . . . . . . # . . . . # . . . . . . . 
. . . . . . . . . # # . . . . . . . . . 
. . . . . . . . . # # . . . . . . . . . 
<<<<<<< HEAD
. . . . . B B # . . . . # . B B . . . . 
. . . . . B . # # . . # # . B . . . . . 
. . . . . . . . . . . . . . . . . . . . 
=======
. . . . . . . # . . . . # . . . . . . . 
. . . . . . . # # . . # # . . . . . . . 
. . . B . . . . . . . . . . . . . . . . 
. . . B . . . . . . . . . . . . . . . . 
>>>>>>> 5a7a6857afa334225f655b11cc7903dd1964c5c1
. . . . . . . . . . . . . . . . . . . . 
. . . . . . . . . . . . . . . . . . . . 
. . . . . . . . . . . . . . . . . . . . 
. . . . . . . . . . . . . . . . . . . . 
. . . . . . . . . . . . . . . . . . . . 
. . . . . . . . . . . . . . . . . . . . 

. . . . . . . . . . . . . . . . . . . . 
. . . . . . A . . . . . . . . B . . . . 
. . . . . A A . . . . . . . B B . . . . 
. . . . . A . . . . . . . . B . . . . . 
. . . . . . . . . . . . . . . . . . . . 
<<<<<<< HEAD
. . . . . . . . . . . . . . . . . . . . 
=======
. . . A . . . . . . . . . . . . . . . . 
. . . A . . . . . . . . . . . . . . . . 
. . . A . . . . . . . . . . . . . . . . 
>>>>>>> 5a7a6857afa334225f655b11cc7903dd1964c5c1
. . . . . . . . . . . . . . . . . . . . 
. . . . . . . # # . . # # . . . . . . . 
. . . . . . . # . . . . # . . . . . . . 
. . . . . . . . . # # . . . . . . . . . 
<<<<<<< HEAD
. . . . . . B . . # # . . . . B . . . . 
. . . . . B B # . . . . # . B B . . . . 
. . . . . B . # # . . # # . B . . . . . 
. . . . . . . . . . . . . . . . . . . . 
. . . . . . . . . . . . . . . . . . . . 
. . . . . . . . . . . . . . . . . . . . 
. . . . . . . . . . . . . . . . . . . . 
. . . . . . . . . . . . . . . . . . . . 
. . . . . . . . . . . . . . . . . . . . 
. . . . . . . . . . . . . . . . . . . . 

. . . . . . A . . . . . . . . B . . . . 
. . . . . . A . . . . . . . . B . . . . 
. . . . . A A . . . . . . . B B . . . . 
. . . . . A . . . . . . . . B . . . . . 
. . . . . . . . . . . . . . . . . . . . 
. . . . . . . . . . . . . . . . . . . . 
. . . . . . . . . . . . . . . . . . . . 
. . . . . . . # # . . # # . . . . . . . 
. . . . . . . # . . . . # . . . . . . . 
. . . . . . B . . # # . . . . B . . . . 
. . . . . . B . . # # . . . . B . . . . 
. . . . . B B # . . . . # . B B . . . . 
. . . . . B . # # . . # # . B . . . . . 
. . . . . . . . . . . . . . . . . . . . 
. . . . . . . . . . . . . . . . . . . . 
=======
. . . . . . . . . # # . . . . . . . . . 
. . . . . . . # . . . . # . . . . . . . 
. . . B . . . # # . . # # . . . . . . . 
. . . B . . . . . . . . . . . . . . . . 
. . . B . . . . . . . . . . . . . . . . 
>>>>>>> 5a7a6857afa334225f655b11cc7903dd1964c5c1
. . . . . . . . . . . . . . . . . . . . 
. . . . . . . . . . . . . . . . . . . . 
. . . . . . . . . . . . . . . . . . . . 
. . . . . . . . . . . . . . . . . . . . 
. . . . . . . . . . . . . . . . . . . . 

. . . . . . A A . . . . . . . B B . . . 
. . . . . . A . . . . . . . . B . . . . 
. . . . . A A . . . . . . . B B . . . . 
. . . . . A . . . . . . . . B . . . . . 
. . . . . . . . . . . . . . . . . . . . 
. . . . . . . . . . . . . . . . . . . . 
. . . . . . . . . . . . . . . . . . . . 
. . . . . . . # # . . # # . . . . . . . 
. . . . . . . # . . . . # . . . . . . . 
. . . . . B B . . # # . . . B B . . . . 
. . . . . . B . . # # . . . . B . . . . 
. . . . . B B # . . . . # . B B . . . . 
. . . . . B . # # . . # # . B . . . . . 
. . . . . . . . . . . . . . . . . . . . 
. . . . . . . . . . . . . . . . . . . . 
. . . . . . . . . . . . . . . . . . . . 
. . . . . . . . . . . . . . . . . . . . 
. . . . . . . . . . . . . . . . . . . . 
<<<<<<< HEAD
. . . . . . . . . . . . . . . . . . . . 
. . . . . . . . . . . . . . . . . . . . 

. . . . . . A A . . . . . . . B B . . . 
. . . . . . A A . . . . . . . B B . . . 
. . . . . A A . . . . . . . B B . . . . 
. . . . . A . . . . . . . . B . . . . . 
. . . . . . . . . . . . . . . . . . . . 
. . . . . . . . . . . . . . . . . . . . 
=======
. . A A . . . . . . . . . . . . . . . . 
. . . A . . . . . . . . . . . . . . . . 
. . . A . . . . . . . . . . . . . . . . 
>>>>>>> 5a7a6857afa334225f655b11cc7903dd1964c5c1
. . . . . . . . . . . . . . . . . . . . 
. . . . . . . # # . . # # . . . . . . . 
. . . . . . . # . . . . # . . . . . . . 
. . . . B B B . . # # . . B B B . . . . 
. . . . . . B . . # # . . . . B . . . . 
. . . . . B B # . . . . # . B B . . . . 
. . . . . B . # # . . # # . B . . . . . 
. . . . . . . . . . . . . . . . . . . . 
. . . . . . . . . . . . . . . . . . . . 
. . . . . . . . . . . . . . . . . . . . 
. . . . . . . . . . . . . . . . . . . . 
. . . . . . . . . . . . . . . . . . . . 
. . . . . . . . . . . . . . . . . . . . 
. . . . . . . . . . . . . . . . . . . . 

. . . . . . A A . . . . . . . B B . . . 
. . . . . . A A A . . . . . . B B B . . 
. . . . . A A . . . . . . . B B . . . . 
. . . . . A . . . . . . . . B . . . . . 
. . . . . . . . . . . . . . . . . . . . 
. . . . . . . . . . . . . . . . . . . . 
. . . . . . . . . . . . . . . . . . . . 
. . . . . . . # # . . # # . . . . . . . 
. . . . . . . # . . . . # . . . . . . . 
<<<<<<< HEAD
. . . B B B B . . # # . B B B B . . . . 
. . . . . . B . . # # . . . . B . . . . 
. . . . . B B # . . . . # . B B . . . . 
. . . . . B . # # . . # # . B . . . . . 
. . . . . . . . . . . . . . . . . . . . 
. . . . . . . . . . . . . . . . . . . . 
. . . . . . . . . . . . . . . . . . . . 
. . . . . . . . . . . . . . . . . . . . 
. . . . . . . . . . . . . . . . . . . . 
. . . . . . . . . . . . . . . . . . . . 
. . . . . . . . . . . . . . . . . . . . 

. . . . . . A A A . . . . . . B B B . . 
. . . . . . A A A . . . . . . B B B . . 
. . . . . A A . . . . . . . B B . . . . 
. . . . . A . . . . . . . . B . . . . . 
. . . . . . . . . . . . . . . . . . . . 
. . . . . . . . . . . . . . . . . . . . 
. . . . . . . . . . . . . . . . . . . . 
. . . . . . . # # . . # # . . . . . . . 
. . . B . . . # . . . . # . . . . . . . 
. . . B B B B . . # # . . . . . . . . . 
. . . . . . B . . # # . . . . . . . . . 
. . . . . B B # . . . . # . . . . . . . 
. . . . . B . # # . . # # . . . . . . . 
. . . . . . . . . . . . . . . . . . . . 
. . . . . . . . . . . . . . . . . . . . 
=======
. . B B . . . # # . . # # . . . . . . . 
. . . B . . . . . . . . . . . . . . . . 
. . . B . . . . . . . . . . . . . . . . 
>>>>>>> 5a7a6857afa334225f655b11cc7903dd1964c5c1
. . . . . . . . . . . . . . . . . . . . 
. . . . . . . . . . . . . . . . . . . . 
. . . . . . . . . . . . . . . . . . . . 
. . . . . . . . . . . . . . . . . . . . 
. . . . . . . . . . . . . . . . . . . . 

. . . . . . A A A A . . . . . B B B B . 
. . . . . . A A A . . . . . . B B B . . 
. . . . . A A . . . . . . . B B . . . . 
. . . . . A . . . . . . . . B . . . . . 
. . . . . . . . . . . . . . . . . . . . 
. . . . . . . . . . . . . . . . . . . . 
. . . . . . . . . . . . . . . . . . . . 
. . . B . . . # # . . # # . . . . . . . 
. . . B . . . # . . . . # . . . . . . . 
. . . B B B B . . # # . . . . . . . . . 
. . . . . . B . . # # . . . . . . . . . 
. . . . . B B # . . . . # . . . . . . . 
. . . . . B . # # . . # # . . . . . . . 
. . . . . . . . . . . . . . . . . . . . 
. . A A . . . . . . . . . . . . . . . . 
. . A A . . . . . . . . . . . . . . . . 
. . . A . . . . . . . . . . . . . . . . 
. . . . . . . . . . . . . . . . . . . . 
. . . . . . . . . . . . . . . . . . . . 
. . . . . . . . . . . . . . . . . . . . 

. . . . . . A A A A A . . . . B B B B B 
. . . . . . A A A . . . . . . B B B . . 
. . . . . A A . . . . . . . B B . . . . 
. . . . . A . . . . . . . . B . . . . . 
. . . . . . . . . . . . . . . . . . . . 
. . . . . . . . . . . . . . . . . . . . 
. . . B . . . . . . . . . . . . . . . . 
. . . B . . . # # . . # # . . . . . . . 
. . . B . . . # . . . . # . . . . . . . 
. . . B B B B . . # # . . . . . . . . . 
. . . . . . B . . # # . . . . . . . . . 
. . . . . B B # . . . . # . . . . . . . 
. . . . . B . # # . . # # . . . . . . . 
. . . . . . . . . . . . . . . . . . . . 
. . . . . . . . . . . . . . . . . . . . 
. . . . . . . . . . . . . . . . . . . . 
. . . . . . . . . . . . . . . . . . . . 
. . . . . . . . . . . . . . . . . . . . 
. . . . . . . . . . . . . . . . . . . . 
. . . . . . . . . . . . . . . . . . . . 

. . . . . . A A A A A A . . . B B B B B 
. . . . . . A A A . . . . . . B B B . B 
. . . . . A A . . . . . . . B B . . . . 
. . . . . A . . . . . . . . B . . . . . 
. . . . . . . . . . . . . . . . . . . . 
. . . . . . . . . . . . . . . . . . . . 
. . . . . . . . . . . . . . . . . . . . 
. . . . . . . # # . . # # . . . . . . . 
. . . . . . . # . . . . # . . . . . . . 
. . . . . . . . . # # . . . . . . . . . 
. . . . . . . . . # # . . . . . . . . . 
. . . . . . . # . . . . # . . . . . . . 
. . B B . . . # # . . # # . . . . . . . 
. . B B . . . . . . . . . . . . . . . . 
. . . B . . . . . . . . . . . . . . . . 
. . . . . . . . . . . . . . . . . . . . 
. . . . . . . . . . . . . . . . . . . . 
. . . . . . . . . . . . . . . . . . . . 
. . . . . . . . . . . . . . . . . . . . 
. . . . . . . . . . . . . . . . . . . . 

. . . . . . A A A A A A . . . B B B B B 
. . . . . . A A A . . A . . . B B B . B 
. . . . . A A . . . . . . . B B . . . B 
. . . . . A . . . . . . . . B . . . . . 
. . . . . . . . . . . . . . . . . . . . 
. . . . . . . . . . . . . . . . . . . . 
. . . . . . . . . . . . . . . . . . . . 
. . . . . . . # # . . # # . . . . . . . 
. . . . . . . # . . . . # . . . . . . . 
. . . . . . . . . # # . . . . . . . . . 
. . . . . . . . . # # . . . . . . . . . 
. . . . . . . # . . . . # . . . . . . . 
. . . . . . . # # . . # # . . . . . . . 
. . . . . . . . . . . . . . . . . . . . 
. . . . . . . . . . . . . . . . . . . . 
. . . . . . . . . . . . . . . . . . . . 
. . . . . . . . . . . . . . . . . . . . 
<<<<<<< HEAD
. . . . . . . . . . . . . . . . . . . . 
. . . . . . . . . . . . . . . . . . . . 
. . . . . . . . . . . . . . . . . . . . 

. . . . . . A A A A A A . . . B B B B B 
. . . . . . A A A . . A . . . B B B . B 
. . . . . A A . . . . A . . B B . . B B 
. . . . . A . . . . . . . . B . . . . . 
. . . . . . . . . . . . . . . . . . . . 
. . . . . . . . . . . . . . . . . . . . 
=======
. . A A . . . . . . . . . . . . . . . . 
. A A A . . . . . . . . . . . . . . . . 
. . . A . . . . . . . . . . . . . . . . 
>>>>>>> 5a7a6857afa334225f655b11cc7903dd1964c5c1
. . . . . . . . . . . . . . . . . . . . 
. . . . . . . # # . . # # . . . . . . . 
. . . . . . . # . . . . # . . . . . . . 
. . . . . . . . . # # . . . . . . . . . 
. . . . . . . . . # # . . . . . . . . . 
. . . . . . . # . . . . # . . . . . . . 
<<<<<<< HEAD
. . . . . . . # # . . # # . . . . . . . 
. . . . . . . . . . . . . . . . . . . . 
. . . . . . . . . . . . . . . . . . . . 
=======
. . B B . . . # # . . # # . . . . . . . 
. B B B . . . . . . . . . . . . . . . . 
. . . B . . . . . . . . . . . . . . . . 
>>>>>>> 5a7a6857afa334225f655b11cc7903dd1964c5c1
. . . . . . . . . . . . . . . . . . . . 
. . . . . . . . . . . . . . . . . . . . 
. . . . . . . . . . . . . . . . . . . . 
. . . . . . . . . . . . . . . . . . . . 
. . . . . . . . . . . . . . . . . . . . 

. . . . . . A A A A A A . . . B B B B B 
. . . . . . A A A . . A . . . B B B . B 
. . . . . A A . . . A A . . B B . . B B 
. . . . . A . . . . . . . . B . . . B . 
. . . . . . . . . . . . . . . . . . . . 
. . . . . . . . . . . . . . . . . . . . 
. . . . . . . . . . . . . . . . . . . . 
. . . . . . . # # . . # # . . . . . . . 
. . . . . . . # . . . . # . . . . . . . 
. . . . . . . . . # # . . . . . . . . . 
. . . . . . . . . # # . . . . . . . . . 
. . . . . . . # . . . . # . . . . . . . 
. . . . . . . # # . . # # . . . . . . . 
. . . . . . . . . . . . . . . . . . . . 
. . . . . . . . . . . . . . . . . . . . 
. . . . . . . . . . . . . . . . . . . . 
. . . . . . . . . . . . . . . . . . . . 
. . . . . . . . . . . . . . . . . . . . 
. . . . . . . . . . . . . . . . . . . . 
<<<<<<< HEAD
. . . . . . . . . . . . . . . . . . . . 

. . . . . . A A A A A A . . . B B B B B 
. . . . . . A A A . . A . . . B B B . B 
. . . . . A A . . . A A . . B B . . B B 
. . . . . A . . . . A . . . B . . B B . 
. . B . . . . . . . . . . . . . . . . . 
=======
. . A A . . . . . . . . . . . . . . . . 
A A A A . . . . . . . . . . . . . . . . 
. . . A . . . . . . . . . . . . . . . . 
>>>>>>> 5a7a6857afa334225f655b11cc7903dd1964c5c1
. . . . . . . . . . . . . . . . . . . . 
. . . . . . . . . . . . . . . . . . . . 
. . . . . . . # # . . # # . . . . . . . 
. . . . . . . # . . . . # . . . . . . . 
. . . . . . . . . # # . . . . . . . . . 
. . . . . . . . . # # . . . . . . . . . 
. . . . . . . # . . . . # . . . . . . . 
<<<<<<< HEAD
. . . . . . . # # . . # # . . . . . . . 
. . . . . . . . . . . . . . . . . . . . 
. . . . . . . . . . . . . . . . . . . . 
=======
. . B B . . . # # . . # # . . . . . . . 
B B B B . . . . . . . . . . . . . . . . 
. . . B . . . . . . . . . . . . . . . . 
>>>>>>> 5a7a6857afa334225f655b11cc7903dd1964c5c1
. . . . . . . . . . . . . . . . . . . . 
. . . . . . . . . . . . . . . . . . . . 
. . . . . . . . . . . . . . . . . . . . 
. . . . . . . . . . . . . . . . . . . . 
. . . . . . . . . . . . . . . . . . . . 

. . . . . . . . . . . . . . . . . . . . 
. . . . . . . . . . . . . . . . . . . . 
. . . . . . . . . . . . . . . . . . . . 
. . A A . . . . . . . . . . . . . . . . 
A A A A . . . . . . . . . . . . . . . . 
A . . A . . . . . . . . . . . . . . . . 
. . . . . . . . . . . . . . . . . . . . 
<<<<<<< HEAD
. B B . . . . . . . . . . . . . . . . . 
. . . . . . . . . . . . . . . . . . . . 
. . . . . . . . . . . . . . . . . . . . 
=======
>>>>>>> 5a7a6857afa334225f655b11cc7903dd1964c5c1
. . . . . . . # # . . # # . . . . . . . 
. . . . . . . # . . . . # . . . . . . . 
. . . . . . . . . # # . . . . . . . . . 
. . . . . . . . . # # . . . . . . . . . 
. . . . . . . # . . . . # . . . . . . . 
<<<<<<< HEAD
. . . . . . . # # . . # # . . . . . . . 
. . . . . . . . . . . . . . . . . . . . 
. . . . . . . . . . . . . . . . . . . . 
=======
. . B B . . . # # . . # # . . . . . . . 
B B B B . . . . . . . . . . . . . . . . 
B . . B . . . . . . . . . . . . . . . . 
>>>>>>> 5a7a6857afa334225f655b11cc7903dd1964c5c1
. . . . . . . . . . . . . . . . . . . . 
. . . . . . . . . . . . . . . . . . . . 
. . . . . . . . . . . . . . . . . . . . 
. . . . . . . . . . . . . . . . . . . . 
. . . . . . . . . . . . . . . . . . . . 

. . . . . . . . . . . . . . . . . . . . 
. . . . . . . . . . . . . . . . . . . . 
. . . . . . . . . . . . . . . . . . . . 
<<<<<<< HEAD
. . . . . . . . . . . . A . . . . . . . 
B B B . . . . . . . . . . . . . . . . . 
. . . . . . . . . . . . . . . . . . . . 
. . . . . . . . . . . . . . . . . . . . 
=======
. . A A . . . . . . . . . . . . . . . . 
A A A A . . . . . . . . . . . . . . . . 
A . . A . . . . . . . . . . . . . . . . 
A . . . . . . . . . . . . . . . . . . . 
>>>>>>> 5a7a6857afa334225f655b11cc7903dd1964c5c1
. . . . . . . # # . . # # . . . . . . . 
. . . . . . . # . . . . # . . . . . . . 
. . . . . . . . . # # . . . . . . . . . 
. . . . . . . . . # # . . . . . . . . . 
. . . . . . . # . . . . # . . . . . . . 
<<<<<<< HEAD
. . . . . . . # # . . # # . . . . . . . 
. . . . . . . . . . . . . . . . . . . . 
=======
. . B B . . . # # . . # # . . . . . . . 
B B B B . . . . . . . . . . . . . . . . 
B . . B . . . . . . . . . . . . . . . . 
B . . . . . . . . . . . . . . . . . . . 
>>>>>>> 5a7a6857afa334225f655b11cc7903dd1964c5c1
. . . . . . . . . . . . . . . . . . . . 
. . . . . . . . . . . . . . . . . . . . 
. . . . . . . . . . . . . . . . . . . . 
. . . . . . . . . . . . . . . . . . . . 
. . . . . . . . . . . . . . . . . . . . 
. . . . . . . . . . . . . . . . . . . . 

. . . . . . . . . . . . . . . . . . . . 
<<<<<<< HEAD
. . . . . . . . . . . . . . . . . . . . 
. . . . . . . . . . . . . . . . . . . . 
. . . . . . . . . . . . A A . . . . . . 
B B B . . . . . . . . . . . . . . . . . 
B . . . . . . . . . . . . . . . . . . . 
. . . . . . . . . . . . . . . . . . . . 
. . . . . . . # # . . # # . . . . . . . 
=======
. . A A . . . . . . . . . . . . . . . . 
A A A A . . . . . . . . . . . . . . . . 
A . . A . . . . . . . . . . . . . . . . 
A . . . . . . . . . . . . . . . . . . . 
A . . . . . . # # . . # # . . . . . . . 
>>>>>>> 5a7a6857afa334225f655b11cc7903dd1964c5c1
. . . . . . . # . . . . # . . . . . . . 
. . . . . . . . . # # . . . . . . . . . 
. . . . . . . . . # # . . . . . . . . . 
. . . . . . . # . . . . # . . . . . . . 
<<<<<<< HEAD
. . . . . . . # # . . # # . . . . . . . 
. . . . . . . . . . . . . . . . . . . . 
=======
. . B B . . . # # . . # # . . . . . . . 
B B B B . . . . . . . . . . . . . . . . 
B . . B . . . . . . . . . . . . . . . . 
B . . . . . . . . . . . . . . . . . . . 
B . . . . . . . . . . . . . . . . . . . 
>>>>>>> 5a7a6857afa334225f655b11cc7903dd1964c5c1
. . . . . . . . . . . . . . . . . . . . 
. . . . . . . . . . . . . . . . . . . . 
. . . . . . . . . . . . . . . . . . . . 
. . . . . . . . . . . . . . . . . . . . 
. . . . . . . . . . . . . . . . . . . . 
. . . . . . . . . . . . . . . . . . . . 
<<<<<<< HEAD

. . . . . . . . . . . . . . . . . . . . 
. . . . . . . . . . . . . . . . . . . . 
. . . . . . . . . . . . . . . . . . . . 
. . . . . . . . . . . . A A . . . . . . 
B B B . . . . . . . . . . A . . . . . . 
B . . . . . . . . . . . . . . . . . . . 
B . . . . . . . . . . . . . . . . . . . 
. . . . . . . # # . . # # . . . . . . . 
=======
. . A A . . . . . . . . . . . . . . . . 
A A A A . . . . . . . . . . . . . . . . 
A . . A . . . . . . . . . . . . . . . . 
A . . . . . . . . . . . . . . . . . . . 
A A . . . . . # # . . # # . . . . . . . 
>>>>>>> 5a7a6857afa334225f655b11cc7903dd1964c5c1
. . . . . . . # . . . . # . . . . . . . 
. . . . . . . . . # # . . . . . . . . . 
. . . . . . . . . # # . . . . . . . . . 
. . . . . . . # . . . . # . . . . . . . 
<<<<<<< HEAD
. . . . . . . # # . . # # . . . . . . . 
. . . . . . . . . . . . . . . . . . . . 
=======
. . B B . . . # # . . # # . . . . . . . 
B B B B . . . . . . . . . . . . . . . . 
B . . B . . . . . . . . . . . . . . . . 
B . . . . . . . . . . . . . . . . . . . 
B B . . . . . . . . . . . . . . . . . . 
>>>>>>> 5a7a6857afa334225f655b11cc7903dd1964c5c1
. . . . . . . . . . . . . . . . . . . . 
. . . . . . . . . . . . . . . . . . . . 
. . . . . . . . . . . . . . . . . . . . 
. . . . . . . . . . . . . . . . . . . . 
. . . . . . . . . . . . . . . . . . . . 
. . . . . . . . . . . . . . . . . . . . 
<<<<<<< HEAD

. . . . . . . . . . . . . . . . . . . . 
. . . . . . . . . . . . . . . . . . . . 
. . . . . . . . . . . . . . . . . . . . 
. . . . . . . . . . . . A A . . . . . . 
B B B . . . . . . . . . . A . . . . . . 
B . . . . . . . . . . . . A . . . . . . 
B . . . . . . . . . . . . . . . . . . . 
B . . . . . . # # . . # # . . . . . . . 
=======
. . A A . . . . . . . . . . . . . . . . 
A A A A . . . . . . . . . . . . . . . . 
A . . A . . . . . . . . . . . . . . . . 
A . . . . . . . . . . . . . . . . . . . 
A A A . . . . # # . . # # . . . . . . . 
>>>>>>> 5a7a6857afa334225f655b11cc7903dd1964c5c1
. . . . . . . # . . . . # . . . . . . . 
. . . . . . . . . # # . . . . . . . . . 
. . . . . . . . . # # . . . . . . . . . 
. . . . . . . # . . . . # . . . . . . . 
<<<<<<< HEAD
. . . . . . . # # . . # # . . . . . . . 
=======
. . B B . . . # # . . # # . . . . . . . 
B B B B . . . . . . . . . . . . . . . . 
B . . B . . . . . . . . . . . . . . . . 
B . . . . . . . . . . . . . . . . . . . 
B B B . . . . . . . . . . . . . . . . . 
>>>>>>> 5a7a6857afa334225f655b11cc7903dd1964c5c1
. . . . . . . . . . . . . . . . . . . . 
. . . . . . . . . . . . . . . . . . . . 
. . . . . . . . . . . . . . . . . . . . 
. . . . . . . . . . . . . . . . . . . . 
. . . . . . . . . . . . . . . . . . . . 
. . . . . . . . . . . . . . . . . . . . 
<<<<<<< HEAD
. . . . . . . . . . . . . . . . . . . . 

. . . . . . . . . . . . . . . . . . . . 
. . . . . . . . . . . . . . . . . . . . 
. . . . . . . . . . . . . . . . . . . . 
. . . . . . . . . . . . A A . . . . . . 
B B B . . . . . . . . . . A . . . . . . 
B . . . . . . . . . . . A A . . . . . . 
B . . . . . . . . . . . . . . . . . . . 
B . . . . . . # # . . # # . . . . . . . 
B . . . . . . # . . . . # . . . . . . . 
. . . . . . . . . # # . . . . . . . . . 
. . . . . . . . . # # . . . . . . . . . 
. . . . . . . # . . . . # . . . . . . . 
. . . . . . . # # . . # # . . . . . . . 
=======
. . A A . . . . . . . . . . . . . . . . 
A A A A . . . . . . . . . . . . . . . . 
A . . A . . . . . . . . . . . . . . . . 
A . A . . . . . . . . . . . . . . . . . 
A A A . . . . # # . . # # . . . . . . . 
. . . . . . . # . . . . # . . . . . . . 
. . . . . . . . . # # . . . . . . . . . 
. . . . . . . . . # # . . . . . . . . . 
. . . . . . . # . . . . # . . . . . . . 
. . B B . . . # # . . # # . . . . . . . 
B B B B . . . . . . . . . . . . . . . . 
B . . B . . . . . . . . . . . . . . . . 
B . B . . . . . . . . . . . . . . . . . 
B B B . . . . . . . . . . . . . . . . . 
>>>>>>> 5a7a6857afa334225f655b11cc7903dd1964c5c1
. . . . . . . . . . . . . . . . . . . . 
. . . . . . . . . . . . . . . . . . . . 
. . . . . . . . . . . . . . . . . . . . 

. . . . . . . . . . . . . . . . . . . . 
. . . . . . . . . . . . . . . . . . . . 
. . . . . . . . . . . . . . . . . . . . 
<<<<<<< HEAD
. . . . . . . . . . . . . . . . . . . . 

. . . . . . . . . . . . . . . . . . . . 
. . . . . . . . . . . . . . . . . . . . 
. . . . . . . . . . . . . . . . . . . . 
. . . . . . . . . . . . A A . . . . . . 
B B B . . . . . . . . . . A . . . . . . 
B . . . . . . . . . . A A A . . . . . . 
B . . . . . . . . . . . . . . . . . . . 
B . . . . . . # # . . # # . . . . . . . 
B B . . . . . # . . . . # . . . . . . . 
. . . . . . . . . # # . . . . . . . . . 
. . . . . . . . . # # . . . . . . . . . 
. . . . . . . # . . . . # . . . . . . . 
. . . . . . . # # . . # # . . . . . . . 
=======
. . A A . . . . . . . . . . . . . . . . 
A A A A . . . . . . . . . . . . . . . . 
A . . A . . . . . . . . . . . . . . . . 
A . A A . . . . . . . . . . . . . . . . 
A A A . . . . # # . . # # . . . . . . . 
. . . . . . . # . . . . # . . . . . . . 
. . . . . . . . . # # . . . . . . . . . 
. . . . . . . . . # # . . . . . . . . . 
. . . . . . . # . . . . # . . . . . . . 
. . B B . . . # # . . # # . . . . . . . 
B B B B . . . . . . . . . . . . . . . . 
B . . B . . . . . . . . . . . . . . . . 
B . B B . . . . . . . . . . . . . . . . 
B B B . . . . . . . . . . . . . . . . . 
. . . . . . . . . . . . . . . . . . . . 
>>>>>>> 5a7a6857afa334225f655b11cc7903dd1964c5c1
. . . . . . . . . . . . . . . . . . . . 
. . . . . . . . . . . . . . . . . . . . 
. . . . . . . . . . . . . . . . . . . . 
. . . . . . . . . . . . . . . . . . . . 
. . . . . . . . . . . . . . . . . . . . 
. . . . . . . . . . . . . . . . . . . . 
. . . . . . . . . . . . . . . . . . . . 
<<<<<<< HEAD

. . . . . . . . . . . . . . . . . . . . 
. . . . . . . . . . . . . . . . . . . . 
. . . . . . . . . . . . . . . . . . . . 
. . . . . . . . . . . . A A . . . . . . 
B B B . . . . . . . . . . A . . . . . . 
B . . . . . . . . . . A A A . . . . . . 
B . . . . . . . . . . A . . . . . . . . 
B . . . . . . # # . . # # . . . . . . . 
B B B . . . . # . . . . # . . . . . . . 
=======
. . . . . . . . . . . . . . . . . . . . 
. . . . . . . . . . . . . . . . . . . . 
. . . . . . . # # . . # # . . . . . . . 
. . . . . . . # . . . . # . . . . . . . 
>>>>>>> 5a7a6857afa334225f655b11cc7903dd1964c5c1
. . . . . . . . . # # . . . . . . . . . 
. . . . . . . . . # # . . . . . . . . . 
. . . . . . . # . . . . # . . . . . . . 
. . . . . . . # # . . # # . . . . . . . 
. . . . . . . . . . . . . . . . . . . . 
. . . . . . . . . . . . . . . . . . . . 
. . . . . . . . . . . . . . . . . . . . 
. . . . . . . . . . . . . . . . . . . . 
. . . . . . . . . . . . . . . . . . . . 
. . . . . . . . . . . . . . . . . . . . 
. . . . . . . . . . . . . . . . . . . . 

