0
2 0
3...0

2 0
3...1

3 0
3...2

3 0
3...3

0 0
0...4

1 0
1...5

1 0
2...6

2 0
3...7

3 0
3...8

2 0
3...9

3 0
3...10

3 0
3...11

0 0
0...12

1 0
1...13

1 0
2...14

2 0
3...15

2 2
0...16

3 2
1...17

0 2
1...18

0 2
2...19

2 2
3...20

2 2
3...21

2 2
3...22

3 2
3...23

3 0
0...24

1 0
1...25

1 0
1...26

0 0
1...27

3 0
1...28

0 0
1...29

0 0
1...30

0 0
2...31

3 0
3...32

2 0
3...33

2 0
3...34

2 0
3...35

2 0
3...36

3 0
3...37

3 0
3...38

3 0
3...39

0 0
0...40

3 0
1...41

1 0
1...42

1 0
1...43

1 0
1...44

1 0
2...45

0 0
3...46

1 0
3...47

0 0
3...48

1 0
3...49

0 0
3...50

0 0
3...51

0 0
3...52

1 0
3...53

0 0
3...54

0 0
3...55

1 0
3...56

1 0
3...57

1 2
0...58

1 2
1...59

3 2
1...60

3 2
1...61

3 2
1...62

2 2
1...63

1 2
1...64

2 2
1...65

2 2
1...66

2 2
1...67

2 2
2...68

2 2
3...69

2 2
3...70

2 2
3...71

3 2
3...72

2 2
3...73

2 2
3...74

2 2
1...75

1 2
2...76

2 2
0...77

