0
0 0
3...0

0 0
3...1

1 0
3...2

1 0
3...3

1 1
0...4

0 1
1...5

3 1
1...6

2 1
1...7

1 1
1...8

2 1
1...9

2 1
1...10

2 1
1...11

2 1
2...12

1 1
3...13

0 1
3...14

0 1
3...15

0 1
3...16

0 1
3...17

1 1
3...18

1 1
3...19

1 1
3...20

1 1
3...21

2 1
0...22

2 1
1...23

3 1
1...24

3 1
2...25

0 1
3...26

0 1
3...27

0 1
3...28

0 3
0...29

0 3
1...30

2 3
1...31

3 3
1...32

3 3
1...33

2 3
1...34

1 3
1...35

1 3
1...36

1 3
1...37

1 3
1...38

2 3
2...39

2 3
3...40

2 3
3...41

1 3
3...42

1 1
0...43

0 1
1...44

0 1
2...45

0 1
3...46

0 1
3...47

0 1
3...48

0 1
3...49

0 1
3...50

0 1
3...51

1 1
3...52

2 1
0...53

0 1
1...54

3 1
2...55

2 1
3...56

2 1
3...57

2 1
3...58

2 1
3...59

2 1
3...60

2 1
3...61

2 1
3...62

2 1
1...63

1 1
2...64

0 1
3...65

0 1
3...66

0 1
3...67

0 1
3...68

0 1
3...69

0 1
3...70

0 1
3...71

0 1
3...72

0 1
3...73

1 1
1...74

2 1
2...75

1 1
3...76

1 1
0...77

2 1
1...78

3 1
1...79

0 1
1...80

3 1
1...81

3 1
2...82

2 1
3...83

2 1
3...84

2 1
3...85

2 1
3...86

2 1
3...87

2 1
3...88

2 1
0...89

0 1
1...90

0 1
1...91

3 1
2...92

2 1
1...93

1 1
2...94

2 1
1...95

3 1
1...96

3 1
2...97

2 1
1...98

1 1
2...99

2 1
1...100

3 1
1...101

3 1
2...102

0 1
3...103

0 1
3...104

0 1
3...105

0 1
3...106

0 1
3...107

0 1
3...108

0 1
3...109

0 1
3...110

0 1
3...111

0 1
3...112

0 1
3...113

1 1
3...114

0 1
3...115

1 1
1...116

2 1
2...117

2 1
3...118

2 1
3...119

2 1
3...120

1 1
3...121

1 2
0...122

1 2
1...123

3 2
1...124

3 2
1...125

3 2
1...126

3 2
2...127

2 2
3...128

2 2
3...129

1 2
3...130

2 1
0...131

2 1
1...132

3 1
1...133

3 1
2...134

2 1
3...135

2 1
3...136

1 1
3...137

2 1
0...138

2 1
1...139

2 1
1...140

1 1
2...141

2 2
1...142

3 2
1...143

3 2
1...144

3 2
1...145

3 2
1...146

3 2
1...147

3 2
1...148

3 2
1...149

3 2
1...150

3 2
1...151

3 2
1...152

3 2
1...153

3 2
1...154

3 2
1...155

1 2
2...156

0 2
1...157

3 2
2...158

0 2
3...159

1 2
3...160

1 2
1...161

2 2
1...162

2 2
1...163

2 2
1...164

2 2
1...165

2 2
1...166

2 2
1...167

2 2
1...168

2 2
1...169

2 2
1...170

2 2
1...171

2 2
1...172

2 2
1...173

2 2
1...174

2 2
1...175

2 2
1...176

2 2
1...177

2 2
1...178

2 2
1...179

2 2
1...180

2 2
1...181

2 2
1...182

2 2
1...183

2 2
1...184

2 2
1...185

2 2
1...186

2 2
1...187

2 2
1...188

2 2
1...189

2 2
