2
START!!! ROUND: 0
POSITION: 23 12
HYBEM SA NA LEFT

START!!! ROUND: 1
POSITION: 22 12
HYBEM SA NA LEFT

START!!! ROUND: 2
POSITION: 21 12
HYBEM SA NA RIGHT

START!!! ROUND: 3
POSITION: 22 12
HYBEM SA NA RIGHT

START!!! ROUND: 4
POSITION: 23 12
HYBEM SA NA UP

START!!! ROUND: 5
POSITION: 23 11
HYBEM SA NA UP

START!!! ROUND: 6
POSITION: 23 10
HYBEM SA NA UP

START!!! ROUND: 7
POSITION: 23 9
HYBEM SA NA UP

START!!! ROUND: 8
POSITION: 23 8
HYBEM SA NA UP

START!!! ROUND: 9
POSITION: 23 7
HYBEM SA NA RIGHT

START!!! ROUND: 10
POSITION: 24 7
HYBEM SA NA UP

START!!! ROUND: 11
POSITION: 24 6
HYBEM SA NA RIGHT

START!!! ROUND: 12
POSITION: 25 6
HYBEM SA NA UP

START!!! ROUND: 13
POSITION: 25 5
HYBEM SA NA RIGHT

START!!! ROUND: 14
POSITION: 26 5
HYBEM SA NA UP

START!!! ROUND: 15
POSITION: 26 4
HYBEM SA NA LEFT

START!!! ROUND: 16
POSITION: 25 4
HYBEM SA NA LEFT

START!!! ROUND: 17
POSITION: 24 4
HYBEM SA NA LEFT

START!!! ROUND: 18
POSITION: 23 4
HYBEM SA NA UP

START!!! ROUND: 19
POSITION: 23 3
HYBEM SA NA UP

START!!! ROUND: 20
POSITION: 23 2
HYBEM SA NA UP

START!!! ROUND: 21
POSITION: 23 1
HYBEM SA NA LEFT

START!!! ROUND: 22
POSITION: 22 1
HYBEM SA NA UP

START!!! ROUND: 23
POSITION: 22 0
HYBEM SA NA LEFT

START!!! ROUND: 24
POSITION: 21 0
HYBEM SA NA LEFT

START!!! ROUND: 25
POSITION: 20 0
HYBEM SA NA LEFT

START!!! ROUND: 26
POSITION: 19 0
HYBEM SA NA LEFT

START!!! ROUND: 27
POSITION: 18 0
HYBEM SA NA LEFT

START!!! ROUND: 28
POSITION: 17 0
HYBEM SA NA DOWN

START!!! ROUND: 29
POSITION: 17 1
HYBEM SA NA DOWN

START!!! ROUND: 30
POSITION: 17 2
HYBEM SA NA DOWN

START!!! ROUND: 31
POSITION: 17 3
HYBEM SA NA DOWN

START!!! ROUND: 32
POSITION: 17 4
HYBEM SA NA DOWN

START!!! ROUND: 33
POSITION: 17 5
HYBEM SA NA DOWN

START!!! ROUND: 34
POSITION: 17 6
HYBEM SA NA DOWN

START!!! ROUND: 35
POSITION: 17 7
HYBEM SA NA DOWN

START!!! ROUND: 36
POSITION: 17 8
HYBEM SA NA DOWN

START!!! ROUND: 37
POSITION: 17 9
HYBEM SA NA LEFT

START!!! ROUND: 38
POSITION: 16 9
HYBEM SA NA LEFT

START!!! ROUND: 39
POSITION: 15 9
HYBEM SA NA LEFT

START!!! ROUND: 40
POSITION: 14 9
HYBEM SA NA DOWN

START!!! ROUND: 41
POSITION: 14 10
HYBEM SA NA RIGHT

START!!! ROUND: 42
POSITION: 15 10
HYBEM SA NA RIGHT

START!!! ROUND: 43
POSITION: 16 10
HYBEM SA NA RIGHT

START!!! ROUND: 44
POSITION: 17 10
HYBEM SA NA DOWN

