2
START!!! ROUND: 0
POSITION: 19 11
HYBEM SA NA LEFT

START!!! ROUND: 1
POSITION: 18 11
HYBEM SA NA LEFT

START!!! ROUND: 2
POSITION: 17 11
HYBEM SA NA LEFT

START!!! ROUND: 3
POSITION: 16 11
HYBEM SA NA LEFT

START!!! ROUND: 4
POSITION: 15 11
HYBEM SA NA DOWN

START!!! ROUND: 5
POSITION: 15 12
HYBEM SA NA RIGHT

START!!! ROUND: 6
POSITION: 16 12
HYBEM SA NA DOWN

START!!! ROUND: 7
POSITION: 16 13
HYBEM SA NA DOWN

START!!! ROUND: 8
POSITION: 16 14
HYBEM SA NA RIGHT

START!!! ROUND: 9
POSITION: 17 14
HYBEM SA NA RIGHT

START!!! ROUND: 10
POSITION: 18 14
HYBEM SA NA RIGHT

START!!! ROUND: 11
POSITION: 19 14
HYBEM SA NA RIGHT

START!!! ROUND: 12
POSITION: 20 14
HYBEM SA NA RIGHT

START!!! ROUND: 13
POSITION: 21 14
HYBEM SA NA RIGHT

START!!! ROUND: 14
POSITION: 22 14
HYBEM SA NA RIGHT

START!!! ROUND: 15
POSITION: 23 14
HYBEM SA NA UP

START!!! ROUND: 16
POSITION: 23 13
HYBEM SA NA LEFT

START!!! ROUND: 17
POSITION: 22 13
HYBEM SA NA UP

START!!! ROUND: 18
POSITION: 22 12
HYBEM SA NA LEFT

START!!! ROUND: 19
POSITION: 21 12
HYBEM SA NA LEFT

START!!! ROUND: 20
POSITION: 20 12
HYBEM SA NA UP

START!!! ROUND: 21
POSITION: 20 11
HYBEM SA NA RIGHT

START!!! ROUND: 22
POSITION: 21 11
HYBEM SA NA UP

START!!! ROUND: 23
POSITION: 21 10
HYBEM SA NA UP

START!!! ROUND: 24
POSITION: 21 9
HYBEM SA NA UP

START!!! ROUND: 25
POSITION: 21 8
HYBEM SA NA UP

START!!! ROUND: 26
POSITION: 21 7
HYBEM SA NA UP

START!!! ROUND: 27
POSITION: 21 6
HYBEM SA NA LEFT

START!!! ROUND: 28
POSITION: 20 6
HYBEM SA NA LEFT

START!!! ROUND: 29
POSITION: 19 6
HYBEM SA NA DOWN

START!!! ROUND: 30
POSITION: 19 7
HYBEM SA NA DOWN

START!!! ROUND: 31
POSITION: 19 8
HYBEM SA NA LEFT

START!!! ROUND: 32
POSITION: 18 8
HYBEM SA NA LEFT

START!!! ROUND: 33
POSITION: 17 8
HYBEM SA NA LEFT

START!!! ROUND: 34
POSITION: 16 8
HYBEM SA NA DOWN

START!!! ROUND: 35
POSITION: 16 9
HYBEM SA NA DOWN

START!!! ROUND: 36
POSITION: 16 10
HYBEM SA NA DOWN

START!!! ROUND: 37
POSITION: 16 11
HYBEM SA NA LEFT

START!!! ROUND: 38
POSITION: 15 11
HYBEM SA NA LEFT

START!!! ROUND: 39
POSITION: 14 11
HYBEM SA NA LEFT

START!!! ROUND: 40
POSITION: 13 11
HYBEM SA NA DOWN

START!!! ROUND: 41
POSITION: 13 12
HYBEM SA NA DOWN

START!!! ROUND: 42
POSITION: 13 13
HYBEM SA NA DOWN

START!!! ROUND: 43
POSITION: 13 14
HYBEM SA NA RIGHT

START!!! ROUND: 44
POSITION: 14 14
HYBEM SA NA RIGHT

START!!! ROUND: 45
POSITION: 15 14
HYBEM SA NA UP

START!!! ROUND: 46
POSITION: 15 13
HYBEM SA NA UP

START!!! ROUND: 47
POSITION: 15 12
HYBEM SA NA UP

START!!! ROUND: 48
POSITION: 15 11
HYBEM SA NA UP

START!!! ROUND: 49
POSITION: 15 10
HYBEM SA NA RIGHT

START!!! ROUND: 50
POSITION: 16 10
HYBEM SA NA LEFT

START!!! ROUND: 51
POSITION: 15 10
HYBEM SA NA LEFT

START!!! ROUND: 52
POSITION: 14 10
HYBEM SA NA LEFT

START!!! ROUND: 53
POSITION: 13 10
HYBEM SA NA LEFT

START!!! ROUND: 54
POSITION: 12 10
HYBEM SA NA LEFT

START!!! ROUND: 55
POSITION: 11 10
HYBEM SA NA DOWN

START!!! ROUND: 56
POSITION: 11 11
HYBEM SA NA RIGHT

START!!! ROUND: 57
POSITION: 12 11
HYBEM SA NA RIGHT

START!!! ROUND: 58
POSITION: 13 11
HYBEM SA NA RIGHT

START!!! ROUND: 59
POSITION: 14 11
HYBEM SA NA UP

START!!! ROUND: 60
POSITION: 14 10
HYBEM SA NA UP

START!!! ROUND: 61
POSITION: 14 9
HYBEM SA NA UP

START!!! ROUND: 62
POSITION: 14 8
HYBEM SA NA RIGHT

START!!! ROUND: 63
POSITION: 15 8
HYBEM SA NA UP

START!!! ROUND: 64
POSITION: 15 7
HYBEM SA NA UP

START!!! ROUND: 65
POSITION: 15 6
HYBEM SA NA RIGHT

START!!! ROUND: 66
POSITION: 16 6
HYBEM SA NA RIGHT

START!!! ROUND: 67
POSITION: 17 6
HYBEM SA NA RIGHT

START!!! ROUND: 68
POSITION: 18 6
HYBEM SA NA RIGHT

START!!! ROUND: 69
POSITION: 19 6
HYBEM SA NA UP

START!!! ROUND: 70
POSITION: 19 5
HYBEM SA NA RIGHT

START!!! ROUND: 71
POSITION: 20 5
HYBEM SA NA RIGHT

START!!! ROUND: 72
POSITION: 21 5
HYBEM SA NA RIGHT

START!!! ROUND: 73
POSITION: 22 5
HYBEM SA NA UP

START!!! ROUND: 74
POSITION: 22 4
HYBEM SA NA LEFT

START!!! ROUND: 75
POSITION: 21 4
HYBEM SA NA LEFT

START!!! ROUND: 76
POSITION: 20 4
HYBEM SA NA LEFT

START!!! ROUND: 77
POSITION: 19 4
HYBEM SA NA UP

START!!! ROUND: 78
POSITION: 19 3
HYBEM SA NA LEFT

START!!! ROUND: 79
POSITION: 18 3
HYBEM SA NA UP

START!!! ROUND: 80
POSITION: 18 2
HYBEM SA NA UP

START!!! ROUND: 81
POSITION: 18 1
HYBEM SA NA RIGHT

START!!! ROUND: 82
POSITION: 19 1
HYBEM SA NA UP

START!!! ROUND: 83
POSITION: 19 0
HYBEM SA NA LEFT

START!!! ROUND: 84
POSITION: 18 0
HYBEM SA NA LEFT

START!!! ROUND: 85
POSITION: 17 0
HYBEM SA NA LEFT

START!!! ROUND: 86
POSITION: 16 0
HYBEM SA NA LEFT

START!!! ROUND: 87
POSITION: 15 0
HYBEM SA NA LEFT

START!!! ROUND: 88
POSITION: 14 0
HYBEM SA NA DOWN

START!!! ROUND: 89
POSITION: 14 1
HYBEM SA NA LEFT

START!!! ROUND: 90
POSITION: 13 1
HYBEM SA NA DOWN

START!!! ROUND: 91
POSITION: 13 2
HYBEM SA NA DOWN

START!!! ROUND: 92
POSITION: 13 3
HYBEM SA NA RIGHT

START!!! ROUND: 93
POSITION: 14 3
HYBEM SA NA RIGHT

START!!! ROUND: 94
POSITION: 15 3
HYBEM SA NA RIGHT

START!!! ROUND: 95
POSITION: 16 3
HYBEM SA NA RIGHT

START!!! ROUND: 96
POSITION: 17 3
HYBEM SA NA DOWN

START!!! ROUND: 97
POSITION: 17 4
HYBEM SA NA DOWN

START!!! ROUND: 98
POSITION: 17 5
HYBEM SA NA LEFT

START!!! ROUND: 99
POSITION: 16 5
HYBEM SA NA LEFT

START!!! ROUND: 100
POSITION: 15 5
HYBEM SA NA DOWN

START!!! ROUND: 101
POSITION: 15 6
HYBEM SA NA RIGHT

START!!! ROUND: 102
POSITION: 16 6
HYBEM SA NA RIGHT

START!!! ROUND: 103
POSITION: 17 6
HYBEM SA NA LEFT

START!!! ROUND: 104
POSITION: 16 6
HYBEM SA NA DOWN

START!!! ROUND: 105
POSITION: 16 7
HYBEM SA NA LEFT

START!!! ROUND: 106
POSITION: 15 7
HYBEM SA NA UP

START!!! ROUND: 107
POSITION: 15 6
HYBEM SA NA UP

START!!! ROUND: 108
POSITION: 15 5
HYBEM SA NA LEFT

START!!! ROUND: 109
POSITION: 14 5
HYBEM SA NA DOWN

START!!! ROUND: 110
POSITION: 14 6
HYBEM SA NA DOWN

START!!! ROUND: 111
POSITION: 14 7
HYBEM SA NA RIGHT

START!!! ROUND: 112
POSITION: 15 7
HYBEM SA NA LEFT

START!!! ROUND: 113
POSITION: 14 7
HYBEM SA NA LEFT

START!!! ROUND: 114
POSITION: 13 7
HYBEM SA NA DOWN

START!!! ROUND: 115
POSITION: 13 8
HYBEM SA NA DOWN

START!!! ROUND: 116
POSITION: 13 9
HYBEM SA NA RIGHT

START!!! ROUND: 117
POSITION: 14 9
HYBEM SA NA LEFT

START!!! ROUND: 118
POSITION: 13 9
HYBEM SA NA LEFT

START!!! ROUND: 119
POSITION: 12 9
HYBEM SA NA RIGHT

START!!! ROUND: 120
POSITION: 13 9
HYBEM SA NA UP

START!!! ROUND: 121
POSITION: 13 8
HYBEM SA NA UP

