2
START!!! ROUND: 0
POSITION: 5 14
HYBEM SA NA LEFT

START!!! ROUND: 1
POSITION: 4 14
HYBEM SA NA DOWN

START!!! ROUND: 2
POSITION: 4 15
HYBEM SA NA DOWN

START!!! ROUND: 3
POSITION: 4 16
HYBEM SA NA RIGHT

START!!! ROUND: 4
POSITION: 5 16
HYBEM SA NA RIGHT

START!!! ROUND: 5
POSITION: 6 16
HYBEM SA NA RIGHT

START!!! ROUND: 6
POSITION: 7 16
HYBEM SA NA RIGHT

START!!! ROUND: 7
POSITION: 8 16
HYBEM SA NA UP

START!!! ROUND: 8
POSITION: 8 15
HYBEM SA NA UP

START!!! ROUND: 9
POSITION: 8 14
HYBEM SA NA LEFT

START!!! ROUND: 10
POSITION: 7 14
HYBEM SA NA LEFT

START!!! ROUND: 11
POSITION: 6 14
HYBEM SA NA LEFT

START!!! ROUND: 12
POSITION: 5 14
HYBEM SA NA LEFT

START!!! ROUND: 13
POSITION: 4 14
HYBEM SA NA LEFT

START!!! ROUND: 14
POSITION: 3 14
HYBEM SA NA DOWN

START!!! ROUND: 15
POSITION: 3 15
HYBEM SA NA DOWN

START!!! ROUND: 16
POSITION: 3 16
HYBEM SA NA DOWN

START!!! ROUND: 17
POSITION: 3 17
HYBEM SA NA DOWN

START!!! ROUND: 18
POSITION: 3 18
HYBEM SA NA DOWN

START!!! ROUND: 19
POSITION: 3 19
HYBEM SA NA RIGHT

START!!! ROUND: 20
POSITION: 4 19
HYBEM SA NA RIGHT

START!!! ROUND: 21
POSITION: 5 19
HYBEM SA NA UP

START!!! ROUND: 22
POSITION: 5 18
HYBEM SA NA UP

START!!! ROUND: 23
POSITION: 5 17
HYBEM SA NA UP

START!!! ROUND: 24
POSITION: 5 16
HYBEM SA NA RIGHT

START!!! ROUND: 25
POSITION: 6 16
HYBEM SA NA RIGHT

START!!! ROUND: 26
POSITION: 7 16
HYBEM SA NA DOWN

START!!! ROUND: 27
POSITION: 7 17
HYBEM SA NA DOWN

START!!! ROUND: 28
POSITION: 7 18
HYBEM SA NA DOWN

START!!! ROUND: 29
POSITION: 7 19
HYBEM SA NA LEFT

START!!! ROUND: 30
POSITION: 6 19
HYBEM SA NA LEFT

START!!! ROUND: 31
POSITION: 5 19
HYBEM SA NA RIGHT

START!!! ROUND: 32
POSITION: 6 19
HYBEM SA NA RIGHT

START!!! ROUND: 33
POSITION: 7 19
HYBEM SA NA RIGHT

START!!! ROUND: 34
POSITION: 8 19
HYBEM SA NA LEFT

START!!! ROUND: 35
POSITION: 7 19
HYBEM SA NA UP

START!!! ROUND: 36
POSITION: 7 18
HYBEM SA NA RIGHT

START!!! ROUND: 37
POSITION: 8 18
HYBEM SA NA DOWN

START!!! ROUND: 38
POSITION: 8 19
HYBEM SA NA RIGHT

START!!! ROUND: 39
POSITION: 9 19
HYBEM SA NA UP

START!!! ROUND: 40
POSITION: 9 18
HYBEM SA NA UP

START!!! ROUND: 41
POSITION: 9 17
HYBEM SA NA LEFT

START!!! ROUND: 42
POSITION: 8 17
HYBEM SA NA LEFT

START!!! ROUND: 43
POSITION: 7 17
HYBEM SA NA UP

START!!! ROUND: 44
POSITION: 7 16
HYBEM SA NA RIGHT

START!!! ROUND: 45
POSITION: 8 16
HYBEM SA NA RIGHT

START!!! ROUND: 46
POSITION: 9 16
HYBEM SA NA RIGHT

START!!! ROUND: 47
POSITION: 10 16
HYBEM SA NA RIGHT

START!!! ROUND: 48
POSITION: 11 16
HYBEM SA NA DOWN

START!!! ROUND: 49
POSITION: 11 17
HYBEM SA NA DOWN

START!!! ROUND: 50
POSITION: 11 18
HYBEM SA NA DOWN

START!!! ROUND: 51
POSITION: 11 19
HYBEM SA NA RIGHT

START!!! ROUND: 52
POSITION: 12 19
HYBEM SA NA RIGHT

START!!! ROUND: 53
POSITION: 13 19
HYBEM SA NA RIGHT

START!!! ROUND: 54
POSITION: 14 19
HYBEM SA NA RIGHT

START!!! ROUND: 55
POSITION: 15 19
NEMOZEM SA HYBAT -> UP

START!!! ROUND: 56
POSITION: 15 18
NEMOZEM SA HYBAT -> LEFT

START!!! ROUND: 57
POSITION: 14 18
NEMOZEM SA HYBAT -> LEFT

START!!! ROUND: 58
POSITION: 13 18
HYBEM SA NA LEFT

START!!! ROUND: 59
POSITION: 12 18
HYBEM SA NA UP

START!!! ROUND: 60
POSITION: 12 17
HYBEM SA NA UP

START!!! ROUND: 61
POSITION: 12 16
HYBEM SA NA UP

START!!! ROUND: 62
POSITION: 12 15
HYBEM SA NA LEFT

START!!! ROUND: 63
POSITION: 11 15
HYBEM SA NA LEFT

START!!! ROUND: 64
POSITION: 10 15
HYBEM SA NA LEFT

START!!! ROUND: 65
POSITION: 9 15
HYBEM SA NA LEFT

START!!! ROUND: 66
POSITION: 8 15
HYBEM SA NA LEFT

START!!! ROUND: 67
POSITION: 7 15
HYBEM SA NA UP

START!!! ROUND: 68
POSITION: 7 14
HYBEM SA NA UP

START!!! ROUND: 69
POSITION: 7 13
HYBEM SA NA DOWN

START!!! ROUND: 70
POSITION: 7 14
HYBEM SA NA UP

START!!! ROUND: 71
POSITION: 7 13
HYBEM SA NA RIGHT

START!!! ROUND: 72
POSITION: 8 13
HYBEM SA NA DOWN

START!!! ROUND: 73
POSITION: 8 14
HYBEM SA NA RIGHT

START!!! ROUND: 74
POSITION: 9 14
HYBEM SA NA UP

START!!! ROUND: 75
POSITION: 9 13
HYBEM SA NA RIGHT

START!!! ROUND: 76
POSITION: 10 13
HYBEM SA NA RIGHT

START!!! ROUND: 77
POSITION: 11 13
HYBEM SA NA DOWN

START!!! ROUND: 78
POSITION: 11 14
HYBEM SA NA DOWN

START!!! ROUND: 79
POSITION: 11 15
HYBEM SA NA UP

START!!! ROUND: 80
POSITION: 11 14
HYBEM SA NA UP

START!!! ROUND: 81
POSITION: 11 13
HYBEM SA NA LEFT

START!!! ROUND: 82
POSITION: 10 13
HYBEM SA NA UP

START!!! ROUND: 83
POSITION: 10 12
HYBEM SA NA UP

START!!! ROUND: 84
POSITION: 10 11
HYBEM SA NA RIGHT

START!!! ROUND: 85
POSITION: 11 11
HYBEM SA NA UP

START!!! ROUND: 86
POSITION: 11 10
HYBEM SA NA RIGHT

START!!! ROUND: 87
POSITION: 12 10
HYBEM SA NA RIGHT

START!!! ROUND: 88
POSITION: 13 10
HYBEM SA NA RIGHT

START!!! ROUND: 89
POSITION: 14 10
HYBEM SA NA RIGHT

START!!! ROUND: 90
POSITION: 15 10
HYBEM SA NA DOWN

START!!! ROUND: 91
POSITION: 15 11
HYBEM SA NA DOWN

START!!! ROUND: 92
POSITION: 15 12
HYBEM SA NA DOWN

START!!! ROUND: 93
POSITION: 15 13
HYBEM SA NA DOWN

START!!! ROUND: 94
POSITION: 15 14
HYBEM SA NA DOWN

START!!! ROUND: 95
POSITION: 15 15
HYBEM SA NA LEFT

START!!! ROUND: 96
POSITION: 14 15
HYBEM SA NA DOWN

START!!! ROUND: 97
POSITION: 14 16
HYBEM SA NA RIGHT

START!!! ROUND: 98
POSITION: 15 16
HYBEM SA NA RIGHT

START!!! ROUND: 99
POSITION: 16 16
HYBEM SA NA DOWN

START!!! ROUND: 100
POSITION: 16 17
HYBEM SA NA DOWN

START!!! ROUND: 101
POSITION: 16 18
HYBEM SA NA LEFT

START!!! ROUND: 102
POSITION: 15 18
HYBEM SA NA RIGHT

START!!! ROUND: 103
POSITION: 16 18
HYBEM SA NA RIGHT

START!!! ROUND: 104
POSITION: 17 18
HYBEM SA NA RIGHT

START!!! ROUND: 105
POSITION: 18 18
HYBEM SA NA RIGHT

START!!! ROUND: 106
POSITION: 19 18
HYBEM SA NA UP

START!!! ROUND: 107
POSITION: 19 17
HYBEM SA NA UP

START!!! ROUND: 108
POSITION: 19 16
HYBEM SA NA UP

