Ja som 1
LEN = 0
	0	0	0	0	0	0	0	0	0	0	0	0	0	0	0	0	0	0	0	0
	0	0	0	0	0	0	0	0	0	0	0	0	0	0	0	0	0	0	0	0
	0	0	0	0	0	0	0	0	0	0	0	0	0	0	0	0	0	0	0	0
	0	0	0	0	0	0	0	0	0	0	0	0	0	0	0	0	0	0	0	0
	0	0	0	0	0	0	0	0	0	0	0	0	0	0	0	0	0	0	0	0
	0	0	0	0	0	0	1	0	0	0	0	0	0	0	0	0	0	0	0	0
	0	0	0	0	0	0	0	0	0	0	0	0	0	0	0	0	0	0	0	0
	0	0	0	0	0	0	0	0	0	0	0	0	0	0	0	0	0	0	0	0
	0	0	0	0	0	0	0	0	0	0	0	0	0	0	0	0	0	0	0	0
	0	0	0	0	0	0	0	0	0	0	0	0	0	0	0	0	0	0	0	0
	0	0	0	0	0	0	0	0	0	0	0	0	0	0	0	0	0	0	0	0
	0	0	0	0	0	0	0	0	0	0	0	0	0	0	0	0	0	0	0	0
	0	0	0	0	0	0	0	0	0	0	0	0	0	0	0	0	0	0	0	0
	0	0	0	0	0	0	0	0	0	0	0	0	0	0	0	0	0	0	0	0
	0	0	0	0	0	0	0	0	0	0	0	0	0	0	0	0	0	0	0	0
	0	0	0	0	0	0	0	0	0	0	0	0	0	0	0	0	0	0	0	0
	0	0	0	0	0	0	0	0	0	0	0	0	0	0	0	0	0	0	0	0
	0	0	0	0	0	0	0	0	0	0	0	0	0	0	0	0	0	0	0	0
	0	0	0	0	0	0	0	0	0	0	0	0	0	0	0	0	0	0	0	0
	0	0	0	0	0	0	0	0	0	0	0	0	0	0	0	0	0	0	0	0

WTF
[4 ; 5] smer LEFT and ku 4 ; 5
[5 ; 4] smer UP and ku 5 ; 4
[6 ; 5] smer RIGHT and ku 6 ; 5
[5 ; 6] smer DOWN and ku 5 ; 6
2000000999	2000000999	2000000999	2000000999
0 > 15 ? 2e+09 < 5
res = 1 + 2.5e-19 + 0.000976562
DIR LEFT A PS[i] = 1 a RU[i] = 2 A[i] = 2000000999 D = 2000000999 score: 1.00098
0 > 15 ? 2e+09 < 5
res = 1 + 2.5e-19 + 0.000976562
0 > 15 ? 2e+09 < 5
res = 1 + 2.5e-19 + 0.000976562
0 > 15 ? 2e+09 < 5
res = 1 + 2.5e-19 + 0.000976562
DIR UP A PS[i] = 1 a RU[i] = 2 A[i] = 2000000999 D = 2000000999 score: 1.00098
0 > 15 ? 2e+09 < 5
res = 1 + 2.5e-19 + 0.000976562
0 > 15 ? 2e+09 < 5
res = 1 + 2.5e-19 + 0.000976562
0 > 15 ? 2e+09 < 5
res = 1 + 2.5e-19 + 0.000976562
DIR RIGHT A PS[i] = 1 a RU[i] = 2 A[i] = 2000000999 D = 2000000999 score: 1.00098
0 > 15 ? 2e+09 < 5
res = 1 + 2.5e-19 + 0.000976562
0 > 15 ? 2e+09 < 5
res = 1 + 2.5e-19 + 0.000976562
0 > 15 ? 2e+09 < 5
res = 1 + 2.5e-19 + 0.000976562
DIR DOWN A PS[i] = 1 a RU[i] = 2 A[i] = 2000000999 D = 2000000999 score: 1.00098
0 > 15 ? 2e+09 < 5
res = 1 + 2.5e-19 + 0.000976562
0 > 15 ? 2e+09 < 5
res = 1 + 2.5e-19 + 0.000976562
0 > 15 ? 2e+09 < 5
res = 1 + 2.5e-19 + 0.000976562
minit = 0 and score: 1.00098
0 -> LEFT
LEN = 0
	0	0	0	0	0	0	0	0	0	0	0	0	0	0	0	0	0	0	0	0
	0	0	0	0	0	0	0	0	0	0	0	0	0	0	0	0	0	0	0	0
	0	0	0	0	0	0	0	0	0	0	0	0	0	0	0	0	0	0	0	0
	0	0	0	0	0	0	0	0	0	0	0	0	0	0	0	0	0	0	0	0
	0	0	0	0	0	0	1	0	0	0	0	0	0	0	0	0	0	0	0	0
	0	0	0	0	0	0	0	0	0	0	0	0	0	0	0	0	0	0	0	0
	0	0	0	0	0	0	0	0	0	0	0	0	0	0	0	0	0	0	0	0
	0	0	0	0	0	0	0	0	0	0	0	0	0	0	0	0	0	0	0	0
	0	0	0	0	0	0	0	0	0	0	0	0	0	0	0	0	0	0	0	0
	0	0	0	0	0	0	0	0	0	0	0	0	0	0	0	0	0	0	0	0
	0	0	0	0	0	0	0	0	0	0	0	0	0	0	0	0	0	0	0	0
	0	0	0	0	0	0	0	0	0	0	0	0	0	0	0	0	0	0	0	0
	0	0	0	0	0	0	0	0	0	0	0	0	0	0	0	0	0	0	0	0
	0	0	0	0	0	0	0	0	0	0	0	0	0	0	0	0	0	0	0	0
	0	0	0	0	0	0	0	0	0	0	0	0	0	0	0	0	0	0	0	0
	0	0	0	0	0	0	0	0	0	0	0	0	0	0	0	0	0	0	0	0
	0	0	0	0	0	0	0	0	0	0	0	0	0	0	0	0	0	0	0	0
	0	0	0	0	0	0	0	0	0	0	0	0	0	0	0	0	0	0	0	0
	0	0	0	0	0	0	0	0	0	0	0	0	0	0	0	0	0	0	0	0
	0	0	0	0	0	0	0	0	0	0	0	0	0	0	0	0	0	0	0	0

WTF
[3 ; 5] smer LEFT and ku 4 ; 5
[4 ; 4] smer UP and ku 4 ; 4
[5 ; 5] smer RIGHT and ku 5 ; 5
[4 ; 6] smer DOWN and ku 4 ; 6
2000000999	2000000999	2000000999	2000000999
0 > 15 ? 2e+09 < 5
res = 0.707107 + 2.5e-19 + 1
DIR LEFT A PS[i] = 2 a RU[i] = 1 A[i] = 2000000999 D = 2000000999 score: 1.70711
0 > 15 ? 2e+09 < 5
res = 0.707107 + 2.5e-19 + 1
0 > 15 ? 2e+09 < 5
res = 1 + 2.5e-19 + 0.000976562
0 > 15 ? 2e+09 < 5
res = 1 + 2.5e-19 + 0.000976562
DIR UP A PS[i] = 1 a RU[i] = 2 A[i] = 2000000999 D = 2000000999 score: 1.00098
0 > 15 ? 2e+09 < 5
res = 1 + 2.5e-19 + 0.000976562
0 > 15 ? 2e+09 < 5
res = 0.707107 + 2.5e-19 + 1
0 > 15 ? 2e+09 < 5
res = 1 + 2.5e-19 + 1.69351e-05
DIR RIGHT A PS[i] = 1 a RU[i] = 3 A[i] = 2000000999 D = 2000000999 score: 1.00002
0 > 15 ? 2e+09 < 5
res = 1 + 2.5e-19 + 1.69351e-05
0 > 15 ? 2e+09 < 5
res = 0.707107 + 2.5e-19 + 1
0 > 15 ? 2e+09 < 5
res = 1 + 2.5e-19 + 0.000976562
DIR DOWN A PS[i] = 1 a RU[i] = 2 A[i] = 2000000999 D = 2000000999 score: 1.00098
0 > 15 ? 2e+09 < 5
res = 1 + 2.5e-19 + 0.000976562
0 > 15 ? 2e+09 < 5
res = 0.707107 + 2.5e-19 + 1
0 > 15 ? 2e+09 < 5
res = 0.707107 + 2.5e-19 + 1
minit = 0 and score: 1.70711
1 -> LEFT
LEN = 1
	1	1	1	1	1	1	1	0	0	0	0	0	0	0	0	0	0	0	0	0
	1	1	1	1	1	0	1	0	0	0	0	0	0	0	0	0	0	0	0	0
	1	1	1	1	1	0	1	0	0	0	0	0	0	0	0	0	0	0	0	0
	1	1	1	1	1	0	1	0	0	0	0	0	0	0	0	0	0	0	0	0
	1	1	1	1	1	0	0	0	0	0	0	0	0	0	0	0	0	0	0	0
	1	1	1	1	0	0	0	0	0	0	0	0	0	0	0	0	0	0	0	0
	1	1	1	1	0	0	0	0	0	0	0	0	0	0	0	0	0	0	0	0
	1	1	1	1	0	0	0	0	0	0	0	0	0	0	0	0	0	0	0	0
	1	1	1	1	0	0	0	0	0	0	0	0	0	0	0	0	0	0	0	0
	1	1	1	1	0	0	0	0	0	0	0	0	0	0	0	0	0	0	0	0
	1	1	1	1	0	0	0	0	0	0	0	0	0	0	0	0	0	0	0	0
	1	1	1	1	0	0	0	0	0	0	0	0	0	0	0	0	0	0	0	0
	1	1	1	1	0	0	0	0	0	0	0	0	0	0	0	0	0	0	0	0
	1	1	1	1	0	0	0	0	0	0	0	0	0	0	0	0	0	0	0	0
	1	1	1	1	0	0	0	0	0	0	0	0	0	0	0	0	0	0	0	0
	1	1	1	1	0	0	0	0	0	0	0	0	0	0	0	0	0	0	0	0
	1	1	1	1	0	0	0	0	0	0	0	0	0	0	0	0	0	0	0	0
	1	1	1	1	0	0	0	0	0	0	0	0	0	0	0	0	0	0	0	0
	1	1	1	1	0	0	0	0	0	0	0	0	0	0	0	0	0	0	0	0
	1	1	1	1	0	0	0	0	0	0	0	0	0	0	0	0	0	0	0	0

WTF
[2 ; 5] smer LEFT and ku 4 ; 4
[3 ; 4] smer UP and ku 4 ; 4
[4 ; 5] smer RIGHT and ku 4 ; 5
[3 ; 6] smer DOWN and ku 4 ; 6
17	15	13	15
1 > 15 ? 12 < 5
res = 0.5 + 0.00591716 + 1
DIR LEFT A PS[i] = 4 a RU[i] = 1 A[i] = 17 D = 12 score: 1.50592
1 > 15 ? 12 < 5
res = 0.5 + 0.00346021 + 1
1 > 15 ? 12 < 5
res = 1 + 0.00591716 + 1.69351e-05
1 > 15 ? 12 < 5
res = 0.707107 + 0.00346021 + 1
DIR UP A PS[i] = 2 a RU[i] = 1 A[i] = 15 D = 12 score: 1.71057
1 > 15 ? 12 < 5
res = 0.707107 + 0.00444444 + 1
1 > 15 ? 12 < 5
res = 0.5 + 0.00346021 + 1
1 > 15 ? 12 < 5
res = 1 + 0.00444444 + 1.69351e-05
DIR RIGHT A PS[i] = 1 a RU[i] = 3 A[i] = 13 D = 12 score: 1.00446
1 > 15 ? 12 < 5
res = 1 + 0.00591716 + 1.69351e-05
1 > 15 ? 12 < 5
res = 0.707107 + 0.00444444 + 1
1 > 15 ? 12 < 5
res = 0.707107 + 0.00444444 + 1
DIR DOWN A PS[i] = 2 a RU[i] = 1 A[i] = 15 D = 12 score: 1.71155
1 > 15 ? 12 < 5
res = 0.707107 + 0.00444444 + 1
1 > 15 ? 12 < 5
res = 0.707107 + 0.00444444 + 1
1 > 15 ? 12 < 5
res = 0.707107 + 0.00444444 + 1
minit = 1 and score: 1.71155
2 -> UP
LEN = 2
Krizim sa tu v smere DOWN
	0	0	0	0	0	0	0	0	0	0	0	0	0	0	0	0	0	0	0	0
	0	0	0	0	0	0	0	0	0	0	0	0	0	0	0	0	0	0	0	0
	0	0	0	0	0	0	0	0	0	0	0	0	0	0	0	0	0	0	0	0
	0	0	0	0	0	0	0	0	0	0	0	0	0	0	0	0	0	0	0	0
	0	0	0	0	1	0	0	0	0	0	0	0	0	0	0	0	0	0	0	0
	0	0	0	0	0	0	0	0	0	0	0	0	0	0	0	0	0	0	0	0
	0	0	0	0	0	0	0	0	0	0	0	0	0	0	0	0	0	0	0	0
	0	0	0	0	0	0	0	0	0	0	0	0	0	0	0	0	0	0	0	0
	0	0	0	0	0	0	0	0	0	0	0	0	0	0	0	0	0	0	0	0
	0	0	0	0	0	0	0	0	0	0	0	0	0	0	0	0	0	0	0	0
	0	0	0	0	0	0	0	0	0	0	0	0	0	0	0	0	0	0	0	0
	0	0	0	0	0	0	0	0	0	0	0	0	0	0	0	0	0	0	0	0
	0	0	0	0	0	0	0	0	0	0	0	0	0	0	0	0	0	0	0	0
	0	0	0	0	0	0	0	0	0	0	0	0	0	0	0	0	0	0	0	0
	0	0	0	0	0	0	0	0	0	0	0	0	0	0	0	0	0	0	0	0
	0	0	0	0	0	0	0	0	0	0	0	0	0	0	0	0	0	0	0	0
	0	0	0	0	0	0	0	0	0	0	0	0	0	0	0	0	0	0	0	0
	0	0	0	0	0	0	0	0	0	0	0	0	0	0	0	0	0	0	0	0
	0	0	0	0	0	0	0	0	0	0	0	0	0	0	0	0	0	0	0	0
	0	0	0	0	0	0	0	0	0	0	0	0	0	0	0	0	0	0	0	0

WTF
[2 ; 4] smer LEFT and ku 4 ; 4
[3 ; 3] smer UP and ku 4 ; 4
[4 ; 4] smer RIGHT and ku 4 ; 4
15	15	13
2 > 15 ? 13 < 5
res = 0.447214 + 0.00444444 + 1
DIR LEFT A PS[i] = 5 a RU[i] = 1 A[i] = 15 D = 13 score: 1.45166
2 > 15 ? 13 < 5
res = 0.447214 + 0.00444444 + 1
2 > 15 ? 13 < 5
res = 0.57735 + 0.00444444 + 1
2 > 15 ? 13 < 5
res = 0.57735 + 0.00444444 + 1
DIR UP A PS[i] = 3 a RU[i] = 1 A[i] = 15 D = 13 score: 1.58179
2 > 15 ? 13 < 5
res = 0.57735 + 0.00444444 + 1
2 > 15 ? 13 < 5
res = 0.57735 + 0.00444444 + 1
2 > 15 ? 13 < 5
res = 1 + 0.00444444 + 0.000976562
DIR RIGHT A PS[i] = 1 a RU[i] = 2 A[i] = 13 D = 13 score: 1.00542
2 > 15 ? 13 < 5
res = 1 + 0.00591716 + 0.000976562
2 > 15 ? 13 < 5
res = 0.57735 + 0.00444444 + 1
2 > 15 ? 13 < 5
res = 0.57735 + 0.00444444 + 1
minit = 1 and score: 1.58179
3 -> UP
LEN = 3
Krizim sa tu v smere DOWN
	1	1	1	0	0	0	0	0	0	0	0	0	0	0	0	0	0	0	0	0
	1	-1	1	0	0	0	0	0	0	0	0	0	0	0	0	0	0	0	0	0
	1	-1	1	0	0	0	0	0	0	0	0	0	0	0	0	0	0	0	0	0
	1	-1	1	0	0	0	0	0	0	0	0	0	0	0	0	0	0	0	0	0
	1	-1	1	1	0	0	0	0	0	0	0	0	0	0	0	0	0	0	0	0
	1	1	1	1	1	0	0	0	0	0	0	0	0	0	0	0	0	0	0	0
	1	1	1	1	0	0	0	0	0	0	0	0	0	0	0	0	0	0	0	0
	1	1	1	1	0	0	0	0	0	0	0	0	0	0	0	0	0	0	0	0
	1	1	1	1	0	0	0	0	0	0	0	0	0	0	0	0	0	0	0	0
	1	1	1	1	0	0	0	0	0	0	0	0	0	0	0	0	0	0	0	0
	1	1	1	1	0	0	0	0	0	0	0	0	0	0	0	0	0	0	0	0
	1	1	1	1	0	0	0	0	0	0	0	0	0	0	0	0	0	0	0	0
	1	1	1	1	0	0	0	0	0	0	0	0	0	0	0	0	0	0	0	0
	1	1	1	1	0	0	0	0	0	0	0	0	0	0	0	0	0	0	0	0
	1	1	1	1	0	0	0	0	0	0	0	0	0	0	0	0	0	0	0	0
	1	1	1	1	0	0	0	0	0	0	0	0	0	0	0	0	0	0	0	0
	1	1	1	1	0	0	0	0	0	0	0	0	0	0	0	0	0	0	0	0
	1	1	1	1	0	0	0	0	0	0	0	0	0	0	0	0	0	0	0	0
	1	1	1	1	0	0	0	0	0	0	0	0	0	0	0	0	0	0	0	0
	1	1	1	1	0	0	0	0	0	0	0	0	0	0	0	0	0	0	0	0

WTF
[2 ; 3] smer LEFT and ku 4 ; 4
[3 ; 2] smer UP and ku 4 ; 4
[4 ; 3] smer RIGHT and ku 4 ; 4
16	16	14
3 > 15 ? 14 < 5
res = 0.408248 + 0.00390625 + 1
DIR LEFT A PS[i] = 6 a RU[i] = 1 A[i] = 16 D = 14 score: 1.41215
3 > 15 ? 14 < 5
res = 0.408248 + 0.00390625 + 1
3 > 15 ? 14 < 5
res = 0.408248 + 0.00390625 + 1
3 > 15 ? 14 < 5
res = 0.5 + 0.00390625 + 1
DIR UP A PS[i] = 4 a RU[i] = 1 A[i] = 16 D = 14 score: 1.50391
3 > 15 ? 14 < 5
res = 0.5 + 0.00390625 + 1
3 > 15 ? 14 < 5
res = 0.408248 + 0.00390625 + 1
3 > 15 ? 14 < 5
res = 0.707107 + 0.00390625 + 1
DIR RIGHT A PS[i] = 2 a RU[i] = 1 A[i] = 14 D = 14 score: 1.71101
3 > 15 ? 14 < 5
res = 0.707107 + 0.00510204 + 1
3 > 15 ? 14 < 5
res = 0.5 + 0.00390625 + 1
3 > 15 ? 14 < 5
res = 0.707107 + 0.00510204 + 1
minit = 2 and score: 1.71221
4 -> RIGHT
LEN = 4
Krizim sa tu v smere LEFT
	0	0	0	0	0	0	0	0	0	0	0	0	0	0	0	0	0	0	0	0
	0	0	0	0	0	0	0	0	0	0	0	0	0	0	0	0	0	0	0	0
	0	0	0	0	0	0	0	0	0	0	0	0	0	0	0	0	0	0	0	0
	0	0	0	0	0	0	0	0	0	0	0	0	0	0	0	0	0	0	0	0
	0	0	0	0	1	0	0	0	0	0	0	0	0	0	0	0	0	0	0	0
	0	0	0	0	0	0	0	0	0	0	0	0	0	0	0	0	0	0	0	0
	0	0	0	0	0	0	0	0	0	0	0	0	0	0	0	0	0	0	0	0
	0	0	0	0	0	0	0	0	0	0	0	0	0	0	0	0	0	0	0	0
	0	0	0	0	0	0	0	0	0	0	0	0	0	0	0	0	0	0	0	0
	0	0	0	0	0	0	0	0	0	0	0	0	0	0	0	0	0	0	0	0
	0	0	0	0	0	0	0	0	0	0	0	0	0	0	0	0	0	0	0	0
	0	0	0	0	0	0	0	0	0	0	0	0	0	0	0	0	0	0	0	0
	0	0	0	0	0	0	0	0	0	0	0	0	0	0	0	0	0	0	0	0
	0	0	0	0	0	0	0	0	0	0	0	0	0	0	0	0	0	0	0	0
	0	0	0	0	0	0	0	0	0	0	0	0	0	0	0	0	0	0	0	0
	0	0	0	0	0	0	0	0	0	0	0	0	0	0	0	0	0	0	0	0
	0	0	0	0	0	0	0	0	0	0	0	0	0	0	0	0	0	0	0	0
	0	0	0	0	0	0	0	0	0	0	0	0	0	0	0	0	0	0	0	0
	0	0	0	0	0	0	0	0	0	0	0	0	0	0	0	0	0	0	0	0
	0	0	0	0	0	0	0	0	0	0	0	0	0	0	0	0	0	0	0	0

WTF
[4 ; 2] smer UP and ku 5 ; 4
[5 ; 3] smer RIGHT and ku 5 ; 4
[4 ; 4] smer DOWN and ku 4 ; 4
15	13	13
4 > 15 ? 14 < 5
res = 0.5 + 0.00591716 + 1
DIR UP A PS[i] = 4 a RU[i] = 1 A[i] = 15 D = 14 score: 1.50592
4 > 15 ? 14 < 5
res = 0.5 + 0.00444444 + 1
4 > 15 ? 14 < 5
res = 0.707107 + 0.00591716 + 1
4 > 15 ? 14 < 5
res = 0.707107 + 0.00591716 + 1
DIR RIGHT A PS[i] = 2 a RU[i] = 1 A[i] = 13 D = 14 score: 1.71302
4 > 15 ? 14 < 5
res = 0.707107 + 0.00591716 + 1
4 > 15 ? 14 < 5
res = 0.707107 + 0.00591716 + 1
4 > 15 ? 14 < 5
res = 1 + 0.00591716 + 1.69351e-05
DIR DOWN A PS[i] = 1 a RU[i] = 3 A[i] = 13 D = 14 score: 1.00593
4 > 15 ? 14 < 5
res = 1 + 0.00591716 + 1.69351e-05
4 > 15 ? 14 < 5
res = 0.707107 + 0.00591716 + 1
4 > 15 ? 14 < 5
res = 0.707107 + 0.00591716 + 1
minit = 1 and score: 1.71302
5 -> RIGHT
LEN = 5
Krizim sa tu v smere LEFT
	0	0	0	0	0	0	0	0	0	0	0	0	0	0	0	0	0	0	0	0
	0	0	0	0	0	0	0	0	0	0	0	0	0	0	0	0	0	0	0	0
	0	0	0	0	0	0	0	0	0	0	0	0	0	0	0	0	0	0	0	0
	0	0	0	0	0	0	0	0	0	0	0	0	0	0	0	0	0	0	0	0
	0	0	0	0	0	0	0	0	0	0	0	0	0	0	0	0	0	0	0	0
	0	0	0	0	1	0	0	0	0	0	0	0	0	0	0	0	0	0	0	0
	0	0	0	0	0	0	0	0	0	0	0	0	0	0	0	0	0	0	0	0
	0	0	0	0	0	0	0	0	0	0	0	0	0	0	0	0	0	0	0	0
	0	0	0	0	0	0	0	0	0	0	0	0	0	0	0	0	0	0	0	0
	0	0	0	0	0	0	0	0	0	0	0	0	0	0	0	0	0	0	0	0
	0	0	0	0	0	0	0	0	0	0	0	0	0	0	0	0	0	0	0	0
	0	0	0	0	0	0	0	0	0	0	0	0	0	0	0	0	0	0	0	0
	0	0	0	0	0	0	0	0	0	0	0	0	0	0	0	0	0	0	0	0
	0	0	0	0	0	0	0	0	0	0	0	0	0	0	0	0	0	0	0	0
	0	0	0	0	0	0	0	0	0	0	0	0	0	0	0	0	0	0	0	0
	0	0	0	0	0	0	0	0	0	0	0	0	0	0	0	0	0	0	0	0
	0	0	0	0	0	0	0	0	0	0	0	0	0	0	0	0	0	0	0	0
	0	0	0	0	0	0	0	0	0	0	0	0	0	0	0	0	0	0	0	0
	0	0	0	0	0	0	0	0	0	0	0	0	0	0	0	0	0	0	0	0
	0	0	0	0	0	0	0	0	0	0	0	0	0	0	0	0	0	0	0	0

WTF
[5 ; 2] smer UP and ku 6 ; 4
[6 ; 3] smer RIGHT and ku 6 ; 4
[5 ; 4] smer DOWN and ku 5 ; 4
16	14	13
5 > 15 ? 12 < 5
res = 0.5 + 0.00390625 + 1
DIR UP A PS[i] = 4 a RU[i] = 1 A[i] = 16 D = 12 score: 1.50391
5 > 15 ? 12 < 5
res = 0.5 + 0.00390625 + 1
5 > 15 ? 12 < 5
res = 0.5 + 0.00390625 + 1
5 > 15 ? 12 < 5
res = 0.707107 + 0.00390625 + 1
DIR RIGHT A PS[i] = 2 a RU[i] = 1 A[i] = 14 D = 12 score: 1.71101
5 > 15 ? 12 < 5
res = 0.707107 + 0.00510204 + 1
5 > 15 ? 12 < 5
res = 0.5 + 0.00390625 + 1
5 > 15 ? 12 < 5
res = 1 + 0.00510204 + 1.69351e-05
DIR DOWN A PS[i] = 1 a RU[i] = 3 A[i] = 13 D = 12 score: 1.00512
5 > 15 ? 12 < 5
res = 1 + 0.00591716 + 1.69351e-05
5 > 15 ? 12 < 5
res = 0.707107 + 0.00510204 + 1
5 > 15 ? 12 < 5
res = 0.707107 + 0.00510204 + 1
minit = 1 and score: 1.71221
6 -> RIGHT
LEN = 6
Krizim sa tu v smere LEFT
	0	0	0	0	0	0	0	0	0	0	0	0	0	0	0	0	0	0	0	0
	0	0	0	0	0	0	0	0	0	0	0	0	0	0	0	0	0	0	0	0
	0	0	0	0	0	0	0	0	0	0	0	0	0	0	0	0	0	0	0	0
	0	0	0	0	0	0	0	0	0	0	0	0	0	0	0	0	0	0	0	0
	0	0	0	0	0	0	0	0	0	0	0	0	0	0	0	0	0	0	0	0
	0	0	0	0	0	0	0	0	0	0	0	0	0	0	0	0	0	0	0	0
	0	0	0	0	1	0	0	0	0	0	0	0	0	0	0	0	0	0	0	0
	0	0	0	0	0	0	0	0	0	0	0	0	0	0	0	0	0	0	0	0
	0	0	0	0	0	0	0	0	0	0	0	0	0	0	0	0	0	0	0	0
	0	0	0	0	0	0	0	0	0	0	0	0	0	0	0	0	0	0	0	0
	0	0	0	0	0	0	0	0	0	0	0	0	0	0	0	0	0	0	0	0
	0	0	0	0	0	0	0	0	0	0	0	0	0	0	0	0	0	0	0	0
	0	0	0	0	0	0	0	0	0	0	0	0	0	0	0	0	0	0	0	0
	0	0	0	0	0	0	0	0	0	0	0	0	0	0	0	0	0	0	0	0
	0	0	0	0	0	0	0	0	0	0	0	0	0	0	0	0	0	0	0	0
	0	0	0	0	0	0	0	0	0	0	0	0	0	0	0	0	0	0	0	0
	0	0	0	0	0	0	0	0	0	0	0	0	0	0	0	0	0	0	0	0
	0	0	0	0	0	0	0	0	0	0	0	0	0	0	0	0	0	0	0	0
	0	0	0	0	0	0	0	0	0	0	0	0	0	0	0	0	0	0	0	0
	0	0	0	0	0	0	0	0	0	0	0	0	0	0	0	0	0	0	0	0

WTF
[6 ; 2] smer UP and ku 6 ; 4
[7 ; 3] smer RIGHT and ku 6 ; 4
[6 ; 4] smer DOWN and ku 6 ; 4
17	15	13
6 > 15 ? 12 < 5
res = 0.447214 + 0.00444444 + 1
DIR UP A PS[i] = 5 a RU[i] = 1 A[i] = 17 D = 12 score: 1.45166
6 > 15 ? 12 < 5
res = 0.447214 + 0.00346021 + 1
6 > 15 ? 12 < 5
res = 0.57735 + 0.00444444 + 1
6 > 15 ? 12 < 5
res = 0.57735 + 0.00444444 + 1
DIR RIGHT A PS[i] = 3 a RU[i] = 1 A[i] = 15 D = 12 score: 1.58179
6 > 15 ? 12 < 5
res = 0.57735 + 0.00444444 + 1
6 > 15 ? 12 < 5
res = 0.57735 + 0.00444444 + 1
6 > 15 ? 12 < 5
res = 1 + 0.00444444 + 0.000976562
DIR DOWN A PS[i] = 1 a RU[i] = 2 A[i] = 13 D = 12 score: 1.00542
6 > 15 ? 12 < 5
res = 1 + 0.00591716 + 0.000976562
6 > 15 ? 12 < 5
res = 0.57735 + 0.00444444 + 1
6 > 15 ? 12 < 5
res = 0.57735 + 0.00444444 + 1
minit = 1 and score: 1.58179
7 -> RIGHT
LEN = 7
Krizim sa tu v smere LEFT
	0	0	0	0	0	0	0	0	0	0	0	0	0	0	0	0	0	0	0	0
	0	0	0	0	0	0	0	0	0	0	0	0	0	0	0	0	0	0	0	0
	0	0	0	0	0	0	0	0	0	0	0	0	0	0	0	0	0	0	0	0
	0	0	0	0	0	0	0	0	0	0	0	0	0	0	0	0	0	0	0	0
	0	0	0	0	0	0	0	0	0	0	0	0	0	0	0	0	0	0	0	0
	0	0	0	0	0	0	0	0	0	0	0	0	0	0	0	0	0	0	0	0
	0	0	0	0	1	0	0	0	0	0	0	0	0	0	0	0	0	0	0	0
	0	0	0	0	1	0	0	0	0	0	0	0	0	0	0	0	0	0	0	0
	0	0	0	0	0	0	0	0	0	0	0	0	0	0	0	0	0	0	0	0
	0	0	0	0	0	0	0	0	0	0	0	0	0	0	0	0	0	0	0	0
	0	0	0	0	0	0	0	0	0	0	0	0	0	0	0	0	0	0	0	0
	0	0	0	0	0	0	0	0	0	0	0	0	0	0	0	0	0	0	0	0
	0	0	0	0	0	0	0	0	0	0	0	0	0	0	0	0	0	0	0	0
	0	0	0	0	0	0	0	0	0	0	0	0	0	0	0	0	0	0	0	0
	0	0	0	0	0	0	0	0	0	0	0	0	0	0	0	0	0	0	0	0
	0	0	0	0	0	0	0	0	0	0	0	0	0	0	0	0	0	0	0	0
	0	0	0	0	0	0	0	0	0	0	0	0	0	0	0	0	0	0	0	0
	0	0	0	0	0	0	0	0	0	0	0	0	0	0	0	0	0	0	0	0
	0	0	0	0	0	0	0	0	0	0	0	0	0	0	0	0	0	0	0	0
	0	0	0	0	0	0	0	0	0	0	0	0	0	0	0	0	0	0	0	0

WTF
[7 ; 2] smer UP and ku 6 ; 4
[8 ; 3] smer RIGHT and ku 6 ; 4
[7 ; 4] smer DOWN and ku 6 ; 4
11	9	11
7 > 15 ? 10 < 5
res = 0.408248 + 0.0123457 + 1
DIR UP A PS[i] = 6 a RU[i] = 1 A[i] = 11 D = 10 score: 1.42059
7 > 15 ? 10 < 5
res = 0.408248 + 0.00826446 + 1
7 > 15 ? 10 < 5
res = 0.5 + 0.0123457 + 1
7 > 15 ? 10 < 5
res = 0.5 + 0.0123457 + 1
DIR RIGHT A PS[i] = 4 a RU[i] = 1 A[i] = 9 D = 10 score: 1.51235
7 > 15 ? 10 < 5
res = 0.5 + 0.0123457 + 1
7 > 15 ? 10 < 5
res = 0.5 + 0.0123457 + 1
7 > 15 ? 10 < 5
res = 0.707107 + 0.0123457 + 1
DIR DOWN A PS[i] = 2 a RU[i] = 1 A[i] = 11 D = 10 score: 1.71945
7 > 15 ? 10 < 5
res = 0.707107 + 0.00826446 + 1
7 > 15 ? 10 < 5
res = 0.5 + 0.0123457 + 1
7 > 15 ? 10 < 5
res = 0.707107 + 0.00826446 + 1
minit = 2 and score: 1.71537
8 -> DOWN
LEN = 8
Krizim sa tu v smere UP
	0	0	0	0	0	0	0	0	0	0	0	0	0	0	0	0	0	0	0	0
	0	0	0	0	0	0	0	0	0	0	0	0	0	0	0	0	0	0	0	0
	0	0	0	0	0	0	0	0	0	0	0	0	0	0	0	0	0	0	0	0
	0	0	0	0	0	0	0	0	0	0	0	0	0	0	0	0	0	0	0	0
	0	0	0	0	0	0	0	0	0	0	0	0	0	0	0	0	0	0	0	0
	0	0	0	0	0	0	0	0	0	0	0	0	0	0	0	0	0	0	0	0
	0	0	0	0	0	1	0	0	0	0	0	0	0	0	0	0	0	0	0	0
	0	0	0	0	0	1	0	0	0	0	0	0	0	0	0	0	0	0	0	0
	0	0	0	0	0	0	0	0	0	0	0	0	0	0	0	0	0	0	0	0
	0	0	0	0	0	0	0	0	0	0	0	0	0	0	0	0	0	0	0	0
	0	0	0	0	0	0	0	0	0	0	0	0	0	0	0	0	0	0	0	0
	0	0	0	0	0	0	0	0	0	0	0	0	0	0	0	0	0	0	0	0
	0	0	0	0	0	0	0	0	0	0	0	0	0	0	0	0	0	0	0	0
	0	0	0	0	0	0	0	0	0	0	0	0	0	0	0	0	0	0	0	0
	0	0	0	0	0	0	0	0	0	0	0	0	0	0	0	0	0	0	0	0
	0	0	0	0	0	0	0	0	0	0	0	0	0	0	0	0	0	0	0	0
	0	0	0	0	0	0	0	0	0	0	0	0	0	0	0	0	0	0	0	0
	0	0	0	0	0	0	0	0	0	0	0	0	0	0	0	0	0	0	0	0
	0	0	0	0	0	0	0	0	0	0	0	0	0	0	0	0	0	0	0	0
	0	0	0	0	0	0	0	0	0	0	0	0	0	0	0	0	0	0	0	0

WTF
[6 ; 4] smer LEFT and ku 6 ; 4
[8 ; 4] smer RIGHT and ku 6 ; 5
[7 ; 5] smer DOWN and ku 6 ; 5
13	9	11
8 > 15 ? 9 < 5
res = 1 + 0.00591716 + 1.69351e-05
DIR LEFT A PS[i] = 1 a RU[i] = 3 A[i] = 13 D = 9 score: 1.00593
8 > 15 ? 9 < 5
res = 1 + 0.00591716 + 1.69351e-05
8 > 15 ? 9 < 5
res = 1 + 0.00591716 + 1.69351e-05
8 > 15 ? 9 < 5
res = 0.5 + 0.00591716 + 1
DIR RIGHT A PS[i] = 4 a RU[i] = 1 A[i] = 9 D = 9 score: 1.50592
8 > 15 ? 9 < 5
res = 0.5 + 0.0123457 + 1
8 > 15 ? 9 < 5
res = 1 + 0.00591716 + 1.69351e-05
8 > 15 ? 9 < 5
res = 0.707107 + 0.0123457 + 1
DIR DOWN A PS[i] = 2 a RU[i] = 1 A[i] = 11 D = 9 score: 1.71945
8 > 15 ? 9 < 5
res = 0.707107 + 0.00826446 + 1
8 > 15 ? 9 < 5
res = 0.5 + 0.0123457 + 1
8 > 15 ? 9 < 5
res = 0.707107 + 0.00826446 + 1
minit = 2 and score: 1.71537
9 -> DOWN
LEN = 9
Krizim sa tu v smere UP
	0	0	0	0	0	0	0	0	0	0	0	0	0	0	0	0	0	0	0	0
	0	0	0	0	0	0	0	0	0	0	0	0	0	0	0	0	0	0	0	0
	0	0	0	0	0	0	0	0	0	0	0	0	0	0	0	0	0	0	0	0
	0	0	0	0	0	0	0	0	0	0	0	0	0	0	0	0	0	0	0	0
	0	0	0	0	0	0	0	0	0	0	0	0	0	0	0	0	0	0	0	0
	0	0	0	0	0	0	0	0	0	0	0	0	0	0	0	0	0	0	0	0
	0	0	0	0	0	0	1	0	0	0	0	0	0	0	0	0	0	0	0	0
	0	0	0	0	0	0	1	0	0	0	0	0	0	0	0	0	0	0	0	0
	0	0	0	0	0	0	0	0	0	0	0	0	0	0	0	0	0	0	0	0
	0	0	0	0	0	0	0	0	0	0	0	0	0	0	0	0	0	0	0	0
	0	0	0	0	0	0	0	0	0	0	0	0	0	0	0	0	0	0	0	0
	0	0	0	0	0	0	0	0	0	0	0	0	0	0	0	0	0	0	0	0
	0	0	0	0	0	0	0	0	0	0	0	0	0	0	0	0	0	0	0	0
	0	0	0	0	0	0	0	0	0	0	0	0	0	0	0	0	0	0	0	0
	0	0	0	0	0	0	0	0	0	0	0	0	0	0	0	0	0	0	0	0
	0	0	0	0	0	0	0	0	0	0	0	0	0	0	0	0	0	0	0	0
	0	0	0	0	0	0	0	0	0	0	0	0	0	0	0	0	0	0	0	0
	0	0	0	0	0	0	0	0	0	0	0	0	0	0	0	0	0	0	0	0
	0	0	0	0	0	0	0	0	0	0	0	0	0	0	0	0	0	0	0	0
	0	0	0	0	0	0	0	0	0	0	0	0	0	0	0	0	0	0	0	0

WTF
[6 ; 5] smer LEFT and ku 6 ; 5
[8 ; 5] smer RIGHT and ku 6 ; 6
[7 ; 6] smer DOWN and ku 6 ; 6
11	10	11
9 > 15 ? 10 < 5
res = 1 + 0.00826446 + 1.69351e-05
DIR LEFT A PS[i] = 1 a RU[i] = 3 A[i] = 11 D = 10 score: 1.00828
9 > 15 ? 10 < 5
res = 1 + 0.00826446 + 1.69351e-05
9 > 15 ? 10 < 5
res = 0.707107 + 0.00826446 + 1
9 > 15 ? 10 < 5
res = 0.5 + 0.00826446 + 1
DIR RIGHT A PS[i] = 4 a RU[i] = 1 A[i] = 10 D = 10 score: 1.50826
9 > 15 ? 10 < 5
res = 0.5 + 0.01 + 1
9 > 15 ? 10 < 5
res = 0.707107 + 0.00826446 + 1
9 > 15 ? 10 < 5
res = 0.707107 + 0.00826446 + 1
DIR DOWN A PS[i] = 2 a RU[i] = 1 A[i] = 11 D = 10 score: 1.71537
9 > 15 ? 10 < 5
res = 0.707107 + 0.00826446 + 1
9 > 15 ? 10 < 5
res = 0.707107 + 0.00826446 + 1
9 > 15 ? 10 < 5
res = 0.707107 + 0.00826446 + 1
minit = 2 and score: 1.71537
10 -> DOWN
LEN = 10
Krizim sa tu v smere UP
Nemoze byt DOWN kvoli kamenu
	1	1	1	1	1	1	1	1	1	1	0	0	0	0	0	0	0	0	0	0
	1	-1	1	1	1	1	1	1	0	1	0	0	0	0	0	0	0	0	0	0
	1	-1	1	1	1	1	1	1	0	1	0	0	0	0	0	0	0	0	0	0
	1	-1	1	0	0	0	1	1	0	1	0	0	0	0	0	0	0	0	0	0
	1	-1	1	0	0	0	1	0	0	1	0	0	0	0	0	0	0	0	0	0
	1	-1	1	0	0	0	0	0	0	1	0	0	0	0	0	0	0	0	0	0
	1	-1	1	0	0	0	0	0	0	1	0	0	0	0	0	0	0	0	0	0
	1	-1	1	0	0	0	0	0	0	1	0	0	0	0	0	0	0	0	0	0
	1	-1	1	1	1	1	1	0	1	1	0	0	0	0	0	0	0	0	0	0
	1	1	1	1	1	1	1	0	1	0	0	0	0	0	0	0	0	0	0	0
	1	1	1	1	1	1	1	0	1	0	0	0	0	0	0	0	0	0	0	0
	1	1	1	1	1	1	1	0	1	1	0	0	0	0	0	0	0	0	0	0
	1	1	1	1	1	1	1	0	0	1	0	0	0	0	0	0	0	0	0	0
	1	1	1	1	1	1	1	1	1	1	0	0	0	0	0	0	0	0	0	0
	1	1	1	1	1	1	1	1	1	1	0	0	0	0	0	0	0	0	0	0
	1	1	1	1	1	1	1	1	1	1	0	0	0	0	0	0	0	0	0	0
	1	1	1	1	1	1	1	1	1	1	0	0	0	0	0	0	0	0	0	0
	1	1	1	1	1	1	1	1	1	1	0	0	0	0	0	0	0	0	0	0
	1	1	1	1	1	1	1	1	1	1	0	0	0	0	0	0	0	0	0	0
	1	1	1	1	1	1	1	1	1	1	0	0	0	0	0	0	0	0	0	0

WTF
[6 ; 6] smer LEFT and ku 6 ; 6
[8 ; 6] smer RIGHT and ku 6 ; 6
16	11
10 > 15 ? 9 < 5
res = 1 + 0.00390625 + 0.000976562
DIR LEFT A PS[i] = 1 a RU[i] = 2 A[i] = 16 D = 9 score: 1.00488
10 > 15 ? 9 < 5
res = 1 + 0.00390625 + 0.000976562
10 > 15 ? 9 < 5
res = 1 + 0.00390625 + 0.000976562
10 > 15 ? 9 < 5
res = 0.301511 + 0.00390625 + 1
DIR RIGHT A PS[i] = 11 a RU[i] = 1 A[i] = 11 D = 9 score: 1.30542
10 > 15 ? 9 < 5
res = 0.301511 + 0.00826446 + 1
10 > 15 ? 9 < 5
res = 1 + 0.00390625 + 0.000976562
10 > 15 ? 9 < 5
res = 0.301511 + 0.00826446 + 1
minit = 1 and score: 1.30978
11 -> RIGHT
LEN = 11
Krizim sa tu v smere LEFT
Nemoze byt DOWN kvoli kamenu
	1	1	1	1	1	1	1	1	1	1	0	0	0	0	0	0	0	0	0	0
	1	-1	1	1	1	1	1	1	0	1	0	0	0	0	0	0	0	0	0	0
	1	-1	1	1	1	1	1	1	0	1	0	0	0	0	0	0	0	0	0	0
	1	-1	1	0	0	0	1	1	0	1	0	0	0	0	0	0	0	0	0	0
	1	-1	1	0	0	0	1	0	0	1	0	0	0	0	0	0	0	0	0	0
	1	-1	1	0	0	0	0	0	0	1	0	0	0	0	0	0	0	0	0	0
	1	-1	1	0	0	0	0	0	0	1	0	0	0	0	0	0	0	0	0	0
	1	-1	1	0	0	0	0	0	0	1	0	0	0	0	0	0	0	0	0	0
	1	-1	1	1	1	1	0	0	1	1	0	0	0	0	0	0	0	0	0	0
	1	1	1	1	1	1	1	0	1	0	0	0	0	0	0	0	0	0	0	0
	1	1	1	1	1	1	1	0	1	0	0	0	0	0	0	0	0	0	0	0
	1	1	1	1	1	1	1	0	1	1	0	0	0	0	0	0	0	0	0	0
	1	1	1	1	1	1	1	0	0	1	0	0	0	0	0	0	0	0	0	0
	1	1	1	1	1	1	1	1	1	1	0	0	0	0	0	0	0	0	0	0
	1	1	1	1	1	1	1	1	1	1	0	0	0	0	0	0	0	0	0	0
	1	1	1	1	1	1	1	1	1	1	0	0	0	0	0	0	0	0	0	0
	1	1	1	1	1	1	1	1	1	1	0	0	0	0	0	0	0	0	0	0
	1	1	1	1	1	1	1	1	1	1	0	0	0	0	0	0	0	0	0	0
	1	1	1	1	1	1	1	1	1	1	0	0	0	0	0	0	0	0	0	0
	1	1	1	1	1	1	1	1	1	1	0	0	0	0	0	0	0	0	0	0

WTF
[8 ; 5] smer UP and ku 6 ; 6
[9 ; 6] smer RIGHT and ku 6 ; 6
9	9
11 > 15 ? 8 < 5
res = 0.288675 + 0.0123457 + 1
DIR UP A PS[i] = 12 a RU[i] = 1 A[i] = 9 D = 8 score: 1.30102
11 > 15 ? 8 < 5
res = 0.288675 + 0.0123457 + 1
11 > 15 ? 8 < 5
res = 0.288675 + 0.0123457 + 1
11 > 15 ? 8 < 5
res = 0.316228 + 0.0123457 + 1
DIR RIGHT A PS[i] = 10 a RU[i] = 1 A[i] = 9 D = 8 score: 1.32857
11 > 15 ? 8 < 5
res = 0.316228 + 0.0123457 + 1
11 > 15 ? 8 < 5
res = 0.288675 + 0.0123457 + 1
11 > 15 ? 8 < 5
res = 0.316228 + 0.0123457 + 1
minit = 1 and score: 1.32857
12 -> RIGHT
LEN = 12
Krizim sa tu v smere LEFT
	1	1	1	1	1	1	1	1	1	1	0	0	0	0	0	0	0	0	0	0
	1	-1	1	1	1	1	1	1	0	1	0	0	0	0	0	0	0	0	0	0
	1	-1	1	1	1	1	1	1	0	1	0	0	0	0	0	0	0	0	0	0
	1	-1	1	0	0	0	1	1	0	1	0	0	0	0	0	0	0	0	0	0
	1	-1	1	0	0	0	1	0	0	1	0	0	0	0	0	0	0	0	0	0
	1	-1	1	0	0	0	0	0	0	1	0	0	0	0	0	0	0	0	0	0
	1	-1	1	0	0	0	0	0	0	1	0	0	0	0	0	0	0	0	0	0
	1	-1	1	0	0	0	0	0	0	1	0	0	0	0	0	0	0	0	0	0
	1	-1	1	1	1	1	0	0	1	1	0	0	0	0	0	0	0	0	0	0
	1	1	1	1	1	1	0	1	1	0	0	0	0	0	0	0	0	0	0	0
	1	1	1	1	1	1	1	1	1	0	0	0	0	0	0	0	0	0	0	0
	1	1	1	1	1	1	1	0	1	1	0	0	0	0	0	0	0	0	0	0
	1	1	1	1	1	1	1	0	0	1	0	0	0	0	0	0	0	0	0	0
	1	1	1	1	1	1	1	1	1	1	0	0	0	0	0	0	0	0	0	0
	1	1	1	1	1	1	1	1	1	1	0	0	0	0	0	0	0	0	0	0
	1	1	1	1	1	1	1	1	1	1	0	0	0	0	0	0	0	0	0	0
	1	1	1	1	1	1	1	1	1	1	0	0	0	0	0	0	0	0	0	0
	1	1	1	1	1	1	1	1	1	1	0	0	0	0	0	0	0	0	0	0
	1	1	1	1	1	1	1	1	1	1	0	0	0	0	0	0	0	0	0	0
	1	1	1	1	1	1	1	1	1	1	0	0	0	0	0	0	0	0	0	0

WTF
[9 ; 5] smer UP and ku 6 ; 6
[10 ; 6] smer RIGHT and ku 6 ; 6
[9 ; 7] smer DOWN and ku 6 ; 6
7	7	9
12 > 15 ? 7 < 5
res = 0.27735 + 0.0204082 + 1
DIR UP A PS[i] = 13 a RU[i] = 1 A[i] = 7 D = 7 score: 1.29776
12 > 15 ? 7 < 5
res = 0.27735 + 0.0204082 + 1
12 > 15 ? 7 < 5
res = 0.301511 + 0.0204082 + 1
12 > 15 ? 7 < 5
res = 0.301511 + 0.0204082 + 1
DIR RIGHT A PS[i] = 11 a RU[i] = 1 A[i] = 7 D = 7 score: 1.32192
12 > 15 ? 7 < 5
res = 0.301511 + 0.0204082 + 1
12 > 15 ? 7 < 5
res = 0.301511 + 0.0204082 + 1
12 > 15 ? 7 < 5
res = 0.333333 + 0.0204082 + 1
DIR DOWN A PS[i] = 9 a RU[i] = 1 A[i] = 9 D = 7 score: 1.35374
12 > 15 ? 7 < 5
res = 0.333333 + 0.0123457 + 1
12 > 15 ? 7 < 5
res = 0.301511 + 0.0204082 + 1
12 > 15 ? 7 < 5
res = 0.333333 + 0.0123457 + 1
minit = 2 and score: 1.34568
13 -> DOWN
LEN = 13
Nemoze byt LEFT kvoli kamenu
Krizim sa tu v smere UP
	1	1	1	1	1	1	1	1	1	1	-1	-1	-1	-1	-1	-1	-1	-1	-1	-1
	1	1	1	1	1	1	1	0	0	1	-1	-1	-1	-1	-1	-1	-1	-1	-1	-1
	1	1	1	1	1	1	1	0	0	1	-1	-1	-1	-1	-1	-1	-1	-1	-1	-1
	1	1	-1	0	0	0	1	0	0	1	-1	-1	-1	-1	-1	-1	-1	-1	-1	-1
	1	1	-1	0	0	0	1	0	0	1	-1	-1	-1	-1	-1	-1	-1	-1	-1	-1
	1	1	-1	0	0	0	0	0	0	1	-1	-1	-1	-1	-1	-1	-1	-1	-1	-1
	1	1	-1	0	0	0	0	0	0	1	-1	-1	-1	-1	-1	-1	-1	-1	-1	-1
	1	1	-1	0	0	0	0	0	0	1	-1	0	0	-1	-1	-1	-1	-1	-1	-1
	1	1	-1	-1	-1	-1	0	0	1	1	-1	-1	0	-1	-1	-1	-1	-1	-1	-1
	1	1	-1	-1	-1	-1	0	0	1	0	0	-1	-1	-1	-1	-1	-1	-1	-1	-1
	1	1	-1	-1	-1	-1	-1	-1	-1	0	0	-1	-1	-1	-1	-1	-1	-1	-1	-1
	1	1	-1	-1	-1	-1	-1	0	-1	-1	-1	-1	0	-1	-1	-1	-1	-1	-1	-1
	1	1	-1	-1	-1	-1	-1	0	0	-1	-1	0	0	-1	-1	-1	-1	-1	-1	-1
	1	1	-1	-1	-1	-1	-1	-1	-1	-1	-1	-1	-1	-1	-1	-1	-1	-1	-1	-1
	1	1	-1	-1	-1	-1	-1	-1	-1	-1	-1	-1	-1	-1	-1	-1	-1	-1	-1	-1
	1	1	-1	-1	-1	-1	-1	-1	-1	-1	-1	-1	-1	-1	-1	-1	-1	-1	-1	-1
	1	1	-1	-1	-1	-1	-1	-1	-1	-1	-1	-1	-1	-1	-1	-1	-1	-1	-1	-1
	1	1	-1	-1	-1	-1	-1	-1	-1	-1	-1	-1	-1	-1	-1	-1	-1	-1	-1	-1
	1	1	-1	-1	-1	-1	-1	-1	-1	-1	-1	-1	-1	-1	-1	-1	-1	-1	-1	-1
	1	1	-1	-1	-1	-1	-1	-1	-1	-1	-1	-1	-1	-1	-1	-1	-1	-1	-1	-1

WTF
[10 ; 7] smer RIGHT and ku 6 ; 6
[9 ; 8] smer DOWN and ku 6 ; 6
7	9
13 > 15 ? 6 < 5
res = 0.316228 + 0.0204082 + 1
DIR RIGHT A PS[i] = 10 a RU[i] = 1 A[i] = 7 D = 6 score: 1.33664
13 > 15 ? 6 < 5
res = 0.316228 + 0.0204082 + 1
13 > 15 ? 6 < 5
res = 0.316228 + 0.0204082 + 1
13 > 15 ? 6 < 5
res = 0.353553 + 0.0204082 + 1
DIR DOWN A PS[i] = 8 a RU[i] = 1 A[i] = 9 D = 6 score: 1.37396
13 > 15 ? 6 < 5
res = 0.353553 + 0.0123457 + 1
13 > 15 ? 6 < 5
res = 0.316228 + 0.0204082 + 1
13 > 15 ? 6 < 5
res = 0.353553 + 0.0123457 + 1
minit = 1 and score: 1.3659
14 -> DOWN
LEN = 14
Krizim sa tu v smere UP
Nemoze byt DOWN kvoli kamenu
	1	1	1	1	1	1	1	1	1	1	1	1	1	1	0	0	0	0	0	0
	1	-1	1	1	1	1	1	1	0	0	0	0	0	1	0	0	0	0	0	0
	1	-1	1	1	1	1	1	1	0	0	0	0	0	1	0	0	0	0	0	0
	1	-1	1	0	0	0	1	1	0	0	0	0	0	1	0	0	0	0	0	0
	1	-1	1	0	0	0	1	0	0	0	0	0	0	1	0	0	0	0	0	0
	1	-1	1	0	0	0	0	0	0	0	0	0	0	1	0	0	0	0	0	0
	1	-1	1	0	0	0	0	0	0	0	0	0	0	1	0	0	0	0	0	0
	1	-1	1	0	0	0	0	0	0	0	0	0	0	1	0	0	0	0	0	0
	1	-1	1	1	1	1	0	0	0	0	0	0	0	1	0	0	0	0	0	0
	1	1	1	1	1	1	0	0	0	0	0	0	0	1	0	0	0	0	0	0
	1	1	1	1	1	1	1	1	1	0	0	0	0	1	0	0	0	0	0	0
	1	1	1	1	1	1	1	0	-1	1	1	0	0	1	0	0	0	0	0	0
	1	1	1	1	1	1	1	0	0	1	1	0	0	1	0	0	0	0	0	0
	1	1	1	1	1	1	1	1	1	1	1	1	1	1	0	0	0	0	0	0
	1	1	1	1	1	1	1	1	1	1	1	1	1	1	0	0	0	0	0	0
	1	1	1	1	1	1	1	1	1	1	1	1	1	1	0	0	0	0	0	0
	1	1	1	1	1	1	1	1	1	1	1	1	1	1	0	0	0	0	0	0
	1	1	1	1	1	1	1	1	1	1	1	1	1	1	0	0	0	0	0	0
	1	1	1	1	1	1	1	1	1	1	1	1	1	1	0	0	0	0	0	0
	1	1	1	1	1	1	1	1	1	1	1	1	1	1	0	0	0	0	0	0

WTF
[8 ; 8] smer LEFT and ku 6 ; 6
[10 ; 8] smer RIGHT and ku 6 ; 6
8	7
14 > 15 ? 6 < 5
res = 0.377964 + 0.0204082 + 1
DIR LEFT A PS[i] = 7 a RU[i] = 1 A[i] = 8 D = 6 score: 1.39837
14 > 15 ? 6 < 5
res = 0.377964 + 0.015625 + 1
14 > 15 ? 6 < 5
res = 0.258199 + 0.0204082 + 1
14 > 15 ? 6 < 5
res = 0.258199 + 0.015625 + 1
DIR RIGHT A PS[i] = 15 a RU[i] = 1 A[i] = 7 D = 6 score: 1.27382
14 > 15 ? 6 < 5
res = 0.258199 + 0.0204082 + 1
14 > 15 ? 6 < 5
res = 0.377964 + 0.015625 + 1
14 > 15 ? 6 < 5
res = 0.377964 + 0.015625 + 1
minit = 0 and score: 1.39359
15 -> LEFT
LEN = 15
Nemoze byt LEFT kvoli kamenu
Nemoze byt UP kvoli kamenu
Krizim sa tu v smere RIGHT
	1	1	1	1	1	1	1	1	1	1	-1	-1	-1	-1	-1	-1	-1	-1	-1	-1
	1	1	1	1	1	1	1	0	0	1	-1	-1	-1	-1	-1	-1	-1	-1	-1	-1
	1	1	1	1	1	1	1	0	0	1	-1	-1	-1	-1	-1	-1	-1	-1	-1	-1
	1	1	-1	0	0	0	1	0	0	1	-1	-1	-1	-1	-1	-1	-1	-1	-1	-1
	1	1	-1	0	0	0	1	0	0	1	-1	-1	-1	-1	-1	-1	-1	-1	-1	-1
	1	1	-1	0	0	0	0	0	0	1	-1	-1	-1	-1	-1	-1	-1	-1	-1	-1
	1	1	-1	0	0	0	0	0	0	1	-1	-1	-1	-1	-1	-1	-1	-1	-1	-1
	1	1	-1	0	0	0	0	0	0	1	-1	0	0	-1	-1	-1	-1	-1	-1	-1
	1	1	-1	-1	-1	-1	0	0	0	1	-1	-1	0	-1	-1	-1	-1	-1	-1	-1
	1	1	-1	-1	-1	-1	0	0	0	0	0	-1	-1	-1	-1	-1	-1	-1	-1	-1
	1	1	-1	-1	-1	-1	-1	-1	-1	0	0	-1	-1	-1	-1	-1	-1	-1	-1	-1
	1	1	-1	-1	-1	-1	-1	0	-1	-1	-1	-1	0	-1	-1	-1	-1	-1	-1	-1
	1	1	-1	-1	-1	-1	-1	0	0	-1	-1	0	0	-1	-1	-1	-1	-1	-1	-1
	1	1	-1	-1	-1	-1	-1	-1	-1	-1	-1	-1	-1	-1	-1	-1	-1	-1	-1	-1
	1	1	-1	-1	-1	-1	-1	-1	-1	-1	-1	-1	-1	-1	-1	-1	-1	-1	-1	-1
	1	1	-1	-1	-1	-1	-1	-1	-1	-1	-1	-1	-1	-1	-1	-1	-1	-1	-1	-1
	1	1	-1	-1	-1	-1	-1	-1	-1	-1	-1	-1	-1	-1	-1	-1	-1	-1	-1	-1
	1	1	-1	-1	-1	-1	-1	-1	-1	-1	-1	-1	-1	-1	-1	-1	-1	-1	-1	-1
	1	1	-1	-1	-1	-1	-1	-1	-1	-1	-1	-1	-1	-1	-1	-1	-1	-1	-1	-1
	1	1	-1	-1	-1	-1	-1	-1	-1	-1	-1	-1	-1	-1	-1	-1	-1	-1	-1	-1

WTF
[8 ; 9] smer DOWN and ku 6 ; 6
7
15 > 15 ? 5 < 5
res = 0.408248 + 0.0204082 + 1
DIR DOWN A PS[i] = 6 a RU[i] = 1 A[i] = 7 D = 5 score: 1.42866
15 > 15 ? 5 < 5
res = 0.408248 + 0.0204082 + 1
15 > 15 ? 5 < 5
res = 0.408248 + 0.0204082 + 1
15 > 15 ? 5 < 5
res = 0.408248 + 0.0204082 + 1
minit = 0 and score: 1.42866
16 -> DOWN
LEN = 16
Krizim sa tu v smere UP
Nemoze byt RIGHT kvoli kamenu
	1	1	1	1	1	1	1	1	1	1	1	-1	-1	-1	-1	-1	-1	-1	-1	-1
	1	1	1	1	1	1	1	0	0	0	1	-1	-1	-1	-1	-1	-1	-1	-1	-1
	1	1	1	1	1	1	1	0	0	0	1	-1	-1	-1	-1	-1	-1	-1	-1	-1
	1	1	-1	0	0	0	1	0	0	0	1	-1	-1	-1	-1	-1	-1	-1	-1	-1
	1	1	-1	0	0	0	1	0	0	0	1	-1	-1	-1	-1	-1	-1	-1	-1	-1
	1	1	-1	0	0	0	0	0	0	0	1	-1	-1	-1	-1	-1	-1	-1	-1	-1
	1	1	-1	0	0	0	0	0	0	0	1	-1	-1	-1	-1	-1	-1	-1	-1	-1
	1	1	-1	0	0	0	0	0	0	0	1	0	0	-1	-1	-1	-1	-1	-1	-1
	1	1	-1	-1	-1	-1	0	0	0	0	1	-1	0	-1	-1	-1	-1	-1	-1	-1
	1	1	-1	-1	-1	-1	0	0	0	0	0	-1	-1	-1	-1	-1	-1	-1	-1	-1
	1	1	-1	-1	-1	-1	-1	-1	-1	0	0	-1	-1	-1	-1	-1	-1	-1	-1	-1
	1	1	-1	-1	-1	-1	-1	0	-1	-1	-1	-1	0	-1	-1	-1	-1	-1	-1	-1
	1	1	-1	-1	-1	-1	-1	0	0	-1	-1	0	0	-1	-1	-1	-1	-1	-1	-1
	1	1	-1	-1	-1	-1	-1	-1	-1	-1	-1	-1	-1	-1	-1	-1	-1	-1	-1	-1
	1	1	-1	-1	-1	-1	-1	-1	-1	-1	-1	-1	-1	-1	-1	-1	-1	-1	-1	-1
	1	1	-1	-1	-1	-1	-1	-1	-1	-1	-1	-1	-1	-1	-1	-1	-1	-1	-1	-1
	1	1	-1	-1	-1	-1	-1	-1	-1	-1	-1	-1	-1	-1	-1	-1	-1	-1	-1	-1
	1	1	-1	-1	-1	-1	-1	-1	-1	-1	-1	-1	-1	-1	-1	-1	-1	-1	-1	-1
	1	1	-1	-1	-1	-1	-1	-1	-1	-1	-1	-1	-1	-1	-1	-1	-1	-1	-1	-1
	1	1	-1	-1	-1	-1	-1	-1	-1	-1	-1	-1	-1	-1	-1	-1	-1	-1	-1	-1

WTF
[7 ; 9] smer LEFT and ku 6 ; 6
[8 ; 10] smer DOWN and ku 6 ; 6
8	6
16 > 15 ? 4 < 5
DIR LEFT A PS[i] = 5 a RU[i] = 1 A[i] = 8 D = 4 score: 0.447214
16 > 15 ? 4 < 5
16 > 15 ? 4 < 5
16 > 15 ? 4 < 5
DIR DOWN A PS[i] = 7 a RU[i] = 1 A[i] = 6 D = 4 score: 0.377964
16 > 15 ? 4 < 5
16 > 15 ? 4 < 5
16 > 15 ? 4 < 5
minit = 0 and score: 0.447214
17 -> LEFT
LEN = 17
Nemoze byt UP kvoli kamenu
Krizim sa tu v smere RIGHT
	1	1	1	1	1	1	1	1	1	1	1	-1	-1	-1	-1	-1	-1	-1	-1	-1
	1	1	1	1	1	1	1	0	0	0	1	-1	-1	-1	-1	-1	-1	-1	-1	-1
	1	1	1	1	1	1	1	0	0	0	1	-1	-1	-1	-1	-1	-1	-1	-1	-1
	1	1	-1	0	0	0	1	0	0	0	1	-1	-1	-1	-1	-1	-1	-1	-1	-1
	1	1	-1	0	0	0	1	0	0	0	1	-1	-1	-1	-1	-1	-1	-1	-1	-1
	1	1	-1	0	0	0	0	0	0	0	1	-1	-1	-1	-1	-1	-1	-1	-1	-1
	1	1	-1	0	0	0	0	0	0	0	1	-1	-1	-1	-1	-1	-1	-1	-1	-1
	1	1	-1	0	0	0	0	0	0	0	1	0	0	-1	-1	-1	-1	-1	-1	-1
	1	1	-1	-1	-1	-1	0	0	0	0	-1	-1	0	-1	-1	-1	-1	-1	-1	-1
	1	1	-1	-1	-1	-1	0	0	0	0	0	-1	-1	-1	-1	-1	-1	-1	-1	-1
	1	1	-1	-1	-1	-1	-1	-1	-1	0	0	-1	-1	-1	-1	-1	-1	-1	-1	-1
	1	1	-1	-1	-1	-1	-1	0	-1	-1	-1	-1	0	-1	-1	-1	-1	-1	-1	-1
	1	1	-1	-1	-1	-1	-1	0	0	-1	-1	0	0	-1	-1	-1	-1	-1	-1	-1
	1	1	-1	-1	-1	-1	-1	-1	-1	-1	-1	-1	-1	-1	-1	-1	-1	-1	-1	-1
	1	1	-1	-1	-1	-1	-1	-1	-1	-1	-1	-1	-1	-1	-1	-1	-1	-1	-1	-1
	1	1	-1	-1	-1	-1	-1	-1	-1	-1	-1	-1	-1	-1	-1	-1	-1	-1	-1	-1
	1	1	-1	-1	-1	-1	-1	-1	-1	-1	-1	-1	-1	-1	-1	-1	-1	-1	-1	-1
	1	1	-1	-1	-1	-1	-1	-1	-1	-1	-1	-1	-1	-1	-1	-1	-1	-1	-1	-1
	1	1	-1	-1	-1	-1	-1	-1	-1	-1	-1	-1	-1	-1	-1	-1	-1	-1	-1	-1
	1	1	-1	-1	-1	-1	-1	-1	-1	-1	-1	-1	-1	-1	-1	-1	-1	-1	-1	-1

WTF
[6 ; 9] smer LEFT and ku 6 ; 6
[7 ; 10] smer DOWN and ku 6 ; 6
8	6
17 > 15 ? 3 < 5
DIR LEFT A PS[i] = 4 a RU[i] = 1 A[i] = 8 D = 3 score: 0.5
17 > 15 ? 3 < 5
17 > 15 ? 3 < 5
17 > 15 ? 3 < 5
DIR DOWN A PS[i] = 6 a RU[i] = 1 A[i] = 6 D = 3 score: 0.408248
17 > 15 ? 3 < 5
17 > 15 ? 3 < 5
17 > 15 ? 3 < 5
minit = 0 and score: 0.5
18 -> LEFT
LEN = 18
Krizim sa tu v smere RIGHT
	1	1	1	1	1	1	1	1	1	1	1	-1	-1	-1	-1	-1	-1	-1	-1	-1
	1	1	1	1	1	1	1	0	0	0	1	-1	-1	-1	-1	-1	-1	-1	-1	-1
	1	1	1	1	1	1	1	0	0	0	1	-1	-1	-1	-1	-1	-1	-1	-1	-1
	1	1	-1	0	0	0	1	0	0	0	1	-1	-1	-1	-1	-1	-1	-1	-1	-1
	1	1	-1	0	0	0	1	0	0	0	1	-1	-1	-1	-1	-1	-1	-1	-1	-1
	1	1	-1	0	0	0	0	0	0	0	1	-1	-1	-1	-1	-1	-1	-1	-1	-1
	1	1	-1	0	0	0	0	0	0	0	1	-1	-1	-1	-1	-1	-1	-1	-1	-1
	1	1	-1	0	0	0	0	0	0	0	-1	0	0	-1	-1	-1	-1	-1	-1	-1
	1	1	-1	-1	-1	-1	0	0	0	0	-1	-1	0	-1	-1	-1	-1	-1	-1	-1
	1	1	-1	-1	-1	-1	0	0	0	0	0	-1	-1	-1	-1	-1	-1	-1	-1	-1
	1	1	-1	-1	-1	-1	-1	-1	-1	0	0	-1	-1	-1	-1	-1	-1	-1	-1	-1
	1	1	-1	-1	-1	-1	-1	0	-1	-1	-1	-1	0	-1	-1	-1	-1	-1	-1	-1
	1	1	-1	-1	-1	-1	-1	0	0	-1	-1	0	0	-1	-1	-1	-1	-1	-1	-1
	1	1	-1	-1	-1	-1	-1	-1	-1	-1	-1	-1	-1	-1	-1	-1	-1	-1	-1	-1
	1	1	-1	-1	-1	-1	-1	-1	-1	-1	-1	-1	-1	-1	-1	-1	-1	-1	-1	-1
	1	1	-1	-1	-1	-1	-1	-1	-1	-1	-1	-1	-1	-1	-1	-1	-1	-1	-1	-1
	1	1	-1	-1	-1	-1	-1	-1	-1	-1	-1	-1	-1	-1	-1	-1	-1	-1	-1	-1
	1	1	-1	-1	-1	-1	-1	-1	-1	-1	-1	-1	-1	-1	-1	-1	-1	-1	-1	-1
	1	1	-1	-1	-1	-1	-1	-1	-1	-1	-1	-1	-1	-1	-1	-1	-1	-1	-1	-1
	1	1	-1	-1	-1	-1	-1	-1	-1	-1	-1	-1	-1	-1	-1	-1	-1	-1	-1	-1

WTF
[5 ; 9] smer LEFT and ku 5 ; 6
[6 ; 8] smer UP and ku 6 ; 6
[6 ; 10] smer DOWN and ku 5 ; 6
8	10	6
18 > 15 ? 2 < 5
DIR LEFT A PS[i] = 4 a RU[i] = 1 A[i] = 8 D = 2 score: 0.5
18 > 15 ? 2 < 5
18 > 15 ? 2 < 5
18 > 15 ? 2 < 5
DIR UP A PS[i] = 3 a RU[i] = 1 A[i] = 10 D = 2 score: 0.57735
18 > 15 ? 2 < 5
18 > 15 ? 2 < 5
18 > 15 ? 2 < 5
DIR DOWN A PS[i] = 6 a RU[i] = 1 A[i] = 6 D = 2 score: 0.408248
18 > 15 ? 2 < 5
18 > 15 ? 2 < 5
18 > 15 ? 2 < 5
minit = 1 and score: 0.57735
19 -> UP
