2
START!!! ROUND: 0
POSITION: 20 13
HYBEM SA NA LEFT

START!!! ROUND: 1
POSITION: 19 13
HYBEM SA NA LEFT

START!!! ROUND: 2
POSITION: 18 13
HYBEM SA NA LEFT

START!!! ROUND: 3
POSITION: 17 13
HYBEM SA NA LEFT

START!!! ROUND: 4
POSITION: 16 13
HYBEM SA NA DOWN

START!!! ROUND: 5
POSITION: 16 14
HYBEM SA NA DOWN

START!!! ROUND: 6
POSITION: 16 15
HYBEM SA NA DOWN

START!!! ROUND: 7
POSITION: 16 16
HYBEM SA NA DOWN

START!!! ROUND: 8
POSITION: 16 17
HYBEM SA NA DOWN

START!!! ROUND: 9
POSITION: 16 18
HYBEM SA NA DOWN

START!!! ROUND: 10
POSITION: 16 19
HYBEM SA NA DOWN

START!!! ROUND: 11
POSITION: 16 20
HYBEM SA NA RIGHT

START!!! ROUND: 12
POSITION: 17 20
HYBEM SA NA RIGHT

START!!! ROUND: 13
POSITION: 18 20
HYBEM SA NA RIGHT

START!!! ROUND: 14
POSITION: 19 20
HYBEM SA NA RIGHT

START!!! ROUND: 15
POSITION: 20 20
HYBEM SA NA RIGHT

START!!! ROUND: 16
POSITION: 21 20
HYBEM SA NA RIGHT

START!!! ROUND: 17
POSITION: 22 20
HYBEM SA NA UP

START!!! ROUND: 18
POSITION: 22 19
HYBEM SA NA UP

START!!! ROUND: 19
POSITION: 22 18
HYBEM SA NA UP

START!!! ROUND: 20
POSITION: 22 17
HYBEM SA NA RIGHT

START!!! ROUND: 21
POSITION: 23 17
HYBEM SA NA RIGHT

START!!! ROUND: 22
POSITION: 24 17
HYBEM SA NA RIGHT

START!!! ROUND: 23
POSITION: 25 17
HYBEM SA NA RIGHT

START!!! ROUND: 24
POSITION: 26 17
HYBEM SA NA RIGHT

START!!! ROUND: 25
POSITION: 27 17
HYBEM SA NA UP

START!!! ROUND: 26
POSITION: 27 16
HYBEM SA NA RIGHT

START!!! ROUND: 27
POSITION: 28 16
HYBEM SA NA DOWN

START!!! ROUND: 28
POSITION: 28 17
HYBEM SA NA DOWN

START!!! ROUND: 29
POSITION: 28 18
HYBEM SA NA DOWN

START!!! ROUND: 30
POSITION: 28 19
HYBEM SA NA RIGHT

START!!! ROUND: 31
POSITION: 29 19
HYBEM SA NA RIGHT

START!!! ROUND: 32
POSITION: 30 19
HYBEM SA NA UP

START!!! ROUND: 33
POSITION: 30 18
HYBEM SA NA UP

START!!! ROUND: 34
POSITION: 30 17
HYBEM SA NA UP

START!!! ROUND: 35
POSITION: 30 16
HYBEM SA NA UP

START!!! ROUND: 36
POSITION: 30 15
HYBEM SA NA UP

START!!! ROUND: 37
POSITION: 30 14
HYBEM SA NA UP

START!!! ROUND: 38
POSITION: 30 13
HYBEM SA NA UP

START!!! ROUND: 39
POSITION: 30 12
HYBEM SA NA RIGHT

START!!! ROUND: 40
POSITION: 31 12
HYBEM SA NA RIGHT

START!!! ROUND: 41
POSITION: 32 12
HYBEM SA NA RIGHT

START!!! ROUND: 42
POSITION: 33 12
HYBEM SA NA DOWN

START!!! ROUND: 43
POSITION: 33 13
HYBEM SA NA RIGHT

START!!! ROUND: 44
POSITION: 34 13
HYBEM SA NA RIGHT

START!!! ROUND: 45
POSITION: 35 13
HYBEM SA NA UP

START!!! ROUND: 46
POSITION: 35 12
HYBEM SA NA UP

START!!! ROUND: 47
POSITION: 35 11
HYBEM SA NA LEFT

START!!! ROUND: 48
POSITION: 34 11
HYBEM SA NA LEFT

START!!! ROUND: 49
POSITION: 33 11
HYBEM SA NA LEFT

START!!! ROUND: 50
POSITION: 32 11
HYBEM SA NA LEFT

START!!! ROUND: 51
POSITION: 31 11
HYBEM SA NA LEFT

START!!! ROUND: 52
POSITION: 30 11
HYBEM SA NA LEFT

START!!! ROUND: 53
POSITION: 29 11
HYBEM SA NA DOWN

START!!! ROUND: 54
POSITION: 29 12
HYBEM SA NA DOWN

START!!! ROUND: 55
POSITION: 29 13
HYBEM SA NA LEFT

START!!! ROUND: 56
POSITION: 28 13
HYBEM SA NA LEFT

START!!! ROUND: 57
POSITION: 27 13
HYBEM SA NA LEFT

START!!! ROUND: 58
POSITION: 26 13
HYBEM SA NA LEFT

START!!! ROUND: 59
POSITION: 25 13
HYBEM SA NA LEFT

START!!! ROUND: 60
POSITION: 24 13
HYBEM SA NA LEFT

START!!! ROUND: 61
POSITION: 23 13
HYBEM SA NA LEFT

START!!! ROUND: 62
POSITION: 22 13
HYBEM SA NA LEFT

START!!! ROUND: 63
POSITION: 21 13
HYBEM SA NA UP

START!!! ROUND: 64
POSITION: 21 12
HYBEM SA NA UP

START!!! ROUND: 65
POSITION: 21 11
HYBEM SA NA UP

START!!! ROUND: 66
POSITION: 21 10
HYBEM SA NA UP

START!!! ROUND: 67
POSITION: 21 9
HYBEM SA NA RIGHT

START!!! ROUND: 68
POSITION: 22 9
HYBEM SA NA DOWN

START!!! ROUND: 69
POSITION: 22 10
HYBEM SA NA DOWN

START!!! ROUND: 70
POSITION: 22 11
HYBEM SA NA DOWN

START!!! ROUND: 71
POSITION: 22 12
HYBEM SA NA DOWN

START!!! ROUND: 72
POSITION: 22 13
HYBEM SA NA LEFT

START!!! ROUND: 73
POSITION: 21 13
HYBEM SA NA LEFT

START!!! ROUND: 74
POSITION: 20 13
HYBEM SA NA UP

START!!! ROUND: 75
POSITION: 20 12
HYBEM SA NA UP

START!!! ROUND: 76
POSITION: 20 11
HYBEM SA NA UP

START!!! ROUND: 77
POSITION: 20 10
HYBEM SA NA UP

START!!! ROUND: 78
POSITION: 20 9
HYBEM SA NA RIGHT

START!!! ROUND: 79
POSITION: 21 9
HYBEM SA NA RIGHT

START!!! ROUND: 80
POSITION: 22 9
HYBEM SA NA DOWN

START!!! ROUND: 81
POSITION: 22 10
HYBEM SA NA RIGHT

START!!! ROUND: 82
POSITION: 23 10
HYBEM SA NA RIGHT

START!!! ROUND: 83
POSITION: 24 10
HYBEM SA NA UP

START!!! ROUND: 84
POSITION: 24 9
HYBEM SA NA LEFT

START!!! ROUND: 85
POSITION: 23 9
HYBEM SA NA LEFT

START!!! ROUND: 86
POSITION: 22 9
HYBEM SA NA UP

START!!! ROUND: 87
POSITION: 22 8
HYBEM SA NA UP

START!!! ROUND: 88
POSITION: 22 7
HYBEM SA NA RIGHT

START!!! ROUND: 89
POSITION: 23 7
HYBEM SA NA RIGHT

START!!! ROUND: 90
POSITION: 24 7
HYBEM SA NA UP

START!!! ROUND: 91
POSITION: 24 6
HYBEM SA NA UP

START!!! ROUND: 92
POSITION: 24 5
HYBEM SA NA UP

START!!! ROUND: 93
POSITION: 24 4
HYBEM SA NA LEFT

START!!! ROUND: 94
POSITION: 23 4
HYBEM SA NA UP

START!!! ROUND: 95
POSITION: 23 3
HYBEM SA NA LEFT

START!!! ROUND: 96
POSITION: 22 3
HYBEM SA NA UP

START!!! ROUND: 97
POSITION: 22 2
HYBEM SA NA UP

START!!! ROUND: 98
POSITION: 22 1
HYBEM SA NA UP

START!!! ROUND: 99
POSITION: 22 0
HYBEM SA NA RIGHT

START!!! ROUND: 100
POSITION: 23 0
HYBEM SA NA RIGHT

START!!! ROUND: 101
POSITION: 24 0
HYBEM SA NA RIGHT

START!!! ROUND: 102
POSITION: 25 0
HYBEM SA NA RIGHT

START!!! ROUND: 103
POSITION: 26 0
HYBEM SA NA RIGHT

START!!! ROUND: 104
POSITION: 27 0
HYBEM SA NA DOWN

START!!! ROUND: 105
POSITION: 27 1
HYBEM SA NA DOWN

START!!! ROUND: 106
POSITION: 27 2
HYBEM SA NA DOWN

START!!! ROUND: 107
POSITION: 27 3
HYBEM SA NA LEFT

START!!! ROUND: 108
POSITION: 26 3
HYBEM SA NA LEFT

START!!! ROUND: 109
POSITION: 25 3
HYBEM SA NA DOWN

START!!! ROUND: 110
POSITION: 25 4
HYBEM SA NA DOWN

START!!! ROUND: 111
POSITION: 25 5
HYBEM SA NA DOWN

START!!! ROUND: 112
POSITION: 25 6
HYBEM SA NA RIGHT

START!!! ROUND: 113
POSITION: 26 6
HYBEM SA NA RIGHT

START!!! ROUND: 114
POSITION: 27 6
HYBEM SA NA RIGHT

START!!! ROUND: 115
POSITION: 28 6
HYBEM SA NA RIGHT

START!!! ROUND: 116
POSITION: 29 6
HYBEM SA NA UP

START!!! ROUND: 117
POSITION: 29 5
HYBEM SA NA UP

START!!! ROUND: 118
POSITION: 29 4
HYBEM SA NA UP

START!!! ROUND: 119
POSITION: 29 3
HYBEM SA NA RIGHT

START!!! ROUND: 120
POSITION: 30 3
HYBEM SA NA RIGHT

START!!! ROUND: 121
POSITION: 31 3
HYBEM SA NA RIGHT

START!!! ROUND: 122
POSITION: 32 3
HYBEM SA NA RIGHT

START!!! ROUND: 123
POSITION: 33 3
HYBEM SA NA RIGHT

START!!! ROUND: 124
POSITION: 34 3
HYBEM SA NA RIGHT

START!!! ROUND: 125
POSITION: 35 3
HYBEM SA NA UP

START!!! ROUND: 126
POSITION: 35 2
HYBEM SA NA UP

START!!! ROUND: 127
POSITION: 35 1
HYBEM SA NA RIGHT

START!!! ROUND: 128
POSITION: 36 1
HYBEM SA NA RIGHT

START!!! ROUND: 129
POSITION: 37 1
HYBEM SA NA RIGHT

START!!! ROUND: 130
POSITION: 38 1
HYBEM SA NA DOWN

START!!! ROUND: 131
POSITION: 38 2
HYBEM SA NA LEFT

START!!! ROUND: 132
POSITION: 37 2
HYBEM SA NA LEFT

START!!! ROUND: 133
POSITION: 36 2
HYBEM SA NA DOWN

START!!! ROUND: 134
POSITION: 36 3
HYBEM SA NA RIGHT

START!!! ROUND: 135
POSITION: 37 3
HYBEM SA NA DOWN

START!!! ROUND: 136
POSITION: 37 4
HYBEM SA NA RIGHT

START!!! ROUND: 137
POSITION: 38 4
HYBEM SA NA UP

START!!! ROUND: 138
POSITION: 38 3
HYBEM SA NA RIGHT

START!!! ROUND: 139
POSITION: 39 3
HYBEM SA NA RIGHT

START!!! ROUND: 140
POSITION: 40 3
HYBEM SA NA RIGHT

START!!! ROUND: 141
POSITION: 41 3
HYBEM SA NA DOWN

START!!! ROUND: 142
POSITION: 41 4
HYBEM SA NA DOWN

START!!! ROUND: 143
POSITION: 41 5
HYBEM SA NA DOWN

START!!! ROUND: 144
POSITION: 41 6
HYBEM SA NA DOWN

START!!! ROUND: 145
POSITION: 41 7
HYBEM SA NA DOWN

START!!! ROUND: 146
POSITION: 41 8
HYBEM SA NA DOWN

START!!! ROUND: 147
POSITION: 41 9
HYBEM SA NA DOWN

START!!! ROUND: 148
POSITION: 41 10
HYBEM SA NA DOWN

START!!! ROUND: 149
POSITION: 41 11
HYBEM SA NA DOWN

START!!! ROUND: 150
POSITION: 41 12
HYBEM SA NA LEFT

START!!! ROUND: 151
POSITION: 40 12
HYBEM SA NA LEFT

START!!! ROUND: 152
POSITION: 39 12
HYBEM SA NA UP

START!!! ROUND: 153
POSITION: 39 11
HYBEM SA NA UP

START!!! ROUND: 154
POSITION: 39 10
HYBEM SA NA UP

START!!! ROUND: 155
POSITION: 39 9
HYBEM SA NA UP

START!!! ROUND: 156
POSITION: 39 8
HYBEM SA NA UP

START!!! ROUND: 157
POSITION: 39 7
HYBEM SA NA LEFT

START!!! ROUND: 158
POSITION: 38 7
HYBEM SA NA LEFT

START!!! ROUND: 159
POSITION: 37 7
HYBEM SA NA LEFT

START!!! ROUND: 160
POSITION: 36 7
HYBEM SA NA UP

START!!! ROUND: 161
POSITION: 36 6
HYBEM SA NA UP

START!!! ROUND: 162
POSITION: 36 5
HYBEM SA NA UP

START!!! ROUND: 163
POSITION: 36 4
HYBEM SA NA LEFT

START!!! ROUND: 164
POSITION: 35 4
HYBEM SA NA LEFT

START!!! ROUND: 165
POSITION: 34 4
HYBEM SA NA DOWN

START!!! ROUND: 166
POSITION: 34 5
HYBEM SA NA DOWN

START!!! ROUND: 167
POSITION: 34 6
HYBEM SA NA RIGHT

START!!! ROUND: 168
POSITION: 35 6
HYBEM SA NA DOWN

START!!! ROUND: 169
POSITION: 35 7
HYBEM SA NA DOWN

START!!! ROUND: 170
POSITION: 35 8
HYBEM SA NA DOWN

START!!! ROUND: 171
POSITION: 35 9
HYBEM SA NA DOWN

START!!! ROUND: 172
POSITION: 35 10
HYBEM SA NA RIGHT

START!!! ROUND: 173
POSITION: 36 10
HYBEM SA NA UP

START!!! ROUND: 174
POSITION: 36 9
HYBEM SA NA RIGHT

START!!! ROUND: 175
POSITION: 37 9
HYBEM SA NA RIGHT

START!!! ROUND: 176
POSITION: 38 9
HYBEM SA NA DOWN

START!!! ROUND: 177
POSITION: 38 10
HYBEM SA NA DOWN

START!!! ROUND: 178
POSITION: 38 11
HYBEM SA NA DOWN

START!!! ROUND: 179
POSITION: 38 12
HYBEM SA NA DOWN

START!!! ROUND: 180
POSITION: 38 13
HYBEM SA NA DOWN

START!!! ROUND: 181
POSITION: 38 14
HYBEM SA NA RIGHT

START!!! ROUND: 182
POSITION: 39 14
HYBEM SA NA RIGHT

START!!! ROUND: 183
POSITION: 40 14
HYBEM SA NA DOWN

START!!! ROUND: 184
POSITION: 40 15
HYBEM SA NA DOWN

START!!! ROUND: 185
POSITION: 40 16
HYBEM SA NA DOWN

START!!! ROUND: 186
POSITION: 40 17
HYBEM SA NA DOWN

START!!! ROUND: 187
POSITION: 40 18
HYBEM SA NA RIGHT

START!!! ROUND: 188
POSITION: 41 18
HYBEM SA NA DOWN

START!!! ROUND: 189
POSITION: 41 19
HYBEM SA NA DOWN

START!!! ROUND: 190
POSITION: 41 20
HYBEM SA NA RIGHT

START!!! ROUND: 191
POSITION: 42 20
HYBEM SA NA RIGHT

START!!! ROUND: 192
POSITION: 43 20
HYBEM SA NA RIGHT

START!!! ROUND: 193
POSITION: 44 20
HYBEM SA NA UP

START!!! ROUND: 194
POSITION: 44 19
HYBEM SA NA RIGHT

START!!! ROUND: 195
POSITION: 45 19
HYBEM SA NA DOWN

START!!! ROUND: 196
POSITION: 45 20
HYBEM SA NA DOWN

START!!! ROUND: 197
POSITION: 45 21
HYBEM SA NA LEFT

START!!! ROUND: 198
POSITION: 44 21
HYBEM SA NA LEFT

START!!! ROUND: 199
POSITION: 43 21
HYBEM SA NA LEFT

START!!! ROUND: 200
POSITION: 42 21
HYBEM SA NA LEFT

START!!! ROUND: 201
POSITION: 41 21
HYBEM SA NA DOWN

START!!! ROUND: 202
POSITION: 41 22
HYBEM SA NA DOWN

START!!! ROUND: 203
POSITION: 41 23
HYBEM SA NA LEFT

START!!! ROUND: 204
POSITION: 40 23
HYBEM SA NA LEFT

START!!! ROUND: 205
POSITION: 39 23
HYBEM SA NA LEFT

START!!! ROUND: 206
POSITION: 38 23
HYBEM SA NA UP

START!!! ROUND: 207
POSITION: 38 22
HYBEM SA NA UP

START!!! ROUND: 208
POSITION: 38 21
HYBEM SA NA UP

START!!! ROUND: 209
POSITION: 38 20
HYBEM SA NA RIGHT

START!!! ROUND: 210
POSITION: 39 20
HYBEM SA NA RIGHT

START!!! ROUND: 211
POSITION: 40 20
HYBEM SA NA UP

START!!! ROUND: 212
POSITION: 40 19
HYBEM SA NA LEFT

START!!! ROUND: 213
POSITION: 39 19
HYBEM SA NA LEFT

START!!! ROUND: 214
POSITION: 38 19
HYBEM SA NA UP

START!!! ROUND: 215
POSITION: 38 18
HYBEM SA NA UP

START!!! ROUND: 216
POSITION: 38 17
HYBEM SA NA UP

START!!! ROUND: 217
POSITION: 38 16
HYBEM SA NA UP

START!!! ROUND: 218
POSITION: 38 15
HYBEM SA NA LEFT

START!!! ROUND: 219
POSITION: 37 15
HYBEM SA NA LEFT

START!!! ROUND: 220
POSITION: 36 15
HYBEM SA NA DOWN

START!!! ROUND: 221
POSITION: 36 16
HYBEM SA NA DOWN

START!!! ROUND: 222
POSITION: 36 17
HYBEM SA NA RIGHT

START!!! ROUND: 223
POSITION: 37 17
HYBEM SA NA DOWN

START!!! ROUND: 224
POSITION: 37 18
HYBEM SA NA DOWN

START!!! ROUND: 225
POSITION: 37 19
HYBEM SA NA DOWN

START!!! ROUND: 226
POSITION: 37 20
HYBEM SA NA LEFT

START!!! ROUND: 227
POSITION: 36 20
HYBEM SA NA DOWN

START!!! ROUND: 228
POSITION: 36 21
HYBEM SA NA DOWN

START!!! ROUND: 229
POSITION: 36 22
HYBEM SA NA LEFT

START!!! ROUND: 230
POSITION: 35 22
HYBEM SA NA LEFT

START!!! ROUND: 231
POSITION: 34 22
HYBEM SA NA LEFT

START!!! ROUND: 232
POSITION: 33 22
HYBEM SA NA UP

START!!! ROUND: 233
POSITION: 33 21
HYBEM SA NA UP

START!!! ROUND: 234
POSITION: 33 20
HYBEM SA NA LEFT

START!!! ROUND: 235
POSITION: 32 20
HYBEM SA NA DOWN

START!!! ROUND: 236
POSITION: 32 21
HYBEM SA NA DOWN

START!!! ROUND: 237
POSITION: 32 22
HYBEM SA NA LEFT

START!!! ROUND: 238
POSITION: 31 22
HYBEM SA NA LEFT

START!!! ROUND: 239
POSITION: 30 22
HYBEM SA NA UP

START!!! ROUND: 240
POSITION: 30 21
HYBEM SA NA LEFT

START!!! ROUND: 241
POSITION: 29 21
HYBEM SA NA LEFT

START!!! ROUND: 242
POSITION: 28 21
HYBEM SA NA LEFT

START!!! ROUND: 243
POSITION: 27 21
HYBEM SA NA UP

START!!! ROUND: 244
POSITION: 27 20
HYBEM SA NA UP

START!!! ROUND: 245
POSITION: 27 19
HYBEM SA NA UP

START!!! ROUND: 246
POSITION: 27 18
HYBEM SA NA UP

START!!! ROUND: 247
POSITION: 27 17
HYBEM SA NA LEFT

START!!! ROUND: 248
POSITION: 26 17
HYBEM SA NA DOWN

START!!! ROUND: 249
POSITION: 26 18
HYBEM SA NA DOWN

START!!! ROUND: 250
POSITION: 26 19
HYBEM SA NA DOWN

START!!! ROUND: 251
POSITION: 26 20
HYBEM SA NA DOWN

START!!! ROUND: 252
POSITION: 26 21
HYBEM SA NA DOWN

START!!! ROUND: 253
POSITION: 26 22
HYBEM SA NA DOWN

START!!! ROUND: 254
POSITION: 26 23
HYBEM SA NA DOWN

START!!! ROUND: 255
POSITION: 26 24
HYBEM SA NA DOWN

START!!! ROUND: 256
POSITION: 26 25
HYBEM SA NA RIGHT

START!!! ROUND: 257
POSITION: 27 25
HYBEM SA NA RIGHT

START!!! ROUND: 258
POSITION: 28 25
HYBEM SA NA DOWN

START!!! ROUND: 259
POSITION: 28 26
HYBEM SA NA RIGHT

START!!! ROUND: 260
POSITION: 29 26
HYBEM SA NA RIGHT

START!!! ROUND: 261
POSITION: 30 26
HYBEM SA NA RIGHT

START!!! ROUND: 262
POSITION: 31 26
HYBEM SA NA UP

START!!! ROUND: 263
POSITION: 31 25
HYBEM SA NA RIGHT

START!!! ROUND: 264
POSITION: 32 25
HYBEM SA NA RIGHT

START!!! ROUND: 265
POSITION: 33 25
HYBEM SA NA UP

START!!! ROUND: 266
POSITION: 33 24
HYBEM SA NA RIGHT

START!!! ROUND: 267
POSITION: 34 24
HYBEM SA NA UP

START!!! ROUND: 268
POSITION: 34 23
HYBEM SA NA UP

START!!! ROUND: 269
POSITION: 34 22
HYBEM SA NA RIGHT

START!!! ROUND: 270
POSITION: 35 22
HYBEM SA NA RIGHT

START!!! ROUND: 271
POSITION: 36 22
HYBEM SA NA UP

START!!! ROUND: 272
POSITION: 36 21
HYBEM SA NA DOWN

START!!! ROUND: 273
POSITION: 36 22
HYBEM SA NA RIGHT

START!!! ROUND: 274
POSITION: 37 22
HYBEM SA NA LEFT

START!!! ROUND: 275
POSITION: 36 22
HYBEM SA NA DOWN

START!!! ROUND: 276
POSITION: 36 23
HYBEM SA NA LEFT

START!!! ROUND: 277
POSITION: 35 23
HYBEM SA NA LEFT

START!!! ROUND: 278
POSITION: 34 23
HYBEM SA NA DOWN

START!!! ROUND: 279
POSITION: 34 24
HYBEM SA NA DOWN

START!!! ROUND: 280
POSITION: 34 25
HYBEM SA NA DOWN

START!!! ROUND: 281
POSITION: 34 26
HYBEM SA NA LEFT

START!!! ROUND: 282
POSITION: 33 26
HYBEM SA NA LEFT

START!!! ROUND: 283
POSITION: 32 26
HYBEM SA NA LEFT

START!!! ROUND: 284
POSITION: 31 26
HYBEM SA NA DOWN

START!!! ROUND: 285
POSITION: 31 27
HYBEM SA NA DOWN

START!!! ROUND: 286
POSITION: 31 28
HYBEM SA NA DOWN

START!!! ROUND: 287
POSITION: 31 29
HYBEM SA NA DOWN

START!!! ROUND: 288
POSITION: 31 30
HYBEM SA NA RIGHT

START!!! ROUND: 289
POSITION: 32 30
HYBEM SA NA DOWN

START!!! ROUND: 290
POSITION: 32 31
HYBEM SA NA DOWN

START!!! ROUND: 291
POSITION: 32 32
HYBEM SA NA LEFT

START!!! ROUND: 292
POSITION: 31 32
HYBEM SA NA DOWN

START!!! ROUND: 293
POSITION: 31 33
HYBEM SA NA RIGHT

START!!! ROUND: 294
POSITION: 32 33
HYBEM SA NA DOWN

START!!! ROUND: 295
POSITION: 32 34
HYBEM SA NA UP

START!!! ROUND: 296
POSITION: 32 33
HYBEM SA NA LEFT

START!!! ROUND: 297
POSITION: 31 33
HYBEM SA NA DOWN

START!!! ROUND: 298
POSITION: 31 34
HYBEM SA NA LEFT

START!!! ROUND: 299
POSITION: 30 34
HYBEM SA NA LEFT

START!!! ROUND: 300
POSITION: 29 34
HYBEM SA NA LEFT

START!!! ROUND: 301
POSITION: 28 34
HYBEM SA NA LEFT

START!!! ROUND: 302
POSITION: 27 34
HYBEM SA NA LEFT

START!!! ROUND: 303
POSITION: 26 34
HYBEM SA NA DOWN

START!!! ROUND: 304
POSITION: 26 35
HYBEM SA NA DOWN

START!!! ROUND: 305
POSITION: 26 36
HYBEM SA NA RIGHT

START!!! ROUND: 306
POSITION: 27 36
HYBEM SA NA RIGHT

START!!! ROUND: 307
POSITION: 28 36
HYBEM SA NA RIGHT

START!!! ROUND: 308
POSITION: 29 36
HYBEM SA NA DOWN

START!!! ROUND: 309
POSITION: 29 37
HYBEM SA NA LEFT

START!!! ROUND: 310
POSITION: 28 37
HYBEM SA NA LEFT

START!!! ROUND: 311
POSITION: 27 37
HYBEM SA NA LEFT

START!!! ROUND: 312
POSITION: 26 37
HYBEM SA NA LEFT

START!!! ROUND: 313
POSITION: 25 37
HYBEM SA NA UP

START!!! ROUND: 314
POSITION: 25 36
HYBEM SA NA LEFT

START!!! ROUND: 315
POSITION: 24 36
HYBEM SA NA LEFT

START!!! ROUND: 316
POSITION: 23 36
HYBEM SA NA UP

START!!! ROUND: 317
POSITION: 23 35
HYBEM SA NA UP

START!!! ROUND: 318
POSITION: 23 34
HYBEM SA NA UP

START!!! ROUND: 319
POSITION: 23 33
HYBEM SA NA UP

START!!! ROUND: 320
POSITION: 23 32
HYBEM SA NA UP

START!!! ROUND: 321
POSITION: 23 31
HYBEM SA NA LEFT

START!!! ROUND: 322
POSITION: 22 31
HYBEM SA NA LEFT

START!!! ROUND: 323
POSITION: 21 31
HYBEM SA NA UP

START!!! ROUND: 324
POSITION: 21 30
HYBEM SA NA UP

START!!! ROUND: 325
POSITION: 21 29
HYBEM SA NA UP

START!!! ROUND: 326
POSITION: 21 28
HYBEM SA NA UP

START!!! ROUND: 327
POSITION: 21 27
HYBEM SA NA RIGHT

START!!! ROUND: 328
POSITION: 22 27
HYBEM SA NA UP

START!!! ROUND: 329
POSITION: 22 26
HYBEM SA NA UP

START!!! ROUND: 330
POSITION: 22 25
HYBEM SA NA UP

START!!! ROUND: 331
POSITION: 22 24
HYBEM SA NA UP

START!!! ROUND: 332
POSITION: 22 23
HYBEM SA NA RIGHT

START!!! ROUND: 333
POSITION: 23 23
HYBEM SA NA RIGHT

START!!! ROUND: 334
POSITION: 24 23
HYBEM SA NA UP

START!!! ROUND: 335
POSITION: 24 22
HYBEM SA NA UP

START!!! ROUND: 336
POSITION: 24 21
HYBEM SA NA LEFT

START!!! ROUND: 337
POSITION: 23 21
HYBEM SA NA UP

START!!! ROUND: 338
POSITION: 23 20
HYBEM SA NA RIGHT

START!!! ROUND: 339
POSITION: 24 20
HYBEM SA NA RIGHT

START!!! ROUND: 340
POSITION: 25 20
HYBEM SA NA RIGHT

START!!! ROUND: 341
POSITION: 26 20
HYBEM SA NA RIGHT

START!!! ROUND: 342
POSITION: 27 20
HYBEM SA NA LEFT

START!!! ROUND: 343
POSITION: 26 20
HYBEM SA NA LEFT

START!!! ROUND: 344
POSITION: 25 20
HYBEM SA NA LEFT

START!!! ROUND: 345
POSITION: 24 20
HYBEM SA NA LEFT

START!!! ROUND: 346
POSITION: 23 20
HYBEM SA NA LEFT

START!!! ROUND: 347
POSITION: 22 20
HYBEM SA NA DOWN

START!!! ROUND: 348
POSITION: 22 21
HYBEM SA NA DOWN

START!!! ROUND: 349
POSITION: 22 22
HYBEM SA NA RIGHT

START!!! ROUND: 350
POSITION: 23 22
HYBEM SA NA DOWN

START!!! ROUND: 351
POSITION: 23 23
HYBEM SA NA LEFT

START!!! ROUND: 352
POSITION: 22 23
HYBEM SA NA LEFT

START!!! ROUND: 353
POSITION: 21 23
HYBEM SA NA LEFT

START!!! ROUND: 354
POSITION: 20 23
HYBEM SA NA LEFT

START!!! ROUND: 355
POSITION: 19 23
HYBEM SA NA DOWN

START!!! ROUND: 356
POSITION: 19 24
HYBEM SA NA LEFT

START!!! ROUND: 357
POSITION: 18 24
HYBEM SA NA DOWN

START!!! ROUND: 358
POSITION: 18 25
HYBEM SA NA DOWN

START!!! ROUND: 359
POSITION: 18 26
HYBEM SA NA LEFT

START!!! ROUND: 360
POSITION: 17 26
HYBEM SA NA UP

START!!! ROUND: 361
POSITION: 17 25
HYBEM SA NA UP

START!!! ROUND: 362
POSITION: 17 24
HYBEM SA NA UP

START!!! ROUND: 363
POSITION: 17 23
HYBEM SA NA UP

START!!! ROUND: 364
POSITION: 17 22
HYBEM SA NA RIGHT

START!!! ROUND: 365
POSITION: 18 22
HYBEM SA NA RIGHT

START!!! ROUND: 366
POSITION: 19 22
HYBEM SA NA UP

START!!! ROUND: 367
POSITION: 19 21
HYBEM SA NA LEFT

START!!! ROUND: 368
POSITION: 18 21
HYBEM SA NA LEFT

START!!! ROUND: 369
POSITION: 17 21
HYBEM SA NA LEFT

START!!! ROUND: 370
POSITION: 16 21
HYBEM SA NA DOWN

START!!! ROUND: 371
POSITION: 16 22
HYBEM SA NA LEFT

START!!! ROUND: 372
POSITION: 15 22
HYBEM SA NA UP

START!!! ROUND: 373
POSITION: 15 21
HYBEM SA NA UP

START!!! ROUND: 374
POSITION: 15 20
HYBEM SA NA LEFT

START!!! ROUND: 375
POSITION: 14 20
HYBEM SA NA UP

START!!! ROUND: 376
POSITION: 14 19
HYBEM SA NA UP

START!!! ROUND: 377
POSITION: 14 18
HYBEM SA NA RIGHT

START!!! ROUND: 378
POSITION: 15 18
HYBEM SA NA RIGHT

START!!! ROUND: 379
POSITION: 16 18
HYBEM SA NA LEFT

START!!! ROUND: 380
POSITION: 15 18
HYBEM SA NA UP

START!!! ROUND: 381
POSITION: 15 17
HYBEM SA NA RIGHT

START!!! ROUND: 382
POSITION: 16 17
HYBEM SA NA LEFT

START!!! ROUND: 383
POSITION: 15 17
HYBEM SA NA LEFT

START!!! ROUND: 384
POSITION: 14 17
HYBEM SA NA LEFT

START!!! ROUND: 385
POSITION: 13 17
HYBEM SA NA DOWN

START!!! ROUND: 386
POSITION: 13 18
HYBEM SA NA DOWN

START!!! ROUND: 387
POSITION: 13 19
HYBEM SA NA DOWN

START!!! ROUND: 388
POSITION: 13 20
HYBEM SA NA LEFT

START!!! ROUND: 389
POSITION: 12 20
HYBEM SA NA DOWN

START!!! ROUND: 390
POSITION: 12 21
HYBEM SA NA DOWN

START!!! ROUND: 391
POSITION: 12 22
HYBEM SA NA DOWN

START!!! ROUND: 392
POSITION: 12 23
HYBEM SA NA RIGHT

START!!! ROUND: 393
POSITION: 13 23
HYBEM SA NA RIGHT

START!!! ROUND: 394
POSITION: 14 23
HYBEM SA NA RIGHT

START!!! ROUND: 395
POSITION: 15 23
HYBEM SA NA RIGHT

START!!! ROUND: 396
POSITION: 16 23
HYBEM SA NA DOWN

START!!! ROUND: 397
POSITION: 16 24
HYBEM SA NA RIGHT

START!!! ROUND: 398
POSITION: 17 24
HYBEM SA NA RIGHT

START!!! ROUND: 399
POSITION: 18 24
HYBEM SA NA RIGHT

START!!! ROUND: 400
POSITION: 19 24
HYBEM SA NA RIGHT

START!!! ROUND: 401
POSITION: 20 24
HYBEM SA NA RIGHT

START!!! ROUND: 402
POSITION: 21 24
HYBEM SA NA DOWN

START!!! ROUND: 403
POSITION: 21 25
HYBEM SA NA DOWN

START!!! ROUND: 404
POSITION: 21 26
HYBEM SA NA DOWN

START!!! ROUND: 405
POSITION: 21 27
HYBEM SA NA LEFT

START!!! ROUND: 406
POSITION: 20 27
HYBEM SA NA RIGHT

START!!! ROUND: 407
POSITION: 21 27
HYBEM SA NA LEFT

START!!! ROUND: 408
POSITION: 20 27
HYBEM SA NA DOWN

START!!! ROUND: 409
POSITION: 20 28
HYBEM SA NA DOWN

START!!! ROUND: 410
POSITION: 20 29
HYBEM SA NA RIGHT

START!!! ROUND: 411
POSITION: 21 29
HYBEM SA NA LEFT

START!!! ROUND: 412
POSITION: 20 29
HYBEM SA NA LEFT

START!!! ROUND: 413
POSITION: 19 29
HYBEM SA NA DOWN

START!!! ROUND: 414
POSITION: 19 30
HYBEM SA NA RIGHT

START!!! ROUND: 415
POSITION: 20 30
HYBEM SA NA UP

START!!! ROUND: 416
POSITION: 20 29
HYBEM SA NA LEFT

START!!! ROUND: 417
POSITION: 19 29
HYBEM SA NA LEFT

START!!! ROUND: 418
POSITION: 18 29
HYBEM SA NA LEFT

START!!! ROUND: 419
POSITION: 17 29
HYBEM SA NA UP

START!!! ROUND: 420
POSITION: 17 28
HYBEM SA NA UP

START!!! ROUND: 421
POSITION: 17 27
HYBEM SA NA UP

START!!! ROUND: 422
POSITION: 17 26
HYBEM SA NA UP

START!!! ROUND: 423
POSITION: 17 25
HYBEM SA NA LEFT

START!!! ROUND: 424
POSITION: 16 25
HYBEM SA NA LEFT

START!!! ROUND: 425
POSITION: 15 25
HYBEM SA NA LEFT

START!!! ROUND: 426
POSITION: 14 25
HYBEM SA NA LEFT

START!!! ROUND: 427
POSITION: 13 25
HYBEM SA NA LEFT

START!!! ROUND: 428
POSITION: 12 25
HYBEM SA NA LEFT

START!!! ROUND: 429
POSITION: 11 25
HYBEM SA NA LEFT

START!!! ROUND: 430
POSITION: 10 25
HYBEM SA NA LEFT

START!!! ROUND: 431
POSITION: 9 25
HYBEM SA NA LEFT

START!!! ROUND: 432
POSITION: 8 25
HYBEM SA NA UP

START!!! ROUND: 433
POSITION: 8 24
HYBEM SA NA LEFT

START!!! ROUND: 434
POSITION: 7 24
HYBEM SA NA LEFT

START!!! ROUND: 435
POSITION: 6 24
HYBEM SA NA UP

START!!! ROUND: 436
POSITION: 6 23
HYBEM SA NA UP

START!!! ROUND: 437
POSITION: 6 22
HYBEM SA NA UP

START!!! ROUND: 438
POSITION: 6 21
HYBEM SA NA UP

START!!! ROUND: 439
POSITION: 6 20
HYBEM SA NA UP

START!!! ROUND: 440
POSITION: 6 19
HYBEM SA NA LEFT

START!!! ROUND: 441
POSITION: 5 19
HYBEM SA NA UP

START!!! ROUND: 442
POSITION: 5 18
HYBEM SA NA UP

START!!! ROUND: 443
POSITION: 5 17
HYBEM SA NA LEFT

START!!! ROUND: 444
POSITION: 4 17
HYBEM SA NA LEFT

START!!! ROUND: 445
POSITION: 3 17
HYBEM SA NA UP

START!!! ROUND: 446
POSITION: 3 16
HYBEM SA NA RIGHT

START!!! ROUND: 447
POSITION: 4 16
HYBEM SA NA RIGHT

START!!! ROUND: 448
POSITION: 5 16
HYBEM SA NA RIGHT

START!!! ROUND: 449
POSITION: 6 16
HYBEM SA NA UP

START!!! ROUND: 450
POSITION: 6 15
HYBEM SA NA LEFT

START!!! ROUND: 451
POSITION: 5 15
HYBEM SA NA LEFT

START!!! ROUND: 452
POSITION: 4 15
HYBEM SA NA UP

START!!! ROUND: 453
POSITION: 4 14
HYBEM SA NA UP

START!!! ROUND: 454
POSITION: 4 13
HYBEM SA NA UP

START!!! ROUND: 455
POSITION: 4 12
HYBEM SA NA RIGHT

START!!! ROUND: 456
POSITION: 5 12
HYBEM SA NA DOWN

START!!! ROUND: 457
POSITION: 5 13
HYBEM SA NA DOWN

START!!! ROUND: 458
POSITION: 5 14
HYBEM SA NA RIGHT

START!!! ROUND: 459
POSITION: 6 14
HYBEM SA NA UP

START!!! ROUND: 460
POSITION: 6 13
HYBEM SA NA RIGHT

START!!! ROUND: 461
POSITION: 7 13
HYBEM SA NA RIGHT

START!!! ROUND: 462
POSITION: 8 13
HYBEM SA NA RIGHT

START!!! ROUND: 463
POSITION: 9 13
HYBEM SA NA RIGHT

START!!! ROUND: 464
POSITION: 10 13
HYBEM SA NA RIGHT

START!!! ROUND: 465
POSITION: 11 13
HYBEM SA NA DOWN

START!!! ROUND: 466
POSITION: 11 14
HYBEM SA NA LEFT

START!!! ROUND: 467
POSITION: 10 14
HYBEM SA NA LEFT

START!!! ROUND: 468
POSITION: 9 14
HYBEM SA NA LEFT

START!!! ROUND: 469
POSITION: 8 14
HYBEM SA NA DOWN

START!!! ROUND: 470
POSITION: 8 15
HYBEM SA NA LEFT

START!!! ROUND: 471
POSITION: 7 15
HYBEM SA NA DOWN

START!!! ROUND: 472
POSITION: 7 16
HYBEM SA NA DOWN

START!!! ROUND: 473
POSITION: 7 17
HYBEM SA NA RIGHT

START!!! ROUND: 474
POSITION: 8 17
HYBEM SA NA RIGHT

START!!! ROUND: 475
POSITION: 9 17
HYBEM SA NA UP

START!!! ROUND: 476
POSITION: 9 16
HYBEM SA NA UP

START!!! ROUND: 477
POSITION: 9 15
HYBEM SA NA RIGHT

START!!! ROUND: 478
POSITION: 10 15
HYBEM SA NA RIGHT

START!!! ROUND: 479
POSITION: 11 15
HYBEM SA NA DOWN

START!!! ROUND: 480
POSITION: 11 16
HYBEM SA NA DOWN

START!!! ROUND: 481
POSITION: 11 17
HYBEM SA NA DOWN

START!!! ROUND: 482
POSITION: 11 18
HYBEM SA NA RIGHT

START!!! ROUND: 483
POSITION: 12 18
HYBEM SA NA RIGHT

START!!! ROUND: 484
POSITION: 13 18
HYBEM SA NA LEFT

START!!! ROUND: 485
POSITION: 12 18
HYBEM SA NA UP

START!!! ROUND: 486
POSITION: 12 17
HYBEM SA NA LEFT

START!!! ROUND: 487
POSITION: 11 17
HYBEM SA NA UP

START!!! ROUND: 488
POSITION: 11 16
HYBEM SA NA UP

START!!! ROUND: 489
POSITION: 11 15
HYBEM SA NA RIGHT

START!!! ROUND: 490
POSITION: 12 15
HYBEM SA NA LEFT

START!!! ROUND: 491
POSITION: 11 15
HYBEM SA NA UP

START!!! ROUND: 492
POSITION: 11 14
HYBEM SA NA DOWN

START!!! ROUND: 493
POSITION: 11 15
HYBEM SA NA UP

START!!! ROUND: 494
POSITION: 11 14
HYBEM SA NA RIGHT

START!!! ROUND: 495
POSITION: 12 14
HYBEM SA NA DOWN

START!!! ROUND: 496
POSITION: 12 15
HYBEM SA NA DOWN

START!!! ROUND: 497
POSITION: 12 16
HYBEM SA NA RIGHT

START!!! ROUND: 498
POSITION: 13 16
HYBEM SA NA DOWN

START!!! ROUND: 499
POSITION: 13 17
HYBEM SA NA UP

START!!! ROUND: 500
POSITION: 13 16
HYBEM SA NA UP

START!!! ROUND: 501
POSITION: 13 15
HYBEM SA NA RIGHT

START!!! ROUND: 502
POSITION: 14 15
HYBEM SA NA DOWN

START!!! ROUND: 503
POSITION: 14 16
HYBEM SA NA DOWN

START!!! ROUND: 504
POSITION: 14 17
HYBEM SA NA DOWN

START!!! ROUND: 505
POSITION: 14 18
HYBEM SA NA UP

START!!! ROUND: 506
POSITION: 14 17
HYBEM SA NA UP

START!!! ROUND: 507
POSITION: 14 16
HYBEM SA NA RIGHT

START!!! ROUND: 508
POSITION: 15 16
HYBEM SA NA DOWN

START!!! ROUND: 509
POSITION: 15 17
HYBEM SA NA UP

START!!! ROUND: 510
POSITION: 15 16
HYBEM SA NA UP

START!!! ROUND: 511
POSITION: 15 15
HYBEM SA NA UP

START!!! ROUND: 512
POSITION: 15 14
HYBEM SA NA UP

START!!! ROUND: 513
POSITION: 15 13
HYBEM SA NA UP

START!!! ROUND: 514
POSITION: 15 12
HYBEM SA NA UP

START!!! ROUND: 515
POSITION: 15 11
HYBEM SA NA LEFT

START!!! ROUND: 516
POSITION: 14 11
HYBEM SA NA LEFT

START!!! ROUND: 517
POSITION: 13 11
HYBEM SA NA DOWN

START!!! ROUND: 518
POSITION: 13 12
HYBEM SA NA DOWN

START!!! ROUND: 519
POSITION: 13 13
HYBEM SA NA LEFT

START!!! ROUND: 520
POSITION: 12 13
HYBEM SA NA UP

START!!! ROUND: 521
POSITION: 12 12
HYBEM SA NA LEFT

START!!! ROUND: 522
POSITION: 11 12
HYBEM SA NA LEFT

START!!! ROUND: 523
POSITION: 10 12
HYBEM SA NA LEFT

START!!! ROUND: 524
POSITION: 9 12
HYBEM SA NA DOWN

START!!! ROUND: 525
POSITION: 9 13
HYBEM SA NA UP

START!!! ROUND: 526
POSITION: 9 12
HYBEM SA NA LEFT

START!!! ROUND: 527
POSITION: 8 12
HYBEM SA NA LEFT

START!!! ROUND: 528
POSITION: 7 12
HYBEM SA NA LEFT

START!!! ROUND: 529
POSITION: 6 12
HYBEM SA NA UP

START!!! ROUND: 530
POSITION: 6 11
HYBEM SA NA UP

START!!! ROUND: 531
POSITION: 6 10
HYBEM SA NA RIGHT

START!!! ROUND: 532
POSITION: 7 10
HYBEM SA NA UP

START!!! ROUND: 533
POSITION: 7 9
HYBEM SA NA UP

START!!! ROUND: 534
POSITION: 7 8
HYBEM SA NA RIGHT

START!!! ROUND: 535
POSITION: 8 8
HYBEM SA NA UP

START!!! ROUND: 536
POSITION: 8 7
HYBEM SA NA UP

START!!! ROUND: 537
POSITION: 8 6
HYBEM SA NA UP

START!!! ROUND: 538
POSITION: 8 5
HYBEM SA NA UP

START!!! ROUND: 539
POSITION: 8 4
HYBEM SA NA RIGHT

START!!! ROUND: 540
POSITION: 9 4
HYBEM SA NA RIGHT

START!!! ROUND: 541
POSITION: 10 4
HYBEM SA NA RIGHT

START!!! ROUND: 542
POSITION: 11 4
HYBEM SA NA RIGHT

START!!! ROUND: 543
POSITION: 12 4
HYBEM SA NA RIGHT

START!!! ROUND: 544
POSITION: 13 4
HYBEM SA NA DOWN

START!!! ROUND: 545
POSITION: 13 5
HYBEM SA NA DOWN

START!!! ROUND: 546
POSITION: 13 6
HYBEM SA NA RIGHT

START!!! ROUND: 547
POSITION: 14 6
HYBEM SA NA DOWN

START!!! ROUND: 548
POSITION: 14 7
HYBEM SA NA DOWN

START!!! ROUND: 549
POSITION: 14 8
HYBEM SA NA DOWN

START!!! ROUND: 550
POSITION: 14 9
HYBEM SA NA LEFT

START!!! ROUND: 551
POSITION: 13 9
HYBEM SA NA LEFT

START!!! ROUND: 552
POSITION: 12 9
HYBEM SA NA DOWN

START!!! ROUND: 553
POSITION: 12 10
HYBEM SA NA DOWN

START!!! ROUND: 554
POSITION: 12 11
HYBEM SA NA LEFT

START!!! ROUND: 555
POSITION: 11 11
HYBEM SA NA UP

START!!! ROUND: 556
POSITION: 11 10
HYBEM SA NA UP

START!!! ROUND: 557
POSITION: 11 9
HYBEM SA NA LEFT

START!!! ROUND: 558
POSITION: 10 9
HYBEM SA NA LEFT

START!!! ROUND: 559
POSITION: 9 9
HYBEM SA NA LEFT

START!!! ROUND: 560
POSITION: 8 9
HYBEM SA NA DOWN

START!!! ROUND: 561
POSITION: 8 10
HYBEM SA NA DOWN

START!!! ROUND: 562
POSITION: 8 11
HYBEM SA NA RIGHT

START!!! ROUND: 563
POSITION: 9 11
HYBEM SA NA UP

START!!! ROUND: 564
POSITION: 9 10
HYBEM SA NA RIGHT

START!!! ROUND: 565
POSITION: 10 10
HYBEM SA NA DOWN

START!!! ROUND: 566
POSITION: 10 11
HYBEM SA NA DOWN

START!!! ROUND: 567
POSITION: 10 12
HYBEM SA NA UP

START!!! ROUND: 568
POSITION: 10 11
HYBEM SA NA UP

START!!! ROUND: 569
POSITION: 10 10
HYBEM SA NA RIGHT

START!!! ROUND: 570
POSITION: 11 10
HYBEM SA NA RIGHT

START!!! ROUND: 571
POSITION: 12 10
HYBEM SA NA RIGHT

START!!! ROUND: 572
POSITION: 13 10
HYBEM SA NA UP

START!!! ROUND: 573
POSITION: 13 9
HYBEM SA NA UP

START!!! ROUND: 574
POSITION: 13 8
HYBEM SA NA RIGHT

START!!! ROUND: 575
POSITION: 14 8
HYBEM SA NA RIGHT

START!!! ROUND: 576
POSITION: 15 8
HYBEM SA NA RIGHT

START!!! ROUND: 577
POSITION: 16 8
HYBEM SA NA UP

START!!! ROUND: 578
POSITION: 16 7
HYBEM SA NA UP

START!!! ROUND: 579
POSITION: 16 6
HYBEM SA NA LEFT

START!!! ROUND: 580
POSITION: 15 6
HYBEM SA NA LEFT

START!!! ROUND: 581
POSITION: 14 6
HYBEM SA NA UP

START!!! ROUND: 582
POSITION: 14 5
HYBEM SA NA UP

START!!! ROUND: 583
POSITION: 14 4
HYBEM SA NA UP

START!!! ROUND: 584
POSITION: 14 3
HYBEM SA NA RIGHT

START!!! ROUND: 585
POSITION: 15 3
HYBEM SA NA UP

START!!! ROUND: 586
POSITION: 15 2
HYBEM SA NA LEFT

START!!! ROUND: 587
POSITION: 14 2
HYBEM SA NA LEFT

START!!! ROUND: 588
POSITION: 13 2
HYBEM SA NA LEFT

START!!! ROUND: 589
POSITION: 12 2
HYBEM SA NA LEFT

START!!! ROUND: 590
POSITION: 11 2
HYBEM SA NA LEFT

START!!! ROUND: 591
POSITION: 10 2
HYBEM SA NA DOWN

START!!! ROUND: 592
POSITION: 10 3
HYBEM SA NA LEFT

START!!! ROUND: 593
POSITION: 9 3
HYBEM SA NA UP

START!!! ROUND: 594
POSITION: 9 2
HYBEM SA NA UP

START!!! ROUND: 595
POSITION: 9 1
HYBEM SA NA RIGHT

START!!! ROUND: 596
POSITION: 10 1
HYBEM SA NA UP

START!!! ROUND: 597
POSITION: 10 0
HYBEM SA NA RIGHT

START!!! ROUND: 598
POSITION: 11 0
HYBEM SA NA DOWN

START!!! ROUND: 599
POSITION: 11 1
HYBEM SA NA RIGHT

START!!! ROUND: 600
POSITION: 12 1
HYBEM SA NA UP

START!!! ROUND: 601
POSITION: 12 0
HYBEM SA NA RIGHT

START!!! ROUND: 602
POSITION: 13 0
HYBEM SA NA RIGHT

START!!! ROUND: 603
POSITION: 14 0
HYBEM SA NA RIGHT

START!!! ROUND: 604
POSITION: 15 0
HYBEM SA NA DOWN

START!!! ROUND: 605
POSITION: 15 1
HYBEM SA NA RIGHT

START!!! ROUND: 606
POSITION: 16 1
HYBEM SA NA RIGHT

START!!! ROUND: 607
POSITION: 17 1
HYBEM SA NA DOWN

START!!! ROUND: 608
POSITION: 17 2
HYBEM SA NA LEFT

START!!! ROUND: 609
POSITION: 16 2
HYBEM SA NA DOWN

START!!! ROUND: 610
POSITION: 16 3
HYBEM SA NA DOWN

START!!! ROUND: 611
POSITION: 16 4
HYBEM SA NA DOWN

START!!! ROUND: 612
POSITION: 16 5
HYBEM SA NA DOWN

START!!! ROUND: 613
POSITION: 16 6
HYBEM SA NA RIGHT

START!!! ROUND: 614
POSITION: 17 6
HYBEM SA NA RIGHT

START!!! ROUND: 615
POSITION: 18 6
HYBEM SA NA DOWN

START!!! ROUND: 616
POSITION: 18 7
HYBEM SA NA DOWN

START!!! ROUND: 617
POSITION: 18 8
HYBEM SA NA DOWN

START!!! ROUND: 618
POSITION: 18 9
HYBEM SA NA RIGHT

START!!! ROUND: 619
POSITION: 19 9
HYBEM SA NA RIGHT

START!!! ROUND: 620
POSITION: 20 9
HYBEM SA NA UP

START!!! ROUND: 621
POSITION: 20 8
HYBEM SA NA RIGHT

START!!! ROUND: 622
POSITION: 21 8
HYBEM SA NA UP

START!!! ROUND: 623
POSITION: 21 7
HYBEM SA NA UP

START!!! ROUND: 624
POSITION: 21 6
HYBEM SA NA UP

START!!! ROUND: 625
POSITION: 21 5
HYBEM SA NA UP

START!!! ROUND: 626
POSITION: 21 4
HYBEM SA NA UP

START!!! ROUND: 627
POSITION: 21 3
HYBEM SA NA UP

START!!! ROUND: 628
POSITION: 21 2
HYBEM SA NA RIGHT

START!!! ROUND: 629
POSITION: 22 2
HYBEM SA NA LEFT

START!!! ROUND: 630
POSITION: 21 2
HYBEM SA NA LEFT

START!!! ROUND: 631
POSITION: 20 2
HYBEM SA NA LEFT

START!!! ROUND: 632
POSITION: 19 2
HYBEM SA NA DOWN

START!!! ROUND: 633
POSITION: 19 3
HYBEM SA NA DOWN

START!!! ROUND: 634
POSITION: 19 4
HYBEM SA NA LEFT

START!!! ROUND: 635
POSITION: 18 4
HYBEM SA NA LEFT

START!!! ROUND: 636
POSITION: 17 4
HYBEM SA NA LEFT

START!!! ROUND: 637
POSITION: 16 4
HYBEM SA NA UP

START!!! ROUND: 638
POSITION: 16 3
HYBEM SA NA RIGHT

START!!! ROUND: 639
POSITION: 17 3
HYBEM SA NA RIGHT

START!!! ROUND: 640
POSITION: 18 3
HYBEM SA NA RIGHT

START!!! ROUND: 641
POSITION: 19 3
HYBEM SA NA LEFT

START!!! ROUND: 642
POSITION: 18 3
HYBEM SA NA LEFT

START!!! ROUND: 643
POSITION: 17 3
HYBEM SA NA UP

START!!! ROUND: 644
POSITION: 17 2
HYBEM SA NA RIGHT

START!!! ROUND: 645
POSITION: 18 2
HYBEM SA NA UP

START!!! ROUND: 646
POSITION: 18 1
HYBEM SA NA LEFT

START!!! ROUND: 647
POSITION: 17 1
HYBEM SA NA UP

START!!! ROUND: 648
POSITION: 17 0
HYBEM SA NA RIGHT

START!!! ROUND: 649
POSITION: 18 0
HYBEM SA NA RIGHT

START!!! ROUND: 650
POSITION: 19 0
HYBEM SA NA RIGHT

START!!! ROUND: 651
POSITION: 20 0
HYBEM SA NA DOWN

START!!! ROUND: 652
POSITION: 20 1
HYBEM SA NA DOWN

START!!! ROUND: 653
POSITION: 20 2
HYBEM SA NA UP

START!!! ROUND: 654
POSITION: 20 1
HYBEM SA NA DOWN

START!!! ROUND: 655
POSITION: 20 2
HYBEM SA NA UP

START!!! ROUND: 656
POSITION: 20 1
HYBEM SA NA RIGHT

START!!! ROUND: 657
POSITION: 21 1
HYBEM SA NA DOWN

START!!! ROUND: 658
POSITION: 21 2
HYBEM SA NA UP

START!!! ROUND: 659
POSITION: 21 1
HYBEM SA NA UP

START!!! ROUND: 660
POSITION: 21 0
HYBEM SA NA DOWN

START!!! ROUND: 661
POSITION: 21 1
HYBEM SA NA LEFT

START!!! ROUND: 662
POSITION: 20 1
HYBEM SA NA RIGHT

START!!! ROUND: 663
POSITION: 21 1
HYBEM SA NA RIGHT

START!!! ROUND: 664
POSITION: 22 1
HYBEM SA NA RIGHT

START!!! ROUND: 665
POSITION: 23 1
HYBEM SA NA RIGHT

START!!! ROUND: 666
POSITION: 24 1
HYBEM SA NA RIGHT

START!!! ROUND: 667
POSITION: 25 1
HYBEM SA NA RIGHT

START!!! ROUND: 668
POSITION: 26 1
HYBEM SA NA RIGHT

START!!! ROUND: 669
POSITION: 27 1
HYBEM SA NA RIGHT

START!!! ROUND: 670
POSITION: 28 1
HYBEM SA NA UP

START!!! ROUND: 671
POSITION: 28 0
HYBEM SA NA RIGHT

START!!! ROUND: 672
POSITION: 29 0
HYBEM SA NA RIGHT

START!!! ROUND: 673
POSITION: 30 0
HYBEM SA NA RIGHT

START!!! ROUND: 674
POSITION: 31 0
HYBEM SA NA RIGHT

START!!! ROUND: 675
POSITION: 32 0
HYBEM SA NA DOWN

START!!! ROUND: 676
POSITION: 32 1
HYBEM SA NA DOWN

START!!! ROUND: 677
POSITION: 32 2
HYBEM SA NA RIGHT

START!!! ROUND: 678
POSITION: 33 2
HYBEM SA NA UP

START!!! ROUND: 679
POSITION: 33 1
HYBEM SA NA RIGHT

START!!! ROUND: 680
POSITION: 34 1
HYBEM SA NA RIGHT

START!!! ROUND: 681
POSITION: 35 1
HYBEM SA NA UP

START!!! ROUND: 682
POSITION: 35 0
HYBEM SA NA RIGHT

START!!! ROUND: 683
POSITION: 36 0
HYBEM SA NA DOWN

START!!! ROUND: 684
POSITION: 36 1
HYBEM SA NA UP

START!!! ROUND: 685
POSITION: 36 0
HYBEM SA NA RIGHT

START!!! ROUND: 686
POSITION: 37 0
HYBEM SA NA RIGHT

START!!! ROUND: 687
POSITION: 38 0
HYBEM SA NA RIGHT

START!!! ROUND: 688
POSITION: 39 0
HYBEM SA NA RIGHT

START!!! ROUND: 689
POSITION: 40 0
HYBEM SA NA RIGHT

START!!! ROUND: 690
POSITION: 41 0
HYBEM SA NA DOWN

START!!! ROUND: 691
POSITION: 41 1
HYBEM SA NA LEFT

START!!! ROUND: 692
POSITION: 40 1
HYBEM SA NA LEFT

START!!! ROUND: 693
POSITION: 39 1
HYBEM SA NA DOWN

START!!! ROUND: 694
POSITION: 39 2
HYBEM SA NA DOWN

START!!! ROUND: 695
POSITION: 39 3
HYBEM SA NA UP

START!!! ROUND: 696
POSITION: 39 2
HYBEM SA NA RIGHT

START!!! ROUND: 697
POSITION: 40 2
HYBEM SA NA LEFT

START!!! ROUND: 698
POSITION: 39 2
HYBEM SA NA RIGHT

START!!! ROUND: 699
POSITION: 40 2
HYBEM SA NA RIGHT

START!!! ROUND: 700
POSITION: 41 2
HYBEM SA NA RIGHT

START!!! ROUND: 701
POSITION: 42 2
HYBEM SA NA RIGHT

START!!! ROUND: 702
POSITION: 43 2
HYBEM SA NA DOWN

START!!! ROUND: 703
POSITION: 43 3
HYBEM SA NA DOWN

START!!! ROUND: 704
POSITION: 43 4
HYBEM SA NA LEFT

START!!! ROUND: 705
POSITION: 42 4
HYBEM SA NA LEFT

START!!! ROUND: 706
POSITION: 41 4
HYBEM SA NA RIGHT

START!!! ROUND: 707
POSITION: 42 4
HYBEM SA NA DOWN

START!!! ROUND: 708
POSITION: 42 5
HYBEM SA NA DOWN

START!!! ROUND: 709
POSITION: 42 6
HYBEM SA NA DOWN

START!!! ROUND: 710
POSITION: 42 7
HYBEM SA NA DOWN

START!!! ROUND: 711
POSITION: 42 8
HYBEM SA NA DOWN

START!!! ROUND: 712
POSITION: 42 9
HYBEM SA NA LEFT

START!!! ROUND: 713
POSITION: 41 9
HYBEM SA NA RIGHT

START!!! ROUND: 714
POSITION: 42 9
HYBEM SA NA RIGHT

START!!! ROUND: 715
POSITION: 43 9
HYBEM SA NA UP

START!!! ROUND: 716
POSITION: 43 8
HYBEM SA NA RIGHT

START!!! ROUND: 717
POSITION: 44 8
HYBEM SA NA RIGHT

START!!! ROUND: 718
POSITION: 45 8
HYBEM SA NA UP

START!!! ROUND: 719
POSITION: 45 7
HYBEM SA NA LEFT

START!!! ROUND: 720
POSITION: 44 7
HYBEM SA NA LEFT

START!!! ROUND: 721
POSITION: 43 7
HYBEM SA NA LEFT

START!!! ROUND: 722
POSITION: 42 7
HYBEM SA NA UP

START!!! ROUND: 723
POSITION: 42 6
HYBEM SA NA RIGHT

START!!! ROUND: 724
POSITION: 43 6
HYBEM SA NA DOWN

START!!! ROUND: 725
POSITION: 43 7
HYBEM SA NA UP

START!!! ROUND: 726
POSITION: 43 6
HYBEM SA NA UP

START!!! ROUND: 727
POSITION: 43 5
HYBEM SA NA RIGHT

START!!! ROUND: 728
POSITION: 44 5
HYBEM SA NA RIGHT

START!!! ROUND: 729
POSITION: 45 5
HYBEM SA NA RIGHT

START!!! ROUND: 730
POSITION: 46 5
HYBEM SA NA RIGHT

START!!! ROUND: 731
POSITION: 47 5
HYBEM SA NA DOWN

START!!! ROUND: 732
POSITION: 47 6
HYBEM SA NA RIGHT

START!!! ROUND: 733
POSITION: 48 6
HYBEM SA NA RIGHT

START!!! ROUND: 734
POSITION: 49 6
HYBEM SA NA UP

START!!! ROUND: 735
POSITION: 49 5
HYBEM SA NA RIGHT

START!!! ROUND: 736
POSITION: 50 5
HYBEM SA NA RIGHT

START!!! ROUND: 737
POSITION: 51 5
HYBEM SA NA DOWN

START!!! ROUND: 738
POSITION: 51 6
HYBEM SA NA LEFT

START!!! ROUND: 739
POSITION: 50 6
HYBEM SA NA DOWN

START!!! ROUND: 740
POSITION: 50 7
HYBEM SA NA LEFT

START!!! ROUND: 741
POSITION: 49 7
HYBEM SA NA LEFT

START!!! ROUND: 742
POSITION: 48 7
HYBEM SA NA LEFT

START!!! ROUND: 743
POSITION: 47 7
HYBEM SA NA LEFT

START!!! ROUND: 744
POSITION: 46 7
HYBEM SA NA LEFT

START!!! ROUND: 745
POSITION: 45 7
HYBEM SA NA UP

START!!! ROUND: 746
POSITION: 45 6
HYBEM SA NA DOWN

START!!! ROUND: 747
POSITION: 45 7
HYBEM SA NA RIGHT

START!!! ROUND: 748
POSITION: 46 7
HYBEM SA NA UP

START!!! ROUND: 749
POSITION: 46 6
HYBEM SA NA UP

START!!! ROUND: 750
POSITION: 46 5
HYBEM SA NA UP

START!!! ROUND: 751
POSITION: 46 4
HYBEM SA NA DOWN

START!!! ROUND: 752
POSITION: 46 5
HYBEM SA NA LEFT

START!!! ROUND: 753
POSITION: 45 5
HYBEM SA NA UP

START!!! ROUND: 754
POSITION: 45 4
HYBEM SA NA RIGHT

START!!! ROUND: 755
POSITION: 46 4
HYBEM SA NA UP

START!!! ROUND: 756
POSITION: 46 3
HYBEM SA NA LEFT

START!!! ROUND: 757
POSITION: 45 3
HYBEM SA NA LEFT

START!!! ROUND: 758
POSITION: 44 3
HYBEM SA NA UP

START!!! ROUND: 759
POSITION: 44 2
HYBEM SA NA UP

START!!! ROUND: 760
POSITION: 44 1
HYBEM SA NA RIGHT

START!!! ROUND: 761
POSITION: 45 1
HYBEM SA NA UP

START!!! ROUND: 762
POSITION: 45 0
HYBEM SA NA RIGHT

START!!! ROUND: 763
POSITION: 46 0
HYBEM SA NA RIGHT

START!!! ROUND: 764
POSITION: 47 0
HYBEM SA NA RIGHT

START!!! ROUND: 765
POSITION: 48 0
HYBEM SA NA DOWN

START!!! ROUND: 766
POSITION: 48 1
HYBEM SA NA RIGHT

START!!! ROUND: 767
POSITION: 49 1
HYBEM SA NA DOWN

START!!! ROUND: 768
POSITION: 49 2
HYBEM SA NA RIGHT

START!!! ROUND: 769
POSITION: 50 2
HYBEM SA NA UP

START!!! ROUND: 770
POSITION: 50 1
HYBEM SA NA UP

START!!! ROUND: 771
POSITION: 50 0
HYBEM SA NA RIGHT

START!!! ROUND: 772
POSITION: 51 0
HYBEM SA NA RIGHT

START!!! ROUND: 773
POSITION: 52 0
HYBEM SA NA RIGHT

START!!! ROUND: 774
POSITION: 53 0
HYBEM SA NA RIGHT

START!!! ROUND: 775
POSITION: 54 0
HYBEM SA NA RIGHT

START!!! ROUND: 776
POSITION: 55 0
HYBEM SA NA RIGHT

START!!! ROUND: 777
POSITION: 56 0
HYBEM SA NA DOWN

START!!! ROUND: 778
POSITION: 56 1
HYBEM SA NA LEFT

START!!! ROUND: 779
POSITION: 55 1
HYBEM SA NA LEFT

START!!! ROUND: 780
POSITION: 54 1
HYBEM SA NA LEFT

START!!! ROUND: 781
POSITION: 53 1
HYBEM SA NA LEFT

START!!! ROUND: 782
POSITION: 52 1
HYBEM SA NA LEFT

START!!! ROUND: 783
POSITION: 51 1
HYBEM SA NA DOWN

START!!! ROUND: 784
POSITION: 51 2
HYBEM SA NA DOWN

START!!! ROUND: 785
POSITION: 51 3
HYBEM SA NA DOWN

START!!! ROUND: 786
POSITION: 51 4
HYBEM SA NA RIGHT

START!!! ROUND: 787
POSITION: 52 4
HYBEM SA NA DOWN

START!!! ROUND: 788
POSITION: 52 5
HYBEM SA NA DOWN

START!!! ROUND: 789
POSITION: 52 6
HYBEM SA NA DOWN

START!!! ROUND: 790
POSITION: 52 7
HYBEM SA NA DOWN

START!!! ROUND: 791
POSITION: 52 8
HYBEM SA NA DOWN

START!!! ROUND: 792
POSITION: 52 9
HYBEM SA NA DOWN

START!!! ROUND: 793
POSITION: 52 10
HYBEM SA NA LEFT

START!!! ROUND: 794
POSITION: 51 10
HYBEM SA NA DOWN

START!!! ROUND: 795
POSITION: 51 11
HYBEM SA NA RIGHT

START!!! ROUND: 796
POSITION: 52 11
HYBEM SA NA DOWN

START!!! ROUND: 797
POSITION: 52 12
HYBEM SA NA DOWN

START!!! ROUND: 798
POSITION: 52 13
HYBEM SA NA RIGHT

START!!! ROUND: 799
POSITION: 53 13
HYBEM SA NA RIGHT

START!!! ROUND: 800
POSITION: 54 13
HYBEM SA NA RIGHT

START!!! ROUND: 801
POSITION: 55 13
HYBEM SA NA RIGHT

START!!! ROUND: 802
POSITION: 56 13
HYBEM SA NA RIGHT

START!!! ROUND: 803
POSITION: 57 13
HYBEM SA NA DOWN

START!!! ROUND: 804
POSITION: 57 14
HYBEM SA NA LEFT

START!!! ROUND: 805
POSITION: 56 14
HYBEM SA NA LEFT

START!!! ROUND: 806
POSITION: 55 14
HYBEM SA NA LEFT

START!!! ROUND: 807
POSITION: 54 14
HYBEM SA NA DOWN

START!!! ROUND: 808
POSITION: 54 15
HYBEM SA NA DOWN

START!!! ROUND: 809
POSITION: 54 16
HYBEM SA NA DOWN

START!!! ROUND: 810
POSITION: 54 17
HYBEM SA NA LEFT

START!!! ROUND: 811
POSITION: 53 17
HYBEM SA NA LEFT

START!!! ROUND: 812
POSITION: 52 17
HYBEM SA NA LEFT

START!!! ROUND: 813
POSITION: 51 17
HYBEM SA NA LEFT

START!!! ROUND: 814
POSITION: 50 17
HYBEM SA NA UP

START!!! ROUND: 815
POSITION: 50 16
HYBEM SA NA UP

START!!! ROUND: 816
POSITION: 50 15
HYBEM SA NA UP

START!!! ROUND: 817
POSITION: 50 14
HYBEM SA NA UP

START!!! ROUND: 818
POSITION: 50 13
HYBEM SA NA UP

START!!! ROUND: 819
POSITION: 50 12
HYBEM SA NA UP

START!!! ROUND: 820
POSITION: 50 11
HYBEM SA NA UP

START!!! ROUND: 821
POSITION: 50 10
HYBEM SA NA UP

START!!! ROUND: 822
POSITION: 50 9
HYBEM SA NA UP

START!!! ROUND: 823
POSITION: 50 8
HYBEM SA NA LEFT

START!!! ROUND: 824
POSITION: 49 8
HYBEM SA NA LEFT

START!!! ROUND: 825
POSITION: 48 8
HYBEM SA NA UP

START!!! ROUND: 826
POSITION: 48 7
HYBEM SA NA LEFT

START!!! ROUND: 827
POSITION: 47 7
HYBEM SA NA DOWN

START!!! ROUND: 828
POSITION: 47 8
HYBEM SA NA RIGHT

START!!! ROUND: 829
POSITION: 48 8
HYBEM SA NA DOWN

START!!! ROUND: 830
POSITION: 48 9
HYBEM SA NA LEFT

START!!! ROUND: 831
POSITION: 47 9
HYBEM SA NA LEFT

START!!! ROUND: 832
POSITION: 46 9
HYBEM SA NA LEFT

START!!! ROUND: 833
POSITION: 45 9
HYBEM SA NA UP

START!!! ROUND: 834
POSITION: 45 8
HYBEM SA NA UP

START!!! ROUND: 835
POSITION: 45 7
HYBEM SA NA UP

START!!! ROUND: 836
POSITION: 45 6
HYBEM SA NA LEFT

START!!! ROUND: 837
POSITION: 44 6
HYBEM SA NA LEFT

START!!! ROUND: 838
POSITION: 43 6
HYBEM SA NA LEFT

START!!! ROUND: 839
POSITION: 42 6
HYBEM SA NA LEFT

START!!! ROUND: 840
POSITION: 41 6
HYBEM SA NA LEFT

START!!! ROUND: 841
POSITION: 40 6
HYBEM SA NA UP

START!!! ROUND: 842
POSITION: 40 5
HYBEM SA NA LEFT

START!!! ROUND: 843
POSITION: 39 5
HYBEM SA NA LEFT

START!!! ROUND: 844
POSITION: 38 5
HYBEM SA NA UP

START!!! ROUND: 845
POSITION: 38 4
HYBEM SA NA LEFT

START!!! ROUND: 846
POSITION: 37 4
HYBEM SA NA RIGHT

START!!! ROUND: 847
POSITION: 38 4
HYBEM SA NA RIGHT

START!!! ROUND: 848
POSITION: 39 4
HYBEM SA NA LEFT

START!!! ROUND: 849
POSITION: 38 4
HYBEM SA NA LEFT

START!!! ROUND: 850
POSITION: 37 4
HYBEM SA NA RIGHT

START!!! ROUND: 851
POSITION: 38 4
HYBEM SA NA LEFT

START!!! ROUND: 852
POSITION: 37 4
HYBEM SA NA UP

START!!! ROUND: 853
POSITION: 37 3
HYBEM SA NA DOWN

START!!! ROUND: 854
POSITION: 37 4
HYBEM SA NA DOWN

START!!! ROUND: 855
POSITION: 37 5
HYBEM SA NA UP

START!!! ROUND: 856
POSITION: 37 4
HYBEM SA NA DOWN

START!!! ROUND: 857
POSITION: 37 5
HYBEM SA NA RIGHT

START!!! ROUND: 858
POSITION: 38 5
HYBEM SA NA DOWN

START!!! ROUND: 859
POSITION: 38 6
HYBEM SA NA RIGHT

START!!! ROUND: 860
POSITION: 39 6
HYBEM SA NA UP

START!!! ROUND: 861
POSITION: 39 5
HYBEM SA NA UP

START!!! ROUND: 862
POSITION: 39 4
HYBEM SA NA UP

START!!! ROUND: 863
POSITION: 39 3
HYBEM SA NA RIGHT

START!!! ROUND: 864
POSITION: 40 3
HYBEM SA NA DOWN

START!!! ROUND: 865
POSITION: 40 4
HYBEM SA NA DOWN

START!!! ROUND: 866
POSITION: 40 5
HYBEM SA NA UP

START!!! ROUND: 867
POSITION: 40 4
HYBEM SA NA UP

START!!! ROUND: 868
POSITION: 40 3
HYBEM SA NA LEFT

START!!! ROUND: 869
POSITION: 39 3
HYBEM SA NA RIGHT

START!!! ROUND: 870
POSITION: 40 3
HYBEM SA NA LEFT

START!!! ROUND: 871
POSITION: 39 3
HYBEM SA NA LEFT

START!!! ROUND: 872
POSITION: 38 3
HYBEM SA NA LEFT

START!!! ROUND: 873
POSITION: 37 3
HYBEM SA NA LEFT

START!!! ROUND: 874
POSITION: 36 3
NEMOZEM SA HYBAT -> UP

START!!! ROUND: 875
POSITION: 36 2
NEMOZEM SA HYBAT -> UP

