1
0
11111
1
2
3
4
5
6
7
8
11111
1
2
3
4
5
6
7
8
11111
1
2
3
4
5
6
7
8
11111
1
2
3
4
5
6
7
8
11111
1
2
3
4
5
6
7
8
11111
1
2
3
4
5
6
7
8
11111
1
2
3
4
5
6
7
8
11111
1
2
3
4
5
6
7
8
11111
1
2
3
4
5
6
7
8
11111
1
2
3
4
5
6
7
8
11111
1
2
3
4
5
6
7
8
11111
1
2
3
4
5
6
7
8
11111
1
2
3
4
5
6
7
8
11111
1
2
3
4
5
6
7
8
11111
1
2
3
4
5
6
7
8
11111
1
2
3
4
5
6
7
8
11111
1
2
3
4
5
6
7
8
11111
1
2
3
4
5
6
7
8
11111
1
2
3
4
5
6
7
8
11111
1
2
3
4
5
6
7
8
11111
1
2
3
4
5
6
7
8
11111
1
2
3
4
5
6
7
8
11111
1
2
3
4
5
6
7
8
11111
1
2
3
4
5
6
7
8
11111
1
2
3
4
5
6
7
8
11111
1
2
3
4
5
6
7
8
11111
