0
0 0
3...0

0 0
3...1

1 0
3...2

1 0
3...3

1 1
0...4

0 1
1...5

3 1
1...6

2 1
1...7

1 1
1...8

1 1
1...9

2 1
1...10

3 1
1...11

3 1
1...12

3 1
1...13

3 1
1...14

3 1
1...15

3 1
1...16

0 1
1...17

3 1
2...18

0 1
3...19

3 3
0...20

2 3
1...21

2 3
2...22

2 3
3...23

2 3
3...24

2 1
0...25

0 1
1...26

1 1
1...27

1 1
1...28

1 1
1...29

1 1
2...30

2 1
3...31

1 1
0...32

0 1
1...33

0 1
2...34

0 1
3...35

0 1
3...36

0 1
3...37

1 1
3...38

0 1
3...39

0 1
3...40

1 1
3...41

1 1
3...42

1 1
3...43

1 1
0...44

0 1
1...45

3 1
1...46

2 1
1...47

2 1
1...48

3 1
1...49

3 1
1...50

3 1
1...51

3 1
1...52

3 1
1...53

3 1
1...54

3 1
1...55

3 1
1...56

2 1
1...57

1 1
1...58

1 1
1...59

1 1
1...60

2 1
1...61

2 1
1...62

2 1
1...63

2 1
1...64

2 1
2...65

1 1
3...66

0 1
3...67

0 1
3...68

0 1
3...69

0 1
3...70

1 1
3...71

1 1
3...72

0 1
3...73

1 1
3...74

0 1
3...75

1 1
3...76

1 1
3...77

1 1
3...78

1 1
3...79

2 2
0...80

3 2
1...81

3 2
2...82

2 2
3...83

2 2
3...84

2 2
3...85

3 2
3...86

2 2
3...87

3 2
3...88

3 2
3...89

2 2
3...90

3 2
3...91

2 2
3...92

2 2
3...93

2 2
3...94

3 2
3...95

3 2
3...96

2 2
3...97

3 2
3...98

2 2
3...99

2 2
3...100

3 2
3...101

2 2
3...102

3 2
3...103

3 2
3...104

3 3
0...105

2 3
1...106

1 3
1...107

0 3
1...108

3 3
1...109

0 3
1...110

0 3
1...111

0 3
1...112

0 3
2...113

0 3
3...114

0 3
3...115

0 3
3...116

0 3
3...117

0 3
3...118

1 3
3...119

0 3
3...120

1 3
3...121

0 3
3...122

0 3
3...123

0 3
3...124

1 3
3...125

0 3
3...126

1 3
3...127

0 3
3...128

1 3
3...129

0 3
3...130

1 3
3...131

1 3
3...132

1 3
3...133

1 3
3...134

1 3
3...135

1 2
0...136

3 2
1...137

3 2
1...138

2 2
1...139

1 2
1...140

2 2
1...141

2 2
1...142

2 2
1...143

2 2
1...144

2 2
1...145

2 2
1...146

2 2
1...147

2 2
1...148

2 2
1...149

3 2
1...150

3 2
1...151

3 2
1...152

3 2
1...153

3 2
1...154

3 2
1...155

3 2
1...156

3 2
1...157

3 2
2...158

0 2
3...159

0 2
3...160

0 2
3...161

0 2
3...162

1 2
3...163

1 2
3...164

1 2
3...165

1 2
3...166

1 2
3...167

1 1
0...168

0 1
1...169

3 1
1...170

2 1
1...171

2 1
1...172

3 1
1...173

3 1
1...174

3 1
1...175

3 1
1...176

3 1
1...177

3 1
1...178

0 1
1...179

3 1
2...180

2 1
3...181

2 1
3...182

2 1
3...183

2 1
3...184

3 3
0...185

2 3
1...186

1 3
1...187

0 3
1...188

3 3
1...189

3 3
1...190

0 3
2...191

3 3
3...192

2 3
3...193

2 3
3...194

2 3
3...195

2 3
3...196

3 3
3...197

3 3
3...198

0 3
0...199

2 3
1...200

1 3
2...201

2 3
3...202

2 1
0...203

2 1
1...204

0 1
1...205

0 1
1...206

0 1
1...207

0 1
2...208

2 1
3...209

2 1
3...210

2 1
3...211

2 1
3...212

2 1
0...213

2 1
1...214

0 1
1...215

1 1
1...216

1 1
1...217

1 1
1...218

1 1
1...219

1 1
2...220

1 1
0...221

2 1
1...222

3 1
1...223

0 1
1...224

0 1
2...225

1 1
3...226

1 1
3...227

1 1
0...228

2 1
1...229

3 1
1...230

0 1
1...231

3 1
1...232

3 1
2...233

2 1
3...234

2 1
0...235

2 1
1...236

0 1
1...237

0 1
1...238

0 1
2...239

0 1
3...240

0 1
3...241

0 1
3...242

1 1
3...243

0 1
3...244

0 1
3...245

0 1
3...246

0 1
3...247

0 1
3...248

0 1
3...249

0 1
3...250

0 1
3...251

0 1
3...252

1 1
3...253

1 1
3...254

0 1
3...255

1 1
3...256

0 1
3...257

1 1
3...258

1 1
3...259

2 2
0...260

1 2
1...261

3 2
1...262

3 2
1...263

3 2
1...264

2 2
1...265

1 2
1...266

2 2
1...267

2 2
1...268

2 2
1...269

2 2
2...270

2 2
3...271

2 2
3...272

2 2
3...273

1 1
0...274

0 1
1...275

0 1
2...276

2 1
3...277

2 1
3...278

2 1
0...279

2 1
1...280

0 1
1...281

3 1
1...282

3 1
2...283

2 1
3...284

2 1
3...285

2 1
3...286

3 1
3...287

2 1
3...288

2 1
3...289

2 1
3...290

2 1
3...291

2 1
3...292

2 1
3...293

2 1
3...294

3 1
3...295

0 0
0...296

1 0
1...297

1 0
2...298

2 2
0...299

3 2
1...300

3 2
2...301

2 2
3...302

3 2
3...303

3 3
0...304

0 3
1...305

1 3
1...306

2 3
1...307

1 3
2...308

2 3
3...309

2 2
0...310

1 2
1...311

3 2
1...312

3 2
1...313

0 2
1...314

0 2
1...315

0 2
1...316

0 2
2...317

0 2
3...318

1 2
3...319

0 2
3...320

0 2
3...321

0 2
3...322

0 2
3...323

0 2
3...324

1 2
3...325

0 2
3...326

0 2
3...327

0 2
3...328

0 2
3...329

0 2
3...330

0 2
3...331

0 2
3...332

0 2
3...333

0 2
3...334

1 2
3...335

0 2
3...336

1 2
3...337

0 2
3...338

1 2
3...339

0 2
3...340

0 2
3...341

1 2
3...342

1 2
3...343

1 2
3...344

1 2
3...345

2 2
0...346

3 2
1...347

3 2
2...348

2 2
3...349

2 2
3...350

2 2
3...351

2 2
0...352

3 2
1...353

3 2
2...354

2 2
3...355

2 2
3...356

1 2
3...357

1 2
0...358

3 2
1...359

3 2
1...360

3 2
2...361

2 2
3...362

2 2
3...363

1 2
3...364

2 2
0...365

3 2
1...366

3 2
2...367

2 2
3...368

2 2
0...369

3 2
1...370

3 2
2...371

2 2
3...372

1 2
3...373

1 2
3...374

1 2
3...375

1 2
3...376

2 1
0...377

0 1
1...378

3 1
2...379

2 1
3...380

2 1
3...381

1 2
0...382

3 2
1...383

3 2
2...384

2 2
3...385

1 1
0...386

0 1
1...387

0 1
2...388

2 1
3...389

2 1
3...390

1 1
0...391

0 1
1...392

0 1
2...393

1 1
3...394

1 1
0...395

2 1
1...396

3 1
1...397

0 1
1...398

3 1
1...399

3 1
2...400

2 1
3...401

2 2
0...402

3 2
1...403

3 2
1...404

3 2
2...405

2 2
3...406

2 2
3...407

1 2
3...408

1 2
3...409

2 2
0...410

1 2
1...411

3 2
1...412

3 2
1...413

3 2
1...414

3 2
2...415

2 2
3...416

3 2
3...417

3 2
3...418

3 3
0...419

0 3
1...420

1 3
1...421

2 3
1...422

0 3
1...423

0 3
2...424

2 3
3...425

2 3
3...426

2 3
3...427

2 3
3...428

2 3
3...429

2 1
0...430

0 1
1...431

3 1
1...432

3 1
1...433

0 1
2...434

2 1
3...435

2 1
3...436

1 1
3...437

2 2
0...438

3 2
1...439

3 2
2...440

2 2
3...441

1 1
0...442

2 1
1...443

3 1
1...444

0 1
1...445

0 1
1...446

1 1
1...447

1 1
1...448

1 1
1...449

1 1
1...450

1 1
2...451

2 1
3...452

1 1
3...453

1 2
0...454

3 2
1...455

3 2
1...456

3 2
2...457

2 2
3...458

2 2
3...459

2 1
0...460

0 1
1...461

0 1
2...462

2 1
3...463

1 1
3...464

1 2
0...465

3 2
1...466

0 2
2...467

1 2
3...468

1 2
0...469

3 2
1...470

3 2
1...471

2 2
1...472

0 2
1...473

0 2
2...474

2 2
3...475

2 2
3...476

1 2
3...477

1 2
3...478

1 1
0...479

2 1
1...480

3 1
1...481

0 1
1...482

3 1
2...483

2 1
3...484

2 1
3...485

1 1
0...486

2 1
1...487

3 1
1...488

0 1
1...489

0 1
1...490

3 1
1...491

3 1
1...492

3 1
1...493

3 1
1...494

3 1
1...495

3 1
2...496

0 1
3...497

0 1
3...498

0 1
3...499

0 1
3...500

0 1
3...501

0 1
3...502

0 1
3...503

0 1
3...504

0 1
3...505

0 1
3...506

0 1
3...507

0 1
3...508

0 1
3...509

0 1
3...510

0 1
3...511

0 1
3...512

0 1
3...513

0 1
3...514

0 1
3...515

0 1
3...516

0 1
3...517

0 1
3...518

1 1
3...519

0 1
3...520

1 1
3...521

0 1
3...522

0 1
3...523

1 1
3...524

0 1
3...525

1 1
3...526

1 1
3...527

1 1
3...528

1 1
3...529

2 1
0...530

0 1
1...531

3 1
2...532

0 1
3...533

0 1
3...534

1 1
3...535

1 1
3...536

1 1
3...537

2 2
0...538

3 2
1...539

3 2
2...540

2 2
3...541

2 2
3...542

2 2
0...543

3 2
1...544

3 2
2...545

2 2
3...546

2 2
3...547

1 2
3...548

1 1
0...549

2 1
1...550

3 1
1...551

0 1
1...552

3 1
1...553

3 1
2...554

2 1
3...555

2 1
3...556

1 1
3...557

2 2
0...558

3 2
1...559

3 2
2...560

2 2
3...561

2 1
0...562

0 1
1...563

3 1
2...564

2 1
3...565

2 1
3...566

2 1
3...567

2 1
3...568

2 1
3...569

2 1
3...570

2 1
3...571

2 1
3...572

1 1
3...573

1 1
0...574

2 1
1...575

3 1
1...576

0 1
1...577

2 1
2...578

0 1
3...579

0 1
3...580

0 1
3...581

0 1
3...582

0 1
3...583

0 1
3...584

0 1
3...585

0 1
3...586

0 1
3...587

0 1
3...588

0 1
3...589

0 1
3...590

0 1
3...591

0 1
3...592

0 1
3...593

0 1
3...594

0 1
3...595

0 1
3...596

0 1
3...597

0 1
3...598

1 1
3...599

0 1
3...600

0 1
3...601

1 1
3...602

0 1
3...603

1 1
3...604

0 1
3...605

1 1
3...606

0 1
3...607

1 1
3...608

1 1
3...609

1 1
3...610

1 1
3...611

1 1
0...612

2 1
1...613

3 1
1...614

0 1
1...615

3 1
1...616

3 1
2...617

2 1
3...618

2 1
0...619

0 1
1...620

0 1
2...621

0 1
3...622

0 1
3...623

0 1
3...624

1 1
3...625

1 1
3...626

1 1
3...627

1 1
3...628

1 1
0...629

0 1
1...630

3 1
1...631

2 1
1...632

1 1
1...633

2 1
1...634

2 1
1...635

2 1
1...636

2 1
1...637

2 1
1...638

3 1
1...639

3 1
1...640

3 1
1...641

3 1
1...642

3 1
1...643

3 1
1...644

3 1
1...645

3 1
1...646

3 1
2...647

2 1
3...648

2 1
3...649

2 2
0...650

1 2
1...651

3 2
1...652

3 2
1...653

0 2
1...654

3 2
1...655

3 2
2...656

2 2
3...657

3 2
3...658

2 2
3...659

3 2
3...660

2 2
3...661

2 2
3...662

2 2
3...663

2 2
3...664

3 2
3...665

2 2
3...666

2 2
3...667

2 2
3...668

3 2
3...669

2 2
3...670

3 2
3...671

2 2
3...672

2 2
3...673

2 2
3...674

2 2
3...675

2 2
3...676

2 2
3...677

3 2
3...678

2 2
3...679

2 2
3...680

2 2
3...681

2 2
3...682

2 2
3...683

2 2
3...684

2 2
3...685

2 2
3...686

2 2
3...687

2 2
3...688

2 2
3...689

2 2
3...690

3 2
3...691

3 3
0...692

2 3
1...693

1 3
1...694

0 3
1...695

3 3
1...696

0 3
1...697

0 3
1...698

0 3
2...699

2 3
3...700

2 3
3...701

3 3
3...702

2 3
3...703

2 3
3...704

3 3
3...705

3 3
3...706

3 3
3...707

0 3
0...708

2 3
1...709

1 3
2...710

0 3
3...711

0 3
3...712

0 3
3...713

0 3
3...714

0 3
3...715

0 3
3...716

0 3
3...717

0 3
3...718

0 3
3...719

0 3
3...720

0 3
3...721

0 3
3...722

0 3
3...723

0 3
3...724

0 3
3...725

0 3
3...726

0 3
3...727

0 3
3...728

0 3
3...729

0 3
3...730

0 3
3...731

0 3
3...732

0 3
3...733

0 3
3...734

0 3
3...735

0 3
3...736

1 3
3...737

0 3
3...738

1 3
3...739

0 3
3...740

1 3
3...741

0 3
3...742

0 3
3...743

1 3
3...744

0 3
3...745

1 3
3...746

0 3
3...747

1 3
3...748

0 3
3...749

1 3
3...750

0 3
3...751

1 3
3...752

0 3
3...753

1 3
3...754

0 3
3...755

1 3
3...756

0 3
3...757

1 3
3...758

1 3
3...759

1 3
3...760

1 3
3...761

1 3
3...762

1 2
0...763

3 2
1...764

3 2
1...765

2 2
1...766

1 2
1...767

1 2
1...768

2 2
1...769

3 2
1...770

3 2
1...771

3 2
1...772

3 2
1...773

3 2
1...774

3 2
1...775

0 2
1...776

3 2
2...777

2 2
3...778

2 2
3...779

2 2
3...780

2 2
3...781

2 2
0...782

1 2
1...783

3 2
1...784

3 2
1...785

0 2
1...786

3 2
1...787

3 2
2...788

0 2
3...789

0 2
3...790

0 2
3...791

0 2
3...792

0 2
3...793

0 2
3...794

0 2
3...795

3 0
0...796

3 0
1...797

1 0
1...798

1 0
1...799

1 0
1...800

2 0
1...801

2 0
2...802

0 0
3...803

0 0
3...804

0 0
3...805

3 0
0...806

1 0
1...807

2 0
2...808

2 0
3...809

2 0
3...810

2 0
3...811

2 0
3...812

2 0
3...813

2 0
3...814

2 0
3...815

2 0
3...816

2 0
3...817

1 1
0...818

0 1
1...819

0 1
2...820

0 1
3...821

0 1
3...822

0 1
3...823

0 1
3...824

0 1
3...825

0 1
3...826

0 1
3...827

0 1
3...828

0 1
3...829

0 1
3...830

0 3
0...831

2 3
1...832

3 3
1...833

3 3
1...834

2 3
1...835

1 3
1...836

1 3
1...837

1 3
1...838

2 3
2...839

2 3
3...840

2 3
3...841

2 3
3...842

2 3
3...843

2 3
3...844

2 3
3...845

2 3
3...846

2 3
3...847

2 3
3...848

2 3
3...849

2 3
3...850

1 1
0...851

0 1
1...852

0 1
2...853

2 1
3...854

1 1
3...855

2 2
0...856

3 2
1...857

3 2
2...858

2 2
3...859

3 2
3...860

3 0
0...861

3 0
1...862

3 0
2...863

2 0
3...864

2 0
3...865

2 0
3...866

1 0
3...867

2 2
0...868

1 2
1...869

3 2
1...870

3 2
1...871

3 2
1...872

3 2
2...873

0 2
3...874

0 2
3...875

0 2
3...876

0 2
3...877

0 2
3...878

0 2
3...879

0 2
3...880

0 2
3...881

0 2
3...882

0 2
3...883

1 2
3...884

0 2
3...885

1 2
3...886

0 2
3...887

1 2
3...888

0 2
3...889

1 2
3...890

0 2
3...891

1 2
3...892

0 2
3...893

1 2
3...894

0 2
3...895

0 2
3...896

0 2
3...897

0 2
3...898

0 2
3...899

0 2
3...900

0 2
3...901

1 2
3...902

1 2
3...903

1 1
0...904

0 1
1...905

3 1
1...906

2 1
1...907

1 1
1...908

2 1
1...909

2 1
1...910

2 1
1...911

2 1
2...912

2 1
3...913

2 1
3...914

2 1
3...915

2 1
3...916

2 1
3...917

2 1
3...918

2 1
3...919

2 1
3...920

2 1
3...921

2 1
3...922

2 1
3...923

2 1
3...924

2 1
3...925

2 1
3...926

2 1
3...927

3 1
3...928

2 1
3...929

3 1
3...930

2 1
3...931

3 1
3...932

2 1
3...933

3 1
3...934

2 1
3...935

2 1
3...936

2 1
3...937

3 1
3...938

2 1
3...939

3 1
3...940

2 1
3...941

2 1
3...942

2 1
3...943

2 1
3...944

2 1
3...945

2 1
3...946

3 1
3...947

2 1
3...948

3 1
3...949

2 1
3...950

2 1
3...951

2 1
3...952

2 1
3...953

2 1
3...954

2 1
3...955

2 1
3...956

2 1
3...957

2 1
3...958

2 1
3...959

2 1
3...960

2 1
3...961

2 1
3...962

3 1
3...963

2 1
3...964

3 1
3...965

3 1
3...966

3 1
3...967

0 3
0...968

0 3
1...969

1 3
1...970

1 3
2...971

2 3
3...972

2 3
3...973

2 3
3...974

1 2
0...975

1 2
1...976

3 2
1...977

3 2
1...978

3 2
2...979

2 2
3...980

2 2
3...981

1 2
0...982

1 2
1...983

0 2
1...984

0 2
2...985

1 2
3...986

2 1
0...987

0 1
1...988

3 1
2...989

0 1
3...990

0 1
3...991

0 1
3...992

0 1
3...993

0 1
3...994

0 1
3...995

0 1
3...996

0 1
3...997

0 1
3...998

0 1
3...999

