0
2 0
3...0

2 0
3...1

1 1
0...2

2 1
1...3

3 1
1...4

0 1
1...5

1 1
1...6

1 1
1...7

1 1
1...8

1 1
1...9

1 1
1...10

1 1
1...11

1 1
1...12

1 1
1...13

0 1
1...14

3 1
1...15

3 1
1...16

3 1
1...17

3 1
1...18

3 1
1...19

3 1
1...20

3 1
1...21

3 1
1...22

3 1
1...23

3 1
2...24

2 1
3...25

2 1
3...26

2 1
1...27

3 1
2...28

2 1
1...29

3 1
2...30

2 1
1...31

1 1
1...32

1 1
1...33

1 1
1...34

2 1
1...35

2 1
2...36

2 1
3...37

2 1
3...38

2 1
3...39

2 1
0...40

0 1
1...41

1 1
1...42

1 1
1...43

1 1
1...44

1 1
2...45

2 1
3...46

2 1
0...47

0 1
1...48

3 1
2...49

2 1
3...50

2 1
0...51

0 1
1...52

3 1
1...53

3 1
1...54

0 1
2...55

2 1
3...56

2 1
3...57

1 1
3...58

1 1
0...59

0 1
1...60

3 1
1...61

3 1
2...62

2 1
3...63

2 1
3...64

1 1
0...65

0 1
1...66

0 1
2...67

2 1
3...68

2 1
3...69

1 1
0...70

0 1
1...71

0 1
2...72

1 1
3...73

1 1
0...74

0 1
1...75

0 1
1...76

0 1
1...77

1 1
2...78

1 1
0...79

0 1
1...80

3 1
1...81

3 1
1...82

0 1
2...83

1 1
3...84

1 1
0...85

0 1
1...86

3 1
1...87

2 1
1...88

3 1
1...89

3 1
2...90

2 1
3...91

2 1
1...92

3 1
2...93

2 1
1...94

3 1
2...95

2 1
3...96

2 1
3...97

2 1
3...98

2 1
3...99

2 1
3...100

2 1
3...101

2 1
3...102

2 1
3...103

1 2
0...104

1 2
1...105

0 2
1...106

0 2
2...107

0 2
3...108

0 2
3...109

0 2
3...110

0 2
1...111

1 2
2...112

0 2
1...113

1 2
2...114

0 2
3...115

0 2
3...116

0 2
3...117

0 2
3...118

0 2
3...119

0 2
3...120

2 2
1...121

3 2
1...122

2 2
1...123

2 2
2...124

2 2
3...125

1 2
1...126

0 2
2...127

2 2
3...128

2 2
3...129

1 2
1...130

0 2
2...131

2 2
3...132

2 2
3...133

1 2
1...134

0 2
2...135

2 2
3...136

2 2
3...137

3 2
3...138

2 2
3...139

2 2
3...140

2 2
3...141

3 2
3...142

3 2
3...143

2 2
3...144

3 2
3...145

2 2
3...146

3 2
3...147

2 2
3...148

3 2
3...149

2 2
3...150

2 2
3...151

3 2
3...152

3 2
3...153

0 3
0...154

0 3
1...155

0 3
2...156

2 3
3...157

2 3
3...158

2 3
3...159

2 3
3...160

2 1
0...161

2 1
1...162

0 1
1...163

1 1
1...164

1 1
1...165

1 1
1...166

1 1
1...167

1 1
2...168

0 1
3...169

0 1
3...170

0 1
3...171

0 1
3...172

0 1
3...173

0 1
3...174

0 1
3...175

1 1
1...176

2 1
2...177

0 1
3...178

0 1
3...179

1 1
1...180

2 1
2...181

0 1
3...182

0 1
3...183

1 1
1...184

0 1
2...185

2 1
3...186

2 1
3...187

2 1
3...188

2 1
3...189

2 1
3...190

2 1
3...191

2 1
3...192

2 1
3...193

2 1
3...194

2 1
3...195

2 1
0...196

2 1
1...197

3 1
1...198

3 1
2...199

2 1
3...200

3 1
1...201

0 1
1...202

0 1
1...203

0 1
1...204

0 1
1...205

0 1
1...206

0 1
1...207

0 1
1...208

0 1
1...209

0 1
1...210

0 1
2...211

2 1
3...212

2 1
3...213

3 1
3...214

2 1
3...215

2 1
3...216

2 1
3...217

2 1
3...218

2 1
1...219

1 1
2...220

2 2
1...221

3 2
1...222

3 2
1...223

3 2
1...224

3 2
1...225

3 2
1...226

3 2
1...227

3 2
1...228

3 2
1...229

3 2
1...230

3 2
1...231

3 2
1...232

3 2
1...233

3 2
1...234

3 2
1...235

3 2
1...236

3 2
1...237

3 2
1...238

3 2
1...239

3 2
1...240

3 2
1...241

3 2
1...242

3 2
1...243

3 2
1...244

3 2
1...245

3 2
1...246

3 2
1...247

3 2
1...248

3 2
1...249

3 2
1...250

3 2
1...251

3 2
1...252

3 2
1...253

3 2
1...254

3 2
1...255

3 2
1...256

3 2
1...257

3 2
1...258

3 2
1...259

3 2
1...260

3 2
1...261

3 2
1...262

3 2
1...263

3 2
1...264

3 2
1...265

3 2
1...266

3 2
1...267

3 2
1...268

3 2
1...269

3 2
1...270

3 2
1...271

3 2
1...272

3 2
1...273

3 2
1...274

3 2
1...275

3 2
1...276

3 2
1...277

3 2
1...278

3 2
1...279

2 2
1...280

3 2
1...281

3 2
2...282

2 2
3...283

2 2
3...284

2 2
1...285

1 2
2...286

2 2
1...287

1 2
2...288

0 2
3...289

0 2
3...290

1 2
3...291

1 2
3...292

1 2
3...293

1 2
3...294

1 2
3...295

1 2
3...296

1 2
3...297

1 2
3...298

1 2
3...299

1 2
3...300

1 2
3...301

1 2
3...302

1 2
3...303

1 2
3...304

1 2
3...305

1 2
3...306

1 2
3...307

1 2
3...308

1 2
3...309

1 2
3...310

1 2
3...311

1 2
3...312

1 2
3...313

1 2
3...314

1 2
3...315

1 2
3...316

1 2
3...317

1 2
1...318

2 2
1...319

2 2
1...320

2 2
1...321

2 2
1...322

2 2
1...323

2 2
1...324

2 2
1...325

2 2
1...326

2 2
1...327

2 2
1...328

2 2
1...329

2 2
1...330

2 2
1...331

2 2
1...332

2 2
1...333

2 2
1...334

2 2
1...335

2 2
1...336

2 2
1...337

2 2
1...338

2 2
1...339

2 2
1...340

2 2
1...341

2 2
1...342

2 2
1...343

2 2
1...344

2 2
1...345

2 2
1...346

2 2
1...347

2 2
1...348

2 2
1...349

2 2
1...350

2 2
1...351

2 2
1...352

2 2
1...353

2 2
1...354

2 2
1...355

2 2
1...356

2 2
1...357

2 2
1...358

2 2
1...359

2 2
1...360

2 2
1...361

2 2
1...362

2 2
1...363

2 2
1...364

2 2
1...365

2 2
1...366

2 2
1...367

2 2
1...368

2 2
1...369

2 2
1...370

2 2
1...371

2 2
1...372

2 2
1...373

2 2
1...374

2 2
1...375

2 2
1...376

2 2
1...377

2 2
1...378

2 2
1...379

2 2
1...380

2 2
1...381

2 2
1...382

2 2
1...383

2 2
1...384

2 2
1...385

2 2
1...386

2 2
1...387

2 2
1...388

2 2
1...389

2 2
1...390

2 2
1...391

2 2
1...392

2 2
1...393

2 2
1...394

2 2
1...395

2 2
1...396

2 2
1...397

2 2
1...398

3 2
1...399

3 2
1...400

3 2
2...401

2 2
3...402

2 2
3...403

2 2
3...404

2 2
1...405

0 2
2...406

2 2
3...407

2 2
3...408

2 2
1...409

0 2
2...410

2 2
3...411

2 2
3...412

2 2
1...413

0 2
2...414

2 2
3...415

2 2
3...416

2 2
1...417

0 2
2...418

2 2
3...419

2 2
3...420

2 2
1...421

0 2
2...422

2 2
3...423

2 2
3...424

2 2
1...425

1 2
2...426

2 2
1...427

1 2
2...428

2 2
1...429

1 2
2...430

2 2
1...431

1 2
2...432

2 2
1...433

1 2
2...434

2 2
1...435

3 2
2...436

2 2
1...437

3 2
2...438

2 2
1...439

3 2
2...440

2 2
1...441

3 2
2...442

2 2
1...443

3 2
2...444

1 1
0...445

0 1
1...446

0 1
2...447

0 1
3...448

0 1
3...449

0 1
3...450

0 1
3...451

0 1
3...452

0 1
3...453

0 1
3...454

1 1
3...455

0 1
3...456

0 1
3...457

0 1
3...458

0 1
3...459

0 1
3...460

0 1
3...461

1 1
1...462

0 1
2...463

2 1
3...464

2 1
3...465

2 1
3...466

2 1
3...467

2 1
3...468

2 1
3...469

2 1
3...470

2 1
3...471

2 1
3...472

2 1
3...473

1 1
3...474

2 1
0...475

2 1
1...476

3 1
1...477

3 1
2...478

2 1
3...479

1 1
3...480

1 1
3...481

1 1
3...482

1 1
3...483

1 1
3...484

1 1
3...485

1 1
3...486

1 1
3...487

1 1
3...488

1 1
3...489

1 1
3...490

1 1
3...491

1 1
3...492

1 1
3...493

1 1
3...494

2 1
3...495

2 1
3...496

2 1
3...497

2 1
3...498

2 1
1...499

3 1
2...500

2 1
1...501

3 1
2...502

2 1
1...503

3 1
2...504

2 1
1...505

3 1
2...506

2 1
1...507

3 1
2...508

2 1
1...509

3 1
2...510

2 1
1...511

3 1
2...512

2 1
1...513

3 1
2...514

2 1
1...515

0 1
2...516

2 1
3...517

2 1
3...518

2 1
1...519

0 1
2...520

2 1
3...521

2 1
3...522

2 1
1...523

0 1
2...524

2 1
3...525

2 1
3...526

2 1
1...527

0 1
2...528

1 1
3...529

0 1
3...530

0 1
3...531

0 1
3...532

0 1
3...533

0 1
3...534

0 1
3...535

0 1
3...536

1 1
3...537

0 1
3...538

0 1
3...539

0 1
3...540

0 1
3...541

0 1
3...542

0 1
3...543

1 1
1...544

2 1
2...545

2 1
3...546

2 1
3...547

2 1
3...548

2 1
3...549

2 1
3...550

2 1
3...551

2 1
3...552

2 1
3...553

2 1
3...554

2 1
3...555

2 1
3...556

2 1
3...557

2 1
3...558

2 1
1...559

3 1
2...560

2 1
1...561

0 1
2...562

2 1
3...563

2 1
3...564

2 1
1...565

0 1
2...566

2 1
3...567

2 1
3...568

2 1
1...569

0 1
2...570

2 1
3...571

2 1
3...572

2 1
1...573

0 1
2...574

2 1
3...575

2 1
3...576

2 1
1...577

0 1
2...578

2 1
3...579

2 1
3...580

2 1
1...581

0 1
2...582

2 1
3...583

2 1
3...584

2 1
1...585

0 1
2...586

2 1
3...587

2 1
3...588

2 1
1...589

0 1
2...590

2 1
3...591

2 1
3...592

2 1
1...593

0 1
2...594

2 1
3...595

2 1
3...596

2 1
1...597

0 1
2...598

2 1
3...599

2 1
3...600

2 1
1...601

0 1
2...602

2 1
3...603

2 1
3...604

2 1
1...605

0 1
2...606

2 1
3...607

2 1
3...608

2 1
1...609

0 1
2...610

2 1
3...611

2 1
3...612

2 1
1...613

0 1
2...614

1 1
3...615

0 1
3...616

0 1
3...617

0 1
3...618

0 1
3...619

0 1
3...620

0 1
3...621

0 1
3...622

1 1
3...623

0 1
3...624

0 1
3...625

0 1
3...626

0 1
3...627

0 1
3...628

0 1
3...629

1 1
1...630

0 1
2...631

2 1
3...632

2 1
3...633

2 1
3...634

2 1
3...635

2 1
3...636

2 1
3...637

2 1
3...638

2 1
3...639

2 1
3...640

2 1
3...641

2 1
3...642

2 1
3...643

2 1
3...644

2 1
3...645

2 1
3...646

2 1
3...647

2 1
3...648

2 1
1...649

1 1
2...650

2 1
1...651

1 1
2...652

2 1
1...653

1 1
2...654

2 1
1...655

3 1
2...656

2 1
1...657

3 1
2...658

2 1
1...659

3 1
2...660

2 1
1...661

3 1
2...662

2 1
1...663

0 1
2...664

2 1
3...665

2 1
3...666

2 1
1...667

0 1
2...668

2 1
3...669

2 1
3...670

2 1
1...671

0 1
2...672

2 1
3...673

2 1
3...674

2 1
1...675

0 1
2...676

3 1
1...677

2 1
2...678

3 1
1...679

1 1
2...680

0 1
3...681

0 1
3...682

0 1
3...683

0 1
3...684

0 1
3...685

0 1
3...686

0 1
3...687

0 1
3...688

0 1
3...689

0 1
3...690

0 1
3...691

0 1
3...692

0 1
3...693

0 1
3...694

0 1
3...695

3 1
1...696

0 1
2...697

0 1
3...698

0 1
3...699

1 1
3...700

1 1
0...701

2 1
1...702

2 1
2...703

0 1
3...704

0 1
3...705

0 1
3...706

1 1
3...707

0 1
3...708

0 1
3...709

1 1
3...710

1 1
3...711

1 1
0...712

2 1
1...713

2 1
1...714

2 1
2...715

2 1
3...716

2 1
3...717

2 1
3...718

2 1
3...719

2 1
3...720

2 1
3...721

1 1
0...722

0 1
1...723

0 1
2...724

1 1
1...725

2 1
2...726

1 1
0...727

0 1
1...728

3 1
1...729

3 1
2...730

2 1
3...731

2 1
3...732

1 2
0...733

1 2
1...734

0 2
1...735

0 2
2...736

1 2
3...737

1 2
0...738

1 2
1...739

3 2
1...740

3 2
1...741

3 2
1...742

3 2
1...743

3 2
1...744

3 2
1...745

3 2
1...746

3 2
1...747

3 2
1...748

3 2
1...749

3 2
2...750

2 2
3...751

2 2
3...752

2 2
3...753

2 2
3...754

2 2
3...755

2 2
3...756

2 2
0...757

3 2
1...758

1 2
1...759

1 2
1...760

0 2
2...761

2 2
3...762

2 2
3...763

2 2
3...764

2 2
3...765

1 2
0...766

3 2
1...767

0 2
2...768

1 2
3...769

1 2
0...770

3 2
1...771

3 2
1...772

3 2
2...773

2 2
3...774

2 2
3...775

1 2
3...776

1 1
0...777

2 1
1...778

3 1
1...779

0 1
1...780

0 1
1...781

3 1
1...782

3 1
1...783

3 1
1...784

3 1
1...785

3 1
1...786

3 1
2...787

2 1
3...788

2 1
3...789

2 1
3...790

2 1
3...791

1 2
0...792

1 2
1...793

0 2
1...794

0 2
2...795

1 2
3...796

1 2
0...797

1 2
1...798

3 2
1...799

3 2
1...800

3 2
1...801

2 2
1...802

3 2
2...803

2 2
3...804

2 2
3...805

2 2
3...806

2 2
3...807

1 2
0...808

3 2
1...809

0 2
2...810

1 2
3...811

1 2
0...812

3 2
1...813

0 2
2...814

2 2
3...815

2 2
3...816

3 2
3...817

2 2
3...818

3 2
3...819

2 2
3...820

3 2
3...821

2 2
3...822

3 2
3...823

0 3
0...824

0 3
1...825

0 3
2...826

2 3
3...827

2 3
3...828

2 3
3...829

2 3
3...830

2 3
3...831

2 3
3...832

2 3
3...833

2 3
3...834

2 3
1...835

1 3
2...836

0 3
3...837

0 3
3...838

0 3
3...839

0 3
3...840

0 3
3...841

0 3
3...842

0 3
3...843

0 3
3...844

0 3
3...845

0 3
3...846

0 3
3...847

0 3
3...848

0 3
3...849

1 2
0...850

3 2
1...851

0 2
1...852

1 2
2...853

1 2
0...854

3 2
1...855

3 2
2...856

2 2
3...857

3 2
3...858

2 2
3...859

3 2
3...860

2 2
3...861

3 2
3...862

2 2
3...863

2 2
3...864

2 2
3...865

2 2
3...866

2 2
3...867

2 2
3...868

2 2
3...869

2 2
3...870

2 2
3...871

2 2
3...872

2 2
3...873

2 2
1...874

1 2
2...875

2 2
1...876

1 2
2...877

0 2
3...878

0 2
3...879

0 2
3...880

0 2
3...881

0 2
3...882

1 2
3...883

1 2
3...884

0 2
3...885

1 2
3...886

1 2
3...887

1 2
3...888

1 2
3...889

1 2
3...890

1 2
3...891

1 2
3...892

1 2
3...893

1 2
3...894

1 2
3...895

1 2
0...896

1 2
1...897

3 2
1...898

1 2
1...899

1 2
1...900

1 2
1...901

2 2
2...902

1 2
1...903

2 2
2...904

1 2
1...905

2 2
2...906

1 2
1...907

2 2
1...908

3 2
2...909

2 2
1...910

3 2
2...911

2 2
1...912

1 2
1...913

3 2
1...914

3 2
2...915

2 2
1...916

3 2
2...917

2 2
1...918

3 2
2...919

2 2
1...920

3 2
2...921

2 2
1...922

3 2
2...923

2 2
1...924

3 2
2...925

2 2
1...926

3 2
2...927

2 2
1...928

1 2
2...929

2 2
1...930

1 2
2...931

2 2
1...932

1 2
2...933

2 2
1...934

1 2
2...935

2 2
1...936

1 2
2...937

0 2
3...938

0 2
3...939

0 2
3...940

0 2
3...941

0 2
3...942

0 2
3...943

0 2
3...944

1 2
3...945

1 2
3...946

2 2
1...947

3 2
1...948

3 2
1...949

0 2
1...950

3 2
1...951

