1
START!!! ROUND: 0
POSITION: 14 5
HYBEM SA NA LEFT

START!!! ROUND: 1
POSITION: 13 5
HYBEM SA NA LEFT

START!!! ROUND: 2
POSITION: 12 5
HYBEM SA NA RIGHT

START!!! ROUND: 3
POSITION: 13 5
HYBEM SA NA LEFT

START!!! ROUND: 4
POSITION: 12 5
HYBEM SA NA UP

START!!! ROUND: 5
POSITION: 12 4
HYBEM SA NA UP

START!!! ROUND: 6
POSITION: 12 3
HYBEM SA NA UP

START!!! ROUND: 7
POSITION: 12 2
HYBEM SA NA UP

START!!! ROUND: 8
POSITION: 12 1
HYBEM SA NA UP

START!!! ROUND: 9
POSITION: 12 0
HYBEM SA NA RIGHT

START!!! ROUND: 10
POSITION: 13 0
HYBEM SA NA RIGHT

START!!! ROUND: 11
POSITION: 14 0
HYBEM SA NA RIGHT

START!!! ROUND: 12
POSITION: 15 0
HYBEM SA NA RIGHT

START!!! ROUND: 13
POSITION: 16 0
HYBEM SA NA DOWN

START!!! ROUND: 14
POSITION: 16 1
HYBEM SA NA RIGHT

START!!! ROUND: 15
POSITION: 17 1
HYBEM SA NA DOWN

START!!! ROUND: 16
POSITION: 17 2
HYBEM SA NA RIGHT

START!!! ROUND: 17
POSITION: 18 2
HYBEM SA NA RIGHT

START!!! ROUND: 18
POSITION: 19 2
HYBEM SA NA DOWN

START!!! ROUND: 19
POSITION: 19 3
HYBEM SA NA DOWN

START!!! ROUND: 20
POSITION: 19 4
HYBEM SA NA DOWN

START!!! ROUND: 21
POSITION: 19 5
HYBEM SA NA LEFT

START!!! ROUND: 22
POSITION: 18 5
HYBEM SA NA LEFT

START!!! ROUND: 23
POSITION: 17 5
HYBEM SA NA DOWN

START!!! ROUND: 24
POSITION: 17 6
HYBEM SA NA DOWN

START!!! ROUND: 25
POSITION: 17 7
HYBEM SA NA DOWN

START!!! ROUND: 26
POSITION: 17 8
HYBEM SA NA DOWN

START!!! ROUND: 27
POSITION: 17 9
HYBEM SA NA LEFT

START!!! ROUND: 28
POSITION: 16 9
HYBEM SA NA UP

START!!! ROUND: 29
POSITION: 16 8
HYBEM SA NA UP

START!!! ROUND: 30
POSITION: 16 7
HYBEM SA NA UP

START!!! ROUND: 31
POSITION: 16 6
HYBEM SA NA UP

START!!! ROUND: 32
POSITION: 16 5
HYBEM SA NA UP

START!!! ROUND: 33
POSITION: 16 4
HYBEM SA NA UP

START!!! ROUND: 34
POSITION: 16 3
HYBEM SA NA UP

START!!! ROUND: 35
POSITION: 16 2
HYBEM SA NA LEFT

START!!! ROUND: 36
POSITION: 15 2
HYBEM SA NA DOWN

START!!! ROUND: 37
POSITION: 15 3
HYBEM SA NA DOWN

START!!! ROUND: 38
POSITION: 15 4
HYBEM SA NA DOWN

START!!! ROUND: 39
POSITION: 15 5
HYBEM SA NA DOWN

START!!! ROUND: 40
POSITION: 15 6
HYBEM SA NA DOWN

START!!! ROUND: 41
POSITION: 15 7
HYBEM SA NA DOWN

START!!! ROUND: 42
POSITION: 15 8
HYBEM SA NA DOWN

START!!! ROUND: 43
POSITION: 15 9
HYBEM SA NA RIGHT

START!!! ROUND: 44
POSITION: 16 9
HYBEM SA NA UP

START!!! ROUND: 45
POSITION: 16 8
HYBEM SA NA LEFT

START!!! ROUND: 46
POSITION: 15 8
HYBEM SA NA LEFT

START!!! ROUND: 47
POSITION: 14 8
HYBEM SA NA RIGHT

START!!! ROUND: 48
POSITION: 15 8
HYBEM SA NA LEFT

START!!! ROUND: 49
POSITION: 14 8
HYBEM SA NA LEFT

START!!! ROUND: 50
POSITION: 13 8
HYBEM SA NA DOWN

START!!! ROUND: 51
POSITION: 13 9
HYBEM SA NA DOWN

START!!! ROUND: 52
POSITION: 13 10
HYBEM SA NA DOWN

START!!! ROUND: 53
POSITION: 13 11
HYBEM SA NA RIGHT

START!!! ROUND: 54
POSITION: 14 11
HYBEM SA NA RIGHT

START!!! ROUND: 55
POSITION: 15 11
HYBEM SA NA RIGHT

START!!! ROUND: 56
POSITION: 16 11
HYBEM SA NA RIGHT

START!!! ROUND: 57
POSITION: 17 11
HYBEM SA NA RIGHT

START!!! ROUND: 58
POSITION: 18 11
HYBEM SA NA UP

START!!! ROUND: 59
POSITION: 18 10
HYBEM SA NA RIGHT

START!!! ROUND: 60
POSITION: 19 10
HYBEM SA NA UP

START!!! ROUND: 61
POSITION: 19 9
HYBEM SA NA UP

START!!! ROUND: 62
POSITION: 19 8
HYBEM SA NA UP

START!!! ROUND: 63
POSITION: 19 7
HYBEM SA NA UP

START!!! ROUND: 64
POSITION: 19 6
HYBEM SA NA LEFT

START!!! ROUND: 65
POSITION: 18 6
HYBEM SA NA UP

START!!! ROUND: 66
POSITION: 18 5
HYBEM SA NA UP

START!!! ROUND: 67
POSITION: 18 4
HYBEM SA NA UP

START!!! ROUND: 68
POSITION: 18 3
HYBEM SA NA UP

START!!! ROUND: 69
POSITION: 18 2
HYBEM SA NA UP

START!!! ROUND: 70
POSITION: 18 1
HYBEM SA NA UP

START!!! ROUND: 71
POSITION: 18 0
HYBEM SA NA LEFT

START!!! ROUND: 72
POSITION: 17 0
HYBEM SA NA LEFT

START!!! ROUND: 73
POSITION: 16 0
HYBEM SA NA RIGHT

START!!! ROUND: 74
POSITION: 17 0
HYBEM SA NA RIGHT

START!!! ROUND: 75
POSITION: 18 0
HYBEM SA NA RIGHT

START!!! ROUND: 76
POSITION: 19 0
HYBEM SA NA LEFT

START!!! ROUND: 77
POSITION: 18 0
HYBEM SA NA RIGHT

START!!! ROUND: 78
POSITION: 19 0
HYBEM SA NA DOWN

START!!! ROUND: 79
POSITION: 19 1
HYBEM SA NA LEFT

START!!! ROUND: 80
POSITION: 18 1
HYBEM SA NA LEFT

START!!! ROUND: 81
POSITION: 17 1
HYBEM SA NA LEFT

START!!! ROUND: 82
POSITION: 16 1
HYBEM SA NA LEFT

START!!! ROUND: 83
POSITION: 15 1
HYBEM SA NA DOWN

START!!! ROUND: 84
POSITION: 15 2
HYBEM SA NA LEFT

START!!! ROUND: 85
POSITION: 14 2
HYBEM SA NA LEFT

START!!! ROUND: 86
POSITION: 13 2
HYBEM SA NA LEFT

START!!! ROUND: 87
POSITION: 12 2
HYBEM SA NA LEFT

START!!! ROUND: 88
POSITION: 11 2
HYBEM SA NA LEFT

START!!! ROUND: 89
POSITION: 10 2
HYBEM SA NA DOWN

START!!! ROUND: 90
POSITION: 10 3
HYBEM SA NA DOWN

START!!! ROUND: 91
POSITION: 10 4
HYBEM SA NA RIGHT

START!!! ROUND: 92
POSITION: 11 4
HYBEM SA NA RIGHT

START!!! ROUND: 93
POSITION: 12 4
HYBEM SA NA LEFT

START!!! ROUND: 94
POSITION: 11 4
HYBEM SA NA DOWN

START!!! ROUND: 95
POSITION: 11 5
HYBEM SA NA RIGHT

START!!! ROUND: 96
POSITION: 12 5
HYBEM SA NA DOWN

START!!! ROUND: 97
POSITION: 12 6
HYBEM SA NA RIGHT

START!!! ROUND: 98
POSITION: 13 6
HYBEM SA NA DOWN

START!!! ROUND: 99
POSITION: 13 7
HYBEM SA NA RIGHT

START!!! ROUND: 100
POSITION: 14 7
HYBEM SA NA UP

START!!! ROUND: 101
POSITION: 14 6
HYBEM SA NA LEFT

START!!! ROUND: 102
POSITION: 13 6
HYBEM SA NA LEFT

START!!! ROUND: 103
POSITION: 12 6
HYBEM SA NA LEFT

START!!! ROUND: 104
POSITION: 11 6
HYBEM SA NA RIGHT

START!!! ROUND: 105
POSITION: 12 6
HYBEM SA NA LEFT

START!!! ROUND: 106
POSITION: 11 6
HYBEM SA NA LEFT

START!!! ROUND: 107
POSITION: 10 6
HYBEM SA NA UP

START!!! ROUND: 108
POSITION: 10 5
HYBEM SA NA LEFT

START!!! ROUND: 109
POSITION: 9 5
HYBEM SA NA LEFT

START!!! ROUND: 110
POSITION: 8 5
HYBEM SA NA LEFT

START!!! ROUND: 111
POSITION: 7 5
HYBEM SA NA LEFT

START!!! ROUND: 112
POSITION: 6 5
HYBEM SA NA LEFT

START!!! ROUND: 113
POSITION: 5 5
HYBEM SA NA UP

START!!! ROUND: 114
POSITION: 5 4
HYBEM SA NA RIGHT

START!!! ROUND: 115
POSITION: 6 4
HYBEM SA NA RIGHT

START!!! ROUND: 116
POSITION: 7 4
HYBEM SA NA RIGHT

START!!! ROUND: 117
POSITION: 8 4
HYBEM SA NA RIGHT

START!!! ROUND: 118
POSITION: 9 4
HYBEM SA NA UP

START!!! ROUND: 119
POSITION: 9 3
HYBEM SA NA UP

START!!! ROUND: 120
POSITION: 9 2
HYBEM SA NA LEFT

START!!! ROUND: 121
POSITION: 8 2
HYBEM SA NA DOWN

START!!! ROUND: 122
POSITION: 8 3
HYBEM SA NA LEFT

START!!! ROUND: 123
POSITION: 7 3
HYBEM SA NA LEFT

START!!! ROUND: 124
POSITION: 6 3
HYBEM SA NA LEFT

START!!! ROUND: 125
POSITION: 5 3
HYBEM SA NA UP

START!!! ROUND: 126
POSITION: 5 2
HYBEM SA NA RIGHT

START!!! ROUND: 127
POSITION: 6 2
HYBEM SA NA RIGHT

START!!! ROUND: 128
POSITION: 7 2
HYBEM SA NA UP

START!!! ROUND: 129
POSITION: 7 1
HYBEM SA NA LEFT

START!!! ROUND: 130
POSITION: 6 1
HYBEM SA NA LEFT

START!!! ROUND: 131
POSITION: 5 1
HYBEM SA NA UP

START!!! ROUND: 132
POSITION: 5 0
HYBEM SA NA RIGHT

START!!! ROUND: 133
POSITION: 6 0
HYBEM SA NA RIGHT

START!!! ROUND: 134
POSITION: 7 0
HYBEM SA NA RIGHT

START!!! ROUND: 135
POSITION: 8 0
HYBEM SA NA RIGHT

START!!! ROUND: 136
POSITION: 9 0
HYBEM SA NA DOWN

START!!! ROUND: 137
POSITION: 9 1
HYBEM SA NA RIGHT

START!!! ROUND: 138
POSITION: 10 1
HYBEM SA NA RIGHT

START!!! ROUND: 139
POSITION: 11 1
HYBEM SA NA DOWN

START!!! ROUND: 140
POSITION: 11 2
HYBEM SA NA UP

START!!! ROUND: 141
POSITION: 11 1
HYBEM SA NA UP

START!!! ROUND: 142
POSITION: 11 0
HYBEM SA NA LEFT

START!!! ROUND: 143
POSITION: 10 0
HYBEM SA NA LEFT

START!!! ROUND: 144
POSITION: 9 0
HYBEM SA NA LEFT

START!!! ROUND: 145
POSITION: 8 0
HYBEM SA NA LEFT

START!!! ROUND: 146
POSITION: 7 0
HYBEM SA NA LEFT

START!!! ROUND: 147
POSITION: 6 0
HYBEM SA NA LEFT

START!!! ROUND: 148
POSITION: 5 0
HYBEM SA NA LEFT

START!!! ROUND: 149
POSITION: 4 0
HYBEM SA NA DOWN

START!!! ROUND: 150
POSITION: 4 1
HYBEM SA NA DOWN

START!!! ROUND: 151
POSITION: 4 2
HYBEM SA NA DOWN

START!!! ROUND: 152
POSITION: 4 3
HYBEM SA NA DOWN

START!!! ROUND: 153
POSITION: 4 4
HYBEM SA NA LEFT

START!!! ROUND: 154
POSITION: 3 4
HYBEM SA NA UP

START!!! ROUND: 155
POSITION: 3 3
HYBEM SA NA UP

START!!! ROUND: 156
POSITION: 3 2
HYBEM SA NA LEFT

START!!! ROUND: 157
POSITION: 2 2
HYBEM SA NA LEFT

START!!! ROUND: 158
POSITION: 1 2
HYBEM SA NA LEFT

START!!! ROUND: 159
POSITION: 0 2
HYBEM SA NA DOWN

START!!! ROUND: 160
POSITION: 0 3
HYBEM SA NA RIGHT

START!!! ROUND: 161
POSITION: 1 3
HYBEM SA NA RIGHT

START!!! ROUND: 162
POSITION: 2 3
HYBEM SA NA DOWN

START!!! ROUND: 163
POSITION: 2 4
HYBEM SA NA DOWN

START!!! ROUND: 164
POSITION: 2 5
HYBEM SA NA DOWN

START!!! ROUND: 165
POSITION: 2 6
HYBEM SA NA LEFT

START!!! ROUND: 166
POSITION: 1 6
HYBEM SA NA LEFT

START!!! ROUND: 167
POSITION: 0 6
HYBEM SA NA DOWN

START!!! ROUND: 168
POSITION: 0 7
HYBEM SA NA DOWN

START!!! ROUND: 169
POSITION: 0 8
HYBEM SA NA DOWN

START!!! ROUND: 170
POSITION: 0 9
HYBEM SA NA DOWN

START!!! ROUND: 171
POSITION: 0 10
HYBEM SA NA DOWN

START!!! ROUND: 172
POSITION: 0 11
HYBEM SA NA RIGHT

START!!! ROUND: 173
POSITION: 1 11
HYBEM SA NA RIGHT

START!!! ROUND: 174
POSITION: 2 11
HYBEM SA NA RIGHT

START!!! ROUND: 175
POSITION: 3 11
HYBEM SA NA RIGHT

START!!! ROUND: 176
POSITION: 4 11
HYBEM SA NA DOWN

START!!! ROUND: 177
POSITION: 4 12
HYBEM SA NA DOWN

START!!! ROUND: 178
POSITION: 4 13
HYBEM SA NA RIGHT

START!!! ROUND: 179
POSITION: 5 13
HYBEM SA NA RIGHT

START!!! ROUND: 180
POSITION: 6 13
HYBEM SA NA UP

START!!! ROUND: 181
POSITION: 6 12
HYBEM SA NA UP

START!!! ROUND: 182
POSITION: 6 11
HYBEM SA NA LEFT

START!!! ROUND: 183
POSITION: 5 11
HYBEM SA NA UP

START!!! ROUND: 184
POSITION: 5 10
HYBEM SA NA UP

START!!! ROUND: 185
POSITION: 5 9
HYBEM SA NA LEFT

START!!! ROUND: 186
POSITION: 4 9
HYBEM SA NA UP

START!!! ROUND: 187
POSITION: 4 8
HYBEM SA NA UP

START!!! ROUND: 188
POSITION: 4 7
HYBEM SA NA UP

START!!! ROUND: 189
POSITION: 4 6
HYBEM SA NA LEFT

START!!! ROUND: 190
POSITION: 3 6
HYBEM SA NA UP

START!!! ROUND: 191
POSITION: 3 5
HYBEM SA NA RIGHT

START!!! ROUND: 192
POSITION: 4 5
HYBEM SA NA RIGHT

START!!! ROUND: 193
POSITION: 5 5
HYBEM SA NA RIGHT

START!!! ROUND: 194
POSITION: 6 5
HYBEM SA NA RIGHT

START!!! ROUND: 195
POSITION: 7 5
HYBEM SA NA DOWN

START!!! ROUND: 196
POSITION: 7 6
HYBEM SA NA UP

START!!! ROUND: 197
POSITION: 7 5
HYBEM SA NA UP

START!!! ROUND: 198
POSITION: 7 4
HYBEM SA NA UP

START!!! ROUND: 199
POSITION: 7 3
HYBEM SA NA LEFT

START!!! ROUND: 200
POSITION: 6 3
HYBEM SA NA DOWN

START!!! ROUND: 201
POSITION: 6 4
HYBEM SA NA DOWN

START!!! ROUND: 202
POSITION: 6 5
HYBEM SA NA DOWN

START!!! ROUND: 203
POSITION: 6 6
HYBEM SA NA RIGHT

START!!! ROUND: 204
POSITION: 7 6
HYBEM SA NA RIGHT

START!!! ROUND: 205
POSITION: 8 6
HYBEM SA NA LEFT

START!!! ROUND: 206
POSITION: 7 6
HYBEM SA NA LEFT

START!!! ROUND: 207
POSITION: 6 6
HYBEM SA NA LEFT

START!!! ROUND: 208
POSITION: 5 6
HYBEM SA NA LEFT

START!!! ROUND: 209
POSITION: 4 6
HYBEM SA NA RIGHT

START!!! ROUND: 210
POSITION: 5 6
HYBEM SA NA DOWN

START!!! ROUND: 211
POSITION: 5 7
HYBEM SA NA LEFT

START!!! ROUND: 212
POSITION: 4 7
HYBEM SA NA LEFT

START!!! ROUND: 213
POSITION: 3 7
HYBEM SA NA RIGHT

START!!! ROUND: 214
POSITION: 4 7
HYBEM SA NA RIGHT

START!!! ROUND: 215
POSITION: 5 7
HYBEM SA NA RIGHT

START!!! ROUND: 216
POSITION: 6 7
HYBEM SA NA DOWN

START!!! ROUND: 217
POSITION: 6 8
HYBEM SA NA DOWN

START!!! ROUND: 218
POSITION: 6 9
HYBEM SA NA DOWN

START!!! ROUND: 219
POSITION: 6 10
HYBEM SA NA DOWN

START!!! ROUND: 220
POSITION: 6 11
HYBEM SA NA UP

START!!! ROUND: 221
POSITION: 6 10
HYBEM SA NA RIGHT

START!!! ROUND: 222
POSITION: 7 10
HYBEM SA NA UP

START!!! ROUND: 223
POSITION: 7 9
HYBEM SA NA LEFT

START!!! ROUND: 224
POSITION: 6 9
HYBEM SA NA RIGHT

START!!! ROUND: 225
POSITION: 7 9
HYBEM SA NA RIGHT

START!!! ROUND: 226
POSITION: 8 9
HYBEM SA NA DOWN

START!!! ROUND: 227
POSITION: 8 10
HYBEM SA NA LEFT

START!!! ROUND: 228
POSITION: 7 10
HYBEM SA NA LEFT

START!!! ROUND: 229
POSITION: 6 10
HYBEM SA NA LEFT

START!!! ROUND: 230
POSITION: 5 10
HYBEM SA NA LEFT

START!!! ROUND: 231
POSITION: 4 10
HYBEM SA NA LEFT

START!!! ROUND: 232
POSITION: 3 10
HYBEM SA NA DOWN

START!!! ROUND: 233
POSITION: 3 11
HYBEM SA NA DOWN

START!!! ROUND: 234
POSITION: 3 12
HYBEM SA NA DOWN

START!!! ROUND: 235
POSITION: 3 13
HYBEM SA NA DOWN

START!!! ROUND: 236
POSITION: 3 14
HYBEM SA NA DOWN

START!!! ROUND: 237
POSITION: 3 15
HYBEM SA NA DOWN

START!!! ROUND: 238
POSITION: 3 16
HYBEM SA NA DOWN

START!!! ROUND: 239
POSITION: 3 17
HYBEM SA NA RIGHT

START!!! ROUND: 240
POSITION: 4 17
HYBEM SA NA RIGHT

START!!! ROUND: 241
POSITION: 5 17
HYBEM SA NA UP

START!!! ROUND: 242
POSITION: 5 16
HYBEM SA NA UP

START!!! ROUND: 243
POSITION: 5 15
HYBEM SA NA LEFT

START!!! ROUND: 244
POSITION: 4 15
HYBEM SA NA UP

START!!! ROUND: 245
POSITION: 4 14
HYBEM SA NA UP

START!!! ROUND: 246
POSITION: 4 13
HYBEM SA NA UP

START!!! ROUND: 247
POSITION: 4 12
HYBEM SA NA LEFT

START!!! ROUND: 248
POSITION: 3 12
HYBEM SA NA LEFT

START!!! ROUND: 249
POSITION: 2 12
HYBEM SA NA DOWN

START!!! ROUND: 250
POSITION: 2 13
HYBEM SA NA DOWN

START!!! ROUND: 251
POSITION: 2 14
HYBEM SA NA DOWN

START!!! ROUND: 252
POSITION: 2 15
HYBEM SA NA DOWN

START!!! ROUND: 253
POSITION: 2 16
HYBEM SA NA DOWN

START!!! ROUND: 254
POSITION: 2 17
HYBEM SA NA DOWN

START!!! ROUND: 255
POSITION: 2 18
HYBEM SA NA RIGHT

START!!! ROUND: 256
POSITION: 3 18
HYBEM SA NA RIGHT

START!!! ROUND: 257
POSITION: 4 18
HYBEM SA NA UP

START!!! ROUND: 258
POSITION: 4 17
HYBEM SA NA DOWN

START!!! ROUND: 259
POSITION: 4 18
HYBEM SA NA UP

START!!! ROUND: 260
POSITION: 4 17
HYBEM SA NA RIGHT

START!!! ROUND: 261
POSITION: 5 17
HYBEM SA NA RIGHT

START!!! ROUND: 262
POSITION: 6 17
HYBEM SA NA DOWN

START!!! ROUND: 263
POSITION: 6 18
HYBEM SA NA DOWN

START!!! ROUND: 264
POSITION: 6 19
HYBEM SA NA LEFT

START!!! ROUND: 265
POSITION: 5 19
HYBEM SA NA LEFT

START!!! ROUND: 266
POSITION: 4 19
HYBEM SA NA UP

START!!! ROUND: 267
POSITION: 4 18
HYBEM SA NA LEFT

START!!! ROUND: 268
POSITION: 3 18
HYBEM SA NA DOWN

START!!! ROUND: 269
POSITION: 3 19
HYBEM SA NA LEFT

START!!! ROUND: 270
POSITION: 2 19
HYBEM SA NA LEFT

START!!! ROUND: 271
POSITION: 1 19
HYBEM SA NA LEFT

START!!! ROUND: 272
POSITION: 0 19
HYBEM SA NA UP

START!!! ROUND: 273
POSITION: 0 18
HYBEM SA NA UP

START!!! ROUND: 274
POSITION: 0 17
HYBEM SA NA RIGHT

START!!! ROUND: 275
POSITION: 1 17
HYBEM SA NA UP

START!!! ROUND: 276
POSITION: 1 16
HYBEM SA NA RIGHT

START!!! ROUND: 277
POSITION: 2 16
HYBEM SA NA LEFT

START!!! ROUND: 278
POSITION: 1 16
HYBEM SA NA LEFT

START!!! ROUND: 279
POSITION: 0 16
HYBEM SA NA RIGHT

START!!! ROUND: 280
POSITION: 1 16
HYBEM SA NA LEFT

START!!! ROUND: 281
POSITION: 0 16
HYBEM SA NA UP

START!!! ROUND: 282
POSITION: 0 15
HYBEM SA NA RIGHT

START!!! ROUND: 283
POSITION: 1 15
HYBEM SA NA DOWN

START!!! ROUND: 284
POSITION: 1 16
HYBEM SA NA UP

START!!! ROUND: 285
POSITION: 1 15
HYBEM SA NA DOWN

START!!! ROUND: 286
POSITION: 1 16
HYBEM SA NA UP

START!!! ROUND: 287
POSITION: 1 15
HYBEM SA NA RIGHT

START!!! ROUND: 288
POSITION: 2 15
HYBEM SA NA LEFT

START!!! ROUND: 289
POSITION: 1 15
HYBEM SA NA UP

START!!! ROUND: 290
POSITION: 1 14
HYBEM SA NA DOWN

START!!! ROUND: 291
POSITION: 1 15
HYBEM SA NA LEFT

START!!! ROUND: 292
POSITION: 0 15
HYBEM SA NA DOWN

START!!! ROUND: 293
POSITION: 0 16
HYBEM SA NA UP

START!!! ROUND: 294
POSITION: 0 15
HYBEM SA NA UP

START!!! ROUND: 295
POSITION: 0 14
HYBEM SA NA UP

START!!! ROUND: 296
POSITION: 0 13
HYBEM SA NA UP

START!!! ROUND: 297
POSITION: 0 12
HYBEM SA NA RIGHT

START!!! ROUND: 298
POSITION: 1 12
HYBEM SA NA DOWN

START!!! ROUND: 299
POSITION: 1 13
HYBEM SA NA DOWN

START!!! ROUND: 300
POSITION: 1 14
HYBEM SA NA RIGHT

START!!! ROUND: 301
POSITION: 2 14
HYBEM SA NA LEFT

START!!! ROUND: 302
POSITION: 1 14
HYBEM SA NA RIGHT

START!!! ROUND: 303
POSITION: 2 14
HYBEM SA NA RIGHT

START!!! ROUND: 304
POSITION: 3 14
HYBEM SA NA RIGHT

START!!! ROUND: 305
POSITION: 4 14
HYBEM SA NA RIGHT

START!!! ROUND: 306
POSITION: 5 14
HYBEM SA NA DOWN

START!!! ROUND: 307
POSITION: 5 15
HYBEM SA NA DOWN

START!!! ROUND: 308
POSITION: 5 16
HYBEM SA NA DOWN

START!!! ROUND: 309
POSITION: 5 17
HYBEM SA NA DOWN

START!!! ROUND: 310
POSITION: 5 18
HYBEM SA NA RIGHT

START!!! ROUND: 311
POSITION: 6 18
HYBEM SA NA LEFT

START!!! ROUND: 312
POSITION: 5 18
HYBEM SA NA RIGHT

START!!! ROUND: 313
POSITION: 6 18
HYBEM SA NA RIGHT

START!!! ROUND: 314
POSITION: 7 18
HYBEM SA NA UP

START!!! ROUND: 315
POSITION: 7 17
HYBEM SA NA UP

START!!! ROUND: 316
POSITION: 7 16
HYBEM SA NA LEFT

START!!! ROUND: 317
POSITION: 6 16
HYBEM SA NA LEFT

START!!! ROUND: 318
POSITION: 5 16
HYBEM SA NA UP

START!!! ROUND: 319
POSITION: 5 15
HYBEM SA NA LEFT

START!!! ROUND: 320
POSITION: 4 15
HYBEM SA NA RIGHT

START!!! ROUND: 321
POSITION: 5 15
HYBEM SA NA LEFT

START!!! ROUND: 322
POSITION: 4 15
HYBEM SA NA UP

START!!! ROUND: 323
POSITION: 4 14
HYBEM SA NA DOWN

START!!! ROUND: 324
POSITION: 4 15
HYBEM SA NA LEFT

START!!! ROUND: 325
POSITION: 3 15
HYBEM SA NA RIGHT

START!!! ROUND: 326
POSITION: 4 15
HYBEM SA NA RIGHT

START!!! ROUND: 327
POSITION: 5 15
NEMOZEM SA HYBAT -> LEFT

START!!! ROUND: 328
POSITION: 4 15
HYBEM SA NA LEFT

START!!! ROUND: 329
POSITION: 3 15
HYBEM SA NA UP

START!!! ROUND: 330
POSITION: 3 14
HYBEM SA NA DOWN

START!!! ROUND: 331
POSITION: 3 15
HYBEM SA NA UP

START!!! ROUND: 332
POSITION: 3 14
HYBEM SA NA RIGHT

START!!! ROUND: 333
POSITION: 4 14
HYBEM SA NA RIGHT

START!!! ROUND: 334
POSITION: 5 14
HYBEM SA NA RIGHT

START!!! ROUND: 335
POSITION: 6 14
HYBEM SA NA DOWN

START!!! ROUND: 336
POSITION: 6 15
HYBEM SA NA DOWN

START!!! ROUND: 337
POSITION: 6 16
HYBEM SA NA UP

START!!! ROUND: 338
POSITION: 6 15
HYBEM SA NA RIGHT

START!!! ROUND: 339
POSITION: 7 15
HYBEM SA NA UP

START!!! ROUND: 340
POSITION: 7 14
HYBEM SA NA UP

START!!! ROUND: 341
POSITION: 7 13
HYBEM SA NA LEFT

START!!! ROUND: 342
POSITION: 6 13
HYBEM SA NA LEFT

START!!! ROUND: 343
POSITION: 5 13
HYBEM SA NA RIGHT

START!!! ROUND: 344
POSITION: 6 13
HYBEM SA NA RIGHT

START!!! ROUND: 345
POSITION: 7 13
HYBEM SA NA RIGHT

START!!! ROUND: 346
POSITION: 8 13
HYBEM SA NA RIGHT

START!!! ROUND: 347
POSITION: 9 13
HYBEM SA NA DOWN

START!!! ROUND: 348
POSITION: 9 14
HYBEM SA NA DOWN

START!!! ROUND: 349
POSITION: 9 15
HYBEM SA NA DOWN

START!!! ROUND: 350
POSITION: 9 16
HYBEM SA NA DOWN

START!!! ROUND: 351
POSITION: 9 17
NEMOZEM SA HYBAT -> LEFT

START!!! ROUND: 352
POSITION: 8 17
HYBEM SA NA LEFT

START!!! ROUND: 353
POSITION: 7 17
HYBEM SA NA UP

START!!! ROUND: 354
POSITION: 7 16
HYBEM SA NA UP

START!!! ROUND: 355
POSITION: 7 15
HYBEM SA NA DOWN

START!!! ROUND: 356
POSITION: 7 16
HYBEM SA NA RIGHT

START!!! ROUND: 357
POSITION: 8 16
HYBEM SA NA RIGHT

START!!! ROUND: 358
POSITION: 9 16
HYBEM SA NA RIGHT

START!!! ROUND: 359
POSITION: 10 16
HYBEM SA NA UP

START!!! ROUND: 360
POSITION: 10 15
HYBEM SA NA UP

START!!! ROUND: 361
POSITION: 10 14
HYBEM SA NA UP

START!!! ROUND: 362
POSITION: 10 13
HYBEM SA NA UP

START!!! ROUND: 363
POSITION: 10 12
HYBEM SA NA UP

START!!! ROUND: 364
POSITION: 10 11
HYBEM SA NA LEFT

START!!! ROUND: 365
POSITION: 9 11
HYBEM SA NA DOWN

START!!! ROUND: 366
POSITION: 9 12
HYBEM SA NA DOWN

START!!! ROUND: 367
POSITION: 9 13
HYBEM SA NA RIGHT

START!!! ROUND: 368
POSITION: 10 13
HYBEM SA NA RIGHT

START!!! ROUND: 369
POSITION: 11 13
HYBEM SA NA RIGHT

START!!! ROUND: 370
POSITION: 12 13
HYBEM SA NA RIGHT

START!!! ROUND: 371
POSITION: 13 13
HYBEM SA NA RIGHT

START!!! ROUND: 372
POSITION: 14 13
HYBEM SA NA RIGHT

START!!! ROUND: 373
POSITION: 15 13
HYBEM SA NA DOWN

START!!! ROUND: 374
POSITION: 15 14
HYBEM SA NA LEFT

START!!! ROUND: 375
POSITION: 14 14
HYBEM SA NA LEFT

START!!! ROUND: 376
POSITION: 13 14
HYBEM SA NA LEFT

START!!! ROUND: 377
POSITION: 12 14
HYBEM SA NA LEFT

START!!! ROUND: 378
POSITION: 11 14
HYBEM SA NA LEFT

START!!! ROUND: 379
POSITION: 10 14
HYBEM SA NA RIGHT

START!!! ROUND: 380
POSITION: 11 14
HYBEM SA NA DOWN

START!!! ROUND: 381
POSITION: 11 15
HYBEM SA NA RIGHT

START!!! ROUND: 382
POSITION: 12 15
HYBEM SA NA RIGHT

START!!! ROUND: 383
POSITION: 13 15
HYBEM SA NA RIGHT

START!!! ROUND: 384
POSITION: 14 15
HYBEM SA NA RIGHT

START!!! ROUND: 385
POSITION: 15 15
HYBEM SA NA RIGHT

START!!! ROUND: 386
POSITION: 16 15
HYBEM SA NA RIGHT

START!!! ROUND: 387
POSITION: 17 15
HYBEM SA NA UP

START!!! ROUND: 388
POSITION: 17 14
HYBEM SA NA LEFT

START!!! ROUND: 389
POSITION: 16 14
HYBEM SA NA UP

START!!! ROUND: 390
POSITION: 16 13
HYBEM SA NA RIGHT

START!!! ROUND: 391
POSITION: 17 13
HYBEM SA NA UP

START!!! ROUND: 392
POSITION: 17 12
HYBEM SA NA UP

START!!! ROUND: 393
POSITION: 17 11
HYBEM SA NA UP

START!!! ROUND: 394
POSITION: 17 10
HYBEM SA NA RIGHT

START!!! ROUND: 395
POSITION: 18 10
HYBEM SA NA RIGHT

START!!! ROUND: 396
POSITION: 19 10
HYBEM SA NA DOWN

START!!! ROUND: 397
POSITION: 19 11
HYBEM SA NA DOWN

START!!! ROUND: 398
POSITION: 19 12
HYBEM SA NA DOWN

START!!! ROUND: 399
POSITION: 19 13
HYBEM SA NA DOWN

START!!! ROUND: 400
POSITION: 19 14
HYBEM SA NA LEFT

START!!! ROUND: 401
POSITION: 18 14
HYBEM SA NA DOWN

START!!! ROUND: 402
POSITION: 18 15
HYBEM SA NA DOWN

START!!! ROUND: 403
POSITION: 18 16
HYBEM SA NA DOWN

START!!! ROUND: 404
POSITION: 18 17
HYBEM SA NA DOWN

START!!! ROUND: 405
POSITION: 18 18
HYBEM SA NA RIGHT

START!!! ROUND: 406
POSITION: 19 18
HYBEM SA NA DOWN

START!!! ROUND: 407
POSITION: 19 19
HYBEM SA NA LEFT

START!!! ROUND: 408
POSITION: 18 19
HYBEM SA NA LEFT

START!!! ROUND: 409
POSITION: 17 19
HYBEM SA NA UP

START!!! ROUND: 410
POSITION: 17 18
HYBEM SA NA UP

START!!! ROUND: 411
POSITION: 17 17
HYBEM SA NA UP

START!!! ROUND: 412
POSITION: 17 16
HYBEM SA NA UP

START!!! ROUND: 413
POSITION: 17 15
HYBEM SA NA LEFT

START!!! ROUND: 414
POSITION: 16 15
HYBEM SA NA DOWN

START!!! ROUND: 415
POSITION: 16 16
HYBEM SA NA DOWN

START!!! ROUND: 416
POSITION: 16 17
HYBEM SA NA DOWN

START!!! ROUND: 417
POSITION: 16 18
HYBEM SA NA DOWN

START!!! ROUND: 418
POSITION: 16 19
HYBEM SA NA RIGHT

START!!! ROUND: 419
POSITION: 17 19
HYBEM SA NA LEFT

START!!! ROUND: 420
POSITION: 16 19
HYBEM SA NA LEFT

START!!! ROUND: 421
POSITION: 15 19
HYBEM SA NA LEFT

START!!! ROUND: 422
POSITION: 14 19
HYBEM SA NA LEFT

START!!! ROUND: 423
POSITION: 13 19
HYBEM SA NA UP

START!!! ROUND: 424
POSITION: 13 18
HYBEM SA NA UP

START!!! ROUND: 425
POSITION: 13 17
HYBEM SA NA LEFT

START!!! ROUND: 426
POSITION: 12 17
HYBEM SA NA UP

START!!! ROUND: 427
POSITION: 12 16
HYBEM SA NA UP

START!!! ROUND: 428
POSITION: 12 15
HYBEM SA NA LEFT

START!!! ROUND: 429
POSITION: 11 15
HYBEM SA NA LEFT

START!!! ROUND: 430
POSITION: 10 15
HYBEM SA NA RIGHT

START!!! ROUND: 431
POSITION: 11 15
HYBEM SA NA DOWN

START!!! ROUND: 432
POSITION: 11 16
HYBEM SA NA RIGHT

START!!! ROUND: 433
POSITION: 12 16
HYBEM SA NA LEFT

START!!! ROUND: 434
POSITION: 11 16
HYBEM SA NA UP

START!!! ROUND: 435
POSITION: 11 15
HYBEM SA NA LEFT

START!!! ROUND: 436
POSITION: 10 15
HYBEM SA NA DOWN

START!!! ROUND: 437
POSITION: 10 16
HYBEM SA NA DOWN

START!!! ROUND: 438
POSITION: 10 17
HYBEM SA NA DOWN

START!!! ROUND: 439
POSITION: 10 18
HYBEM SA NA DOWN

START!!! ROUND: 440
POSITION: 10 19
HYBEM SA NA RIGHT

START!!! ROUND: 441
POSITION: 11 19
HYBEM SA NA RIGHT

START!!! ROUND: 442
POSITION: 12 19
HYBEM SA NA RIGHT

START!!! ROUND: 443
POSITION: 13 19
HYBEM SA NA LEFT

START!!! ROUND: 444
POSITION: 12 19
HYBEM SA NA LEFT

START!!! ROUND: 445
POSITION: 11 19
HYBEM SA NA LEFT

START!!! ROUND: 446
POSITION: 10 19
HYBEM SA NA LEFT

START!!! ROUND: 447
POSITION: 9 19
HYBEM SA NA UP

START!!! ROUND: 448
POSITION: 9 18
HYBEM SA NA RIGHT

START!!! ROUND: 449
POSITION: 10 18
HYBEM SA NA LEFT

START!!! ROUND: 450
POSITION: 9 18
HYBEM SA NA LEFT

START!!! ROUND: 451
POSITION: 8 18
HYBEM SA NA LEFT

START!!! ROUND: 452
POSITION: 7 18
HYBEM SA NA LEFT

START!!! ROUND: 453
POSITION: 6 18
HYBEM SA NA LEFT

START!!! ROUND: 454
POSITION: 5 18
HYBEM SA NA LEFT

START!!! ROUND: 455
POSITION: 4 18
HYBEM SA NA LEFT

START!!! ROUND: 456
POSITION: 3 18
HYBEM SA NA LEFT

START!!! ROUND: 457
POSITION: 2 18
HYBEM SA NA LEFT

START!!! ROUND: 458
POSITION: 1 18
HYBEM SA NA LEFT

START!!! ROUND: 459
POSITION: 0 18
HYBEM SA NA RIGHT

START!!! ROUND: 460
POSITION: 1 18
HYBEM SA NA RIGHT

START!!! ROUND: 461
POSITION: 2 18
HYBEM SA NA RIGHT

START!!! ROUND: 462
POSITION: 3 18
HYBEM SA NA RIGHT

START!!! ROUND: 463
POSITION: 4 18
HYBEM SA NA DOWN

START!!! ROUND: 464
POSITION: 4 19
HYBEM SA NA LEFT

START!!! ROUND: 465
POSITION: 3 19
HYBEM SA NA RIGHT

START!!! ROUND: 466
POSITION: 4 19
HYBEM SA NA RIGHT

START!!! ROUND: 467
POSITION: 5 19
HYBEM SA NA RIGHT

START!!! ROUND: 468
POSITION: 6 19
HYBEM SA NA RIGHT

START!!! ROUND: 469
POSITION: 7 19
HYBEM SA NA RIGHT

START!!! ROUND: 470
POSITION: 8 19
NEMOZEM SA HYBAT -> UP

START!!! ROUND: 471
POSITION: 8 18
HYBEM SA NA LEFT

START!!! ROUND: 472
POSITION: 7 18
HYBEM SA NA LEFT

START!!! ROUND: 473
POSITION: 6 18
HYBEM SA NA RIGHT

START!!! ROUND: 474
POSITION: 7 18
HYBEM SA NA RIGHT

START!!! ROUND: 475
POSITION: 8 18
NEMOZEM SA HYBAT -> LEFT

START!!! ROUND: 476
POSITION: 7 18
HYBEM SA NA LEFT

START!!! ROUND: 477
POSITION: 6 18
HYBEM SA NA LEFT

START!!! ROUND: 478
POSITION: 5 18
HYBEM SA NA LEFT

START!!! ROUND: 479
POSITION: 4 18
HYBEM SA NA RIGHT

START!!! ROUND: 480
POSITION: 5 18
HYBEM SA NA LEFT

START!!! ROUND: 481
POSITION: 4 18
HYBEM SA NA LEFT

START!!! ROUND: 482
POSITION: 3 18
HYBEM SA NA RIGHT

START!!! ROUND: 483
POSITION: 4 18
HYBEM SA NA RIGHT

START!!! ROUND: 484
POSITION: 5 18
HYBEM SA NA RIGHT

START!!! ROUND: 485
POSITION: 6 18
HYBEM SA NA RIGHT

START!!! ROUND: 486
POSITION: 7 18
HYBEM SA NA RIGHT

START!!! ROUND: 487
POSITION: 8 18
HYBEM SA NA UP

START!!! ROUND: 488
POSITION: 8 17
HYBEM SA NA UP

START!!! ROUND: 489
POSITION: 8 16
HYBEM SA NA RIGHT

START!!! ROUND: 490
POSITION: 9 16
HYBEM SA NA UP

START!!! ROUND: 491
POSITION: 9 15
HYBEM SA NA RIGHT

START!!! ROUND: 492
POSITION: 10 15
HYBEM SA NA DOWN

START!!! ROUND: 493
POSITION: 10 16
HYBEM SA NA DOWN

START!!! ROUND: 494
POSITION: 10 17
HYBEM SA NA UP

START!!! ROUND: 495
POSITION: 10 16
HYBEM SA NA LEFT

START!!! ROUND: 496
POSITION: 9 16
HYBEM SA NA DOWN

START!!! ROUND: 497
POSITION: 9 17
HYBEM SA NA DOWN

START!!! ROUND: 498
POSITION: 9 18
HYBEM SA NA LEFT

START!!! ROUND: 499
POSITION: 8 18
HYBEM SA NA DOWN

START!!! ROUND: 500
POSITION: 8 19
HYBEM SA NA RIGHT

START!!! ROUND: 501
POSITION: 9 19
HYBEM SA NA RIGHT

START!!! ROUND: 502
POSITION: 10 19
HYBEM SA NA UP

START!!! ROUND: 503
POSITION: 10 18
HYBEM SA NA LEFT

START!!! ROUND: 504
POSITION: 9 18
HYBEM SA NA LEFT

START!!! ROUND: 505
POSITION: 8 18
HYBEM SA NA LEFT

START!!! ROUND: 506
POSITION: 7 18
HYBEM SA NA UP

START!!! ROUND: 507
POSITION: 7 17
HYBEM SA NA RIGHT

START!!! ROUND: 508
POSITION: 8 17
HYBEM SA NA RIGHT

START!!! ROUND: 509
POSITION: 9 17
HYBEM SA NA RIGHT

START!!! ROUND: 510
POSITION: 10 17
HYBEM SA NA LEFT

START!!! ROUND: 511
POSITION: 9 17
HYBEM SA NA LEFT

START!!! ROUND: 512
POSITION: 8 17
HYBEM SA NA RIGHT

START!!! ROUND: 513
POSITION: 9 17
HYBEM SA NA RIGHT

START!!! ROUND: 514
POSITION: 10 17
HYBEM SA NA RIGHT

START!!! ROUND: 515
POSITION: 11 17
HYBEM SA NA UP

START!!! ROUND: 516
POSITION: 11 16
HYBEM SA NA LEFT

START!!! ROUND: 517
POSITION: 10 16
HYBEM SA NA UP

START!!! ROUND: 518
POSITION: 10 15
HYBEM SA NA UP

START!!! ROUND: 519
POSITION: 10 14
HYBEM SA NA RIGHT

START!!! ROUND: 520
POSITION: 11 14
HYBEM SA NA RIGHT

START!!! ROUND: 521
POSITION: 12 14
HYBEM SA NA LEFT

START!!! ROUND: 522
POSITION: 11 14
HYBEM SA NA RIGHT

START!!! ROUND: 523
POSITION: 12 14
HYBEM SA NA DOWN

START!!! ROUND: 524
POSITION: 12 15
HYBEM SA NA DOWN

START!!! ROUND: 525
POSITION: 12 16
HYBEM SA NA DOWN

START!!! ROUND: 526
POSITION: 12 17
HYBEM SA NA LEFT

START!!! ROUND: 527
POSITION: 11 17
HYBEM SA NA DOWN

START!!! ROUND: 528
POSITION: 11 18
HYBEM SA NA DOWN

START!!! ROUND: 529
POSITION: 11 19
HYBEM SA NA LEFT

START!!! ROUND: 530
POSITION: 10 19
HYBEM SA NA RIGHT

START!!! ROUND: 531
POSITION: 11 19
HYBEM SA NA RIGHT

START!!! ROUND: 532
POSITION: 12 19
HYBEM SA NA UP

START!!! ROUND: 533
POSITION: 12 18
HYBEM SA NA UP

START!!! ROUND: 534
POSITION: 12 17
HYBEM SA NA RIGHT

START!!! ROUND: 535
POSITION: 13 17
HYBEM SA NA RIGHT

START!!! ROUND: 536
POSITION: 14 17
HYBEM SA NA UP

START!!! ROUND: 537
POSITION: 14 16
HYBEM SA NA LEFT

START!!! ROUND: 538
POSITION: 13 16
HYBEM SA NA LEFT

START!!! ROUND: 539
POSITION: 12 16
HYBEM SA NA RIGHT

START!!! ROUND: 540
POSITION: 13 16
HYBEM SA NA DOWN

START!!! ROUND: 541
POSITION: 13 17
HYBEM SA NA DOWN

START!!! ROUND: 542
POSITION: 13 18
HYBEM SA NA DOWN

START!!! ROUND: 543
POSITION: 13 19
HYBEM SA NA RIGHT

START!!! ROUND: 544
POSITION: 14 19
HYBEM SA NA UP

START!!! ROUND: 545
POSITION: 14 18
HYBEM SA NA UP

START!!! ROUND: 546
POSITION: 14 17
HYBEM SA NA RIGHT

START!!! ROUND: 547
POSITION: 15 17
HYBEM SA NA LEFT

START!!! ROUND: 548
POSITION: 14 17
HYBEM SA NA LEFT

START!!! ROUND: 549
POSITION: 13 17
HYBEM SA NA LEFT

START!!! ROUND: 550
POSITION: 12 17
HYBEM SA NA LEFT

START!!! ROUND: 551
POSITION: 11 17
HYBEM SA NA RIGHT

START!!! ROUND: 552
POSITION: 12 17
HYBEM SA NA DOWN

START!!! ROUND: 553
POSITION: 12 18
HYBEM SA NA RIGHT

START!!! ROUND: 554
POSITION: 13 18
HYBEM SA NA DOWN

START!!! ROUND: 555
POSITION: 13 19
HYBEM SA NA RIGHT

START!!! ROUND: 556
POSITION: 14 19
HYBEM SA NA RIGHT

START!!! ROUND: 557
POSITION: 15 19
HYBEM SA NA LEFT

START!!! ROUND: 558
POSITION: 14 19
HYBEM SA NA RIGHT

START!!! ROUND: 559
POSITION: 15 19
HYBEM SA NA LEFT

START!!! ROUND: 560
POSITION: 14 19
HYBEM SA NA UP

START!!! ROUND: 561
POSITION: 14 18
HYBEM SA NA RIGHT

START!!! ROUND: 562
POSITION: 15 18
HYBEM SA NA DOWN

START!!! ROUND: 563
POSITION: 15 19
HYBEM SA NA UP

START!!! ROUND: 564
POSITION: 15 18
NEMOZEM SA HYBAT -> LEFT

START!!! ROUND: 565
POSITION: 14 18
NEMOZEM SA HYBAT -> LEFT

START!!! ROUND: 566
POSITION: 13 18
HYBEM SA NA LEFT

START!!! ROUND: 567
POSITION: 12 18
HYBEM SA NA UP

START!!! ROUND: 568
POSITION: 12 17
HYBEM SA NA RIGHT

START!!! ROUND: 569
POSITION: 13 17
HYBEM SA NA RIGHT

START!!! ROUND: 570
POSITION: 14 17
HYBEM SA NA DOWN

START!!! ROUND: 571
POSITION: 14 18
NEMOZEM SA HYBAT -> LEFT

START!!! ROUND: 572
POSITION: 13 18
HYBEM SA NA LEFT

START!!! ROUND: 573
POSITION: 12 18
HYBEM SA NA LEFT

START!!! ROUND: 574
POSITION: 11 18
HYBEM SA NA UP

START!!! ROUND: 575
POSITION: 11 17
HYBEM SA NA UP

START!!! ROUND: 576
POSITION: 11 16
HYBEM SA NA RIGHT

START!!! ROUND: 577
POSITION: 12 16
HYBEM SA NA RIGHT

START!!! ROUND: 578
POSITION: 13 16
HYBEM SA NA LEFT

START!!! ROUND: 579
POSITION: 12 16
HYBEM SA NA UP

START!!! ROUND: 580
POSITION: 12 15
HYBEM SA NA RIGHT

START!!! ROUND: 581
POSITION: 13 15
HYBEM SA NA UP

START!!! ROUND: 582
POSITION: 13 14
HYBEM SA NA RIGHT

START!!! ROUND: 583
POSITION: 14 14
HYBEM SA NA RIGHT

START!!! ROUND: 584
POSITION: 15 14
HYBEM SA NA RIGHT

START!!! ROUND: 585
POSITION: 16 14
HYBEM SA NA DOWN

START!!! ROUND: 586
POSITION: 16 15
HYBEM SA NA DOWN

START!!! ROUND: 587
POSITION: 16 16
HYBEM SA NA LEFT

START!!! ROUND: 588
POSITION: 15 16
HYBEM SA NA UP

START!!! ROUND: 589
POSITION: 15 15
HYBEM SA NA DOWN

START!!! ROUND: 590
POSITION: 15 16
HYBEM SA NA DOWN

START!!! ROUND: 591
POSITION: 15 17
HYBEM SA NA RIGHT

START!!! ROUND: 592
POSITION: 16 17
HYBEM SA NA UP

START!!! ROUND: 593
POSITION: 16 16
HYBEM SA NA RIGHT

START!!! ROUND: 594
POSITION: 17 16
HYBEM SA NA RIGHT

START!!! ROUND: 595
POSITION: 18 16
HYBEM SA NA RIGHT

START!!! ROUND: 596
POSITION: 19 16
HYBEM SA NA LEFT

START!!! ROUND: 597
POSITION: 18 16
HYBEM SA NA DOWN

START!!! ROUND: 598
POSITION: 18 17
HYBEM SA NA DOWN

START!!! ROUND: 599
POSITION: 18 18
HYBEM SA NA RIGHT

START!!! ROUND: 600
POSITION: 19 18
HYBEM SA NA UP

START!!! ROUND: 601
POSITION: 19 17
HYBEM SA NA UP

START!!! ROUND: 602
POSITION: 19 16
HYBEM SA NA UP

START!!! ROUND: 603
POSITION: 19 15
HYBEM SA NA DOWN

START!!! ROUND: 604
POSITION: 19 16
HYBEM SA NA DOWN

START!!! ROUND: 605
POSITION: 19 17
HYBEM SA NA DOWN

START!!! ROUND: 606
POSITION: 19 18
HYBEM SA NA LEFT

START!!! ROUND: 607
POSITION: 18 18
HYBEM SA NA DOWN

START!!! ROUND: 608
POSITION: 18 19
HYBEM SA NA UP

START!!! ROUND: 609
POSITION: 18 18
HYBEM SA NA UP

START!!! ROUND: 610
POSITION: 18 17
NEMOZEM SA HYBAT -> UP

START!!! ROUND: 611
POSITION: 18 16
NEMOZEM SA HYBAT -> LEFT

START!!! ROUND: 612
POSITION: 17 16
NEMOZEM SA HYBAT -> LEFT

START!!! ROUND: 613
POSITION: 16 16
NEMOZEM SA HYBAT -> LEFT

START!!! ROUND: 614
POSITION: 15 16
HYBEM SA NA UP

START!!! ROUND: 615
POSITION: 15 15
HYBEM SA NA LEFT

START!!! ROUND: 616
POSITION: 14 15
HYBEM SA NA UP

START!!! ROUND: 617
POSITION: 14 14
HYBEM SA NA UP

START!!! ROUND: 618
POSITION: 14 13
HYBEM SA NA UP

START!!! ROUND: 619
POSITION: 14 12
HYBEM SA NA DOWN

START!!! ROUND: 620
POSITION: 14 13
HYBEM SA NA DOWN

START!!! ROUND: 621
POSITION: 14 14
HYBEM SA NA DOWN

START!!! ROUND: 622
POSITION: 14 15
HYBEM SA NA DOWN

START!!! ROUND: 623
POSITION: 14 16
HYBEM SA NA RIGHT

START!!! ROUND: 624
POSITION: 15 16
NEMOZEM SA HYBAT -> LEFT

START!!! ROUND: 625
POSITION: 14 16
HYBEM SA NA UP

START!!! ROUND: 626
POSITION: 14 15
HYBEM SA NA LEFT

START!!! ROUND: 627
POSITION: 13 15
HYBEM SA NA LEFT

START!!! ROUND: 628
POSITION: 12 15
HYBEM SA NA DOWN

START!!! ROUND: 629
POSITION: 12 16
HYBEM SA NA LEFT

START!!! ROUND: 630
POSITION: 11 16
HYBEM SA NA DOWN

START!!! ROUND: 631
POSITION: 11 17
HYBEM SA NA DOWN

START!!! ROUND: 632
POSITION: 11 18
HYBEM SA NA DOWN

START!!! ROUND: 633
POSITION: 11 19
HYBEM SA NA UP

START!!! ROUND: 634
POSITION: 11 18
HYBEM SA NA RIGHT

START!!! ROUND: 635
POSITION: 12 18
HYBEM SA NA LEFT

START!!! ROUND: 636
POSITION: 11 18
HYBEM SA NA UP

START!!! ROUND: 637
POSITION: 11 17
HYBEM SA NA UP

START!!! ROUND: 638
POSITION: 11 16
HYBEM SA NA UP

START!!! ROUND: 639
POSITION: 11 15
HYBEM SA NA LEFT

START!!! ROUND: 640
POSITION: 10 15
HYBEM SA NA LEFT

START!!! ROUND: 641
POSITION: 9 15
HYBEM SA NA RIGHT

START!!! ROUND: 642
POSITION: 10 15
HYBEM SA NA LEFT

START!!! ROUND: 643
POSITION: 9 15
HYBEM SA NA RIGHT

START!!! ROUND: 644
POSITION: 10 15
HYBEM SA NA RIGHT

START!!! ROUND: 645
POSITION: 11 15
HYBEM SA NA RIGHT

START!!! ROUND: 646
POSITION: 12 15
NEMOZEM SA HYBAT -> LEFT

START!!! ROUND: 647
POSITION: 11 15
NEMOZEM SA HYBAT -> LEFT

START!!! ROUND: 648
POSITION: 10 15
HYBEM SA NA LEFT

START!!! ROUND: 649
POSITION: 9 15
HYBEM SA NA DOWN

START!!! ROUND: 650
POSITION: 9 16
HYBEM SA NA RIGHT

START!!! ROUND: 651
POSITION: 10 16
NEMOZEM SA HYBAT -> LEFT

START!!! ROUND: 652
POSITION: 9 16
HYBEM SA NA LEFT

START!!! ROUND: 653
POSITION: 8 16
HYBEM SA NA DOWN

START!!! ROUND: 654
POSITION: 8 17
HYBEM SA NA UP

START!!! ROUND: 655
POSITION: 8 16
HYBEM SA NA RIGHT

START!!! ROUND: 656
POSITION: 9 16
HYBEM SA NA RIGHT

START!!! ROUND: 657
POSITION: 10 16
HYBEM SA NA UP

START!!! ROUND: 658
POSITION: 10 15
HYBEM SA NA UP

START!!! ROUND: 659
POSITION: 10 14
HYBEM SA NA RIGHT

START!!! ROUND: 660
POSITION: 11 14
HYBEM SA NA RIGHT

START!!! ROUND: 661
POSITION: 12 14
HYBEM SA NA DOWN

START!!! ROUND: 662
POSITION: 12 15
HYBEM SA NA RIGHT

START!!! ROUND: 663
POSITION: 13 15
HYBEM SA NA RIGHT

START!!! ROUND: 664
POSITION: 14 15
HYBEM SA NA UP

START!!! ROUND: 665
POSITION: 14 14
HYBEM SA NA RIGHT

START!!! ROUND: 666
POSITION: 15 14
HYBEM SA NA DOWN

START!!! ROUND: 667
POSITION: 15 15
HYBEM SA NA LEFT

START!!! ROUND: 668
POSITION: 14 15
HYBEM SA NA DOWN

START!!! ROUND: 669
POSITION: 14 16
HYBEM SA NA RIGHT

START!!! ROUND: 670
POSITION: 15 16
HYBEM SA NA DOWN

START!!! ROUND: 671
POSITION: 15 17
HYBEM SA NA RIGHT

START!!! ROUND: 672
POSITION: 16 17
HYBEM SA NA RIGHT

START!!! ROUND: 673
POSITION: 17 17
HYBEM SA NA RIGHT

START!!! ROUND: 674
POSITION: 18 17
HYBEM SA NA RIGHT

START!!! ROUND: 675
POSITION: 19 17
HYBEM SA NA LEFT

START!!! ROUND: 676
POSITION: 18 17
HYBEM SA NA LEFT

START!!! ROUND: 677
POSITION: 17 17
HYBEM SA NA DOWN

START!!! ROUND: 678
POSITION: 17 18
HYBEM SA NA DOWN

START!!! ROUND: 679
POSITION: 17 19
HYBEM SA NA LEFT

START!!! ROUND: 680
POSITION: 16 19
HYBEM SA NA LEFT

START!!! ROUND: 681
POSITION: 15 19
HYBEM SA NA LEFT

START!!! ROUND: 682
POSITION: 14 19
HYBEM SA NA UP

START!!! ROUND: 683
POSITION: 14 18
HYBEM SA NA UP

START!!! ROUND: 684
POSITION: 14 17
HYBEM SA NA UP

START!!! ROUND: 685
POSITION: 14 16
HYBEM SA NA UP

START!!! ROUND: 686
POSITION: 14 15
HYBEM SA NA LEFT

START!!! ROUND: 687
POSITION: 13 15
HYBEM SA NA LEFT

START!!! ROUND: 688
POSITION: 12 15
NEMOZEM SA HYBAT -> UP

START!!! ROUND: 689
POSITION: 12 14
NEMOZEM SA HYBAT -> LEFT

START!!! ROUND: 690
POSITION: 11 14
HYBEM SA NA LEFT

START!!! ROUND: 691
POSITION: 10 14
HYBEM SA NA RIGHT

START!!! ROUND: 692
POSITION: 11 14
HYBEM SA NA RIGHT

START!!! ROUND: 693
POSITION: 12 14
HYBEM SA NA RIGHT

START!!! ROUND: 694
POSITION: 13 14
HYBEM SA NA RIGHT

START!!! ROUND: 695
POSITION: 14 14
HYBEM SA NA RIGHT

START!!! ROUND: 696
POSITION: 15 14
HYBEM SA NA RIGHT

START!!! ROUND: 697
POSITION: 16 14
HYBEM SA NA RIGHT

START!!! ROUND: 698
POSITION: 17 14
HYBEM SA NA LEFT

START!!! ROUND: 699
POSITION: 16 14
HYBEM SA NA LEFT

START!!! ROUND: 700
POSITION: 15 14
HYBEM SA NA LEFT

START!!! ROUND: 701
POSITION: 14 14
HYBEM SA NA LEFT

START!!! ROUND: 702
POSITION: 13 14
HYBEM SA NA LEFT

START!!! ROUND: 703
POSITION: 12 14
HYBEM SA NA DOWN

START!!! ROUND: 704
POSITION: 12 15
HYBEM SA NA UP

START!!! ROUND: 705
POSITION: 12 14
HYBEM SA NA LEFT

START!!! ROUND: 706
POSITION: 11 14
HYBEM SA NA DOWN

START!!! ROUND: 707
POSITION: 11 15
HYBEM SA NA UP

START!!! ROUND: 708
POSITION: 11 14
HYBEM SA NA LEFT

START!!! ROUND: 709
POSITION: 10 14
HYBEM SA NA LEFT

START!!! ROUND: 710
POSITION: 9 14
HYBEM SA NA RIGHT

START!!! ROUND: 711
POSITION: 10 14
HYBEM SA NA RIGHT

START!!! ROUND: 712
POSITION: 11 14
HYBEM SA NA RIGHT

START!!! ROUND: 713
POSITION: 12 14
HYBEM SA NA RIGHT

START!!! ROUND: 714
POSITION: 13 14
HYBEM SA NA DOWN

START!!! ROUND: 715
POSITION: 13 15
HYBEM SA NA DOWN

START!!! ROUND: 716
POSITION: 13 16
HYBEM SA NA LEFT

START!!! ROUND: 717
POSITION: 12 16
HYBEM SA NA LEFT

START!!! ROUND: 718
POSITION: 11 16
HYBEM SA NA LEFT

START!!! ROUND: 719
POSITION: 10 16
HYBEM SA NA LEFT

START!!! ROUND: 720
POSITION: 9 16
HYBEM SA NA DOWN

START!!! ROUND: 721
POSITION: 9 17
HYBEM SA NA DOWN

START!!! ROUND: 722
POSITION: 9 18
HYBEM SA NA DOWN

START!!! ROUND: 723
POSITION: 9 19
HYBEM SA NA LEFT

START!!! ROUND: 724
POSITION: 8 19
HYBEM SA NA UP

START!!! ROUND: 725
POSITION: 8 18
HYBEM SA NA UP

START!!! ROUND: 726
POSITION: 8 17
HYBEM SA NA RIGHT

START!!! ROUND: 727
POSITION: 9 17
HYBEM SA NA RIGHT

START!!! ROUND: 728
POSITION: 10 17
HYBEM SA NA RIGHT

START!!! ROUND: 729
POSITION: 11 17
HYBEM SA NA UP

START!!! ROUND: 730
POSITION: 11 16
HYBEM SA NA RIGHT

START!!! ROUND: 731
POSITION: 12 16
HYBEM SA NA DOWN

START!!! ROUND: 732
POSITION: 12 17
HYBEM SA NA LEFT

START!!! ROUND: 733
POSITION: 11 17
HYBEM SA NA DOWN

START!!! ROUND: 734
POSITION: 11 18
HYBEM SA NA UP

START!!! ROUND: 735
POSITION: 11 17
HYBEM SA NA LEFT

START!!! ROUND: 736
POSITION: 10 17
HYBEM SA NA UP

START!!! ROUND: 737
POSITION: 10 16
HYBEM SA NA DOWN

START!!! ROUND: 738
POSITION: 10 17
HYBEM SA NA DOWN

START!!! ROUND: 739
POSITION: 10 18
HYBEM SA NA LEFT

START!!! ROUND: 740
POSITION: 9 18
HYBEM SA NA RIGHT

START!!! ROUND: 741
POSITION: 10 18
HYBEM SA NA DOWN

START!!! ROUND: 742
POSITION: 10 19
HYBEM SA NA RIGHT

START!!! ROUND: 743
POSITION: 11 19
HYBEM SA NA UP

START!!! ROUND: 744
POSITION: 11 18
HYBEM SA NA RIGHT

START!!! ROUND: 745
POSITION: 12 18
HYBEM SA NA LEFT

START!!! ROUND: 746
POSITION: 11 18
HYBEM SA NA RIGHT

START!!! ROUND: 747
POSITION: 12 18
HYBEM SA NA RIGHT

START!!! ROUND: 748
POSITION: 13 18
HYBEM SA NA UP

START!!! ROUND: 749
POSITION: 13 17
HYBEM SA NA UP

START!!! ROUND: 750
POSITION: 13 16
HYBEM SA NA UP

START!!! ROUND: 751
POSITION: 13 15
HYBEM SA NA UP

START!!! ROUND: 752
POSITION: 13 14
HYBEM SA NA UP

START!!! ROUND: 753
POSITION: 13 13
HYBEM SA NA RIGHT

START!!! ROUND: 754
POSITION: 14 13
HYBEM SA NA DOWN

START!!! ROUND: 755
POSITION: 14 14
HYBEM SA NA RIGHT

START!!! ROUND: 756
POSITION: 15 14
HYBEM SA NA UP

START!!! ROUND: 757
POSITION: 15 13
HYBEM SA NA RIGHT

START!!! ROUND: 758
POSITION: 16 13
HYBEM SA NA UP

START!!! ROUND: 759
POSITION: 16 12
HYBEM SA NA UP

START!!! ROUND: 760
POSITION: 16 11
HYBEM SA NA UP

START!!! ROUND: 761
POSITION: 16 10
HYBEM SA NA RIGHT

START!!! ROUND: 762
POSITION: 17 10
HYBEM SA NA RIGHT

START!!! ROUND: 763
POSITION: 18 10
HYBEM SA NA LEFT

START!!! ROUND: 764
POSITION: 17 10
HYBEM SA NA DOWN

START!!! ROUND: 765
POSITION: 17 11
HYBEM SA NA DOWN

START!!! ROUND: 766
POSITION: 17 12
HYBEM SA NA DOWN

START!!! ROUND: 767
POSITION: 17 13
HYBEM SA NA DOWN

START!!! ROUND: 768
POSITION: 17 14
HYBEM SA NA RIGHT

START!!! ROUND: 769
POSITION: 18 14
HYBEM SA NA RIGHT

START!!! ROUND: 770
POSITION: 19 14
HYBEM SA NA LEFT

START!!! ROUND: 771
POSITION: 18 14
HYBEM SA NA RIGHT

START!!! ROUND: 772
POSITION: 19 14
HYBEM SA NA LEFT

START!!! ROUND: 773
POSITION: 18 14
HYBEM SA NA LEFT

START!!! ROUND: 774
POSITION: 17 14
HYBEM SA NA RIGHT

START!!! ROUND: 775
POSITION: 18 14
HYBEM SA NA DOWN

START!!! ROUND: 776
POSITION: 18 15
HYBEM SA NA DOWN

START!!! ROUND: 777
POSITION: 18 16
HYBEM SA NA LEFT

START!!! ROUND: 778
POSITION: 17 16
HYBEM SA NA DOWN

START!!! ROUND: 779
POSITION: 17 17
HYBEM SA NA DOWN

START!!! ROUND: 780
POSITION: 17 18
HYBEM SA NA RIGHT

START!!! ROUND: 781
POSITION: 18 18
HYBEM SA NA DOWN

START!!! ROUND: 782
POSITION: 18 19
HYBEM SA NA RIGHT

START!!! ROUND: 783
POSITION: 19 19
HYBEM SA NA LEFT

START!!! ROUND: 784
POSITION: 18 19
HYBEM SA NA LEFT

START!!! ROUND: 785
POSITION: 17 19
HYBEM SA NA LEFT

START!!! ROUND: 786
POSITION: 16 19
HYBEM SA NA LEFT

START!!! ROUND: 787
POSITION: 15 19
HYBEM SA NA UP

START!!! ROUND: 788
POSITION: 15 18
HYBEM SA NA UP

START!!! ROUND: 789
POSITION: 15 17
HYBEM SA NA UP

START!!! ROUND: 790
POSITION: 15 16
HYBEM SA NA UP

START!!! ROUND: 791
POSITION: 15 15
HYBEM SA NA UP

START!!! ROUND: 792
POSITION: 15 14
HYBEM SA NA RIGHT

START!!! ROUND: 793
POSITION: 16 14
HYBEM SA NA RIGHT

START!!! ROUND: 794
POSITION: 17 14
HYBEM SA NA LEFT

START!!! ROUND: 795
POSITION: 16 14
HYBEM SA NA UP

START!!! ROUND: 796
POSITION: 16 13
HYBEM SA NA DOWN

START!!! ROUND: 797
POSITION: 16 14
HYBEM SA NA UP

START!!! ROUND: 798
POSITION: 16 13
HYBEM SA NA RIGHT

START!!! ROUND: 799
POSITION: 17 13
HYBEM SA NA DOWN

START!!! ROUND: 800
POSITION: 17 14
HYBEM SA NA DOWN

START!!! ROUND: 801
POSITION: 17 15
HYBEM SA NA RIGHT

START!!! ROUND: 802
POSITION: 18 15
HYBEM SA NA RIGHT

START!!! ROUND: 803
POSITION: 19 15
HYBEM SA NA LEFT

START!!! ROUND: 804
POSITION: 18 15
HYBEM SA NA LEFT

START!!! ROUND: 805
POSITION: 17 15
HYBEM SA NA LEFT

START!!! ROUND: 806
POSITION: 16 15
HYBEM SA NA UP

START!!! ROUND: 807
POSITION: 16 14
HYBEM SA NA UP

START!!! ROUND: 808
POSITION: 16 13
HYBEM SA NA LEFT

START!!! ROUND: 809
POSITION: 15 13
HYBEM SA NA UP

START!!! ROUND: 810
POSITION: 15 12
HYBEM SA NA UP

START!!! ROUND: 811
POSITION: 15 11
HYBEM SA NA UP

START!!! ROUND: 812
POSITION: 15 10
HYBEM SA NA LEFT

START!!! ROUND: 813
POSITION: 14 10
NEMOZEM SA HYBAT -> LEFT

START!!! ROUND: 814
POSITION: 13 10
HYBEM SA NA LEFT

START!!! ROUND: 815
POSITION: 12 10
HYBEM SA NA RIGHT

START!!! ROUND: 816
POSITION: 13 10
HYBEM SA NA LEFT

START!!! ROUND: 817
POSITION: 12 10
HYBEM SA NA LEFT

START!!! ROUND: 818
POSITION: 11 10
HYBEM SA NA UP

START!!! ROUND: 819
POSITION: 11 9
HYBEM SA NA RIGHT

START!!! ROUND: 820
POSITION: 12 9
HYBEM SA NA LEFT

START!!! ROUND: 821
POSITION: 11 9
HYBEM SA NA DOWN

START!!! ROUND: 822
POSITION: 11 10
HYBEM SA NA UP

START!!! ROUND: 823
POSITION: 11 9
HYBEM SA NA RIGHT

START!!! ROUND: 824
POSITION: 12 9
HYBEM SA NA RIGHT

START!!! ROUND: 825
POSITION: 13 9
HYBEM SA NA RIGHT

START!!! ROUND: 826
POSITION: 14 9
HYBEM SA NA LEFT

START!!! ROUND: 827
POSITION: 13 9
HYBEM SA NA DOWN

START!!! ROUND: 828
POSITION: 13 10
HYBEM SA NA UP

START!!! ROUND: 829
POSITION: 13 9
HYBEM SA NA DOWN

START!!! ROUND: 830
POSITION: 13 10
HYBEM SA NA DOWN

START!!! ROUND: 831
POSITION: 13 11
HYBEM SA NA UP

START!!! ROUND: 832
POSITION: 13 10
HYBEM SA NA RIGHT

START!!! ROUND: 833
POSITION: 14 10
HYBEM SA NA DOWN

START!!! ROUND: 834
POSITION: 14 11
HYBEM SA NA RIGHT

START!!! ROUND: 835
POSITION: 15 11
HYBEM SA NA RIGHT

START!!! ROUND: 836
POSITION: 16 11
HYBEM SA NA UP

START!!! ROUND: 837
POSITION: 16 10
HYBEM SA NA UP

START!!! ROUND: 838
POSITION: 16 9
HYBEM SA NA LEFT

START!!! ROUND: 839
POSITION: 15 9
HYBEM SA NA DOWN

START!!! ROUND: 840
POSITION: 15 10
HYBEM SA NA LEFT

START!!! ROUND: 841
POSITION: 14 10
HYBEM SA NA DOWN

START!!! ROUND: 842
POSITION: 14 11
HYBEM SA NA DOWN

START!!! ROUND: 843
POSITION: 14 12
HYBEM SA NA DOWN

START!!! ROUND: 844
POSITION: 14 13
HYBEM SA NA DOWN

START!!! ROUND: 845
POSITION: 14 14
HYBEM SA NA LEFT

START!!! ROUND: 846
POSITION: 13 14
HYBEM SA NA UP

START!!! ROUND: 847
POSITION: 13 13
HYBEM SA NA UP

START!!! ROUND: 848
POSITION: 13 12
HYBEM SA NA UP

START!!! ROUND: 849
POSITION: 13 11
HYBEM SA NA RIGHT

START!!! ROUND: 850
POSITION: 14 11
HYBEM SA NA RIGHT

START!!! ROUND: 851
POSITION: 15 11
HYBEM SA NA DOWN

START!!! ROUND: 852
POSITION: 15 12
HYBEM SA NA RIGHT

START!!! ROUND: 853
POSITION: 16 12
HYBEM SA NA DOWN

START!!! ROUND: 854
POSITION: 16 13
HYBEM SA NA LEFT

START!!! ROUND: 855
POSITION: 15 13
HYBEM SA NA LEFT

START!!! ROUND: 856
POSITION: 14 13
HYBEM SA NA LEFT

START!!! ROUND: 857
POSITION: 13 13
HYBEM SA NA LEFT

START!!! ROUND: 858
POSITION: 12 13
HYBEM SA NA LEFT

START!!! ROUND: 859
POSITION: 11 13
HYBEM SA NA RIGHT

START!!! ROUND: 860
POSITION: 12 13
HYBEM SA NA DOWN

START!!! ROUND: 861
POSITION: 12 14
HYBEM SA NA RIGHT

START!!! ROUND: 862
POSITION: 13 14
HYBEM SA NA DOWN

START!!! ROUND: 863
POSITION: 13 15
HYBEM SA NA LEFT

START!!! ROUND: 864
POSITION: 12 15
HYBEM SA NA DOWN

START!!! ROUND: 865
POSITION: 12 16
HYBEM SA NA LEFT

START!!! ROUND: 866
POSITION: 11 16
HYBEM SA NA RIGHT

START!!! ROUND: 867
POSITION: 12 16
HYBEM SA NA RIGHT

START!!! ROUND: 868
POSITION: 13 16
HYBEM SA NA RIGHT

START!!! ROUND: 869
POSITION: 14 16
HYBEM SA NA DOWN

START!!! ROUND: 870
POSITION: 14 17
HYBEM SA NA RIGHT

START!!! ROUND: 871
POSITION: 15 17
HYBEM SA NA RIGHT

START!!! ROUND: 872
POSITION: 16 17
HYBEM SA NA LEFT

START!!! ROUND: 873
POSITION: 15 17
NEMOZEM SA HYBAT -> LEFT

START!!! ROUND: 874
POSITION: 14 17
NEMOZEM SA HYBAT -> LEFT

START!!! ROUND: 875
POSITION: 13 17
HYBEM SA NA LEFT

START!!! ROUND: 876
POSITION: 12 17
HYBEM SA NA UP

START!!! ROUND: 877
POSITION: 12 16
HYBEM SA NA UP

START!!! ROUND: 878
POSITION: 12 15
HYBEM SA NA UP

START!!! ROUND: 879
POSITION: 12 14
HYBEM SA NA RIGHT

START!!! ROUND: 880
POSITION: 13 14
HYBEM SA NA RIGHT

START!!! ROUND: 881
POSITION: 14 14
HYBEM SA NA RIGHT

START!!! ROUND: 882
POSITION: 15 14
HYBEM SA NA RIGHT

START!!! ROUND: 883
POSITION: 16 14
HYBEM SA NA LEFT

START!!! ROUND: 884
POSITION: 15 14
HYBEM SA NA DOWN

START!!! ROUND: 885
POSITION: 15 15
HYBEM SA NA RIGHT

START!!! ROUND: 886
POSITION: 16 15
HYBEM SA NA LEFT

START!!! ROUND: 887
POSITION: 15 15
HYBEM SA NA RIGHT

START!!! ROUND: 888
POSITION: 16 15
HYBEM SA NA LEFT

START!!! ROUND: 889
POSITION: 15 15
HYBEM SA NA LEFT

START!!! ROUND: 890
POSITION: 14 15
HYBEM SA NA RIGHT

START!!! ROUND: 891
POSITION: 15 15
HYBEM SA NA DOWN

START!!! ROUND: 892
POSITION: 15 16
HYBEM SA NA RIGHT

START!!! ROUND: 893
POSITION: 16 16
HYBEM SA NA UP

START!!! ROUND: 894
POSITION: 16 15
HYBEM SA NA DOWN

START!!! ROUND: 895
POSITION: 16 16
NEMOZEM SA HYBAT -> LEFT

START!!! ROUND: 896
POSITION: 15 16
NEMOZEM SA HYBAT -> LEFT

START!!! ROUND: 897
POSITION: 14 16
NEMOZEM SA HYBAT -> LEFT

START!!! ROUND: 898
POSITION: 13 16
HYBEM SA NA UP

START!!! ROUND: 899
POSITION: 13 15
HYBEM SA NA UP

START!!! ROUND: 900
POSITION: 13 14
HYBEM SA NA DOWN

START!!! ROUND: 901
POSITION: 13 15
HYBEM SA NA DOWN

START!!! ROUND: 902
POSITION: 13 16
NEMOZEM SA HYBAT -> LEFT

START!!! ROUND: 903
POSITION: 12 16
HYBEM SA NA RIGHT

START!!! ROUND: 904
POSITION: 13 16
HYBEM SA NA RIGHT

START!!! ROUND: 905
POSITION: 14 16
HYBEM SA NA UP

START!!! ROUND: 906
POSITION: 14 15
HYBEM SA NA UP

START!!! ROUND: 907
POSITION: 14 14
HYBEM SA NA RIGHT

START!!! ROUND: 908
POSITION: 15 14
HYBEM SA NA DOWN

START!!! ROUND: 909
POSITION: 15 15
HYBEM SA NA DOWN

START!!! ROUND: 910
POSITION: 15 16
HYBEM SA NA UP

START!!! ROUND: 911
POSITION: 15 15
HYBEM SA NA DOWN

START!!! ROUND: 912
POSITION: 15 16
HYBEM SA NA LEFT

START!!! ROUND: 913
POSITION: 14 16
HYBEM SA NA DOWN

START!!! ROUND: 914
POSITION: 14 17
HYBEM SA NA RIGHT

START!!! ROUND: 915
POSITION: 15 17
HYBEM SA NA UP

START!!! ROUND: 916
POSITION: 15 16
HYBEM SA NA RIGHT

START!!! ROUND: 917
POSITION: 16 16
HYBEM SA NA DOWN

START!!! ROUND: 918
POSITION: 16 17
HYBEM SA NA DOWN

START!!! ROUND: 919
POSITION: 16 18
HYBEM SA NA LEFT

START!!! ROUND: 920
POSITION: 15 18
HYBEM SA NA LEFT

START!!! ROUND: 921
POSITION: 14 18
HYBEM SA NA LEFT

START!!! ROUND: 922
POSITION: 13 18
HYBEM SA NA UP

START!!! ROUND: 923
POSITION: 13 17
HYBEM SA NA UP

START!!! ROUND: 924
POSITION: 13 16
HYBEM SA NA UP

START!!! ROUND: 925
POSITION: 13 15
HYBEM SA NA UP

START!!! ROUND: 926
POSITION: 13 14
HYBEM SA NA LEFT

START!!! ROUND: 927
POSITION: 12 14
HYBEM SA NA LEFT

START!!! ROUND: 928
POSITION: 11 14
HYBEM SA NA LEFT

START!!! ROUND: 929
POSITION: 10 14
HYBEM SA NA LEFT

START!!! ROUND: 930
POSITION: 9 14
HYBEM SA NA LEFT

START!!! ROUND: 931
POSITION: 8 14
HYBEM SA NA RIGHT

START!!! ROUND: 932
POSITION: 9 14
HYBEM SA NA RIGHT

START!!! ROUND: 933
POSITION: 10 14
HYBEM SA NA DOWN

START!!! ROUND: 934
POSITION: 10 15
HYBEM SA NA DOWN

START!!! ROUND: 935
POSITION: 10 16
HYBEM SA NA LEFT

START!!! ROUND: 936
POSITION: 9 16
NEMOZEM SA HYBAT -> LEFT

START!!! ROUND: 937
POSITION: 8 16
NEMOZEM SA HYBAT -> LEFT

START!!! ROUND: 938
POSITION: 7 16
HYBEM SA NA RIGHT

START!!! ROUND: 939
POSITION: 8 16
NEMOZEM SA HYBAT -> LEFT

START!!! ROUND: 940
POSITION: 7 16
HYBEM SA NA LEFT

START!!! ROUND: 941
POSITION: 6 16
HYBEM SA NA RIGHT

START!!! ROUND: 942
POSITION: 7 16
HYBEM SA NA RIGHT

START!!! ROUND: 943
POSITION: 8 16
HYBEM SA NA RIGHT

START!!! ROUND: 944
POSITION: 9 16
HYBEM SA NA RIGHT

START!!! ROUND: 945
POSITION: 10 16
HYBEM SA NA DOWN

START!!! ROUND: 946
POSITION: 10 17
HYBEM SA NA LEFT

START!!! ROUND: 947
POSITION: 9 17
HYBEM SA NA LEFT

START!!! ROUND: 948
POSITION: 8 17
HYBEM SA NA LEFT

START!!! ROUND: 949
POSITION: 7 17
NEMOZEM SA HYBAT -> LEFT

START!!! ROUND: 950
POSITION: 6 17
HYBEM SA NA LEFT

START!!! ROUND: 951
POSITION: 5 17
HYBEM SA NA LEFT

START!!! ROUND: 952
POSITION: 4 17
HYBEM SA NA RIGHT

START!!! ROUND: 953
POSITION: 5 17
HYBEM SA NA RIGHT

START!!! ROUND: 954
POSITION: 6 17
NEMOZEM SA HYBAT -> LEFT

START!!! ROUND: 955
POSITION: 5 17
HYBEM SA NA LEFT

START!!! ROUND: 956
POSITION: 4 17
HYBEM SA NA LEFT

START!!! ROUND: 957
POSITION: 3 17
HYBEM SA NA RIGHT

START!!! ROUND: 958
POSITION: 4 17
HYBEM SA NA UP

START!!! ROUND: 959
POSITION: 4 16
HYBEM SA NA RIGHT

START!!! ROUND: 960
POSITION: 5 16
HYBEM SA NA RIGHT

START!!! ROUND: 961
POSITION: 6 16
NEMOZEM SA HYBAT -> LEFT

START!!! ROUND: 962
POSITION: 5 16
HYBEM SA NA DOWN

START!!! ROUND: 963
POSITION: 5 17
NEMOZEM SA HYBAT -> LEFT

START!!! ROUND: 964
POSITION: 4 17
HYBEM SA NA DOWN

START!!! ROUND: 965
POSITION: 4 18
HYBEM SA NA DOWN

START!!! ROUND: 966
POSITION: 4 19
HYBEM SA NA RIGHT

START!!! ROUND: 967
POSITION: 5 19
HYBEM SA NA LEFT

START!!! ROUND: 968
POSITION: 4 19
HYBEM SA NA LEFT

START!!! ROUND: 969
POSITION: 3 19
HYBEM SA NA LEFT

START!!! ROUND: 970
POSITION: 2 19
HYBEM SA NA UP

START!!! ROUND: 971
POSITION: 2 18
HYBEM SA NA RIGHT

START!!! ROUND: 972
POSITION: 3 18
HYBEM SA NA RIGHT

START!!! ROUND: 973
POSITION: 4 18
HYBEM SA NA RIGHT

START!!! ROUND: 974
POSITION: 5 18
HYBEM SA NA LEFT

START!!! ROUND: 975
POSITION: 4 18
HYBEM SA NA UP

START!!! ROUND: 976
POSITION: 4 17
HYBEM SA NA RIGHT

START!!! ROUND: 977
POSITION: 5 17
HYBEM SA NA RIGHT

START!!! ROUND: 978
POSITION: 6 17
HYBEM SA NA RIGHT

START!!! ROUND: 979
POSITION: 7 17
HYBEM SA NA UP

START!!! ROUND: 980
POSITION: 7 16
HYBEM SA NA UP

START!!! ROUND: 981
POSITION: 7 15
HYBEM SA NA RIGHT

START!!! ROUND: 982
POSITION: 8 15
HYBEM SA NA RIGHT

START!!! ROUND: 983
POSITION: 9 15
HYBEM SA NA RIGHT

START!!! ROUND: 984
POSITION: 10 15
HYBEM SA NA RIGHT

START!!! ROUND: 985
POSITION: 11 15
HYBEM SA NA RIGHT

START!!! ROUND: 986
POSITION: 12 15
HYBEM SA NA RIGHT

START!!! ROUND: 987
POSITION: 13 15
HYBEM SA NA RIGHT

START!!! ROUND: 988
POSITION: 14 15
HYBEM SA NA LEFT

START!!! ROUND: 989
POSITION: 13 15
NEMOZEM SA HYBAT -> LEFT

START!!! ROUND: 990
POSITION: 12 15
NEMOZEM SA HYBAT -> LEFT

START!!! ROUND: 991
POSITION: 11 15
NEMOZEM SA HYBAT -> LEFT

START!!! ROUND: 992
POSITION: 10 15
HYBEM SA NA UP

START!!! ROUND: 993
POSITION: 10 14
HYBEM SA NA DOWN

START!!! ROUND: 994
POSITION: 10 15
NEMOZEM SA HYBAT -> LEFT

START!!! ROUND: 995
POSITION: 9 15
HYBEM SA NA UP

START!!! ROUND: 996
POSITION: 9 14
HYBEM SA NA UP

START!!! ROUND: 997
POSITION: 9 13
HYBEM SA NA UP

START!!! ROUND: 998
POSITION: 9 12
HYBEM SA NA RIGHT

START!!! ROUND: 999
POSITION: 10 12
HYBEM SA NA DOWN

