2
0 0
3...0

0 0
3...1

1 0
3...2

1 0
1...3

2 0
1...4

2 0
1...5

3 0
1...6

3 0
1...7

3 0
1...8

3 0
1...9

3 0
1...10

3 0
1...11

3 0
1...12

3 0
1...13

3 0
2...14

0 0
3...15

0 3
0...16

0 3
1...17

1 3
1...18

1 3
2...19

0 3
3...20

0 3
1...21

1 3
1...22

1 3
1...23

1 3
1...24

1 3
1...25

2 3
1...26

3 3
1...27

3 3
1...28

3 3
1...29

3 3
1...30

3 3
1...31

3 3
1...32

2 3
2...33

0 3
3...34

0 3
3...35

0 3
3...36

0 3
1...37

1 3
2...38

1 1
0...39

0 1
1...40

3 1
1...41

3 1
1...42

3 1
1...43

3 1
1...44

3 1
1...45

3 1
1...46

3 1
1...47

3 1
1...48

3 1
1...49

