Ja som 0
LEN = 0
	0	0	0	0	0	0	0	0	0	0	0	0	0	0	0	0	0	0	0	0
	0	0	0	0	0	0	0	0	0	0	0	0	0	0	0	0	0	0	0	0
	0	0	0	0	0	0	0	0	0	0	0	0	0	0	0	0	0	0	0	0
	0	0	0	0	0	0	0	0	0	0	0	0	0	0	0	0	0	0	0	0
	0	0	0	0	0	0	0	0	0	0	0	0	0	0	0	0	0	0	0	0
	0	0	0	0	0	0	1	0	0	0	0	0	0	0	0	0	0	0	0	0
	0	0	0	0	0	0	0	0	0	0	0	0	0	0	0	0	0	0	0	0
	0	0	0	0	0	0	0	0	0	0	0	0	0	0	0	0	0	0	0	0
	0	0	0	0	0	0	0	0	0	0	0	0	0	0	0	0	0	0	0	0
	0	0	0	0	0	0	0	0	0	0	0	0	0	0	0	0	0	0	0	0
	0	0	0	0	0	0	0	0	0	0	0	0	0	0	0	0	0	0	0	0
	0	0	0	0	0	0	0	0	0	0	0	0	0	0	0	0	0	0	0	0
	0	0	0	0	0	0	0	0	0	0	0	0	0	0	0	0	0	0	0	0
	0	0	0	0	0	0	0	0	0	0	0	0	0	0	0	0	0	0	0	0
	0	0	0	0	0	0	0	0	0	0	0	0	0	0	0	0	0	0	0	0
	0	0	0	0	0	0	0	0	0	0	0	0	0	0	0	0	0	0	0	0
	0	0	0	0	0	0	0	0	0	0	0	0	0	0	0	0	0	0	0	0
	0	0	0	0	0	0	0	0	0	0	0	0	0	0	0	0	0	0	0	0
	0	0	0	0	0	0	0	0	0	0	0	0	0	0	0	0	0	0	0	0
	0	0	0	0	0	0	0	0	0	0	0	0	0	0	0	0	0	0	0	0

WTF
[4 ; 5] smer LEFT and ku 4 ; 5
[5 ; 4] smer UP and ku 5 ; 4
[6 ; 5] smer RIGHT and ku 6 ; 5
[5 ; 6] smer DOWN and ku 5 ; 6
2000000999	2000000999	2000000999	2000000999
0 > 15 ? 2e+09 < 5
res = 1 + 2.5e-19 + 0.000976562
DIR LEFT A PS[i] = 1 a RU[i] = 2 A[i] = 2000000999 D = 2000000999 score: 1.00098
0 > 15 ? 2e+09 < 5
res = 1 + 2.5e-19 + 0.000976562
0 > 15 ? 2e+09 < 5
res = 1 + 2.5e-19 + 0.000976562
0 > 15 ? 2e+09 < 5
res = 1 + 2.5e-19 + 0.000976562
DIR UP A PS[i] = 1 a RU[i] = 2 A[i] = 2000000999 D = 2000000999 score: 1.00098
0 > 15 ? 2e+09 < 5
res = 1 + 2.5e-19 + 0.000976562
0 > 15 ? 2e+09 < 5
res = 1 + 2.5e-19 + 0.000976562
0 > 15 ? 2e+09 < 5
res = 1 + 2.5e-19 + 0.000976562
DIR RIGHT A PS[i] = 1 a RU[i] = 2 A[i] = 2000000999 D = 2000000999 score: 1.00098
0 > 15 ? 2e+09 < 5
res = 1 + 2.5e-19 + 0.000976562
0 > 15 ? 2e+09 < 5
res = 1 + 2.5e-19 + 0.000976562
0 > 15 ? 2e+09 < 5
res = 1 + 2.5e-19 + 0.000976562
DIR DOWN A PS[i] = 1 a RU[i] = 2 A[i] = 2000000999 D = 2000000999 score: 1.00098
0 > 15 ? 2e+09 < 5
res = 1 + 2.5e-19 + 0.000976562
0 > 15 ? 2e+09 < 5
res = 1 + 2.5e-19 + 0.000976562
0 -> RIGHT
LEN = 0
	0	0	0	0	0	0	0	0	0	0	0	0	0	0	0	0	0	0	0	0
	0	0	0	0	0	0	0	0	0	0	0	0	0	0	0	0	0	0	0	0
	0	0	0	0	0	0	0	0	0	0	0	0	0	0	0	0	0	0	0	0
	0	0	0	0	0	0	0	0	0	0	0	0	0	0	0	0	0	0	0	0
	0	0	0	0	0	0	0	0	0	0	0	0	0	0	0	0	0	0	0	0
	0	0	0	0	0	0	0	0	0	0	0	0	0	0	0	0	0	0	0	0
	0	0	0	0	0	0	1	0	0	0	0	0	0	0	0	0	0	0	0	0
	0	0	0	0	0	0	0	0	0	0	0	0	0	0	0	0	0	0	0	0
	0	0	0	0	0	0	0	0	0	0	0	0	0	0	0	0	0	0	0	0
	0	0	0	0	0	0	0	0	0	0	0	0	0	0	0	0	0	0	0	0
	0	0	0	0	0	0	0	0	0	0	0	0	0	0	0	0	0	0	0	0
	0	0	0	0	0	0	0	0	0	0	0	0	0	0	0	0	0	0	0	0
	0	0	0	0	0	0	0	0	0	0	0	0	0	0	0	0	0	0	0	0
	0	0	0	0	0	0	0	0	0	0	0	0	0	0	0	0	0	0	0	0
	0	0	0	0	0	0	0	0	0	0	0	0	0	0	0	0	0	0	0	0
	0	0	0	0	0	0	0	0	0	0	0	0	0	0	0	0	0	0	0	0
	0	0	0	0	0	0	0	0	0	0	0	0	0	0	0	0	0	0	0	0
	0	0	0	0	0	0	0	0	0	0	0	0	0	0	0	0	0	0	0	0
	0	0	0	0	0	0	0	0	0	0	0	0	0	0	0	0	0	0	0	0
	0	0	0	0	0	0	0	0	0	0	0	0	0	0	0	0	0	0	0	0

WTF
[5 ; 5] smer LEFT and ku 5 ; 5
[6 ; 4] smer UP and ku 6 ; 4
[7 ; 5] smer RIGHT and ku 6 ; 5
[6 ; 6] smer DOWN and ku 6 ; 6
2000000999	2000000999	2000000999	2000000999
0 > 15 ? 2e+09 < 5
res = 1 + 2.5e-19 + 1.69351e-05
DIR LEFT A PS[i] = 1 a RU[i] = 3 A[i] = 2000000999 D = 2000000999 score: 1.00002
0 > 15 ? 2e+09 < 5
res = 1 + 2.5e-19 + 1.69351e-05
0 > 15 ? 2e+09 < 5
res = 1 + 2.5e-19 + 1.69351e-05
0 > 15 ? 2e+09 < 5
res = 1 + 2.5e-19 + 0.000976562
DIR UP A PS[i] = 1 a RU[i] = 2 A[i] = 2000000999 D = 2000000999 score: 1.00098
0 > 15 ? 2e+09 < 5
res = 1 + 2.5e-19 + 0.000976562
0 > 15 ? 2e+09 < 5
res = 1 + 2.5e-19 + 1.69351e-05
0 > 15 ? 2e+09 < 5
res = 0.707107 + 2.5e-19 + 1
DIR RIGHT A PS[i] = 2 a RU[i] = 1 A[i] = 2000000999 D = 2000000999 score: 1.70711
0 > 15 ? 2e+09 < 5
res = 0.707107 + 2.5e-19 + 1
0 > 15 ? 2e+09 < 5
res = 1 + 2.5e-19 + 0.000976562
0 > 15 ? 2e+09 < 5
res = 1 + 2.5e-19 + 0.000976562
DIR DOWN A PS[i] = 1 a RU[i] = 2 A[i] = 2000000999 D = 2000000999 score: 1.00098
0 > 15 ? 2e+09 < 5
res = 1 + 2.5e-19 + 0.000976562
0 > 15 ? 2e+09 < 5
res = 0.707107 + 2.5e-19 + 1
0 > 15 ? 2e+09 < 5
res = 0.707107 + 2.5e-19 + 1
minit = 2 and score: 1.70711
1 -> RIGHT
LEN = 1
	0	0	0	0	0	0	0	0	0	0	0	0	0	0	0	0	0	0	0	0
	0	0	0	0	0	0	0	0	0	0	0	0	0	0	0	0	0	0	0	0
	0	0	0	0	0	0	0	0	0	0	0	0	0	0	0	0	0	0	0	0
	0	0	0	0	0	0	0	0	0	0	0	0	0	0	0	0	0	0	0	0
	0	0	0	0	0	0	0	0	0	0	0	0	0	0	0	0	0	0	0	0
	0	0	0	0	0	0	0	0	0	0	0	0	0	0	0	0	0	0	0	0
	0	0	0	0	0	0	1	0	0	0	0	0	0	0	0	0	0	0	0	0
	0	0	0	0	0	0	1	0	0	0	0	0	0	0	0	0	0	0	0	0
	0	0	0	0	0	0	0	0	0	0	0	0	0	0	0	0	0	0	0	0
	0	0	0	0	0	0	0	0	0	0	0	0	0	0	0	0	0	0	0	0
	0	0	0	0	0	0	0	0	0	0	0	0	0	0	0	0	0	0	0	0
	0	0	0	0	0	0	0	0	0	0	0	0	0	0	0	0	0	0	0	0
	0	0	0	0	0	0	0	0	0	0	0	0	0	0	0	0	0	0	0	0
	0	0	0	0	0	0	0	0	0	0	0	0	0	0	0	0	0	0	0	0
	0	0	0	0	0	0	0	0	0	0	0	0	0	0	0	0	0	0	0	0
	0	0	0	0	0	0	0	0	0	0	0	0	0	0	0	0	0	0	0	0
	0	0	0	0	0	0	0	0	0	0	0	0	0	0	0	0	0	0	0	0
	0	0	0	0	0	0	0	0	0	0	0	0	0	0	0	0	0	0	0	0
	0	0	0	0	0	0	0	0	0	0	0	0	0	0	0	0	0	0	0	0
	0	0	0	0	0	0	0	0	0	0	0	0	0	0	0	0	0	0	0	0

WTF
[6 ; 5] smer LEFT and ku 6 ; 5
[7 ; 4] smer UP and ku 6 ; 4
[8 ; 5] smer RIGHT and ku 6 ; 4
[7 ; 6] smer DOWN and ku 6 ; 6
9	7	5	7
1 > 15 ? 6 < 5
res = 1 + 0.0123457 + 1.69351e-05
DIR LEFT A PS[i] = 1 a RU[i] = 3 A[i] = 9 D = 6 score: 1.01236
1 > 15 ? 6 < 5
res = 1 + 0.0123457 + 1.69351e-05
1 > 15 ? 6 < 5
res = 1 + 0.0123457 + 1.69351e-05
1 > 15 ? 6 < 5
res = 0.707107 + 0.0123457 + 1
DIR UP A PS[i] = 2 a RU[i] = 1 A[i] = 7 D = 6 score: 1.71945
1 > 15 ? 6 < 5
res = 0.707107 + 0.0204082 + 1
1 > 15 ? 6 < 5
res = 1 + 0.0123457 + 1.69351e-05
1 > 15 ? 6 < 5
res = 0.5 + 0.0204082 + 1
DIR RIGHT A PS[i] = 4 a RU[i] = 1 A[i] = 5 D = 6 score: 1.52041
1 > 15 ? 6 < 5
res = 0.5 + 0.04 + 1
1 > 15 ? 6 < 5
res = 0.707107 + 0.0204082 + 1
1 > 15 ? 6 < 5
res = 0.707107 + 0.0204082 + 1
DIR DOWN A PS[i] = 2 a RU[i] = 1 A[i] = 7 D = 6 score: 1.72751
1 > 15 ? 6 < 5
res = 0.707107 + 0.0204082 + 1
1 > 15 ? 6 < 5
res = 0.707107 + 0.0204082 + 1
1 > 15 ? 6 < 5
res = 0.707107 + 0.0204082 + 1
minit = 1 and score: 1.72751
2 -> UP
LEN = 2
Krizim sa tu v smere DOWN
	1	1	1	1	0	0	0	0	0	0	0	0	0	0	0	0	0	0	0	0
	1	1	1	1	0	0	0	0	0	0	0	0	0	0	0	0	0	0	0	0
	1	1	1	1	0	0	0	0	0	0	0	0	0	0	0	0	0	0	0	0
	1	1	1	1	0	0	0	0	0	0	0	0	0	0	0	0	0	0	0	0
	1	1	1	1	0	0	0	0	0	0	0	0	0	0	0	0	0	0	0	0
	1	1	1	1	0	0	0	0	0	0	0	0	0	0	0	0	0	0	0	0
	1	1	1	1	0	0	1	0	0	0	0	0	0	0	0	0	0	0	0	0
	1	1	1	1	0	0	1	0	0	0	0	0	0	0	0	0	0	0	0	0
	1	1	1	1	1	1	1	0	0	0	0	0	0	0	0	0	0	0	0	0
	1	1	1	1	1	1	0	0	0	0	0	0	0	0	0	0	0	0	0	0
	1	1	1	1	1	1	0	0	0	0	0	0	0	0	0	0	0	0	0	0
	1	1	1	1	1	1	0	0	0	0	0	0	0	0	0	0	0	0	0	0
	1	1	1	1	1	1	0	0	0	0	0	0	0	0	0	0	0	0	0	0
	1	1	1	1	1	1	0	0	0	0	0	0	0	0	0	0	0	0	0	0
	1	1	1	1	1	1	0	0	0	0	0	0	0	0	0	0	0	0	0	0
	1	1	1	1	1	1	0	0	0	0	0	0	0	0	0	0	0	0	0	0
	1	1	1	1	1	1	0	0	0	0	0	0	0	0	0	0	0	0	0	0
	1	1	1	1	1	1	0	0	0	0	0	0	0	0	0	0	0	0	0	0
	1	1	1	1	1	1	0	0	0	0	0	0	0	0	0	0	0	0	0	0
	1	1	1	1	1	1	0	0	0	0	0	0	0	0	0	0	0	0	0	0

WTF
[6 ; 4] smer LEFT and ku 6 ; 4
[7 ; 3] smer UP and ku 6 ; 4
[8 ; 4] smer RIGHT and ku 6 ; 4
9	11	11
2 > 15 ? 7 < 5
res = 1 + 0.00826446 + 0.000976562
DIR LEFT A PS[i] = 1 a RU[i] = 2 A[i] = 9 D = 7 score: 1.00924
2 > 15 ? 7 < 5
res = 1 + 0.0123457 + 0.000976562
2 > 15 ? 7 < 5
res = 0.57735 + 0.00826446 + 1
2 > 15 ? 7 < 5
res = 0.57735 + 0.00826446 + 1
DIR UP A PS[i] = 3 a RU[i] = 1 A[i] = 11 D = 7 score: 1.58561
2 > 15 ? 7 < 5
res = 0.57735 + 0.00826446 + 1
2 > 15 ? 7 < 5
res = 0.57735 + 0.00826446 + 1
2 > 15 ? 7 < 5
res = 0.447214 + 0.00826446 + 1
DIR RIGHT A PS[i] = 5 a RU[i] = 1 A[i] = 11 D = 7 score: 1.45548
2 > 15 ? 7 < 5
res = 0.447214 + 0.00826446 + 1
2 > 15 ? 7 < 5
res = 0.57735 + 0.00826446 + 1
2 > 15 ? 7 < 5
res = 0.57735 + 0.00826446 + 1
minit = 1 and score: 1.58561
3 -> UP
LEN = 3
Krizim sa tu v smere DOWN
	1	1	1	0	0	0	0	0	0	0	0	0	0	0	0	0	0	0	0	0
	1	-1	1	0	0	0	0	0	0	0	0	0	0	0	0	0	0	0	0	0
	1	-1	1	0	0	0	0	0	0	0	0	0	0	0	0	0	0	0	0	0
	1	-1	1	0	0	0	0	0	0	0	0	0	0	0	0	0	0	0	0	0
	1	-1	1	0	0	0	0	0	0	0	0	0	0	0	0	0	0	0	0	0
	1	-1	1	0	0	0	0	0	0	0	0	0	0	0	0	0	0	0	0	0
	1	-1	1	0	0	0	1	0	0	0	0	0	0	0	0	0	0	0	0	0
	1	-1	1	0	0	0	1	0	0	0	0	0	0	0	0	0	0	0	0	0
	1	-1	1	1	1	1	1	0	0	0	0	0	0	0	0	0	0	0	0	0
	1	1	1	1	1	1	1	0	0	0	0	0	0	0	0	0	0	0	0	0
	1	1	1	1	1	1	1	0	0	0	0	0	0	0	0	0	0	0	0	0
	1	1	1	1	1	1	1	0	0	0	0	0	0	0	0	0	0	0	0	0
	1	1	1	1	1	1	0	0	0	0	0	0	0	0	0	0	0	0	0	0
	1	1	1	1	1	1	0	0	0	0	0	0	0	0	0	0	0	0	0	0
	1	1	1	1	1	1	0	0	0	0	0	0	0	0	0	0	0	0	0	0
	1	1	1	1	1	1	0	0	0	0	0	0	0	0	0	0	0	0	0	0
	1	1	1	1	1	1	0	0	0	0	0	0	0	0	0	0	0	0	0	0
	1	1	1	1	1	1	0	0	0	0	0	0	0	0	0	0	0	0	0	0
	1	1	1	1	1	1	0	0	0	0	0	0	0	0	0	0	0	0	0	0
	1	1	1	1	1	1	0	0	0	0	0	0	0	0	0	0	0	0	0	0

WTF
[6 ; 3] smer LEFT and ku 6 ; 4
[7 ; 2] smer UP and ku 6 ; 4
[8 ; 3] smer RIGHT and ku 6 ; 4
9	11	11
3 > 15 ? 6 < 5
res = 0.707107 + 0.0123457 + 1
DIR LEFT A PS[i] = 2 a RU[i] = 1 A[i] = 9 D = 6 score: 1.71945
3 > 15 ? 6 < 5
res = 0.707107 + 0.0123457 + 1
3 > 15 ? 6 < 5
res = 0.707107 + 0.0123457 + 1
3 > 15 ? 6 < 5
res = 0.5 + 0.0123457 + 1
DIR UP A PS[i] = 4 a RU[i] = 1 A[i] = 11 D = 6 score: 1.51235
3 > 15 ? 6 < 5
res = 0.5 + 0.00826446 + 1
3 > 15 ? 6 < 5
res = 0.707107 + 0.0123457 + 1
3 > 15 ? 6 < 5
res = 0.408248 + 0.0123457 + 1
DIR RIGHT A PS[i] = 6 a RU[i] = 1 A[i] = 11 D = 6 score: 1.42059
3 > 15 ? 6 < 5
res = 0.408248 + 0.00826446 + 1
3 > 15 ? 6 < 5
res = 0.707107 + 0.0123457 + 1
3 > 15 ? 6 < 5
res = 0.707107 + 0.0123457 + 1
minit = 0 and score: 1.71945
4 -> LEFT
LEN = 4
Krizim sa tu v smere RIGHT
	0	0	0	0	0	0	0	0	0	0	0	0	0	0	0	0	0	0	0	0
	0	0	0	0	0	0	0	0	0	0	0	0	0	0	0	0	0	0	0	0
	0	0	0	0	0	0	0	0	0	0	0	0	0	0	0	0	0	0	0	0
	0	0	0	0	0	0	0	0	0	0	0	0	0	0	0	0	0	0	0	0
	0	0	0	0	0	0	0	0	0	0	0	0	0	0	0	0	0	0	0	0
	0	0	0	0	0	0	0	0	0	0	0	0	0	0	0	0	0	0	0	0
	0	0	0	0	1	0	0	0	0	0	0	0	0	0	0	0	0	0	0	0
	0	0	0	0	0	0	0	0	0	0	0	0	0	0	0	0	0	0	0	0
	0	0	0	0	0	0	0	0	0	0	0	0	0	0	0	0	0	0	0	0
	0	0	0	0	0	0	0	0	0	0	0	0	0	0	0	0	0	0	0	0
	0	0	0	0	0	0	0	0	0	0	0	0	0	0	0	0	0	0	0	0
	0	0	0	0	0	0	0	0	0	0	0	0	0	0	0	0	0	0	0	0
	0	0	0	0	0	0	0	0	0	0	0	0	0	0	0	0	0	0	0	0
	0	0	0	0	0	0	0	0	0	0	0	0	0	0	0	0	0	0	0	0
	0	0	0	0	0	0	0	0	0	0	0	0	0	0	0	0	0	0	0	0
	0	0	0	0	0	0	0	0	0	0	0	0	0	0	0	0	0	0	0	0
	0	0	0	0	0	0	0	0	0	0	0	0	0	0	0	0	0	0	0	0
	0	0	0	0	0	0	0	0	0	0	0	0	0	0	0	0	0	0	0	0
	0	0	0	0	0	0	0	0	0	0	0	0	0	0	0	0	0	0	0	0
	0	0	0	0	0	0	0	0	0	0	0	0	0	0	0	0	0	0	0	0

WTF
[5 ; 3] smer LEFT and ku 5 ; 4
[6 ; 2] smer UP and ku 5 ; 4
[6 ; 4] smer DOWN and ku 6 ; 4
9	9	7
4 > 15 ? 6 < 5
res = 0.707107 + 0.0204082 + 1
DIR LEFT A PS[i] = 2 a RU[i] = 1 A[i] = 9 D = 6 score: 1.72751
4 > 15 ? 6 < 5
res = 0.707107 + 0.0123457 + 1
4 > 15 ? 6 < 5
res = 1 + 0.0204082 + 1.69351e-05
4 > 15 ? 6 < 5
res = 0.5 + 0.0123457 + 1
DIR UP A PS[i] = 4 a RU[i] = 1 A[i] = 9 D = 6 score: 1.51235
4 > 15 ? 6 < 5
res = 0.5 + 0.0123457 + 1
4 > 15 ? 6 < 5
res = 0.707107 + 0.0123457 + 1
4 > 15 ? 6 < 5
res = 1 + 0.0123457 + 1.69351e-05
DIR DOWN A PS[i] = 1 a RU[i] = 3 A[i] = 7 D = 6 score: 1.01236
4 > 15 ? 6 < 5
res = 1 + 0.0204082 + 1.69351e-05
4 > 15 ? 6 < 5
res = 0.707107 + 0.0123457 + 1
4 > 15 ? 6 < 5
res = 0.707107 + 0.0123457 + 1
minit = 0 and score: 1.71945
5 -> LEFT
LEN = 5
Krizim sa tu v smere RIGHT
	0	0	0	0	0	0	0	0	0	0	0	0	0	0	0	0	0	0	0	0
	0	0	0	0	0	0	0	0	0	0	0	0	0	0	0	0	0	0	0	0
	0	0	0	0	0	0	0	0	0	0	0	0	0	0	0	0	0	0	0	0
	0	0	0	0	0	0	0	0	0	0	0	0	0	0	0	0	0	0	0	0
	0	0	0	0	0	0	0	0	0	0	0	0	0	0	0	0	0	0	0	0
	0	0	0	0	1	0	0	0	0	0	0	0	0	0	0	0	0	0	0	0
	0	0	0	0	0	0	0	0	0	0	0	0	0	0	0	0	0	0	0	0
	0	0	0	0	0	0	0	0	0	0	0	0	0	0	0	0	0	0	0	0
	0	0	0	0	0	0	0	0	0	0	0	0	0	0	0	0	0	0	0	0
	0	0	0	0	0	0	0	0	0	0	0	0	0	0	0	0	0	0	0	0
	0	0	0	0	0	0	0	0	0	0	0	0	0	0	0	0	0	0	0	0
	0	0	0	0	0	0	0	0	0	0	0	0	0	0	0	0	0	0	0	0
	0	0	0	0	0	0	0	0	0	0	0	0	0	0	0	0	0	0	0	0
	0	0	0	0	0	0	0	0	0	0	0	0	0	0	0	0	0	0	0	0
	0	0	0	0	0	0	0	0	0	0	0	0	0	0	0	0	0	0	0	0
	0	0	0	0	0	0	0	0	0	0	0	0	0	0	0	0	0	0	0	0
	0	0	0	0	0	0	0	0	0	0	0	0	0	0	0	0	0	0	0	0
	0	0	0	0	0	0	0	0	0	0	0	0	0	0	0	0	0	0	0	0
	0	0	0	0	0	0	0	0	0	0	0	0	0	0	0	0	0	0	0	0
	0	0	0	0	0	0	0	0	0	0	0	0	0	0	0	0	0	0	0	0

WTF
[4 ; 3] smer LEFT and ku 4 ; 4
[5 ; 2] smer UP and ku 4 ; 4
[5 ; 4] smer DOWN and ku 5 ; 4
10	9	8
5 > 15 ? 6 < 5
res = 0.707107 + 0.0123457 + 1
DIR LEFT A PS[i] = 2 a RU[i] = 1 A[i] = 10 D = 6 score: 1.71945
5 > 15 ? 6 < 5
res = 0.707107 + 0.01 + 1
5 > 15 ? 6 < 5
res = 0.5 + 0.0123457 + 1
5 > 15 ? 6 < 5
res = 0.5 + 0.01 + 1
DIR UP A PS[i] = 4 a RU[i] = 1 A[i] = 9 D = 6 score: 1.51
5 > 15 ? 6 < 5
res = 0.5 + 0.0123457 + 1
5 > 15 ? 6 < 5
res = 0.707107 + 0.01 + 1
5 > 15 ? 6 < 5
res = 1 + 0.01 + 1.69351e-05
DIR DOWN A PS[i] = 1 a RU[i] = 3 A[i] = 8 D = 6 score: 1.01002
5 > 15 ? 6 < 5
res = 1 + 0.015625 + 1.69351e-05
5 > 15 ? 6 < 5
res = 0.707107 + 0.01 + 1
5 > 15 ? 6 < 5
res = 0.707107 + 0.01 + 1
minit = 0 and score: 1.71711
6 -> LEFT
LEN = 6
Krizim sa tu v smere RIGHT
	0	0	0	0	0	0	0	0	0	0	0	0	0	0	0	0	0	0	0	0
	0	0	0	0	0	0	0	0	0	0	0	0	0	0	0	0	0	0	0	0
	0	0	0	0	0	0	0	0	0	0	0	0	0	0	0	0	0	0	0	0
	0	0	0	0	0	0	0	0	0	0	0	0	0	0	0	0	0	0	0	0
	0	0	0	0	1	0	0	0	0	0	0	0	0	0	0	0	0	0	0	0
	0	0	0	0	0	0	0	0	0	0	0	0	0	0	0	0	0	0	0	0
	0	0	0	0	0	0	0	0	0	0	0	0	0	0	0	0	0	0	0	0
	0	0	0	0	0	0	0	0	0	0	0	0	0	0	0	0	0	0	0	0
	0	0	0	0	0	0	0	0	0	0	0	0	0	0	0	0	0	0	0	0
	0	0	0	0	0	0	0	0	0	0	0	0	0	0	0	0	0	0	0	0
	0	0	0	0	0	0	0	0	0	0	0	0	0	0	0	0	0	0	0	0
	0	0	0	0	0	0	0	0	0	0	0	0	0	0	0	0	0	0	0	0
	0	0	0	0	0	0	0	0	0	0	0	0	0	0	0	0	0	0	0	0
	0	0	0	0	0	0	0	0	0	0	0	0	0	0	0	0	0	0	0	0
	0	0	0	0	0	0	0	0	0	0	0	0	0	0	0	0	0	0	0	0
	0	0	0	0	0	0	0	0	0	0	0	0	0	0	0	0	0	0	0	0
	0	0	0	0	0	0	0	0	0	0	0	0	0	0	0	0	0	0	0	0
	0	0	0	0	0	0	0	0	0	0	0	0	0	0	0	0	0	0	0	0
	0	0	0	0	0	0	0	0	0	0	0	0	0	0	0	0	0	0	0	0
	0	0	0	0	0	0	0	0	0	0	0	0	0	0	0	0	0	0	0	0

WTF
[3 ; 3] smer LEFT and ku 4 ; 4
[4 ; 2] smer UP and ku 4 ; 4
[4 ; 4] smer DOWN and ku 4 ; 4
11	9	9
6 > 15 ? 7 < 5
res = 0.57735 + 0.0123457 + 1
DIR LEFT A PS[i] = 3 a RU[i] = 1 A[i] = 11 D = 7 score: 1.5897
6 > 15 ? 7 < 5
res = 0.57735 + 0.00826446 + 1
6 > 15 ? 7 < 5
res = 0.447214 + 0.0123457 + 1
6 > 15 ? 7 < 5
res = 0.447214 + 0.00826446 + 1
DIR UP A PS[i] = 5 a RU[i] = 1 A[i] = 9 D = 7 score: 1.45548
6 > 15 ? 7 < 5
res = 0.447214 + 0.0123457 + 1
6 > 15 ? 7 < 5
res = 0.57735 + 0.00826446 + 1
6 > 15 ? 7 < 5
res = 1 + 0.00826446 + 0.000976562
DIR DOWN A PS[i] = 1 a RU[i] = 2 A[i] = 9 D = 7 score: 1.00924
6 > 15 ? 7 < 5
res = 1 + 0.0123457 + 0.000976562
6 > 15 ? 7 < 5
res = 0.57735 + 0.00826446 + 1
6 > 15 ? 7 < 5
res = 0.57735 + 0.00826446 + 1
minit = 0 and score: 1.58561
7 -> LEFT
LEN = 7
Krizim sa tu v smere RIGHT
	1	1	1	1	1	0	0	0	0	0	0	0	0	0	0	0	0	0	0	0
	1	1	1	0	1	0	0	0	0	0	0	0	0	0	0	0	0	0	0	0
	1	1	1	0	1	0	0	0	0	0	0	0	0	0	0	0	0	0	0	0
	1	1	1	0	1	0	0	0	0	0	0	0	0	0	0	0	0	0	0	0
	1	1	1	0	0	0	0	0	0	0	0	0	0	0	0	0	0	0	0	0
	1	1	1	0	0	0	0	0	0	0	0	0	0	0	0	0	0	0	0	0
	1	1	1	0	0	0	1	0	0	0	0	0	0	0	0	0	0	0	0	0
	1	1	1	0	0	0	1	0	0	0	0	0	0	0	0	0	0	0	0	0
	1	1	1	1	1	1	1	0	0	0	0	0	0	0	0	0	0	0	0	0
	1	1	1	1	1	1	0	0	0	0	0	0	0	0	0	0	0	0	0	0
	1	1	1	1	1	1	0	0	0	0	0	0	0	0	0	0	0	0	0	0
	1	1	1	1	1	1	0	0	0	0	0	0	0	0	0	0	0	0	0	0
	1	1	1	1	1	1	0	0	0	0	0	0	0	0	0	0	0	0	0	0
	1	1	1	1	1	1	0	0	0	0	0	0	0	0	0	0	0	0	0	0
	1	1	1	1	1	1	0	0	0	0	0	0	0	0	0	0	0	0	0	0
	1	1	1	1	1	1	0	0	0	0	0	0	0	0	0	0	0	0	0	0
	1	1	1	1	1	1	0	0	0	0	0	0	0	0	0	0	0	0	0	0
	1	1	1	1	1	1	0	0	0	0	0	0	0	0	0	0	0	0	0	0
	1	1	1	1	1	1	0	0	0	0	0	0	0	0	0	0	0	0	0	0
	1	1	1	1	1	1	0	0	0	0	0	0	0	0	0	0	0	0	0	0

WTF
[2 ; 3] smer LEFT and ku 4 ; 4
[3 ; 2] smer UP and ku 4 ; 4
[3 ; 4] smer DOWN and ku 4 ; 4
12	10	10
7 > 15 ? 8 < 5
res = 0.5 + 0.00694444 + 1
DIR LEFT A PS[i] = 4 a RU[i] = 1 A[i] = 12 D = 8 score: 1.50694
7 > 15 ? 8 < 5
res = 0.5 + 0.00694444 + 1
7 > 15 ? 8 < 5
res = 0.5 + 0.00694444 + 1
7 > 15 ? 8 < 5
res = 0.408248 + 0.00694444 + 1
DIR UP A PS[i] = 6 a RU[i] = 1 A[i] = 10 D = 8 score: 1.41519
7 > 15 ? 8 < 5
res = 0.408248 + 0.01 + 1
7 > 15 ? 8 < 5
res = 0.5 + 0.00694444 + 1
7 > 15 ? 8 < 5
res = 0.707107 + 0.00694444 + 1
DIR DOWN A PS[i] = 2 a RU[i] = 1 A[i] = 10 D = 8 score: 1.71405
7 > 15 ? 8 < 5
res = 0.707107 + 0.01 + 1
7 > 15 ? 8 < 5
res = 0.5 + 0.00694444 + 1
7 > 15 ? 8 < 5
res = 0.707107 + 0.01 + 1
minit = 2 and score: 1.71711
8 -> DOWN
LEN = 8
Krizim sa tu v smere UP
	1	1	1	1	1	1	0	0	0	0	0	0	0	0	0	0	0	0	0	0
	1	1	1	0	0	1	0	0	0	0	0	0	0	0	0	0	0	0	0	0
	1	1	1	0	0	1	0	0	0	0	0	0	0	0	0	0	0	0	0	0
	1	1	1	0	0	1	0	0	0	0	0	0	0	0	0	0	0	0	0	0
	1	1	1	0	0	0	0	0	0	0	0	0	0	0	0	0	0	0	0	0
	1	1	1	0	0	0	0	0	0	0	0	0	0	0	0	0	0	0	0	0
	1	1	1	0	0	0	1	0	0	0	0	0	0	0	0	0	0	0	0	0
	1	1	1	0	0	0	1	0	0	0	0	0	0	0	0	0	0	0	0	0
	1	1	1	1	1	1	1	0	0	0	0	0	0	0	0	0	0	0	0	0
	1	1	1	1	1	1	0	0	0	0	0	0	0	0	0	0	0	0	0	0
	1	1	1	1	1	1	0	0	0	0	0	0	0	0	0	0	0	0	0	0
	1	1	1	1	1	1	0	0	0	0	0	0	0	0	0	0	0	0	0	0
	1	1	1	1	1	1	0	0	0	0	0	0	0	0	0	0	0	0	0	0
	1	1	1	1	1	1	0	0	0	0	0	0	0	0	0	0	0	0	0	0
	1	1	1	1	1	1	0	0	0	0	0	0	0	0	0	0	0	0	0	0
	1	1	1	1	1	1	0	0	0	0	0	0	0	0	0	0	0	0	0	0
	1	1	1	1	1	1	0	0	0	0	0	0	0	0	0	0	0	0	0	0
	1	1	1	1	1	1	0	0	0	0	0	0	0	0	0	0	0	0	0	0
	1	1	1	1	1	1	0	0	0	0	0	0	0	0	0	0	0	0	0	0
	1	1	1	1	1	1	0	0	0	0	0	0	0	0	0	0	0	0	0	0

WTF
[2 ; 4] smer LEFT and ku 4 ; 5
[4 ; 4] smer RIGHT and ku 4 ; 4
[3 ; 5] smer DOWN and ku 4 ; 5
11	9	9
8 > 15 ? 9 < 5
res = 0.5 + 0.0123457 + 1
DIR LEFT A PS[i] = 4 a RU[i] = 1 A[i] = 11 D = 9 score: 1.51235
8 > 15 ? 9 < 5
res = 0.5 + 0.00826446 + 1
8 > 15 ? 9 < 5
res = 1 + 0.0123457 + 1.69351e-05
8 > 15 ? 9 < 5
res = 1 + 0.00826446 + 1.69351e-05
DIR RIGHT A PS[i] = 1 a RU[i] = 3 A[i] = 9 D = 9 score: 1.00828
8 > 15 ? 9 < 5
res = 1 + 0.0123457 + 1.69351e-05
8 > 15 ? 9 < 5
res = 0.5 + 0.00826446 + 1
8 > 15 ? 9 < 5
res = 0.707107 + 0.00826446 + 1
DIR DOWN A PS[i] = 2 a RU[i] = 1 A[i] = 9 D = 9 score: 1.71537
8 > 15 ? 9 < 5
res = 0.707107 + 0.0123457 + 1
8 > 15 ? 9 < 5
res = 0.5 + 0.00826446 + 1
8 > 15 ? 9 < 5
res = 0.707107 + 0.0123457 + 1
minit = 2 and score: 1.71945
9 -> DOWN
LEN = 9
Krizim sa tu v smere UP
	1	1	1	1	1	1	1	0	0	0	0	0	0	0	0	0	0	0	0	0
	1	1	1	0	0	0	1	0	0	0	0	0	0	0	0	0	0	0	0	0
	1	1	1	0	0	0	1	0	0	0	0	0	0	0	0	0	0	0	0	0
	1	1	1	0	0	0	1	0	0	0	0	0	0	0	0	0	0	0	0	0
	1	1	1	0	0	0	0	0	0	0	0	0	0	0	0	0	0	0	0	0
	1	1	1	0	0	0	0	0	0	0	0	0	0	0	0	0	0	0	0	0
	1	1	1	0	0	0	1	0	0	0	0	0	0	0	0	0	0	0	0	0
	1	1	1	0	0	0	1	0	0	0	0	0	0	0	0	0	0	0	0	0
	1	1	1	1	1	1	1	0	0	0	0	0	0	0	0	0	0	0	0	0
	1	1	1	1	1	1	0	0	0	0	0	0	0	0	0	0	0	0	0	0
	1	1	1	1	1	1	0	0	0	0	0	0	0	0	0	0	0	0	0	0
	1	1	1	1	1	1	0	0	0	0	0	0	0	0	0	0	0	0	0	0
	1	1	1	1	1	1	0	0	0	0	0	0	0	0	0	0	0	0	0	0
	1	1	1	1	1	1	0	0	0	0	0	0	0	0	0	0	0	0	0	0
	1	1	1	1	1	1	0	0	0	0	0	0	0	0	0	0	0	0	0	0
	1	1	1	1	1	1	0	0	0	0	0	0	0	0	0	0	0	0	0	0
	1	1	1	1	1	1	0	0	0	0	0	0	0	0	0	0	0	0	0	0
	1	1	1	1	1	1	0	0	0	0	0	0	0	0	0	0	0	0	0	0
	1	1	1	1	1	1	0	0	0	0	0	0	0	0	0	0	0	0	0	0
	1	1	1	1	1	1	0	0	0	0	0	0	0	0	0	0	0	0	0	0

WTF
[2 ; 5] smer LEFT and ku 4 ; 6
[4 ; 5] smer RIGHT and ku 4 ; 5
[3 ; 6] smer DOWN and ku 4 ; 6
10	8	8
9 > 15 ? 10 < 5
res = 0.5 + 0.015625 + 1
DIR LEFT A PS[i] = 4 a RU[i] = 1 A[i] = 10 D = 10 score: 1.51562
9 > 15 ? 10 < 5
res = 0.5 + 0.01 + 1
9 > 15 ? 10 < 5
res = 1 + 0.015625 + 1.69351e-05
9 > 15 ? 10 < 5
res = 1 + 0.01 + 1.69351e-05
DIR RIGHT A PS[i] = 1 a RU[i] = 3 A[i] = 8 D = 10 score: 1.01002
9 > 15 ? 10 < 5
res = 1 + 0.015625 + 1.69351e-05
9 > 15 ? 10 < 5
res = 0.5 + 0.01 + 1
9 > 15 ? 10 < 5
res = 0.707107 + 0.01 + 1
DIR DOWN A PS[i] = 2 a RU[i] = 1 A[i] = 8 D = 10 score: 1.71711
9 > 15 ? 10 < 5
res = 0.707107 + 0.015625 + 1
9 > 15 ? 10 < 5
res = 0.5 + 0.01 + 1
9 > 15 ? 10 < 5
res = 0.707107 + 0.015625 + 1
minit = 2 and score: 1.72273
10 -> DOWN
LEN = 10
Krizim sa tu v smere UP
	1	1	1	1	1	1	1	1	0	0	0	0	0	0	0	0	0	0	0	0
	1	1	1	0	0	0	0	1	0	0	0	0	0	0	0	0	0	0	0	0
	1	1	1	0	0	0	0	1	0	0	0	0	0	0	0	0	0	0	0	0
	1	1	1	0	0	0	0	1	0	0	0	0	0	0	0	0	0	0	0	0
	1	1	1	0	0	0	0	0	0	0	0	0	0	0	0	0	0	0	0	0
	1	1	1	0	0	0	0	0	0	0	0	0	0	0	0	0	0	0	0	0
	1	1	1	0	0	0	1	0	0	0	0	0	0	0	0	0	0	0	0	0
	1	1	1	0	0	0	1	0	0	0	0	0	0	0	0	0	0	0	0	0
	1	1	1	1	1	1	1	0	0	0	0	0	0	0	0	0	0	0	0	0
	1	1	1	1	1	1	0	0	0	0	0	0	0	0	0	0	0	0	0	0
	1	1	1	1	1	1	0	0	0	0	0	0	0	0	0	0	0	0	0	0
	1	1	1	1	1	1	0	0	0	0	0	0	0	0	0	0	0	0	0	0
	1	1	1	1	1	1	0	0	0	0	0	0	0	0	0	0	0	0	0	0
	1	1	1	1	1	1	0	0	0	0	0	0	0	0	0	0	0	0	0	0
	1	1	1	1	1	1	0	0	0	0	0	0	0	0	0	0	0	0	0	0
	1	1	1	1	1	1	0	0	0	0	0	0	0	0	0	0	0	0	0	0
	1	1	1	1	1	1	0	0	0	0	0	0	0	0	0	0	0	0	0	0
	1	1	1	1	1	1	0	0	0	0	0	0	0	0	0	0	0	0	0	0
	1	1	1	1	1	1	0	0	0	0	0	0	0	0	0	0	0	0	0	0
	1	1	1	1	1	1	0	0	0	0	0	0	0	0	0	0	0	0	0	0

WTF
[2 ; 6] smer LEFT and ku 4 ; 6
[4 ; 6] smer RIGHT and ku 4 ; 6
[3 ; 7] smer DOWN and ku 4 ; 6
9	7	7
10 > 15 ? 11 < 5
res = 0.447214 + 0.0123457 + 1
DIR LEFT A PS[i] = 5 a RU[i] = 1 A[i] = 9 D = 11 score: 1.45956
10 > 15 ? 11 < 5
res = 0.447214 + 0.0123457 + 1
10 > 15 ? 11 < 5
res = 0.447214 + 0.0123457 + 1
10 > 15 ? 11 < 5
res = 1 + 0.0123457 + 0.000976562
DIR RIGHT A PS[i] = 1 a RU[i] = 2 A[i] = 7 D = 11 score: 1.01332
10 > 15 ? 11 < 5
res = 1 + 0.0204082 + 0.000976562
10 > 15 ? 11 < 5
res = 0.447214 + 0.0123457 + 1
10 > 15 ? 11 < 5
res = 0.57735 + 0.0123457 + 1
DIR DOWN A PS[i] = 3 a RU[i] = 1 A[i] = 7 D = 11 score: 1.5897
10 > 15 ? 11 < 5
res = 0.57735 + 0.0204082 + 1
10 > 15 ? 11 < 5
res = 0.447214 + 0.0123457 + 1
10 > 15 ? 11 < 5
res = 0.57735 + 0.0204082 + 1
minit = 2 and score: 1.59776
11 -> DOWN
LEN = 11
Krizim sa tu v smere UP
	1	1	1	1	1	1	1	1	1	0	0	0	0	0	0	0	0	0	0	0
	1	1	1	0	0	0	0	0	1	0	0	0	0	0	0	0	0	0	0	0
	1	1	1	0	0	0	0	0	1	0	0	0	0	0	0	0	0	0	0	0
	1	1	1	0	0	0	0	0	1	0	0	0	0	0	0	0	0	0	0	0
	1	1	1	0	0	0	0	0	0	0	0	0	0	0	0	0	0	0	0	0
	1	1	1	0	0	0	0	0	0	0	0	0	0	0	0	0	0	0	0	0
	1	1	1	0	0	0	1	0	0	0	0	0	0	0	0	0	0	0	0	0
	1	1	1	0	0	0	1	0	0	0	0	0	0	0	0	0	0	0	0	0
	1	1	1	1	1	1	1	0	0	0	0	0	0	0	0	0	0	0	0	0
	1	1	1	1	1	1	0	0	0	0	0	0	0	0	0	0	0	0	0	0
	1	1	1	1	1	1	0	0	0	0	0	0	0	0	0	0	0	0	0	0
	1	1	1	1	1	1	0	0	0	0	0	0	0	0	0	0	0	0	0	0
	1	1	1	1	1	1	0	0	0	0	0	0	0	0	0	0	0	0	0	0
	1	1	1	1	1	1	0	0	0	0	0	0	0	0	0	0	0	0	0	0
	1	1	1	1	1	1	0	0	0	0	0	0	0	0	0	0	0	0	0	0
	1	1	1	1	1	1	0	0	0	0	0	0	0	0	0	0	0	0	0	0
	1	1	1	1	1	1	0	0	0	0	0	0	0	0	0	0	0	0	0	0
	1	1	1	1	1	1	0	0	0	0	0	0	0	0	0	0	0	0	0	0
	1	1	1	1	1	1	0	0	0	0	0	0	0	0	0	0	0	0	0	0
	1	1	1	1	1	1	0	0	0	0	0	0	0	0	0	0	0	0	0	0

WTF
[2 ; 7] smer LEFT and ku 4 ; 6
[4 ; 7] smer RIGHT and ku 4 ; 6
[3 ; 8] smer DOWN and ku 4 ; 6
8	6	6
11 > 15 ? 12 < 5
res = 0.408248 + 0.015625 + 1
DIR LEFT A PS[i] = 6 a RU[i] = 1 A[i] = 8 D = 12 score: 1.42387
11 > 15 ? 12 < 5
res = 0.408248 + 0.015625 + 1
11 > 15 ? 12 < 5
res = 0.408248 + 0.015625 + 1
11 > 15 ? 12 < 5
res = 0.707107 + 0.015625 + 1
DIR RIGHT A PS[i] = 2 a RU[i] = 1 A[i] = 6 D = 12 score: 1.72273
11 > 15 ? 12 < 5
res = 0.707107 + 0.0277778 + 1
11 > 15 ? 12 < 5
res = 0.408248 + 0.015625 + 1
11 > 15 ? 12 < 5
res = 0.5 + 0.0277778 + 1
DIR DOWN A PS[i] = 4 a RU[i] = 1 A[i] = 6 D = 12 score: 1.52778
11 > 15 ? 12 < 5
res = 0.5 + 0.0277778 + 1
11 > 15 ? 12 < 5
res = 0.707107 + 0.0277778 + 1
11 > 15 ? 12 < 5
res = 0.707107 + 0.0277778 + 1
minit = 1 and score: 1.73488
12 -> RIGHT
LEN = 12
Krizim sa tu v smere LEFT
	1	1	1	1	1	1	1	1	1	0	0	0	0	0	0	0	0	0	0	0
	1	1	1	0	0	0	0	0	1	0	0	0	0	0	0	0	0	0	0	0
	1	1	1	0	0	0	0	0	1	0	0	0	0	0	0	0	0	0	0	0
	1	1	1	0	0	0	0	0	1	0	0	0	0	0	0	0	0	0	0	0
	1	1	1	0	0	0	0	0	1	0	0	0	0	0	0	0	0	0	0	0
	1	1	1	0	0	0	0	0	0	0	0	0	0	0	0	0	0	0	0	0
	1	1	1	0	0	0	1	0	0	0	0	0	0	0	0	0	0	0	0	0
	1	1	1	0	0	0	1	0	0	0	0	0	0	0	0	0	0	0	0	0
	1	1	1	1	1	1	1	0	0	0	0	0	0	0	0	0	0	0	0	0
	1	1	1	1	1	1	0	0	0	0	0	0	0	0	0	0	0	0	0	0
	1	1	1	1	1	1	0	0	0	0	0	0	0	0	0	0	0	0	0	0
	1	1	1	1	1	1	0	0	0	0	0	0	0	0	0	0	0	0	0	0
	1	1	1	1	1	1	0	0	0	0	0	0	0	0	0	0	0	0	0	0
	1	1	1	1	1	1	0	0	0	0	0	0	0	0	0	0	0	0	0	0
	1	1	1	1	1	1	0	0	0	0	0	0	0	0	0	0	0	0	0	0
	1	1	1	1	1	1	0	0	0	0	0	0	0	0	0	0	0	0	0	0
	1	1	1	1	1	1	0	0	0	0	0	0	0	0	0	0	0	0	0	0
	1	1	1	1	1	1	0	0	0	0	0	0	0	0	0	0	0	0	0	0
	1	1	1	1	1	1	0	0	0	0	0	0	0	0	0	0	0	0	0	0
	1	1	1	1	1	1	0	0	0	0	0	0	0	0	0	0	0	0	0	0

WTF
[4 ; 6] smer UP and ku 4 ; 6
[5 ; 7] smer RIGHT and ku 5 ; 6
[4 ; 8] smer DOWN and ku 5 ; 6
7	5	5
12 > 15 ? 10 < 5
res = 1 + 0.04 + 1.69351e-05
DIR UP A PS[i] = 1 a RU[i] = 3 A[i] = 7 D = 10 score: 1.04002
12 > 15 ? 10 < 5
res = 1 + 0.0204082 + 1.69351e-05
12 > 15 ? 10 < 5
res = 0.5 + 0.04 + 1
12 > 15 ? 10 < 5
res = 0.707107 + 0.04 + 1
DIR RIGHT A PS[i] = 2 a RU[i] = 1 A[i] = 5 D = 10 score: 1.74711
12 > 15 ? 10 < 5
res = 0.707107 + 0.04 + 1
12 > 15 ? 10 < 5
res = 0.5 + 0.04 + 1
12 > 15 ? 10 < 5
res = 0.5 + 0.04 + 1
DIR DOWN A PS[i] = 4 a RU[i] = 1 A[i] = 5 D = 10 score: 1.54
12 > 15 ? 10 < 5
res = 0.5 + 0.04 + 1
12 > 15 ? 10 < 5
res = 0.707107 + 0.04 + 1
12 > 15 ? 10 < 5
res = 0.707107 + 0.04 + 1
minit = 1 and score: 1.74711
13 -> RIGHT
LEN = 13
Krizim sa tu v smere LEFT
	1	1	1	1	1	1	1	1	1	0	0	0	0	0	0	0	0	0	0	0
	1	1	1	0	0	0	0	0	1	0	0	0	0	0	0	0	0	0	0	0
	1	1	1	0	0	0	0	0	1	0	0	0	0	0	0	0	0	0	0	0
	1	1	1	0	0	0	0	0	1	0	0	0	0	0	0	0	0	0	0	0
	1	1	1	0	0	0	0	0	1	0	0	0	0	0	0	0	0	0	0	0
	1	1	1	0	0	0	0	0	1	0	0	0	0	0	0	0	0	0	0	0
	1	1	1	0	0	0	1	0	0	0	0	0	0	0	0	0	0	0	0	0
	1	1	1	0	0	0	1	0	0	0	0	0	0	0	0	0	0	0	0	0
	1	1	1	1	1	1	1	0	0	0	0	0	0	0	0	0	0	0	0	0
	1	1	1	1	1	1	0	0	0	0	0	0	0	0	0	0	0	0	0	0
	1	1	1	1	1	1	0	0	0	0	0	0	0	0	0	0	0	0	0	0
	1	1	1	1	1	1	0	0	0	0	0	0	0	0	0	0	0	0	0	0
	1	1	1	1	1	1	0	0	0	0	0	0	0	0	0	0	0	0	0	0
	1	1	1	1	1	1	0	0	0	0	0	0	0	0	0	0	0	0	0	0
	1	1	1	1	1	1	0	0	0	0	0	0	0	0	0	0	0	0	0	0
	1	1	1	1	1	1	0	0	0	0	0	0	0	0	0	0	0	0	0	0
	1	1	1	1	1	1	0	0	0	0	0	0	0	0	0	0	0	0	0	0
	1	1	1	1	1	1	0	0	0	0	0	0	0	0	0	0	0	0	0	0
	1	1	1	1	1	1	0	0	0	0	0	0	0	0	0	0	0	0	0	0
	1	1	1	1	1	1	0	0	0	0	0	0	0	0	0	0	0	0	0	0

WTF
[5 ; 6] smer UP and ku 5 ; 6
[6 ; 7] smer RIGHT and ku 6 ; 6
[5 ; 8] smer DOWN and ku 6 ; 6
10	10	12
13 > 15 ? 8 < 5
res = 1 + 0.01 + 1.69351e-05
DIR UP A PS[i] = 1 a RU[i] = 3 A[i] = 10 D = 8 score: 1.01002
13 > 15 ? 8 < 5
res = 1 + 0.01 + 1.69351e-05
13 > 15 ? 8 < 5
res = 0.707107 + 0.01 + 1
13 > 15 ? 8 < 5
res = 0.707107 + 0.01 + 1
DIR RIGHT A PS[i] = 2 a RU[i] = 1 A[i] = 10 D = 8 score: 1.71711
13 > 15 ? 8 < 5
res = 0.707107 + 0.01 + 1
13 > 15 ? 8 < 5
res = 0.707107 + 0.01 + 1
13 > 15 ? 8 < 5
res = 0.5 + 0.01 + 1
DIR DOWN A PS[i] = 4 a RU[i] = 1 A[i] = 12 D = 8 score: 1.51
13 > 15 ? 8 < 5
res = 0.5 + 0.00694444 + 1
13 > 15 ? 8 < 5
res = 0.707107 + 0.01 + 1
13 > 15 ? 8 < 5
res = 0.707107 + 0.01 + 1
minit = 1 and score: 1.71711
14 -> RIGHT
LEN = 14
Krizim sa tu v smere LEFT
Nemoze byt RIGHT kvoli kamenu
	1	1	1	1	1	1	1	1	1	0	0	0	0	0	0	0	0	0	0	0
	1	1	1	0	0	0	0	0	1	0	0	0	0	0	0	0	0	0	0	0
	1	1	1	0	0	0	0	0	1	0	0	0	0	0	0	0	0	0	0	0
	1	1	1	0	0	0	0	0	1	0	0	0	0	0	0	0	0	0	0	0
	1	1	1	0	0	0	0	0	1	0	0	0	0	0	0	0	0	0	0	0
	1	1	1	0	0	0	0	0	1	0	0	0	0	0	0	0	0	0	0	0
	1	1	1	0	0	0	1	0	1	0	0	0	0	0	0	0	0	0	0	0
	1	1	1	0	0	0	1	0	0	0	0	0	0	0	0	0	0	0	0	0
	1	1	1	1	1	1	1	0	0	0	0	0	0	0	0	0	0	0	0	0
	1	1	1	1	1	1	0	0	0	0	0	0	0	0	0	0	0	0	0	0
	1	1	1	1	1	1	0	0	0	0	0	0	0	0	0	0	0	0	0	0
	1	1	1	1	1	1	0	0	0	0	0	0	0	0	0	0	0	0	0	0
	1	1	1	1	1	1	0	0	0	0	0	0	0	0	0	0	0	0	0	0
	1	1	1	1	1	1	0	0	0	0	0	0	0	0	0	0	0	0	0	0
	1	1	1	1	1	1	0	0	0	0	0	0	0	0	0	0	0	0	0	0
	1	1	1	1	1	1	0	0	0	0	0	0	0	0	0	0	0	0	0	0
	1	1	1	1	1	1	0	0	0	0	0	0	0	0	0	0	0	0	0	0
	1	1	1	1	1	1	0	0	0	0	0	0	0	0	0	0	0	0	0	0
	1	1	1	1	1	1	0	0	0	0	0	0	0	0	0	0	0	0	0	0
	1	1	1	1	1	1	0	0	0	0	0	0	0	0	0	0	0	0	0	0

WTF
[6 ; 6] smer UP and ku 6 ; 6
[6 ; 8] smer DOWN and ku 6 ; 6
9	13
14 > 15 ? 7 < 5
res = 1 + 0.0123457 + 0.000976562
DIR UP A PS[i] = 1 a RU[i] = 2 A[i] = 9 D = 7 score: 1.01332
14 > 15 ? 7 < 5
res = 1 + 0.0123457 + 0.000976562
14 > 15 ? 7 < 5
res = 1 + 0.0123457 + 0.000976562
14 > 15 ? 7 < 5
res = 0.301511 + 0.0123457 + 1
DIR DOWN A PS[i] = 11 a RU[i] = 1 A[i] = 13 D = 7 score: 1.31386
14 > 15 ? 7 < 5
res = 0.301511 + 0.00591716 + 1
14 > 15 ? 7 < 5
res = 1 + 0.0123457 + 0.000976562
14 > 15 ? 7 < 5
res = 0.301511 + 0.00591716 + 1
minit = 1 and score: 1.30743
15 -> DOWN
LEN = 15
Krizim sa tu v smere UP
Nemoze byt RIGHT kvoli kamenu
	1	1	1	1	1	1	1	1	1	1	0	0	0	0	0	0	0	0	0	0
	1	1	1	0	0	0	0	0	0	1	0	0	0	0	0	0	0	0	0	0
	1	1	1	0	0	0	0	0	0	1	0	0	0	0	0	0	0	0	0	0
	1	1	1	0	0	0	0	0	0	1	0	0	0	0	0	0	0	0	0	0
	1	1	1	0	0	0	0	0	0	1	0	0	0	0	0	0	0	0	0	0
	1	1	1	0	0	0	0	0	0	1	0	0	0	0	0	0	0	0	0	0
	1	1	1	0	0	0	1	0	0	1	0	0	0	0	0	0	0	0	0	0
	1	1	1	0	0	0	1	0	0	0	0	0	0	0	0	0	0	0	0	0
	1	1	1	1	1	1	1	0	0	0	0	0	0	0	0	0	0	0	0	0
	1	1	1	1	1	1	0	0	0	0	0	0	0	0	0	0	0	0	0	0
	1	1	1	1	1	1	0	0	0	0	0	0	0	0	0	0	0	0	0	0
	1	1	1	1	1	1	0	0	0	0	0	0	0	0	0	0	0	0	0	0
	1	1	1	1	1	1	0	0	0	0	0	0	0	0	0	0	0	0	0	0
	1	1	1	1	1	1	0	0	0	0	0	0	0	0	0	0	0	0	0	0
	1	1	1	1	1	1	0	0	0	0	0	0	0	0	0	0	0	0	0	0
	1	1	1	1	1	1	0	0	0	0	0	0	0	0	0	0	0	0	0	0
	1	1	1	1	1	1	0	0	0	0	0	0	0	0	0	0	0	0	0	0
	1	1	1	1	1	1	0	0	0	0	0	0	0	0	0	0	0	0	0	0
	1	1	1	1	1	1	0	0	0	0	0	0	0	0	0	0	0	0	0	0
	1	1	1	1	1	1	0	0	0	0	0	0	0	0	0	0	0	0	0	0

WTF
[5 ; 8] smer LEFT and ku 6 ; 6
[6 ; 9] smer DOWN and ku 6 ; 6
14	12
15 > 15 ? 6 < 5
res = 0.288675 + 0.00694444 + 1
DIR LEFT A PS[i] = 12 a RU[i] = 1 A[i] = 14 D = 6 score: 1.29562
15 > 15 ? 6 < 5
res = 0.288675 + 0.00510204 + 1
15 > 15 ? 6 < 5
res = 0.316228 + 0.00694444 + 1
15 > 15 ? 6 < 5
res = 0.316228 + 0.00694444 + 1
DIR DOWN A PS[i] = 10 a RU[i] = 1 A[i] = 12 D = 6 score: 1.32317
15 > 15 ? 6 < 5
res = 0.316228 + 0.00694444 + 1
15 > 15 ? 6 < 5
res = 0.316228 + 0.00694444 + 1
15 > 15 ? 6 < 5
res = 0.316228 + 0.00694444 + 1
minit = 1 and score: 1.32317
16 -> DOWN
LEN = 16
Krizim sa tu v smere UP
	1	1	1	1	1	1	1	1	1	1	1	0	0	0	0	0	0	0	0	0
	1	1	1	0	0	0	0	0	0	0	1	0	0	0	0	0	0	0	0	0
	1	1	1	0	0	0	0	0	0	0	1	0	0	0	0	0	0	0	0	0
	1	1	1	0	0	0	0	0	0	0	1	0	0	0	0	0	0	0	0	0
	1	1	1	0	0	0	0	0	0	0	1	0	0	0	0	0	0	0	0	0
	1	1	1	0	0	0	0	0	0	0	1	0	0	0	0	0	0	0	0	0
	1	1	1	0	0	0	1	0	0	0	1	0	0	0	0	0	0	0	0	0
	1	1	1	0	0	0	1	0	0	0	0	0	0	0	0	0	0	0	0	0
	1	1	1	1	1	1	1	0	0	0	0	0	0	0	0	0	0	0	0	0
	1	1	1	1	1	1	0	0	0	0	0	0	0	0	0	0	0	0	0	0
	1	1	1	1	1	1	0	0	0	0	0	0	0	0	0	0	0	0	0	0
	1	1	1	1	1	1	0	0	0	0	0	0	0	0	0	0	0	0	0	0
	1	1	1	1	1	1	0	0	0	0	0	0	0	0	0	0	0	0	0	0
	1	1	1	1	1	1	0	0	0	0	0	0	0	0	0	0	0	0	0	0
	1	1	1	1	1	1	0	0	0	0	0	0	0	0	0	0	0	0	0	0
	1	1	1	1	1	1	0	0	0	0	0	0	0	0	0	0	0	0	0	0
	1	1	1	1	1	1	0	0	0	0	0	0	0	0	0	0	0	0	0	0
	1	1	1	1	1	1	0	0	0	0	0	0	0	0	0	0	0	0	0	0
	1	1	1	1	1	1	0	0	0	0	0	0	0	0	0	0	0	0	0	0
	1	1	1	1	1	1	0	0	0	0	0	0	0	0	0	0	0	0	0	0

WTF
[5 ; 9] smer LEFT and ku 6 ; 6
[7 ; 9] smer RIGHT and ku 6 ; 6
[6 ; 10] smer DOWN and ku 6 ; 6
3	5	3
16 > 15 ? 4 < 5
DIR LEFT A PS[i] = 13 a RU[i] = 1 A[i] = 3 D = 4 score: 0.27735
16 > 15 ? 4 < 5
16 > 15 ? 4 < 5
16 > 15 ? 4 < 5
DIR RIGHT A PS[i] = 9 a RU[i] = 1 A[i] = 5 D = 4 score: 0.333333
16 > 15 ? 4 < 5
16 > 15 ? 4 < 5
16 > 15 ? 4 < 5
DIR DOWN A PS[i] = 11 a RU[i] = 1 A[i] = 3 D = 4 score: 0.301511
16 > 15 ? 4 < 5
16 > 15 ? 4 < 5
16 > 15 ? 4 < 5
minit = 1 and score: 0.333333
17 -> RIGHT
LEN = 17
Krizim sa tu v smere LEFT
Nemoze byt UP kvoli kamenu
	1	1	1	1	1	1	1	1	1	1	1	0	0	0	0	0	0	0	0	0
	1	1	1	0	0	0	0	0	0	0	1	0	0	0	0	0	0	0	0	0
	1	1	1	0	0	0	0	0	0	0	1	0	0	0	0	0	0	0	0	0
	1	1	1	0	0	0	0	0	0	0	1	0	0	0	0	0	0	0	0	0
	1	1	1	0	0	0	0	0	0	0	1	0	0	0	0	0	0	0	0	0
	1	1	1	0	0	0	0	0	0	0	1	0	0	0	0	0	0	0	0	0
	1	1	1	0	0	0	1	0	0	0	1	0	0	0	0	0	0	0	0	0
	1	1	1	0	0	0	1	0	0	0	1	0	0	0	0	0	0	0	0	0
	1	1	1	1	1	1	1	0	0	0	0	0	0	0	0	0	0	0	0	0
	1	1	1	1	1	1	0	0	0	0	0	0	0	0	0	0	0	0	0	0
	1	1	1	1	1	1	0	0	0	0	0	0	0	0	0	0	0	0	0	0
	1	1	1	1	1	1	0	0	0	0	0	0	0	0	0	0	0	0	0	0
	1	1	1	1	1	1	0	0	0	0	0	0	0	0	0	0	0	0	0	0
	1	1	1	1	1	1	0	0	0	0	0	0	0	0	0	0	0	0	0	0
	1	1	1	1	1	1	0	0	0	0	0	0	0	0	0	0	0	0	0	0
	1	1	1	1	1	1	0	0	0	0	0	0	0	0	0	0	0	0	0	0
	1	1	1	1	1	1	0	0	0	0	0	0	0	0	0	0	0	0	0	0
	1	1	1	1	1	1	0	0	0	0	0	0	0	0	0	0	0	0	0	0
	1	1	1	1	1	1	0	0	0	0	0	0	0	0	0	0	0	0	0	0
	1	1	1	1	1	1	0	0	0	0	0	0	0	0	0	0	0	0	0	0

WTF
[8 ; 9] smer RIGHT and ku 6 ; 6
[7 ; 10] smer DOWN and ku 6 ; 6
5	3
17 > 15 ? 3 < 5
DIR RIGHT A PS[i] = 8 a RU[i] = 1 A[i] = 5 D = 3 score: 0.353553
17 > 15 ? 3 < 5
17 > 15 ? 3 < 5
17 > 15 ? 3 < 5
DIR DOWN A PS[i] = 10 a RU[i] = 1 A[i] = 3 D = 3 score: 0.316228
17 > 15 ? 3 < 5
17 > 15 ? 3 < 5
17 > 15 ? 3 < 5
minit = 0 and score: 0.353553
18 -> RIGHT
LEN = 18
Krizim sa tu v smere LEFT
Nemoze byt RIGHT kvoli kamenu
	1	1	1	1	1	1	1	1	1	1	1	0	0	0	0	0	0	0	0	0
	1	1	1	0	0	0	0	0	0	0	1	0	0	0	0	0	0	0	0	0
	1	1	1	0	0	0	0	0	0	0	1	0	0	0	0	0	0	0	0	0
	1	1	1	0	0	0	0	0	0	0	1	0	0	0	0	0	0	0	0	0
	1	1	1	0	0	0	0	0	0	0	1	0	0	0	0	0	0	0	0	0
	1	1	1	0	0	0	0	0	0	0	1	0	0	0	0	0	0	0	0	0
	1	1	1	0	0	0	1	0	0	0	1	0	0	0	0	0	0	0	0	0
	1	1	1	0	0	0	1	0	0	0	1	0	0	0	0	0	0	0	0	0
	1	1	1	1	1	1	1	0	0	0	1	0	0	0	0	0	0	0	0	0
	1	1	1	1	1	1	0	0	0	0	0	0	0	0	0	0	0	0	0	0
	1	1	1	1	1	1	0	0	0	0	0	0	0	0	0	0	0	0	0	0
	1	1	1	1	1	1	0	0	0	0	0	0	0	0	0	0	0	0	0	0
	1	1	1	1	1	1	0	0	0	0	0	0	0	0	0	0	0	0	0	0
	1	1	1	1	1	1	0	0	0	0	0	0	0	0	0	0	0	0	0	0
	1	1	1	1	1	1	0	0	0	0	0	0	0	0	0	0	0	0	0	0
	1	1	1	1	1	1	0	0	0	0	0	0	0	0	0	0	0	0	0	0
	1	1	1	1	1	1	0	0	0	0	0	0	0	0	0	0	0	0	0	0
	1	1	1	1	1	1	0	0	0	0	0	0	0	0	0	0	0	0	0	0
	1	1	1	1	1	1	0	0	0	0	0	0	0	0	0	0	0	0	0	0
	1	1	1	1	1	1	0	0	0	0	0	0	0	0	0	0	0	0	0	0

WTF
[8 ; 8] smer UP and ku 6 ; 6
[8 ; 10] smer DOWN and ku 6 ; 6
9	15
18 > 15 ? 2 < 5
DIR UP A PS[i] = 7 a RU[i] = 1 A[i] = 9 D = 2 score: 0.377964
18 > 15 ? 2 < 5
18 > 15 ? 2 < 5
18 > 15 ? 2 < 5
DIR DOWN A PS[i] = 15 a RU[i] = 1 A[i] = 15 D = 2 score: 0.258199
18 > 15 ? 2 < 5
18 > 15 ? 2 < 5
18 > 15 ? 2 < 5
minit = 0 and score: 0.377964
19 -> UP
LEN = 19
Nemoze byt LEFT kvoli kamenu
Nemoze byt UP kvoli kamenu
Krizim sa tu v smere DOWN
	0	0	0	0	0	0	0	0	0	0	0	0	0	0	0	0	0	0	0	0
	0	0	0	0	0	0	0	0	0	0	0	0	0	0	0	0	0	0	0	0
	0	0	0	0	0	0	0	0	0	0	0	0	0	0	0	0	0	0	0	0
	0	0	0	0	0	0	0	0	0	0	0	0	0	0	0	0	0	0	0	0
	0	0	0	0	0	0	0	0	0	0	0	0	0	0	0	0	0	0	0	0
	0	0	0	0	0	0	0	0	0	0	0	0	0	0	0	0	0	0	0	0
	0	0	0	0	0	0	1	0	0	0	0	0	0	0	0	0	0	0	0	0
	0	0	0	0	0	0	1	0	0	0	0	0	0	0	0	0	0	0	0	0
	0	0	0	0	0	0	1	0	0	0	0	0	0	0	0	0	0	0	0	0
	0	0	0	0	0	0	1	1	1	0	0	0	0	0	0	0	0	0	0	0
	0	0	0	0	0	0	0	0	0	0	0	0	0	0	0	0	0	0	0	0
	0	0	0	0	0	0	0	0	0	0	0	0	0	0	0	0	0	0	0	0
	0	0	0	0	0	0	0	0	0	0	0	0	0	0	0	0	0	0	0	0
	0	0	0	0	0	0	0	0	0	0	0	0	0	0	0	0	0	0	0	0
	0	0	0	0	0	0	0	0	0	0	0	0	0	0	0	0	0	0	0	0
	0	0	0	0	0	0	0	0	0	0	0	0	0	0	0	0	0	0	0	0
	0	0	0	0	0	0	0	0	0	0	0	0	0	0	0	0	0	0	0	0
	0	0	0	0	0	0	0	0	0	0	0	0	0	0	0	0	0	0	0	0
	0	0	0	0	0	0	0	0	0	0	0	0	0	0	0	0	0	0	0	0
	0	0	0	0	0	0	0	0	0	0	0	0	0	0	0	0	0	0	0	0

WTF
[9 ; 8] smer RIGHT and ku 6 ; 6
8
19 > 15 ? 2 < 5
DIR RIGHT A PS[i] = 6 a RU[i] = 1 A[i] = 8 D = 2 score: 0.408248
19 > 15 ? 2 < 5
19 > 15 ? 2 < 5
19 > 15 ? 2 < 5
minit = 0 and score: 0.408248
20 -> RIGHT
