2
START!!! ROUND: 0
POSITION: 26 13
HYBEM SA NA LEFT

START!!! ROUND: 1
POSITION: 25 13
HYBEM SA NA UP

START!!! ROUND: 2
POSITION: 25 12
HYBEM SA NA LEFT

START!!! ROUND: 3
POSITION: 24 12
HYBEM SA NA RIGHT

START!!! ROUND: 4
POSITION: 25 12
HYBEM SA NA RIGHT

START!!! ROUND: 5
POSITION: 26 12
HYBEM SA NA UP

START!!! ROUND: 6
POSITION: 26 11
HYBEM SA NA DOWN

START!!! ROUND: 7
POSITION: 26 12
HYBEM SA NA LEFT

START!!! ROUND: 8
POSITION: 25 12
HYBEM SA NA LEFT

START!!! ROUND: 9
POSITION: 24 12
HYBEM SA NA LEFT

START!!! ROUND: 10
POSITION: 23 12
HYBEM SA NA DOWN

START!!! ROUND: 11
POSITION: 23 13
HYBEM SA NA RIGHT

START!!! ROUND: 12
POSITION: 24 13
HYBEM SA NA RIGHT

START!!! ROUND: 13
POSITION: 25 13
HYBEM SA NA LEFT

START!!! ROUND: 14
POSITION: 24 13
HYBEM SA NA DOWN

START!!! ROUND: 15
POSITION: 24 14
HYBEM SA NA DOWN

START!!! ROUND: 16
POSITION: 24 15
HYBEM SA NA LEFT

START!!! ROUND: 17
POSITION: 23 15
HYBEM SA NA LEFT

START!!! ROUND: 18
POSITION: 22 15
HYBEM SA NA LEFT

START!!! ROUND: 19
POSITION: 21 15
HYBEM SA NA LEFT

START!!! ROUND: 20
POSITION: 20 15
HYBEM SA NA DOWN

START!!! ROUND: 21
POSITION: 20 16
HYBEM SA NA LEFT

START!!! ROUND: 22
POSITION: 19 16
HYBEM SA NA LEFT

START!!! ROUND: 23
POSITION: 18 16
HYBEM SA NA UP

START!!! ROUND: 24
POSITION: 18 15
HYBEM SA NA UP

START!!! ROUND: 25
POSITION: 18 14
HYBEM SA NA UP

START!!! ROUND: 26
POSITION: 18 13
HYBEM SA NA UP

START!!! ROUND: 27
POSITION: 18 12
HYBEM SA NA RIGHT

START!!! ROUND: 28
POSITION: 19 12
HYBEM SA NA DOWN

START!!! ROUND: 29
POSITION: 19 13
HYBEM SA NA DOWN

START!!! ROUND: 30
POSITION: 19 14
HYBEM SA NA RIGHT

START!!! ROUND: 31
POSITION: 20 14
HYBEM SA NA RIGHT

START!!! ROUND: 32
POSITION: 21 14
HYBEM SA NA UP

START!!! ROUND: 33
POSITION: 21 13
HYBEM SA NA RIGHT

START!!! ROUND: 34
POSITION: 22 13
HYBEM SA NA DOWN

START!!! ROUND: 35
POSITION: 22 14
HYBEM SA NA RIGHT

START!!! ROUND: 36
POSITION: 23 14
HYBEM SA NA UP

START!!! ROUND: 37
POSITION: 23 13
HYBEM SA NA LEFT

START!!! ROUND: 38
POSITION: 22 13
HYBEM SA NA UP

START!!! ROUND: 39
POSITION: 22 12
HYBEM SA NA LEFT

START!!! ROUND: 40
POSITION: 21 12
HYBEM SA NA UP

START!!! ROUND: 41
POSITION: 21 11
HYBEM SA NA UP

START!!! ROUND: 42
POSITION: 21 10
HYBEM SA NA UP

START!!! ROUND: 43
POSITION: 21 9
HYBEM SA NA RIGHT

START!!! ROUND: 44
POSITION: 22 9
HYBEM SA NA UP

START!!! ROUND: 45
POSITION: 22 8
HYBEM SA NA RIGHT

START!!! ROUND: 46
POSITION: 23 8
HYBEM SA NA DOWN

START!!! ROUND: 47
POSITION: 23 9
HYBEM SA NA DOWN

START!!! ROUND: 48
POSITION: 23 10
HYBEM SA NA DOWN

START!!! ROUND: 49
POSITION: 23 11
HYBEM SA NA DOWN

START!!! ROUND: 50
POSITION: 23 12
HYBEM SA NA UP

START!!! ROUND: 51
POSITION: 23 11
HYBEM SA NA RIGHT

START!!! ROUND: 52
POSITION: 24 11
HYBEM SA NA LEFT

START!!! ROUND: 53
POSITION: 23 11
HYBEM SA NA UP

START!!! ROUND: 54
POSITION: 23 10
HYBEM SA NA RIGHT

START!!! ROUND: 55
POSITION: 24 10
HYBEM SA NA RIGHT

START!!! ROUND: 56
POSITION: 25 10
HYBEM SA NA RIGHT

START!!! ROUND: 57
POSITION: 26 10
HYBEM SA NA RIGHT

START!!! ROUND: 58
POSITION: 27 10
HYBEM SA NA DOWN

START!!! ROUND: 59
POSITION: 27 11
HYBEM SA NA DOWN

START!!! ROUND: 60
POSITION: 27 12
HYBEM SA NA RIGHT

START!!! ROUND: 61
POSITION: 28 12
HYBEM SA NA RIGHT

START!!! ROUND: 62
POSITION: 29 12
HYBEM SA NA UP

START!!! ROUND: 63
POSITION: 29 11
HYBEM SA NA LEFT

START!!! ROUND: 64
POSITION: 28 11
HYBEM SA NA LEFT

START!!! ROUND: 65
POSITION: 27 11
HYBEM SA NA UP

START!!! ROUND: 66
POSITION: 27 10
HYBEM SA NA UP

START!!! ROUND: 67
POSITION: 27 9
HYBEM SA NA DOWN

START!!! ROUND: 68
POSITION: 27 10
HYBEM SA NA RIGHT

START!!! ROUND: 69
POSITION: 28 10
HYBEM SA NA RIGHT

START!!! ROUND: 70
POSITION: 29 10
HYBEM SA NA UP

START!!! ROUND: 71
POSITION: 29 9
HYBEM SA NA LEFT

START!!! ROUND: 72
POSITION: 28 9
HYBEM SA NA LEFT

START!!! ROUND: 73
POSITION: 27 9
HYBEM SA NA LEFT

START!!! ROUND: 74
POSITION: 26 9
HYBEM SA NA UP

START!!! ROUND: 75
POSITION: 26 8
HYBEM SA NA UP

START!!! ROUND: 76
POSITION: 26 7
HYBEM SA NA RIGHT

START!!! ROUND: 77
POSITION: 27 7
HYBEM SA NA RIGHT

START!!! ROUND: 78
POSITION: 28 7
HYBEM SA NA UP

START!!! ROUND: 79
POSITION: 28 6
HYBEM SA NA RIGHT

START!!! ROUND: 80
POSITION: 29 6
HYBEM SA NA DOWN

START!!! ROUND: 81
POSITION: 29 7
HYBEM SA NA DOWN

START!!! ROUND: 82
POSITION: 29 8
HYBEM SA NA LEFT

START!!! ROUND: 83
POSITION: 28 8
HYBEM SA NA LEFT

START!!! ROUND: 84
POSITION: 27 8
HYBEM SA NA DOWN

START!!! ROUND: 85
POSITION: 27 9
HYBEM SA NA LEFT

START!!! ROUND: 86
POSITION: 26 9
HYBEM SA NA LEFT

START!!! ROUND: 87
POSITION: 25 9
HYBEM SA NA LEFT

START!!! ROUND: 88
POSITION: 24 9
HYBEM SA NA LEFT

START!!! ROUND: 89
POSITION: 23 9
HYBEM SA NA LEFT

START!!! ROUND: 90
POSITION: 22 9
HYBEM SA NA DOWN

START!!! ROUND: 91
POSITION: 22 10
HYBEM SA NA LEFT

START!!! ROUND: 92
POSITION: 21 10
HYBEM SA NA UP

START!!! ROUND: 93
POSITION: 21 9
HYBEM SA NA UP

START!!! ROUND: 94
POSITION: 21 8
HYBEM SA NA LEFT

START!!! ROUND: 95
POSITION: 20 8
HYBEM SA NA DOWN

START!!! ROUND: 96
POSITION: 20 9
HYBEM SA NA UP

START!!! ROUND: 97
POSITION: 20 8
HYBEM SA NA UP

START!!! ROUND: 98
POSITION: 20 7
HYBEM SA NA UP

START!!! ROUND: 99
POSITION: 20 6
HYBEM SA NA LEFT

START!!! ROUND: 100
POSITION: 19 6
HYBEM SA NA DOWN

START!!! ROUND: 101
POSITION: 19 7
HYBEM SA NA DOWN

START!!! ROUND: 102
POSITION: 19 8
HYBEM SA NA RIGHT

START!!! ROUND: 103
POSITION: 20 8
HYBEM SA NA RIGHT

START!!! ROUND: 104
POSITION: 21 8
HYBEM SA NA DOWN

START!!! ROUND: 105
POSITION: 21 9
HYBEM SA NA UP

START!!! ROUND: 106
POSITION: 21 8
HYBEM SA NA UP

START!!! ROUND: 107
POSITION: 21 7
HYBEM SA NA LEFT

START!!! ROUND: 108
POSITION: 20 7
HYBEM SA NA LEFT

START!!! ROUND: 109
POSITION: 19 7
HYBEM SA NA LEFT

START!!! ROUND: 110
POSITION: 18 7
HYBEM SA NA LEFT

START!!! ROUND: 111
POSITION: 17 7
HYBEM SA NA DOWN

START!!! ROUND: 112
POSITION: 17 8
HYBEM SA NA LEFT

START!!! ROUND: 113
POSITION: 16 8
HYBEM SA NA LEFT

START!!! ROUND: 114
POSITION: 15 8
HYBEM SA NA DOWN

START!!! ROUND: 115
POSITION: 15 9
HYBEM SA NA RIGHT

START!!! ROUND: 116
POSITION: 16 9
HYBEM SA NA DOWN

START!!! ROUND: 117
POSITION: 16 10
HYBEM SA NA RIGHT

START!!! ROUND: 118
POSITION: 17 10
HYBEM SA NA RIGHT

START!!! ROUND: 119
POSITION: 18 10
HYBEM SA NA DOWN

START!!! ROUND: 120
POSITION: 18 11
HYBEM SA NA DOWN

START!!! ROUND: 121
POSITION: 18 12
HYBEM SA NA DOWN

START!!! ROUND: 122
POSITION: 18 13
HYBEM SA NA UP

START!!! ROUND: 123
POSITION: 18 12
HYBEM SA NA LEFT

START!!! ROUND: 124
POSITION: 17 12
HYBEM SA NA LEFT

START!!! ROUND: 125
POSITION: 16 12
HYBEM SA NA LEFT

START!!! ROUND: 126
POSITION: 15 12
HYBEM SA NA LEFT

START!!! ROUND: 127
POSITION: 14 12
HYBEM SA NA DOWN

START!!! ROUND: 128
POSITION: 14 13
HYBEM SA NA DOWN

START!!! ROUND: 129
POSITION: 14 14
HYBEM SA NA DOWN

START!!! ROUND: 130
POSITION: 14 15
HYBEM SA NA RIGHT

START!!! ROUND: 131
POSITION: 15 15
HYBEM SA NA RIGHT

START!!! ROUND: 132
POSITION: 16 15
HYBEM SA NA UP

START!!! ROUND: 133
POSITION: 16 14
HYBEM SA NA RIGHT

START!!! ROUND: 134
POSITION: 17 14
HYBEM SA NA RIGHT

START!!! ROUND: 135
POSITION: 18 14
HYBEM SA NA LEFT

START!!! ROUND: 136
POSITION: 17 14
HYBEM SA NA DOWN

START!!! ROUND: 137
POSITION: 17 15
HYBEM SA NA DOWN

START!!! ROUND: 138
POSITION: 17 16
HYBEM SA NA DOWN

START!!! ROUND: 139
POSITION: 17 17
HYBEM SA NA DOWN

START!!! ROUND: 140
POSITION: 17 18
HYBEM SA NA RIGHT

START!!! ROUND: 141
POSITION: 18 18
HYBEM SA NA DOWN

START!!! ROUND: 142
POSITION: 18 19
HYBEM SA NA RIGHT

START!!! ROUND: 143
POSITION: 19 19
HYBEM SA NA UP

START!!! ROUND: 144
POSITION: 19 18
HYBEM SA NA UP

START!!! ROUND: 145
POSITION: 19 17
HYBEM SA NA LEFT

START!!! ROUND: 146
POSITION: 18 17
HYBEM SA NA UP

START!!! ROUND: 147
POSITION: 18 16
HYBEM SA NA UP

START!!! ROUND: 148
POSITION: 18 15
HYBEM SA NA LEFT

START!!! ROUND: 149
POSITION: 17 15
HYBEM SA NA LEFT

START!!! ROUND: 150
POSITION: 16 15
HYBEM SA NA DOWN

START!!! ROUND: 151
POSITION: 16 16
HYBEM SA NA DOWN

START!!! ROUND: 152
POSITION: 16 17
HYBEM SA NA RIGHT

START!!! ROUND: 153
POSITION: 17 17
HYBEM SA NA LEFT

START!!! ROUND: 154
POSITION: 16 17
HYBEM SA NA LEFT

START!!! ROUND: 155
POSITION: 15 17
HYBEM SA NA DOWN

START!!! ROUND: 156
POSITION: 15 18
HYBEM SA NA DOWN

START!!! ROUND: 157
POSITION: 15 19
HYBEM SA NA DOWN

START!!! ROUND: 158
POSITION: 15 20
HYBEM SA NA RIGHT

START!!! ROUND: 159
POSITION: 16 20
HYBEM SA NA UP

START!!! ROUND: 160
POSITION: 16 19
HYBEM SA NA RIGHT

START!!! ROUND: 161
POSITION: 17 19
HYBEM SA NA RIGHT

START!!! ROUND: 162
POSITION: 18 19
HYBEM SA NA LEFT

START!!! ROUND: 163
POSITION: 17 19
HYBEM SA NA LEFT

START!!! ROUND: 164
POSITION: 16 19
HYBEM SA NA LEFT

START!!! ROUND: 165
POSITION: 15 19
HYBEM SA NA RIGHT

START!!! ROUND: 166
POSITION: 16 19
HYBEM SA NA LEFT

START!!! ROUND: 167
POSITION: 15 19
HYBEM SA NA LEFT

START!!! ROUND: 168
POSITION: 14 19
HYBEM SA NA UP

START!!! ROUND: 169
POSITION: 14 18
HYBEM SA NA LEFT

START!!! ROUND: 170
POSITION: 13 18
HYBEM SA NA DOWN

START!!! ROUND: 171
POSITION: 13 19
HYBEM SA NA DOWN

START!!! ROUND: 172
POSITION: 13 20
HYBEM SA NA DOWN

START!!! ROUND: 173
POSITION: 13 21
HYBEM SA NA RIGHT

START!!! ROUND: 174
POSITION: 14 21
HYBEM SA NA RIGHT

START!!! ROUND: 175
POSITION: 15 21
HYBEM SA NA RIGHT

START!!! ROUND: 176
POSITION: 16 21
HYBEM SA NA UP

START!!! ROUND: 177
POSITION: 16 20
HYBEM SA NA LEFT

START!!! ROUND: 178
POSITION: 15 20
HYBEM SA NA DOWN

START!!! ROUND: 179
POSITION: 15 21
HYBEM SA NA DOWN

START!!! ROUND: 180
POSITION: 15 22
HYBEM SA NA UP

START!!! ROUND: 181
POSITION: 15 21
HYBEM SA NA LEFT

START!!! ROUND: 182
POSITION: 14 21
HYBEM SA NA DOWN

START!!! ROUND: 183
POSITION: 14 22
HYBEM SA NA LEFT

START!!! ROUND: 184
POSITION: 13 22
HYBEM SA NA LEFT

START!!! ROUND: 185
POSITION: 12 22
HYBEM SA NA UP

START!!! ROUND: 186
POSITION: 12 21
HYBEM SA NA RIGHT

START!!! ROUND: 187
POSITION: 13 21
HYBEM SA NA UP

START!!! ROUND: 188
POSITION: 13 20
HYBEM SA NA UP

START!!! ROUND: 189
POSITION: 13 19
HYBEM SA NA LEFT

START!!! ROUND: 190
POSITION: 12 19
HYBEM SA NA UP

START!!! ROUND: 191
POSITION: 12 18
HYBEM SA NA UP

START!!! ROUND: 192
POSITION: 12 17
HYBEM SA NA LEFT

START!!! ROUND: 193
POSITION: 11 17
HYBEM SA NA UP

START!!! ROUND: 194
POSITION: 11 16
HYBEM SA NA RIGHT

START!!! ROUND: 195
POSITION: 12 16
HYBEM SA NA RIGHT

START!!! ROUND: 196
POSITION: 13 16
HYBEM SA NA RIGHT

START!!! ROUND: 197
POSITION: 14 16
HYBEM SA NA RIGHT

START!!! ROUND: 198
POSITION: 15 16
HYBEM SA NA RIGHT

START!!! ROUND: 199
POSITION: 16 16
HYBEM SA NA LEFT

START!!! ROUND: 200
POSITION: 15 16
HYBEM SA NA LEFT

START!!! ROUND: 201
POSITION: 14 16
HYBEM SA NA LEFT

START!!! ROUND: 202
POSITION: 13 16
HYBEM SA NA UP

START!!! ROUND: 203
POSITION: 13 15
HYBEM SA NA DOWN

START!!! ROUND: 204
POSITION: 13 16
HYBEM SA NA LEFT

START!!! ROUND: 205
POSITION: 12 16
HYBEM SA NA UP

START!!! ROUND: 206
POSITION: 12 15
HYBEM SA NA UP

START!!! ROUND: 207
POSITION: 12 14
HYBEM SA NA UP

START!!! ROUND: 208
POSITION: 12 13
HYBEM SA NA LEFT

START!!! ROUND: 209
POSITION: 11 13
HYBEM SA NA DOWN

START!!! ROUND: 210
POSITION: 11 14
HYBEM SA NA DOWN

START!!! ROUND: 211
POSITION: 11 15
HYBEM SA NA DOWN

START!!! ROUND: 212
POSITION: 11 16
HYBEM SA NA LEFT

START!!! ROUND: 213
POSITION: 10 16
HYBEM SA NA LEFT

START!!! ROUND: 214
POSITION: 9 16
HYBEM SA NA LEFT

START!!! ROUND: 215
POSITION: 8 16
HYBEM SA NA DOWN

START!!! ROUND: 216
POSITION: 8 17
HYBEM SA NA LEFT

START!!! ROUND: 217
POSITION: 7 17
HYBEM SA NA LEFT

START!!! ROUND: 218
POSITION: 6 17
HYBEM SA NA LEFT

START!!! ROUND: 219
POSITION: 5 17
HYBEM SA NA DOWN

START!!! ROUND: 220
POSITION: 5 18
HYBEM SA NA DOWN

START!!! ROUND: 221
POSITION: 5 19
HYBEM SA NA DOWN

START!!! ROUND: 222
POSITION: 5 20
HYBEM SA NA RIGHT

START!!! ROUND: 223
POSITION: 6 20
HYBEM SA NA RIGHT

START!!! ROUND: 224
POSITION: 7 20
HYBEM SA NA RIGHT

START!!! ROUND: 225
POSITION: 8 20
HYBEM SA NA RIGHT

START!!! ROUND: 226
POSITION: 9 20
HYBEM SA NA DOWN

START!!! ROUND: 227
POSITION: 9 21
HYBEM SA NA DOWN

START!!! ROUND: 228
POSITION: 9 22
HYBEM SA NA DOWN

START!!! ROUND: 229
POSITION: 9 23
HYBEM SA NA DOWN

START!!! ROUND: 230
POSITION: 9 24
HYBEM SA NA DOWN

START!!! ROUND: 231
POSITION: 9 25
HYBEM SA NA DOWN

START!!! ROUND: 232
POSITION: 9 26
HYBEM SA NA DOWN

START!!! ROUND: 233
POSITION: 9 27
HYBEM SA NA RIGHT

START!!! ROUND: 234
POSITION: 10 27
HYBEM SA NA RIGHT

START!!! ROUND: 235
POSITION: 11 27
HYBEM SA NA UP

START!!! ROUND: 236
POSITION: 11 26
HYBEM SA NA UP

START!!! ROUND: 237
POSITION: 11 25
HYBEM SA NA RIGHT

START!!! ROUND: 238
POSITION: 12 25
HYBEM SA NA RIGHT

START!!! ROUND: 239
POSITION: 13 25
HYBEM SA NA UP

START!!! ROUND: 240
POSITION: 13 24
HYBEM SA NA UP

START!!! ROUND: 241
POSITION: 13 23
HYBEM SA NA LEFT

START!!! ROUND: 242
POSITION: 12 23
HYBEM SA NA LEFT

START!!! ROUND: 243
POSITION: 11 23
HYBEM SA NA LEFT

START!!! ROUND: 244
POSITION: 10 23
HYBEM SA NA UP

START!!! ROUND: 245
POSITION: 10 22
HYBEM SA NA UP

START!!! ROUND: 246
POSITION: 10 21
HYBEM SA NA RIGHT

START!!! ROUND: 247
POSITION: 11 21
HYBEM SA NA DOWN

START!!! ROUND: 248
POSITION: 11 22
HYBEM SA NA RIGHT

START!!! ROUND: 249
POSITION: 12 22
HYBEM SA NA LEFT

START!!! ROUND: 250
POSITION: 11 22
HYBEM SA NA LEFT

START!!! ROUND: 251
POSITION: 10 22
HYBEM SA NA RIGHT

START!!! ROUND: 252
POSITION: 11 22
HYBEM SA NA RIGHT

START!!! ROUND: 253
POSITION: 12 22
HYBEM SA NA RIGHT

START!!! ROUND: 254
POSITION: 13 22
HYBEM SA NA RIGHT

START!!! ROUND: 255
POSITION: 14 22
HYBEM SA NA RIGHT

START!!! ROUND: 256
POSITION: 15 22
HYBEM SA NA LEFT

START!!! ROUND: 257
POSITION: 14 22
HYBEM SA NA DOWN

START!!! ROUND: 258
POSITION: 14 23
HYBEM SA NA DOWN

START!!! ROUND: 259
POSITION: 14 24
HYBEM SA NA RIGHT

START!!! ROUND: 260
POSITION: 15 24
HYBEM SA NA RIGHT

START!!! ROUND: 261
POSITION: 16 24
HYBEM SA NA DOWN

START!!! ROUND: 262
POSITION: 16 25
HYBEM SA NA DOWN

START!!! ROUND: 263
POSITION: 16 26
HYBEM SA NA DOWN

START!!! ROUND: 264
POSITION: 16 27
HYBEM SA NA RIGHT

START!!! ROUND: 265
POSITION: 17 27
HYBEM SA NA UP

START!!! ROUND: 266
POSITION: 17 26
HYBEM SA NA RIGHT

START!!! ROUND: 267
POSITION: 18 26
HYBEM SA NA UP

START!!! ROUND: 268
POSITION: 18 25
HYBEM SA NA UP

START!!! ROUND: 269
POSITION: 18 24
HYBEM SA NA RIGHT

START!!! ROUND: 270
POSITION: 19 24
HYBEM SA NA UP

START!!! ROUND: 271
POSITION: 19 23
HYBEM SA NA LEFT

START!!! ROUND: 272
POSITION: 18 23
HYBEM SA NA LEFT

START!!! ROUND: 273
POSITION: 17 23
HYBEM SA NA LEFT

START!!! ROUND: 274
POSITION: 16 23
HYBEM SA NA LEFT

START!!! ROUND: 275
POSITION: 15 23
HYBEM SA NA UP

START!!! ROUND: 276
POSITION: 15 22
HYBEM SA NA RIGHT

START!!! ROUND: 277
POSITION: 16 22
HYBEM SA NA RIGHT

START!!! ROUND: 278
POSITION: 17 22
HYBEM SA NA DOWN

START!!! ROUND: 279
POSITION: 17 23
HYBEM SA NA DOWN

START!!! ROUND: 280
POSITION: 17 24
HYBEM SA NA LEFT

START!!! ROUND: 281
POSITION: 16 24
HYBEM SA NA DOWN

START!!! ROUND: 282
POSITION: 16 25
HYBEM SA NA RIGHT

START!!! ROUND: 283
POSITION: 17 25
HYBEM SA NA LEFT

START!!! ROUND: 284
POSITION: 16 25
HYBEM SA NA LEFT

START!!! ROUND: 285
POSITION: 15 25
HYBEM SA NA LEFT

START!!! ROUND: 286
POSITION: 14 25
HYBEM SA NA LEFT

START!!! ROUND: 287
POSITION: 13 25
HYBEM SA NA UP

START!!! ROUND: 288
POSITION: 13 24
HYBEM SA NA UP

START!!! ROUND: 289
POSITION: 13 23
HYBEM SA NA LEFT

START!!! ROUND: 290
POSITION: 12 23
HYBEM SA NA RIGHT

START!!! ROUND: 291
POSITION: 13 23
HYBEM SA NA DOWN

START!!! ROUND: 292
POSITION: 13 24
HYBEM SA NA DOWN

START!!! ROUND: 293
POSITION: 13 25
HYBEM SA NA DOWN

START!!! ROUND: 294
POSITION: 13 26
HYBEM SA NA LEFT

START!!! ROUND: 295
POSITION: 12 26
HYBEM SA NA LEFT

START!!! ROUND: 296
POSITION: 11 26
HYBEM SA NA RIGHT

START!!! ROUND: 297
POSITION: 12 26
HYBEM SA NA DOWN

START!!! ROUND: 298
POSITION: 12 27
HYBEM SA NA LEFT

START!!! ROUND: 299
POSITION: 11 27
HYBEM SA NA DOWN

START!!! ROUND: 300
POSITION: 11 28
HYBEM SA NA DOWN

START!!! ROUND: 301
POSITION: 11 29
HYBEM SA NA RIGHT

START!!! ROUND: 302
POSITION: 12 29
HYBEM SA NA RIGHT

START!!! ROUND: 303
POSITION: 13 29
HYBEM SA NA RIGHT

START!!! ROUND: 304
POSITION: 14 29
HYBEM SA NA RIGHT

START!!! ROUND: 305
POSITION: 15 29
HYBEM SA NA RIGHT

START!!! ROUND: 306
POSITION: 16 29
HYBEM SA NA RIGHT

START!!! ROUND: 307
POSITION: 17 29
HYBEM SA NA RIGHT

START!!! ROUND: 308
POSITION: 18 29
HYBEM SA NA RIGHT

START!!! ROUND: 309
POSITION: 19 29
NEMOZEM SA HYBAT -> UP

START!!! ROUND: 310
POSITION: 19 28
HYBEM SA NA UP

START!!! ROUND: 311
POSITION: 19 27
HYBEM SA NA UP

START!!! ROUND: 312
POSITION: 19 26
HYBEM SA NA UP

START!!! ROUND: 313
POSITION: 19 25
HYBEM SA NA UP

START!!! ROUND: 314
POSITION: 19 24
HYBEM SA NA UP

START!!! ROUND: 315
POSITION: 19 23
HYBEM SA NA UP

START!!! ROUND: 316
POSITION: 19 22
HYBEM SA NA DOWN

START!!! ROUND: 317
POSITION: 19 23
HYBEM SA NA LEFT

START!!! ROUND: 318
POSITION: 18 23
HYBEM SA NA UP

START!!! ROUND: 319
POSITION: 18 22
HYBEM SA NA DOWN

START!!! ROUND: 320
POSITION: 18 23
HYBEM SA NA DOWN

START!!! ROUND: 321
POSITION: 18 24
HYBEM SA NA LEFT

START!!! ROUND: 322
POSITION: 17 24
HYBEM SA NA UP

START!!! ROUND: 323
POSITION: 17 23
HYBEM SA NA DOWN

START!!! ROUND: 324
POSITION: 17 24
HYBEM SA NA LEFT

START!!! ROUND: 325
POSITION: 16 24
HYBEM SA NA UP

START!!! ROUND: 326
POSITION: 16 23
HYBEM SA NA UP

START!!! ROUND: 327
POSITION: 16 22
HYBEM SA NA UP

START!!! ROUND: 328
POSITION: 16 21
HYBEM SA NA RIGHT

START!!! ROUND: 329
POSITION: 17 21
HYBEM SA NA DOWN

START!!! ROUND: 330
POSITION: 17 22
HYBEM SA NA UP

START!!! ROUND: 331
POSITION: 17 21
HYBEM SA NA DOWN

START!!! ROUND: 332
POSITION: 17 22
HYBEM SA NA UP

START!!! ROUND: 333
POSITION: 17 21
HYBEM SA NA RIGHT

START!!! ROUND: 334
POSITION: 18 21
HYBEM SA NA RIGHT

START!!! ROUND: 335
POSITION: 19 21
HYBEM SA NA DOWN

START!!! ROUND: 336
POSITION: 19 22
HYBEM SA NA RIGHT

START!!! ROUND: 337
POSITION: 20 22
HYBEM SA NA RIGHT

START!!! ROUND: 338
POSITION: 21 22
HYBEM SA NA UP

START!!! ROUND: 339
POSITION: 21 21
HYBEM SA NA DOWN

START!!! ROUND: 340
POSITION: 21 22
HYBEM SA NA RIGHT

START!!! ROUND: 341
POSITION: 22 22
HYBEM SA NA DOWN

START!!! ROUND: 342
POSITION: 22 23
HYBEM SA NA RIGHT

START!!! ROUND: 343
POSITION: 23 23
HYBEM SA NA DOWN

START!!! ROUND: 344
POSITION: 23 24
HYBEM SA NA LEFT

START!!! ROUND: 345
POSITION: 22 24
HYBEM SA NA DOWN

START!!! ROUND: 346
POSITION: 22 25
HYBEM SA NA LEFT

START!!! ROUND: 347
POSITION: 21 25
HYBEM SA NA DOWN

START!!! ROUND: 348
POSITION: 21 26
HYBEM SA NA DOWN

START!!! ROUND: 349
POSITION: 21 27
HYBEM SA NA RIGHT

START!!! ROUND: 350
POSITION: 22 27
NEMOZEM SA HYBAT -> DOWN

START!!! ROUND: 351
POSITION: 22 28
HYBEM SA NA LEFT

START!!! ROUND: 352
POSITION: 21 28
HYBEM SA NA LEFT

START!!! ROUND: 353
POSITION: 20 28
HYBEM SA NA UP

START!!! ROUND: 354
POSITION: 20 27
HYBEM SA NA LEFT

START!!! ROUND: 355
POSITION: 19 27
HYBEM SA NA RIGHT

START!!! ROUND: 356
POSITION: 20 27
HYBEM SA NA DOWN

START!!! ROUND: 357
POSITION: 20 28
HYBEM SA NA DOWN

START!!! ROUND: 358
POSITION: 20 29
HYBEM SA NA UP

START!!! ROUND: 359
POSITION: 20 28
HYBEM SA NA RIGHT

START!!! ROUND: 360
POSITION: 21 28
HYBEM SA NA DOWN

START!!! ROUND: 361
POSITION: 21 29
HYBEM SA NA LEFT

START!!! ROUND: 362
POSITION: 20 29
HYBEM SA NA RIGHT

START!!! ROUND: 363
POSITION: 21 29
HYBEM SA NA RIGHT

START!!! ROUND: 364
POSITION: 22 29
HYBEM SA NA RIGHT

START!!! ROUND: 365
POSITION: 23 29
HYBEM SA NA UP

START!!! ROUND: 366
POSITION: 23 28
HYBEM SA NA UP

START!!! ROUND: 367
POSITION: 23 27
HYBEM SA NA LEFT

START!!! ROUND: 368
POSITION: 22 27
HYBEM SA NA UP

START!!! ROUND: 369
POSITION: 22 26
HYBEM SA NA UP

START!!! ROUND: 370
POSITION: 22 25
HYBEM SA NA RIGHT

START!!! ROUND: 371
POSITION: 23 25
HYBEM SA NA LEFT

START!!! ROUND: 372
POSITION: 22 25
HYBEM SA NA RIGHT

START!!! ROUND: 373
POSITION: 23 25
HYBEM SA NA RIGHT

START!!! ROUND: 374
POSITION: 24 25
HYBEM SA NA UP

START!!! ROUND: 375
POSITION: 24 24
HYBEM SA NA LEFT

START!!! ROUND: 376
POSITION: 23 24
HYBEM SA NA UP

START!!! ROUND: 377
POSITION: 23 23
HYBEM SA NA UP

START!!! ROUND: 378
POSITION: 23 22
HYBEM SA NA UP

START!!! ROUND: 379
POSITION: 23 21
HYBEM SA NA UP

START!!! ROUND: 380
POSITION: 23 20
HYBEM SA NA UP

START!!! ROUND: 381
POSITION: 23 19
HYBEM SA NA RIGHT

START!!! ROUND: 382
POSITION: 24 19
HYBEM SA NA RIGHT

START!!! ROUND: 383
POSITION: 25 19
HYBEM SA NA UP

START!!! ROUND: 384
POSITION: 25 18
HYBEM SA NA RIGHT

START!!! ROUND: 385
POSITION: 26 18
HYBEM SA NA RIGHT

START!!! ROUND: 386
POSITION: 27 18
HYBEM SA NA UP

START!!! ROUND: 387
POSITION: 27 17
HYBEM SA NA UP

START!!! ROUND: 388
POSITION: 27 16
HYBEM SA NA UP

START!!! ROUND: 389
POSITION: 27 15
HYBEM SA NA RIGHT

START!!! ROUND: 390
POSITION: 28 15
HYBEM SA NA UP

START!!! ROUND: 391
POSITION: 28 14
HYBEM SA NA RIGHT

START!!! ROUND: 392
POSITION: 29 14
HYBEM SA NA UP

START!!! ROUND: 393
POSITION: 29 13
HYBEM SA NA UP

START!!! ROUND: 394
POSITION: 29 12
HYBEM SA NA DOWN

START!!! ROUND: 395
POSITION: 29 13
HYBEM SA NA DOWN

START!!! ROUND: 396
POSITION: 29 14
HYBEM SA NA DOWN

START!!! ROUND: 397
POSITION: 29 15
HYBEM SA NA DOWN

START!!! ROUND: 398
POSITION: 29 16
HYBEM SA NA DOWN

START!!! ROUND: 399
POSITION: 29 17
HYBEM SA NA LEFT

START!!! ROUND: 400
POSITION: 28 17
HYBEM SA NA DOWN

START!!! ROUND: 401
POSITION: 28 18
HYBEM SA NA RIGHT

START!!! ROUND: 402
POSITION: 29 18
HYBEM SA NA DOWN

START!!! ROUND: 403
POSITION: 29 19
HYBEM SA NA LEFT

START!!! ROUND: 404
POSITION: 28 19
HYBEM SA NA LEFT

START!!! ROUND: 405
POSITION: 27 19
HYBEM SA NA LEFT

START!!! ROUND: 406
POSITION: 26 19
HYBEM SA NA LEFT

START!!! ROUND: 407
POSITION: 25 19
HYBEM SA NA UP

START!!! ROUND: 408
POSITION: 25 18
HYBEM SA NA DOWN

START!!! ROUND: 409
POSITION: 25 19
HYBEM SA NA DOWN

START!!! ROUND: 410
POSITION: 25 20
HYBEM SA NA UP

START!!! ROUND: 411
POSITION: 25 19
HYBEM SA NA LEFT

START!!! ROUND: 412
POSITION: 24 19
HYBEM SA NA DOWN

START!!! ROUND: 413
POSITION: 24 20
HYBEM SA NA RIGHT

START!!! ROUND: 414
POSITION: 25 20
HYBEM SA NA RIGHT

START!!! ROUND: 415
POSITION: 26 20
HYBEM SA NA DOWN

START!!! ROUND: 416
POSITION: 26 21
HYBEM SA NA LEFT

START!!! ROUND: 417
POSITION: 25 21
HYBEM SA NA LEFT

START!!! ROUND: 418
POSITION: 24 21
HYBEM SA NA LEFT

START!!! ROUND: 419
POSITION: 23 21
HYBEM SA NA UP

START!!! ROUND: 420
POSITION: 23 20
HYBEM SA NA RIGHT

START!!! ROUND: 421
POSITION: 24 20
HYBEM SA NA DOWN

START!!! ROUND: 422
POSITION: 24 21
HYBEM SA NA DOWN

START!!! ROUND: 423
POSITION: 24 22
HYBEM SA NA RIGHT

START!!! ROUND: 424
POSITION: 25 22
HYBEM SA NA RIGHT

START!!! ROUND: 425
POSITION: 26 22
HYBEM SA NA RIGHT

START!!! ROUND: 426
POSITION: 27 22
HYBEM SA NA UP

START!!! ROUND: 427
POSITION: 27 21
HYBEM SA NA UP

START!!! ROUND: 428
POSITION: 27 20
HYBEM SA NA UP

START!!! ROUND: 429
POSITION: 27 19
HYBEM SA NA LEFT

START!!! ROUND: 430
POSITION: 26 19
HYBEM SA NA RIGHT

START!!! ROUND: 431
POSITION: 27 19
HYBEM SA NA RIGHT

START!!! ROUND: 432
POSITION: 28 19
HYBEM SA NA UP

START!!! ROUND: 433
POSITION: 28 18
HYBEM SA NA DOWN

START!!! ROUND: 434
POSITION: 28 19
HYBEM SA NA DOWN

START!!! ROUND: 435
POSITION: 28 20
HYBEM SA NA UP

START!!! ROUND: 436
POSITION: 28 19
HYBEM SA NA RIGHT

START!!! ROUND: 437
POSITION: 29 19
HYBEM SA NA UP

START!!! ROUND: 438
POSITION: 29 18
HYBEM SA NA LEFT

START!!! ROUND: 439
POSITION: 28 18
HYBEM SA NA DOWN

START!!! ROUND: 440
POSITION: 28 19
HYBEM SA NA RIGHT

START!!! ROUND: 441
POSITION: 29 19
HYBEM SA NA LEFT

START!!! ROUND: 442
POSITION: 28 19
HYBEM SA NA RIGHT

START!!! ROUND: 443
POSITION: 29 19
HYBEM SA NA DOWN

START!!! ROUND: 444
POSITION: 29 20
HYBEM SA NA LEFT

START!!! ROUND: 445
POSITION: 28 20
HYBEM SA NA DOWN

START!!! ROUND: 446
POSITION: 28 21
HYBEM SA NA LEFT

START!!! ROUND: 447
POSITION: 27 21
HYBEM SA NA DOWN

START!!! ROUND: 448
POSITION: 27 22
HYBEM SA NA UP

START!!! ROUND: 449
POSITION: 27 21
HYBEM SA NA DOWN

START!!! ROUND: 450
POSITION: 27 22
HYBEM SA NA LEFT

START!!! ROUND: 451
POSITION: 26 22
HYBEM SA NA LEFT

START!!! ROUND: 452
POSITION: 25 22
HYBEM SA NA UP

START!!! ROUND: 453
POSITION: 25 21
HYBEM SA NA DOWN

START!!! ROUND: 454
POSITION: 25 22
HYBEM SA NA UP

START!!! ROUND: 455
POSITION: 25 21
HYBEM SA NA UP

START!!! ROUND: 456
POSITION: 25 20
HYBEM SA NA DOWN

START!!! ROUND: 457
POSITION: 25 21
HYBEM SA NA RIGHT

START!!! ROUND: 458
POSITION: 26 21
HYBEM SA NA UP

START!!! ROUND: 459
POSITION: 26 20
HYBEM SA NA RIGHT

START!!! ROUND: 460
POSITION: 27 20
HYBEM SA NA RIGHT

START!!! ROUND: 461
POSITION: 28 20
HYBEM SA NA LEFT

START!!! ROUND: 462
POSITION: 27 20
HYBEM SA NA RIGHT

START!!! ROUND: 463
POSITION: 28 20
HYBEM SA NA RIGHT

START!!! ROUND: 464
POSITION: 29 20
HYBEM SA NA UP

START!!! ROUND: 465
POSITION: 29 19
HYBEM SA NA UP

START!!! ROUND: 466
POSITION: 29 18
HYBEM SA NA DOWN

START!!! ROUND: 467
POSITION: 29 19
HYBEM SA NA DOWN

START!!! ROUND: 468
POSITION: 29 20
HYBEM SA NA LEFT

START!!! ROUND: 469
POSITION: 28 20
HYBEM SA NA LEFT

START!!! ROUND: 470
POSITION: 27 20
HYBEM SA NA LEFT

START!!! ROUND: 471
POSITION: 26 20
HYBEM SA NA LEFT

START!!! ROUND: 472
POSITION: 25 20
HYBEM SA NA LEFT

START!!! ROUND: 473
POSITION: 24 20
HYBEM SA NA DOWN

START!!! ROUND: 474
POSITION: 24 21
HYBEM SA NA DOWN

START!!! ROUND: 475
POSITION: 24 22
HYBEM SA NA DOWN

START!!! ROUND: 476
POSITION: 24 23
HYBEM SA NA DOWN

START!!! ROUND: 477
POSITION: 24 24
HYBEM SA NA RIGHT

START!!! ROUND: 478
POSITION: 25 24
HYBEM SA NA LEFT

START!!! ROUND: 479
POSITION: 24 24
HYBEM SA NA DOWN

START!!! ROUND: 480
POSITION: 24 25
HYBEM SA NA DOWN

START!!! ROUND: 481
POSITION: 24 26
HYBEM SA NA RIGHT

START!!! ROUND: 482
POSITION: 25 26
HYBEM SA NA RIGHT

START!!! ROUND: 483
POSITION: 26 26
HYBEM SA NA RIGHT

START!!! ROUND: 484
POSITION: 27 26
NEMOZEM SA HYBAT -> UP

START!!! ROUND: 485
POSITION: 27 25
HYBEM SA NA UP

START!!! ROUND: 486
POSITION: 27 24
HYBEM SA NA LEFT

START!!! ROUND: 487
POSITION: 26 24
HYBEM SA NA UP

START!!! ROUND: 488
POSITION: 26 23
HYBEM SA NA UP

START!!! ROUND: 489
POSITION: 26 22
HYBEM SA NA UP

START!!! ROUND: 490
POSITION: 26 21
HYBEM SA NA RIGHT

START!!! ROUND: 491
POSITION: 27 21
HYBEM SA NA RIGHT

START!!! ROUND: 492
POSITION: 28 21
HYBEM SA NA UP

START!!! ROUND: 493
POSITION: 28 20
HYBEM SA NA DOWN

START!!! ROUND: 494
POSITION: 28 21
HYBEM SA NA DOWN

START!!! ROUND: 495
POSITION: 28 22
HYBEM SA NA UP

START!!! ROUND: 496
POSITION: 28 21
HYBEM SA NA RIGHT

START!!! ROUND: 497
POSITION: 29 21
HYBEM SA NA LEFT

START!!! ROUND: 498
POSITION: 28 21
HYBEM SA NA LEFT

START!!! ROUND: 499
POSITION: 27 21
HYBEM SA NA DOWN

START!!! ROUND: 500
POSITION: 27 22
HYBEM SA NA RIGHT

