1
START!!! ROUND: 0
POSITION: 5 11
HYBEM SA NA LEFT

START!!! ROUND: 1
POSITION: 4 11
HYBEM SA NA LEFT

START!!! ROUND: 2
POSITION: 3 11
HYBEM SA NA RIGHT

START!!! ROUND: 3
POSITION: 4 11
HYBEM SA NA LEFT

START!!! ROUND: 4
POSITION: 3 11
HYBEM SA NA LEFT

START!!! ROUND: 5
POSITION: 2 11
HYBEM SA NA DOWN

START!!! ROUND: 6
POSITION: 2 12
HYBEM SA NA LEFT

START!!! ROUND: 7
POSITION: 1 12
HYBEM SA NA LEFT

START!!! ROUND: 8
POSITION: 0 12
HYBEM SA NA UP

START!!! ROUND: 9
POSITION: 0 11
HYBEM SA NA RIGHT

START!!! ROUND: 10
POSITION: 1 11
HYBEM SA NA UP

START!!! ROUND: 11
POSITION: 1 10
HYBEM SA NA LEFT

START!!! ROUND: 12
POSITION: 0 10
HYBEM SA NA UP

START!!! ROUND: 13
POSITION: 0 9
HYBEM SA NA UP

START!!! ROUND: 14
POSITION: 0 8
HYBEM SA NA RIGHT

START!!! ROUND: 15
POSITION: 1 8
HYBEM SA NA RIGHT

START!!! ROUND: 16
POSITION: 2 8
HYBEM SA NA RIGHT

START!!! ROUND: 17
POSITION: 3 8
HYBEM SA NA UP

START!!! ROUND: 18
POSITION: 3 7
HYBEM SA NA UP

START!!! ROUND: 19
POSITION: 3 6
HYBEM SA NA UP

START!!! ROUND: 20
POSITION: 3 5
HYBEM SA NA UP

START!!! ROUND: 21
POSITION: 3 4
HYBEM SA NA UP

START!!! ROUND: 22
POSITION: 3 3
HYBEM SA NA UP

START!!! ROUND: 23
POSITION: 3 2
HYBEM SA NA UP

START!!! ROUND: 24
POSITION: 3 1
HYBEM SA NA UP

START!!! ROUND: 25
POSITION: 3 0
HYBEM SA NA RIGHT

START!!! ROUND: 26
POSITION: 4 0
HYBEM SA NA RIGHT

START!!! ROUND: 27
POSITION: 5 0
HYBEM SA NA RIGHT

START!!! ROUND: 28
POSITION: 6 0
HYBEM SA NA RIGHT

START!!! ROUND: 29
POSITION: 7 0
HYBEM SA NA RIGHT

START!!! ROUND: 30
POSITION: 8 0
HYBEM SA NA RIGHT

START!!! ROUND: 31
POSITION: 9 0
HYBEM SA NA DOWN

START!!! ROUND: 32
POSITION: 9 1
HYBEM SA NA DOWN

START!!! ROUND: 33
POSITION: 9 2
HYBEM SA NA DOWN

START!!! ROUND: 34
POSITION: 9 3
HYBEM SA NA DOWN

START!!! ROUND: 35
POSITION: 9 4
HYBEM SA NA DOWN

START!!! ROUND: 36
POSITION: 9 5
HYBEM SA NA DOWN

START!!! ROUND: 37
POSITION: 9 6
HYBEM SA NA DOWN

START!!! ROUND: 38
POSITION: 9 7
HYBEM SA NA DOWN

START!!! ROUND: 39
POSITION: 9 8
HYBEM SA NA DOWN

START!!! ROUND: 40
POSITION: 9 9
HYBEM SA NA DOWN

START!!! ROUND: 41
POSITION: 9 10
HYBEM SA NA DOWN

START!!! ROUND: 42
POSITION: 9 11
HYBEM SA NA RIGHT

START!!! ROUND: 43
POSITION: 10 11
HYBEM SA NA DOWN

START!!! ROUND: 44
POSITION: 10 12
HYBEM SA NA DOWN

START!!! ROUND: 45
POSITION: 10 13
HYBEM SA NA LEFT

START!!! ROUND: 46
POSITION: 9 13
HYBEM SA NA LEFT

START!!! ROUND: 47
POSITION: 8 13
HYBEM SA NA UP

START!!! ROUND: 48
POSITION: 8 12
HYBEM SA NA LEFT

START!!! ROUND: 49
POSITION: 7 12
HYBEM SA NA UP

START!!! ROUND: 50
POSITION: 7 11
HYBEM SA NA LEFT

START!!! ROUND: 51
POSITION: 6 11
HYBEM SA NA LEFT

START!!! ROUND: 52
POSITION: 5 11
HYBEM SA NA LEFT

START!!! ROUND: 53
POSITION: 4 11
HYBEM SA NA LEFT

START!!! ROUND: 54
POSITION: 3 11
HYBEM SA NA LEFT

START!!! ROUND: 55
POSITION: 2 11
HYBEM SA NA RIGHT

START!!! ROUND: 56
POSITION: 3 11
HYBEM SA NA DOWN

START!!! ROUND: 57
POSITION: 3 12
HYBEM SA NA DOWN

START!!! ROUND: 58
POSITION: 3 13
HYBEM SA NA RIGHT

START!!! ROUND: 59
POSITION: 4 13
HYBEM SA NA RIGHT

START!!! ROUND: 60
POSITION: 5 13
HYBEM SA NA UP

START!!! ROUND: 61
POSITION: 5 12
HYBEM SA NA UP

START!!! ROUND: 62
POSITION: 5 11
HYBEM SA NA LEFT

START!!! ROUND: 63
POSITION: 4 11
HYBEM SA NA DOWN

START!!! ROUND: 64
POSITION: 4 12
HYBEM SA NA DOWN

START!!! ROUND: 65
POSITION: 4 13
HYBEM SA NA DOWN

START!!! ROUND: 66
POSITION: 4 14
HYBEM SA NA UP

START!!! ROUND: 67
POSITION: 4 13
HYBEM SA NA LEFT

START!!! ROUND: 68
POSITION: 3 13
HYBEM SA NA UP

START!!! ROUND: 69
POSITION: 3 12
HYBEM SA NA LEFT

START!!! ROUND: 70
POSITION: 2 12
HYBEM SA NA RIGHT

START!!! ROUND: 71
POSITION: 3 12
HYBEM SA NA LEFT

START!!! ROUND: 72
POSITION: 2 12
HYBEM SA NA DOWN

START!!! ROUND: 73
POSITION: 2 13
HYBEM SA NA DOWN

START!!! ROUND: 74
POSITION: 2 14
HYBEM SA NA LEFT

START!!! ROUND: 75
POSITION: 1 14
HYBEM SA NA LEFT

START!!! ROUND: 76
POSITION: 0 14
HYBEM SA NA UP

START!!! ROUND: 77
POSITION: 0 13
HYBEM SA NA RIGHT

START!!! ROUND: 78
POSITION: 1 13
HYBEM SA NA UP

START!!! ROUND: 79
POSITION: 1 12
HYBEM SA NA RIGHT

START!!! ROUND: 80
POSITION: 2 12
HYBEM SA NA RIGHT

START!!! ROUND: 81
POSITION: 3 12
HYBEM SA NA DOWN

START!!! ROUND: 82
POSITION: 3 13
HYBEM SA NA DOWN

START!!! ROUND: 83
POSITION: 3 14
HYBEM SA NA RIGHT

START!!! ROUND: 84
POSITION: 4 14
HYBEM SA NA RIGHT

START!!! ROUND: 85
POSITION: 5 14
HYBEM SA NA RIGHT

START!!! ROUND: 86
POSITION: 6 14
HYBEM SA NA RIGHT

START!!! ROUND: 87
POSITION: 7 14
HYBEM SA NA RIGHT

START!!! ROUND: 88
POSITION: 8 14
HYBEM SA NA RIGHT

START!!! ROUND: 89
POSITION: 9 14
HYBEM SA NA RIGHT

START!!! ROUND: 90
POSITION: 10 14
HYBEM SA NA RIGHT

START!!! ROUND: 91
POSITION: 11 14
HYBEM SA NA RIGHT

START!!! ROUND: 92
POSITION: 12 14
HYBEM SA NA UP

START!!! ROUND: 93
POSITION: 12 13
HYBEM SA NA LEFT

START!!! ROUND: 94
POSITION: 11 13
HYBEM SA NA LEFT

START!!! ROUND: 95
POSITION: 10 13
HYBEM SA NA UP

START!!! ROUND: 96
POSITION: 10 12
HYBEM SA NA RIGHT

START!!! ROUND: 97
POSITION: 11 12
HYBEM SA NA RIGHT

START!!! ROUND: 98
POSITION: 12 12
HYBEM SA NA RIGHT

START!!! ROUND: 99
POSITION: 13 12
HYBEM SA NA UP

START!!! ROUND: 100
POSITION: 13 11
HYBEM SA NA UP

START!!! ROUND: 101
POSITION: 13 10
HYBEM SA NA UP

START!!! ROUND: 102
POSITION: 13 9
HYBEM SA NA UP

START!!! ROUND: 103
POSITION: 13 8
HYBEM SA NA LEFT

START!!! ROUND: 104
POSITION: 12 8
HYBEM SA NA DOWN

START!!! ROUND: 105
POSITION: 12 9
HYBEM SA NA DOWN

START!!! ROUND: 106
POSITION: 12 10
HYBEM SA NA DOWN

START!!! ROUND: 107
POSITION: 12 11
HYBEM SA NA LEFT

START!!! ROUND: 108
POSITION: 11 11
HYBEM SA NA LEFT

START!!! ROUND: 109
POSITION: 10 11
HYBEM SA NA LEFT

START!!! ROUND: 110
POSITION: 9 11
HYBEM SA NA UP

START!!! ROUND: 111
POSITION: 9 10
HYBEM SA NA RIGHT

START!!! ROUND: 112
POSITION: 10 10
HYBEM SA NA DOWN

START!!! ROUND: 113
POSITION: 10 11
HYBEM SA NA DOWN

START!!! ROUND: 114
POSITION: 10 12
HYBEM SA NA UP

START!!! ROUND: 115
POSITION: 10 11
HYBEM SA NA UP

START!!! ROUND: 116
POSITION: 10 10
HYBEM SA NA UP

START!!! ROUND: 117
POSITION: 10 9
HYBEM SA NA RIGHT

START!!! ROUND: 118
POSITION: 11 9
HYBEM SA NA RIGHT

START!!! ROUND: 119
POSITION: 12 9
HYBEM SA NA LEFT

START!!! ROUND: 120
POSITION: 11 9
HYBEM SA NA UP

START!!! ROUND: 121
POSITION: 11 8
HYBEM SA NA LEFT

START!!! ROUND: 122
POSITION: 10 8
HYBEM SA NA UP

START!!! ROUND: 123
POSITION: 10 7
HYBEM SA NA RIGHT

START!!! ROUND: 124
POSITION: 11 7
HYBEM SA NA UP

START!!! ROUND: 125
POSITION: 11 6
HYBEM SA NA UP

START!!! ROUND: 126
POSITION: 11 5
HYBEM SA NA RIGHT

START!!! ROUND: 127
POSITION: 12 5
HYBEM SA NA RIGHT

START!!! ROUND: 128
POSITION: 13 5
HYBEM SA NA UP

START!!! ROUND: 129
POSITION: 13 4
HYBEM SA NA UP

START!!! ROUND: 130
POSITION: 13 3
HYBEM SA NA UP

START!!! ROUND: 131
POSITION: 13 2
HYBEM SA NA UP

START!!! ROUND: 132
POSITION: 13 1
HYBEM SA NA RIGHT

START!!! ROUND: 133
POSITION: 14 1
HYBEM SA NA RIGHT

START!!! ROUND: 134
POSITION: 15 1
HYBEM SA NA RIGHT

START!!! ROUND: 135
POSITION: 16 1
HYBEM SA NA UP

START!!! ROUND: 136
POSITION: 16 0
HYBEM SA NA RIGHT

START!!! ROUND: 137
POSITION: 17 0
HYBEM SA NA RIGHT

START!!! ROUND: 138
POSITION: 18 0
HYBEM SA NA RIGHT

START!!! ROUND: 139
POSITION: 19 0
HYBEM SA NA RIGHT

START!!! ROUND: 140
POSITION: 20 0
HYBEM SA NA RIGHT

START!!! ROUND: 141
POSITION: 21 0
HYBEM SA NA DOWN

START!!! ROUND: 142
POSITION: 21 1
HYBEM SA NA LEFT

START!!! ROUND: 143
POSITION: 20 1
HYBEM SA NA LEFT

START!!! ROUND: 144
POSITION: 19 1
HYBEM SA NA LEFT

START!!! ROUND: 145
POSITION: 18 1
HYBEM SA NA LEFT

START!!! ROUND: 146
POSITION: 17 1
HYBEM SA NA DOWN

START!!! ROUND: 147
POSITION: 17 2
HYBEM SA NA DOWN

START!!! ROUND: 148
POSITION: 17 3
HYBEM SA NA LEFT

START!!! ROUND: 149
POSITION: 16 3
HYBEM SA NA LEFT

START!!! ROUND: 150
POSITION: 15 3
HYBEM SA NA LEFT

START!!! ROUND: 151
POSITION: 14 3
HYBEM SA NA DOWN

START!!! ROUND: 152
POSITION: 14 4
HYBEM SA NA DOWN

START!!! ROUND: 153
POSITION: 14 5
HYBEM SA NA DOWN

START!!! ROUND: 154
POSITION: 14 6
HYBEM SA NA LEFT

START!!! ROUND: 155
POSITION: 13 6
HYBEM SA NA LEFT

START!!! ROUND: 156
POSITION: 12 6
HYBEM SA NA DOWN

START!!! ROUND: 157
POSITION: 12 7
HYBEM SA NA DOWN

START!!! ROUND: 158
POSITION: 12 8
HYBEM SA NA LEFT

START!!! ROUND: 159
POSITION: 11 8
HYBEM SA NA LEFT

START!!! ROUND: 160
POSITION: 10 8
HYBEM SA NA UP

START!!! ROUND: 161
POSITION: 10 7
HYBEM SA NA UP

START!!! ROUND: 162
POSITION: 10 6
HYBEM SA NA UP

START!!! ROUND: 163
POSITION: 10 5
HYBEM SA NA UP

START!!! ROUND: 164
POSITION: 10 4
HYBEM SA NA LEFT

START!!! ROUND: 165
POSITION: 9 4
HYBEM SA NA LEFT

START!!! ROUND: 166
POSITION: 8 4
HYBEM SA NA DOWN

START!!! ROUND: 167
POSITION: 8 5
HYBEM SA NA UP

START!!! ROUND: 168
POSITION: 8 4
HYBEM SA NA UP

START!!! ROUND: 169
POSITION: 8 3
HYBEM SA NA RIGHT

START!!! ROUND: 170
POSITION: 9 3
HYBEM SA NA RIGHT

START!!! ROUND: 171
POSITION: 10 3
HYBEM SA NA RIGHT

START!!! ROUND: 172
POSITION: 11 3
HYBEM SA NA RIGHT

START!!! ROUND: 173
POSITION: 12 3
HYBEM SA NA RIGHT

START!!! ROUND: 174
POSITION: 13 3
HYBEM SA NA LEFT

START!!! ROUND: 175
POSITION: 12 3
HYBEM SA NA UP

START!!! ROUND: 176
POSITION: 12 2
HYBEM SA NA UP

START!!! ROUND: 177
POSITION: 12 1
HYBEM SA NA LEFT

START!!! ROUND: 178
POSITION: 11 1
HYBEM SA NA LEFT

START!!! ROUND: 179
POSITION: 10 1
HYBEM SA NA LEFT

START!!! ROUND: 180
POSITION: 9 1
HYBEM SA NA UP

START!!! ROUND: 181
POSITION: 9 0
HYBEM SA NA RIGHT

START!!! ROUND: 182
POSITION: 10 0
HYBEM SA NA RIGHT

START!!! ROUND: 183
POSITION: 11 0
HYBEM SA NA RIGHT

START!!! ROUND: 184
POSITION: 12 0
HYBEM SA NA RIGHT

START!!! ROUND: 185
POSITION: 13 0
HYBEM SA NA RIGHT

START!!! ROUND: 186
POSITION: 14 0
HYBEM SA NA RIGHT

START!!! ROUND: 187
POSITION: 15 0
HYBEM SA NA DOWN

START!!! ROUND: 188
POSITION: 15 1
HYBEM SA NA DOWN

START!!! ROUND: 189
POSITION: 15 2
HYBEM SA NA DOWN

START!!! ROUND: 190
POSITION: 15 3
HYBEM SA NA DOWN

START!!! ROUND: 191
POSITION: 15 4
HYBEM SA NA DOWN

START!!! ROUND: 192
POSITION: 15 5
HYBEM SA NA DOWN

START!!! ROUND: 193
POSITION: 15 6
HYBEM SA NA LEFT

START!!! ROUND: 194
POSITION: 14 6
HYBEM SA NA LEFT

START!!! ROUND: 195
POSITION: 13 6
HYBEM SA NA DOWN

START!!! ROUND: 196
POSITION: 13 7
HYBEM SA NA DOWN

START!!! ROUND: 197
POSITION: 13 8
HYBEM SA NA RIGHT

START!!! ROUND: 198
POSITION: 14 8
HYBEM SA NA DOWN

START!!! ROUND: 199
POSITION: 14 9
HYBEM SA NA DOWN

START!!! ROUND: 200
POSITION: 14 10
HYBEM SA NA RIGHT

START!!! ROUND: 201
POSITION: 15 10
HYBEM SA NA RIGHT

START!!! ROUND: 202
POSITION: 16 10
HYBEM SA NA UP

START!!! ROUND: 203
POSITION: 16 9
HYBEM SA NA UP

START!!! ROUND: 204
POSITION: 16 8
HYBEM SA NA UP

START!!! ROUND: 205
POSITION: 16 7
HYBEM SA NA UP

START!!! ROUND: 206
POSITION: 16 6
HYBEM SA NA UP

START!!! ROUND: 207
POSITION: 16 5
HYBEM SA NA LEFT

START!!! ROUND: 208
POSITION: 15 5
HYBEM SA NA LEFT

START!!! ROUND: 209
POSITION: 14 5
HYBEM SA NA UP

START!!! ROUND: 210
POSITION: 14 4
HYBEM SA NA RIGHT

START!!! ROUND: 211
POSITION: 15 4
HYBEM SA NA RIGHT

START!!! ROUND: 212
POSITION: 16 4
HYBEM SA NA UP

START!!! ROUND: 213
POSITION: 16 3
HYBEM SA NA RIGHT

START!!! ROUND: 214
POSITION: 17 3
HYBEM SA NA RIGHT

START!!! ROUND: 215
POSITION: 18 3
HYBEM SA NA RIGHT

START!!! ROUND: 216
POSITION: 19 3
HYBEM SA NA UP

START!!! ROUND: 217
POSITION: 19 2
HYBEM SA NA UP

START!!! ROUND: 218
POSITION: 19 1
HYBEM SA NA RIGHT

START!!! ROUND: 219
POSITION: 20 1
HYBEM SA NA DOWN

START!!! ROUND: 220
POSITION: 20 2
HYBEM SA NA DOWN

START!!! ROUND: 221
POSITION: 20 3
HYBEM SA NA DOWN

START!!! ROUND: 222
POSITION: 20 4
HYBEM SA NA LEFT

START!!! ROUND: 223
POSITION: 19 4
HYBEM SA NA UP

START!!! ROUND: 224
POSITION: 19 3
HYBEM SA NA RIGHT

START!!! ROUND: 225
POSITION: 20 3
HYBEM SA NA RIGHT

START!!! ROUND: 226
POSITION: 21 3
HYBEM SA NA RIGHT

START!!! ROUND: 227
POSITION: 22 3
HYBEM SA NA RIGHT

START!!! ROUND: 228
POSITION: 23 3
HYBEM SA NA RIGHT

START!!! ROUND: 229
POSITION: 24 3
HYBEM SA NA RIGHT

START!!! ROUND: 230
POSITION: 25 3
HYBEM SA NA RIGHT

START!!! ROUND: 231
POSITION: 26 3
HYBEM SA NA UP

START!!! ROUND: 232
POSITION: 26 2
HYBEM SA NA RIGHT

START!!! ROUND: 233
POSITION: 27 2
HYBEM SA NA DOWN

START!!! ROUND: 234
POSITION: 27 3
HYBEM SA NA DOWN

START!!! ROUND: 235
POSITION: 27 4
HYBEM SA NA DOWN

START!!! ROUND: 236
POSITION: 27 5
HYBEM SA NA DOWN

START!!! ROUND: 237
POSITION: 27 6
HYBEM SA NA DOWN

START!!! ROUND: 238
POSITION: 27 7
HYBEM SA NA DOWN

START!!! ROUND: 239
POSITION: 27 8
HYBEM SA NA DOWN

START!!! ROUND: 240
POSITION: 27 9
HYBEM SA NA DOWN

START!!! ROUND: 241
POSITION: 27 10
HYBEM SA NA DOWN

START!!! ROUND: 242
POSITION: 27 11
HYBEM SA NA LEFT

START!!! ROUND: 243
POSITION: 26 11
HYBEM SA NA UP

START!!! ROUND: 244
POSITION: 26 10
HYBEM SA NA UP

START!!! ROUND: 245
POSITION: 26 9
HYBEM SA NA UP

START!!! ROUND: 246
POSITION: 26 8
HYBEM SA NA UP

START!!! ROUND: 247
POSITION: 26 7
HYBEM SA NA LEFT

START!!! ROUND: 248
POSITION: 25 7
HYBEM SA NA LEFT

START!!! ROUND: 249
POSITION: 24 7
HYBEM SA NA LEFT

START!!! ROUND: 250
POSITION: 23 7
HYBEM SA NA DOWN

START!!! ROUND: 251
POSITION: 23 8
HYBEM SA NA DOWN

START!!! ROUND: 252
POSITION: 23 9
HYBEM SA NA DOWN

START!!! ROUND: 253
POSITION: 23 10
HYBEM SA NA LEFT

START!!! ROUND: 254
POSITION: 22 10
HYBEM SA NA LEFT

START!!! ROUND: 255
POSITION: 21 10
HYBEM SA NA DOWN

START!!! ROUND: 256
POSITION: 21 11
HYBEM SA NA RIGHT

START!!! ROUND: 257
POSITION: 22 11
HYBEM SA NA DOWN

START!!! ROUND: 258
POSITION: 22 12
HYBEM SA NA LEFT

START!!! ROUND: 259
POSITION: 21 12
HYBEM SA NA LEFT

START!!! ROUND: 260
POSITION: 20 12
HYBEM SA NA LEFT

START!!! ROUND: 261
POSITION: 19 12
HYBEM SA NA LEFT

START!!! ROUND: 262
POSITION: 18 12
HYBEM SA NA LEFT

START!!! ROUND: 263
POSITION: 17 12
HYBEM SA NA LEFT

START!!! ROUND: 264
POSITION: 16 12
HYBEM SA NA UP

START!!! ROUND: 265
POSITION: 16 11
HYBEM SA NA UP

START!!! ROUND: 266
POSITION: 16 10
HYBEM SA NA LEFT

START!!! ROUND: 267
POSITION: 15 10
HYBEM SA NA DOWN

START!!! ROUND: 268
POSITION: 15 11
HYBEM SA NA LEFT

START!!! ROUND: 269
POSITION: 14 11
HYBEM SA NA UP

START!!! ROUND: 270
POSITION: 14 10
HYBEM SA NA DOWN

START!!! ROUND: 271
POSITION: 14 11
HYBEM SA NA DOWN

START!!! ROUND: 272
POSITION: 14 12
HYBEM SA NA DOWN

START!!! ROUND: 273
POSITION: 14 13
HYBEM SA NA DOWN

START!!! ROUND: 274
POSITION: 14 14
HYBEM SA NA LEFT

START!!! ROUND: 275
POSITION: 13 14
HYBEM SA NA UP

START!!! ROUND: 276
POSITION: 13 13
HYBEM SA NA LEFT

START!!! ROUND: 277
POSITION: 12 13
HYBEM SA NA RIGHT

START!!! ROUND: 278
POSITION: 13 13
HYBEM SA NA RIGHT

START!!! ROUND: 279
POSITION: 14 13
HYBEM SA NA RIGHT

START!!! ROUND: 280
POSITION: 15 13
HYBEM SA NA RIGHT

START!!! ROUND: 281
POSITION: 16 13
HYBEM SA NA DOWN

START!!! ROUND: 282
POSITION: 16 14
HYBEM SA NA DOWN

START!!! ROUND: 283
POSITION: 16 15
HYBEM SA NA LEFT

START!!! ROUND: 284
POSITION: 15 15
HYBEM SA NA DOWN

START!!! ROUND: 285
POSITION: 15 16
HYBEM SA NA DOWN

START!!! ROUND: 286
POSITION: 15 17
HYBEM SA NA RIGHT

START!!! ROUND: 287
POSITION: 16 17
HYBEM SA NA DOWN

START!!! ROUND: 288
POSITION: 16 18
HYBEM SA NA DOWN

START!!! ROUND: 289
POSITION: 16 19
HYBEM SA NA DOWN

START!!! ROUND: 290
POSITION: 16 20
HYBEM SA NA RIGHT

START!!! ROUND: 291
POSITION: 17 20
HYBEM SA NA RIGHT

START!!! ROUND: 292
POSITION: 18 20
NEMOZEM SA HYBAT -> UP

START!!! ROUND: 293
POSITION: 18 19
NEMOZEM SA HYBAT -> UP

START!!! ROUND: 294
POSITION: 18 18
NEMOZEM SA HYBAT -> UP

START!!! ROUND: 295
POSITION: 18 17
HYBEM SA NA RIGHT

START!!! ROUND: 296
POSITION: 19 17
HYBEM SA NA RIGHT

START!!! ROUND: 297
POSITION: 20 17
HYBEM SA NA RIGHT

START!!! ROUND: 298
POSITION: 21 17
HYBEM SA NA RIGHT

START!!! ROUND: 299
POSITION: 22 17
HYBEM SA NA RIGHT

START!!! ROUND: 300
POSITION: 23 17
HYBEM SA NA UP

START!!! ROUND: 301
POSITION: 23 16
HYBEM SA NA UP

START!!! ROUND: 302
POSITION: 23 15
HYBEM SA NA UP

START!!! ROUND: 303
POSITION: 23 14
HYBEM SA NA UP

START!!! ROUND: 304
POSITION: 23 13
HYBEM SA NA UP

START!!! ROUND: 305
POSITION: 23 12
HYBEM SA NA UP

START!!! ROUND: 306
POSITION: 23 11
HYBEM SA NA UP

START!!! ROUND: 307
POSITION: 23 10
HYBEM SA NA RIGHT

START!!! ROUND: 308
POSITION: 24 10
HYBEM SA NA RIGHT

START!!! ROUND: 309
POSITION: 25 10
HYBEM SA NA RIGHT

START!!! ROUND: 310
POSITION: 26 10
HYBEM SA NA LEFT

START!!! ROUND: 311
POSITION: 25 10
HYBEM SA NA DOWN

START!!! ROUND: 312
POSITION: 25 11
HYBEM SA NA RIGHT

START!!! ROUND: 313
POSITION: 26 11
HYBEM SA NA RIGHT

START!!! ROUND: 314
POSITION: 27 11
HYBEM SA NA RIGHT

START!!! ROUND: 315
POSITION: 28 11
HYBEM SA NA RIGHT

START!!! ROUND: 316
POSITION: 29 11
HYBEM SA NA RIGHT

START!!! ROUND: 317
POSITION: 30 11
HYBEM SA NA DOWN

START!!! ROUND: 318
POSITION: 30 12
HYBEM SA NA RIGHT

START!!! ROUND: 319
POSITION: 31 12
HYBEM SA NA DOWN

START!!! ROUND: 320
POSITION: 31 13
HYBEM SA NA DOWN

START!!! ROUND: 321
POSITION: 31 14
HYBEM SA NA LEFT

START!!! ROUND: 322
POSITION: 30 14
HYBEM SA NA UP

START!!! ROUND: 323
POSITION: 30 13
HYBEM SA NA LEFT

START!!! ROUND: 324
POSITION: 29 13
HYBEM SA NA LEFT

START!!! ROUND: 325
POSITION: 28 13
HYBEM SA NA DOWN

START!!! ROUND: 326
POSITION: 28 14
HYBEM SA NA DOWN

START!!! ROUND: 327
POSITION: 28 15
HYBEM SA NA DOWN

START!!! ROUND: 328
POSITION: 28 16
HYBEM SA NA RIGHT

START!!! ROUND: 329
POSITION: 29 16
HYBEM SA NA DOWN

START!!! ROUND: 330
POSITION: 29 17
HYBEM SA NA RIGHT

START!!! ROUND: 331
POSITION: 30 17
HYBEM SA NA RIGHT

START!!! ROUND: 332
POSITION: 31 17
HYBEM SA NA DOWN

START!!! ROUND: 333
POSITION: 31 18
HYBEM SA NA DOWN

START!!! ROUND: 334
POSITION: 31 19
HYBEM SA NA LEFT

START!!! ROUND: 335
POSITION: 30 19
HYBEM SA NA LEFT

START!!! ROUND: 336
POSITION: 29 19
HYBEM SA NA LEFT

START!!! ROUND: 337
POSITION: 28 19
HYBEM SA NA LEFT

START!!! ROUND: 338
POSITION: 27 19
HYBEM SA NA DOWN

START!!! ROUND: 339
POSITION: 27 20
HYBEM SA NA RIGHT

START!!! ROUND: 340
POSITION: 28 20
HYBEM SA NA RIGHT

START!!! ROUND: 341
POSITION: 29 20
HYBEM SA NA RIGHT

START!!! ROUND: 342
POSITION: 30 20
HYBEM SA NA DOWN

START!!! ROUND: 343
POSITION: 30 21
HYBEM SA NA RIGHT

START!!! ROUND: 344
POSITION: 31 21
HYBEM SA NA DOWN

START!!! ROUND: 345
POSITION: 31 22
HYBEM SA NA DOWN

START!!! ROUND: 346
POSITION: 31 23
HYBEM SA NA DOWN

START!!! ROUND: 347
POSITION: 31 24
HYBEM SA NA DOWN

START!!! ROUND: 348
POSITION: 31 25
HYBEM SA NA LEFT

START!!! ROUND: 349
POSITION: 30 25
HYBEM SA NA LEFT

START!!! ROUND: 350
POSITION: 29 25
HYBEM SA NA LEFT

START!!! ROUND: 351
POSITION: 28 25
HYBEM SA NA DOWN

START!!! ROUND: 352
POSITION: 28 26
HYBEM SA NA LEFT

START!!! ROUND: 353
POSITION: 27 26
HYBEM SA NA DOWN

START!!! ROUND: 354
POSITION: 27 27
HYBEM SA NA LEFT

START!!! ROUND: 355
POSITION: 26 27
HYBEM SA NA UP

START!!! ROUND: 356
POSITION: 26 26
HYBEM SA NA UP

START!!! ROUND: 357
POSITION: 26 25
HYBEM SA NA UP

START!!! ROUND: 358
POSITION: 26 24
HYBEM SA NA UP

START!!! ROUND: 359
POSITION: 26 23
HYBEM SA NA UP

START!!! ROUND: 360
POSITION: 26 22
HYBEM SA NA UP

START!!! ROUND: 361
POSITION: 26 21
HYBEM SA NA UP

START!!! ROUND: 362
POSITION: 26 20
HYBEM SA NA UP

START!!! ROUND: 363
POSITION: 26 19
HYBEM SA NA UP

START!!! ROUND: 364
POSITION: 26 18
HYBEM SA NA UP

START!!! ROUND: 365
POSITION: 26 17
HYBEM SA NA LEFT

START!!! ROUND: 366
POSITION: 25 17
HYBEM SA NA LEFT

START!!! ROUND: 367
POSITION: 24 17
HYBEM SA NA LEFT

START!!! ROUND: 368
POSITION: 23 17
HYBEM SA NA DOWN

START!!! ROUND: 369
POSITION: 23 18
HYBEM SA NA LEFT

START!!! ROUND: 370
POSITION: 22 18
HYBEM SA NA LEFT

START!!! ROUND: 371
POSITION: 21 18
HYBEM SA NA DOWN

START!!! ROUND: 372
POSITION: 21 19
HYBEM SA NA RIGHT

START!!! ROUND: 373
POSITION: 22 19
HYBEM SA NA RIGHT

START!!! ROUND: 374
POSITION: 23 19
HYBEM SA NA DOWN

START!!! ROUND: 375
POSITION: 23 20
HYBEM SA NA DOWN

START!!! ROUND: 376
POSITION: 23 21
HYBEM SA NA RIGHT

START!!! ROUND: 377
POSITION: 24 21
HYBEM SA NA RIGHT

START!!! ROUND: 378
POSITION: 25 21
HYBEM SA NA RIGHT

START!!! ROUND: 379
POSITION: 26 21
NEMOZEM SA HYBAT -> LEFT

START!!! ROUND: 380
POSITION: 25 21
NEMOZEM SA HYBAT -> LEFT

START!!! ROUND: 381
POSITION: 24 21
HYBEM SA NA LEFT

START!!! ROUND: 382
POSITION: 23 21
HYBEM SA NA LEFT

START!!! ROUND: 383
POSITION: 22 21
HYBEM SA NA LEFT

START!!! ROUND: 384
POSITION: 21 21
HYBEM SA NA LEFT

START!!! ROUND: 385
POSITION: 20 21
HYBEM SA NA LEFT

START!!! ROUND: 386
POSITION: 19 21
HYBEM SA NA LEFT

START!!! ROUND: 387
POSITION: 18 21
HYBEM SA NA UP

START!!! ROUND: 388
POSITION: 18 20
HYBEM SA NA RIGHT

START!!! ROUND: 389
POSITION: 19 20
HYBEM SA NA DOWN

START!!! ROUND: 390
POSITION: 19 21
HYBEM SA NA DOWN

START!!! ROUND: 391
POSITION: 19 22
HYBEM SA NA RIGHT

START!!! ROUND: 392
POSITION: 20 22
HYBEM SA NA RIGHT

START!!! ROUND: 393
POSITION: 21 22
HYBEM SA NA RIGHT

START!!! ROUND: 394
POSITION: 22 22
HYBEM SA NA DOWN

START!!! ROUND: 395
POSITION: 22 23
HYBEM SA NA RIGHT

START!!! ROUND: 396
POSITION: 23 23
HYBEM SA NA UP

START!!! ROUND: 397
POSITION: 23 22
HYBEM SA NA UP

START!!! ROUND: 398
POSITION: 23 21
HYBEM SA NA RIGHT

START!!! ROUND: 399
POSITION: 24 21
HYBEM SA NA DOWN

START!!! ROUND: 400
POSITION: 24 22
HYBEM SA NA DOWN

START!!! ROUND: 401
POSITION: 24 23
HYBEM SA NA RIGHT

START!!! ROUND: 402
POSITION: 25 23
HYBEM SA NA DOWN

START!!! ROUND: 403
POSITION: 25 24
HYBEM SA NA RIGHT

START!!! ROUND: 404
POSITION: 26 24
HYBEM SA NA DOWN

START!!! ROUND: 405
POSITION: 26 25
HYBEM SA NA DOWN

START!!! ROUND: 406
POSITION: 26 26
HYBEM SA NA RIGHT

START!!! ROUND: 407
POSITION: 27 26
HYBEM SA NA LEFT

START!!! ROUND: 408
POSITION: 26 26
HYBEM SA NA LEFT

START!!! ROUND: 409
POSITION: 25 26
HYBEM SA NA RIGHT

START!!! ROUND: 410
POSITION: 26 26
HYBEM SA NA RIGHT

START!!! ROUND: 411
POSITION: 27 26
HYBEM SA NA RIGHT

START!!! ROUND: 412
POSITION: 28 26
HYBEM SA NA DOWN

START!!! ROUND: 413
POSITION: 28 27
HYBEM SA NA RIGHT

START!!! ROUND: 414
POSITION: 29 27
NEMOZEM SA HYBAT -> UP

START!!! ROUND: 415
POSITION: 29 26
NEMOZEM SA HYBAT -> LEFT

START!!! ROUND: 416
POSITION: 28 26
NEMOZEM SA HYBAT -> LEFT

START!!! ROUND: 417
POSITION: 27 26
NEMOZEM SA HYBAT -> LEFT

START!!! ROUND: 418
POSITION: 26 26
NEMOZEM SA HYBAT -> LEFT

START!!! ROUND: 419
POSITION: 25 26
NEMOZEM SA HYBAT -> RIGHT

START!!! ROUND: 420
POSITION: 26 26
HYBEM SA NA RIGHT

START!!! ROUND: 421
POSITION: 27 26
HYBEM SA NA DOWN

START!!! ROUND: 422
POSITION: 27 27
HYBEM SA NA UP

START!!! ROUND: 423
POSITION: 27 26
NEMOZEM SA HYBAT -> LEFT

START!!! ROUND: 424
POSITION: 26 26
HYBEM SA NA UP

START!!! ROUND: 425
POSITION: 26 25
HYBEM SA NA UP

START!!! ROUND: 426
POSITION: 26 24
HYBEM SA NA UP

START!!! ROUND: 427
POSITION: 26 23
HYBEM SA NA UP

START!!! ROUND: 428
POSITION: 26 22
HYBEM SA NA RIGHT

START!!! ROUND: 429
POSITION: 27 22
HYBEM SA NA LEFT

START!!! ROUND: 430
POSITION: 26 22
HYBEM SA NA LEFT

START!!! ROUND: 431
POSITION: 25 22
HYBEM SA NA DOWN

START!!! ROUND: 432
POSITION: 25 23
HYBEM SA NA UP

START!!! ROUND: 433
POSITION: 25 22
HYBEM SA NA DOWN

START!!! ROUND: 434
POSITION: 25 23
HYBEM SA NA LEFT

START!!! ROUND: 435
POSITION: 24 23
HYBEM SA NA DOWN

START!!! ROUND: 436
POSITION: 24 24
HYBEM SA NA RIGHT

START!!! ROUND: 437
POSITION: 25 24
HYBEM SA NA RIGHT

START!!! ROUND: 438
POSITION: 26 24
HYBEM SA NA LEFT

START!!! ROUND: 439
POSITION: 25 24
HYBEM SA NA LEFT

START!!! ROUND: 440
POSITION: 24 24
HYBEM SA NA LEFT

START!!! ROUND: 441
POSITION: 23 24
HYBEM SA NA LEFT

START!!! ROUND: 442
POSITION: 22 24
HYBEM SA NA DOWN

START!!! ROUND: 443
POSITION: 22 25
HYBEM SA NA DOWN

START!!! ROUND: 444
POSITION: 22 26
HYBEM SA NA LEFT

START!!! ROUND: 445
POSITION: 21 26
HYBEM SA NA LEFT

START!!! ROUND: 446
POSITION: 20 26
HYBEM SA NA LEFT

START!!! ROUND: 447
POSITION: 19 26
HYBEM SA NA LEFT

START!!! ROUND: 448
POSITION: 18 26
HYBEM SA NA LEFT

START!!! ROUND: 449
POSITION: 17 26
HYBEM SA NA LEFT

START!!! ROUND: 450
POSITION: 16 26
HYBEM SA NA LEFT

START!!! ROUND: 451
POSITION: 15 26
HYBEM SA NA UP

START!!! ROUND: 452
POSITION: 15 25
HYBEM SA NA RIGHT

START!!! ROUND: 453
POSITION: 16 25
HYBEM SA NA RIGHT

START!!! ROUND: 454
POSITION: 17 25
HYBEM SA NA UP

START!!! ROUND: 455
POSITION: 17 24
HYBEM SA NA UP

START!!! ROUND: 456
POSITION: 17 23
HYBEM SA NA RIGHT

START!!! ROUND: 457
POSITION: 18 23
HYBEM SA NA RIGHT

START!!! ROUND: 458
POSITION: 19 23
HYBEM SA NA DOWN

START!!! ROUND: 459
POSITION: 19 24
HYBEM SA NA DOWN

START!!! ROUND: 460
POSITION: 19 25
HYBEM SA NA RIGHT

START!!! ROUND: 461
POSITION: 20 25
HYBEM SA NA RIGHT

START!!! ROUND: 462
POSITION: 21 25
HYBEM SA NA UP

START!!! ROUND: 463
POSITION: 21 24
HYBEM SA NA UP

START!!! ROUND: 464
POSITION: 21 23
HYBEM SA NA UP

START!!! ROUND: 465
POSITION: 21 22
HYBEM SA NA LEFT

START!!! ROUND: 466
POSITION: 20 22
HYBEM SA NA LEFT

START!!! ROUND: 467
POSITION: 19 22
HYBEM SA NA RIGHT

START!!! ROUND: 468
POSITION: 20 22
HYBEM SA NA LEFT

START!!! ROUND: 469
POSITION: 19 22
HYBEM SA NA LEFT

START!!! ROUND: 470
POSITION: 18 22
HYBEM SA NA LEFT

START!!! ROUND: 471
POSITION: 17 22
HYBEM SA NA LEFT

START!!! ROUND: 472
POSITION: 16 22
HYBEM SA NA LEFT

START!!! ROUND: 473
POSITION: 15 22
HYBEM SA NA UP

START!!! ROUND: 474
POSITION: 15 21
HYBEM SA NA LEFT

START!!! ROUND: 475
POSITION: 14 21
HYBEM SA NA LEFT

START!!! ROUND: 476
POSITION: 13 21
HYBEM SA NA UP

START!!! ROUND: 477
POSITION: 13 20
HYBEM SA NA LEFT

START!!! ROUND: 478
POSITION: 12 20
HYBEM SA NA LEFT

START!!! ROUND: 479
POSITION: 11 20
HYBEM SA NA LEFT

START!!! ROUND: 480
POSITION: 10 20
HYBEM SA NA LEFT

START!!! ROUND: 481
POSITION: 9 20
HYBEM SA NA DOWN

START!!! ROUND: 482
POSITION: 9 21
HYBEM SA NA LEFT

START!!! ROUND: 483
POSITION: 8 21
HYBEM SA NA UP

START!!! ROUND: 484
POSITION: 8 20
HYBEM SA NA UP

START!!! ROUND: 485
POSITION: 8 19
HYBEM SA NA LEFT

START!!! ROUND: 486
POSITION: 7 19
HYBEM SA NA LEFT

START!!! ROUND: 487
POSITION: 6 19
HYBEM SA NA UP

START!!! ROUND: 488
POSITION: 6 18
HYBEM SA NA UP

START!!! ROUND: 489
POSITION: 6 17
HYBEM SA NA LEFT

START!!! ROUND: 490
POSITION: 5 17
HYBEM SA NA LEFT

START!!! ROUND: 491
POSITION: 4 17
HYBEM SA NA LEFT

START!!! ROUND: 492
POSITION: 3 17
HYBEM SA NA LEFT

START!!! ROUND: 493
POSITION: 2 17
HYBEM SA NA UP

START!!! ROUND: 494
POSITION: 2 16
HYBEM SA NA UP

START!!! ROUND: 495
POSITION: 2 15
HYBEM SA NA UP

START!!! ROUND: 496
POSITION: 2 14
HYBEM SA NA DOWN

START!!! ROUND: 497
POSITION: 2 15
HYBEM SA NA DOWN

START!!! ROUND: 498
POSITION: 2 16
HYBEM SA NA DOWN

START!!! ROUND: 499
POSITION: 2 17
HYBEM SA NA DOWN

START!!! ROUND: 500
POSITION: 2 18
HYBEM SA NA UP

START!!! ROUND: 501
POSITION: 2 17
HYBEM SA NA LEFT

START!!! ROUND: 502
POSITION: 1 17
HYBEM SA NA LEFT

START!!! ROUND: 503
POSITION: 0 17
HYBEM SA NA DOWN

START!!! ROUND: 504
POSITION: 0 18
HYBEM SA NA DOWN

START!!! ROUND: 505
POSITION: 0 19
HYBEM SA NA RIGHT

START!!! ROUND: 506
POSITION: 1 19
HYBEM SA NA UP

START!!! ROUND: 507
POSITION: 1 18
HYBEM SA NA RIGHT

START!!! ROUND: 508
POSITION: 2 18
HYBEM SA NA RIGHT

START!!! ROUND: 509
POSITION: 3 18
HYBEM SA NA UP

START!!! ROUND: 510
POSITION: 3 17
HYBEM SA NA RIGHT

START!!! ROUND: 511
POSITION: 4 17
HYBEM SA NA RIGHT

START!!! ROUND: 512
POSITION: 5 17
HYBEM SA NA DOWN

START!!! ROUND: 513
POSITION: 5 18
HYBEM SA NA DOWN

START!!! ROUND: 514
POSITION: 5 19
HYBEM SA NA RIGHT

START!!! ROUND: 515
POSITION: 6 19
HYBEM SA NA DOWN

START!!! ROUND: 516
POSITION: 6 20
HYBEM SA NA DOWN

START!!! ROUND: 517
POSITION: 6 21
HYBEM SA NA DOWN

START!!! ROUND: 518
POSITION: 6 22
HYBEM SA NA RIGHT

START!!! ROUND: 519
POSITION: 7 22
HYBEM SA NA DOWN

START!!! ROUND: 520
POSITION: 7 23
HYBEM SA NA DOWN

START!!! ROUND: 521
POSITION: 7 24
HYBEM SA NA DOWN

START!!! ROUND: 522
POSITION: 7 25
HYBEM SA NA RIGHT

START!!! ROUND: 523
POSITION: 8 25
HYBEM SA NA RIGHT

START!!! ROUND: 524
POSITION: 9 25
HYBEM SA NA UP

START!!! ROUND: 525
POSITION: 9 24
HYBEM SA NA LEFT

START!!! ROUND: 526
POSITION: 8 24
HYBEM SA NA UP

START!!! ROUND: 527
POSITION: 8 23
HYBEM SA NA UP

START!!! ROUND: 528
POSITION: 8 22
HYBEM SA NA UP

START!!! ROUND: 529
POSITION: 8 21
HYBEM SA NA RIGHT

START!!! ROUND: 530
POSITION: 9 21
HYBEM SA NA LEFT

START!!! ROUND: 531
POSITION: 8 21
HYBEM SA NA RIGHT

START!!! ROUND: 532
POSITION: 9 21
HYBEM SA NA DOWN

START!!! ROUND: 533
POSITION: 9 22
HYBEM SA NA DOWN

START!!! ROUND: 534
POSITION: 9 23
HYBEM SA NA LEFT

START!!! ROUND: 535
POSITION: 8 23
HYBEM SA NA DOWN

START!!! ROUND: 536
POSITION: 8 24
HYBEM SA NA LEFT

START!!! ROUND: 537
POSITION: 7 24
HYBEM SA NA LEFT

START!!! ROUND: 538
POSITION: 6 24
HYBEM SA NA DOWN

START!!! ROUND: 539
POSITION: 6 25
HYBEM SA NA RIGHT

START!!! ROUND: 540
POSITION: 7 25
HYBEM SA NA RIGHT

START!!! ROUND: 541
POSITION: 8 25
HYBEM SA NA DOWN

START!!! ROUND: 542
POSITION: 8 26
HYBEM SA NA LEFT

START!!! ROUND: 543
POSITION: 7 26
HYBEM SA NA LEFT

START!!! ROUND: 544
POSITION: 6 26
HYBEM SA NA LEFT

START!!! ROUND: 545
POSITION: 5 26
HYBEM SA NA LEFT

START!!! ROUND: 546
POSITION: 4 26
HYBEM SA NA UP

START!!! ROUND: 547
POSITION: 4 25
HYBEM SA NA UP

START!!! ROUND: 548
POSITION: 4 24
HYBEM SA NA RIGHT

START!!! ROUND: 549
POSITION: 5 24
HYBEM SA NA RIGHT

START!!! ROUND: 550
POSITION: 6 24
HYBEM SA NA UP

START!!! ROUND: 551
POSITION: 6 23
HYBEM SA NA UP

START!!! ROUND: 552
POSITION: 6 22
HYBEM SA NA LEFT

START!!! ROUND: 553
POSITION: 5 22
HYBEM SA NA UP

START!!! ROUND: 554
POSITION: 5 21
HYBEM SA NA UP

START!!! ROUND: 555
POSITION: 5 20
HYBEM SA NA UP

START!!! ROUND: 556
POSITION: 5 19
HYBEM SA NA LEFT

START!!! ROUND: 557
POSITION: 4 19
HYBEM SA NA RIGHT

START!!! ROUND: 558
POSITION: 5 19
HYBEM SA NA LEFT

START!!! ROUND: 559
POSITION: 4 19
HYBEM SA NA LEFT

START!!! ROUND: 560
POSITION: 3 19
HYBEM SA NA RIGHT

START!!! ROUND: 561
POSITION: 4 19
HYBEM SA NA UP

START!!! ROUND: 562
POSITION: 4 18
HYBEM SA NA DOWN

START!!! ROUND: 563
POSITION: 4 19
HYBEM SA NA DOWN

START!!! ROUND: 564
POSITION: 4 20
HYBEM SA NA DOWN

START!!! ROUND: 565
POSITION: 4 21
HYBEM SA NA RIGHT

START!!! ROUND: 566
POSITION: 5 21
HYBEM SA NA LEFT

START!!! ROUND: 567
POSITION: 4 21
HYBEM SA NA LEFT

START!!! ROUND: 568
POSITION: 3 21
HYBEM SA NA LEFT

START!!! ROUND: 569
POSITION: 2 21
HYBEM SA NA UP

START!!! ROUND: 570
POSITION: 2 20
HYBEM SA NA UP

START!!! ROUND: 571
POSITION: 2 19
HYBEM SA NA LEFT

START!!! ROUND: 572
POSITION: 1 19
HYBEM SA NA DOWN

START!!! ROUND: 573
POSITION: 1 20
HYBEM SA NA DOWN

START!!! ROUND: 574
POSITION: 1 21
HYBEM SA NA LEFT

START!!! ROUND: 575
POSITION: 0 21
HYBEM SA NA UP

START!!! ROUND: 576
POSITION: 0 20
HYBEM SA NA UP

START!!! ROUND: 577
POSITION: 0 19
HYBEM SA NA DOWN

START!!! ROUND: 578
POSITION: 0 20
HYBEM SA NA DOWN

START!!! ROUND: 579
POSITION: 0 21
HYBEM SA NA DOWN

START!!! ROUND: 580
POSITION: 0 22
HYBEM SA NA UP

START!!! ROUND: 581
POSITION: 0 21
HYBEM SA NA RIGHT

START!!! ROUND: 582
POSITION: 1 21
HYBEM SA NA DOWN

START!!! ROUND: 583
POSITION: 1 22
HYBEM SA NA DOWN

START!!! ROUND: 584
POSITION: 1 23
HYBEM SA NA RIGHT

START!!! ROUND: 585
POSITION: 2 23
HYBEM SA NA RIGHT

START!!! ROUND: 586
POSITION: 3 23
HYBEM SA NA RIGHT

START!!! ROUND: 587
POSITION: 4 23
HYBEM SA NA RIGHT

START!!! ROUND: 588
POSITION: 5 23
HYBEM SA NA RIGHT

START!!! ROUND: 589
POSITION: 6 23
HYBEM SA NA UP

START!!! ROUND: 590
POSITION: 6 22
HYBEM SA NA RIGHT

START!!! ROUND: 591
POSITION: 7 22
HYBEM SA NA RIGHT

START!!! ROUND: 592
POSITION: 8 22
HYBEM SA NA RIGHT

START!!! ROUND: 593
POSITION: 9 22
HYBEM SA NA RIGHT

START!!! ROUND: 594
POSITION: 10 22
HYBEM SA NA UP

START!!! ROUND: 595
POSITION: 10 21
HYBEM SA NA UP

START!!! ROUND: 596
POSITION: 10 20
HYBEM SA NA UP

START!!! ROUND: 597
POSITION: 10 19
HYBEM SA NA RIGHT

START!!! ROUND: 598
POSITION: 11 19
HYBEM SA NA DOWN

START!!! ROUND: 599
POSITION: 11 20
HYBEM SA NA DOWN

START!!! ROUND: 600
POSITION: 11 21
HYBEM SA NA DOWN

START!!! ROUND: 601
POSITION: 11 22
HYBEM SA NA DOWN

START!!! ROUND: 602
POSITION: 11 23
HYBEM SA NA RIGHT

START!!! ROUND: 603
POSITION: 12 23
HYBEM SA NA RIGHT

START!!! ROUND: 604
POSITION: 13 23
HYBEM SA NA RIGHT

START!!! ROUND: 605
POSITION: 14 23
HYBEM SA NA UP

START!!! ROUND: 606
POSITION: 14 22
HYBEM SA NA UP

START!!! ROUND: 607
POSITION: 14 21
HYBEM SA NA RIGHT

START!!! ROUND: 608
POSITION: 15 21
HYBEM SA NA DOWN

START!!! ROUND: 609
POSITION: 15 22
HYBEM SA NA DOWN

START!!! ROUND: 610
POSITION: 15 23
HYBEM SA NA LEFT

START!!! ROUND: 611
POSITION: 14 23
HYBEM SA NA DOWN

START!!! ROUND: 612
POSITION: 14 24
HYBEM SA NA DOWN

START!!! ROUND: 613
POSITION: 14 25
HYBEM SA NA DOWN

START!!! ROUND: 614
POSITION: 14 26
HYBEM SA NA RIGHT

START!!! ROUND: 615
POSITION: 15 26
HYBEM SA NA DOWN

START!!! ROUND: 616
POSITION: 15 27
HYBEM SA NA UP

START!!! ROUND: 617
POSITION: 15 26
HYBEM SA NA LEFT

START!!! ROUND: 618
POSITION: 14 26
HYBEM SA NA LEFT

START!!! ROUND: 619
POSITION: 13 26
HYBEM SA NA UP

START!!! ROUND: 620
POSITION: 13 25
HYBEM SA NA RIGHT

START!!! ROUND: 621
POSITION: 14 25
HYBEM SA NA LEFT

START!!! ROUND: 622
POSITION: 13 25
HYBEM SA NA LEFT

START!!! ROUND: 623
POSITION: 12 25
HYBEM SA NA LEFT

START!!! ROUND: 624
POSITION: 11 25
HYBEM SA NA LEFT

START!!! ROUND: 625
POSITION: 10 25
HYBEM SA NA LEFT

START!!! ROUND: 626
POSITION: 9 25
HYBEM SA NA LEFT

START!!! ROUND: 627
POSITION: 8 25
HYBEM SA NA RIGHT

START!!! ROUND: 628
POSITION: 9 25
HYBEM SA NA RIGHT

START!!! ROUND: 629
POSITION: 10 25
HYBEM SA NA DOWN

START!!! ROUND: 630
POSITION: 10 26
HYBEM SA NA UP

START!!! ROUND: 631
POSITION: 10 25
HYBEM SA NA RIGHT

START!!! ROUND: 632
POSITION: 11 25
HYBEM SA NA UP

START!!! ROUND: 633
POSITION: 11 24
HYBEM SA NA DOWN

START!!! ROUND: 634
POSITION: 11 25
HYBEM SA NA DOWN

START!!! ROUND: 635
POSITION: 11 26
HYBEM SA NA LEFT

START!!! ROUND: 636
POSITION: 10 26
HYBEM SA NA LEFT

START!!! ROUND: 637
POSITION: 9 26
HYBEM SA NA LEFT

START!!! ROUND: 638
POSITION: 8 26
HYBEM SA NA DOWN

START!!! ROUND: 639
POSITION: 8 27
HYBEM SA NA DOWN

START!!! ROUND: 640
POSITION: 8 28
HYBEM SA NA DOWN

START!!! ROUND: 641
POSITION: 8 29
HYBEM SA NA DOWN

START!!! ROUND: 642
POSITION: 8 30
HYBEM SA NA DOWN

START!!! ROUND: 643
POSITION: 8 31
HYBEM SA NA LEFT

START!!! ROUND: 644
POSITION: 7 31
HYBEM SA NA LEFT

START!!! ROUND: 645
POSITION: 6 31
HYBEM SA NA LEFT

START!!! ROUND: 646
POSITION: 5 31
HYBEM SA NA LEFT

START!!! ROUND: 647
POSITION: 4 31
HYBEM SA NA LEFT

START!!! ROUND: 648
POSITION: 3 31
HYBEM SA NA LEFT

