2
2 0
3...0

2 0
3...1

2 1
0...2

0 1
1...3

1 1
1...4

1 1
1...5

0 1
2...6

2 1
3...7

2 1
3...8

2 1
3...9

2 1
1...10

1 1
2...11

2 2
1...12

3 2
1...13

3 2
1...14

3 2
1...15

3 2
1...16

0 2
1...17

0 2
1...18

0 2
1...19

1 2
1...20

1 2
1...21

1 2
1...22

1 2
1...23

1 2
1...24

1 2
1...25

1 2
2...26

2 2
1...27

1 2
2...28

1 2
3...29

2 1
0...30

2 1
1...31

3 1
1...32

3 1
1...33

2 1
2...34

2 1
0...35

2 1
1...36

0 1
1...37

1 1
1...38

1 1
1...39

1 1
1...40

0 1
1...41

3 1
2...42

2 1
3...43

3 1
3...44

3 1
3...45

3 1
3...46

0 3
0...47

0 3
1...48

1 3
1...49

1 3
1...50

0 3
2...51

2 3
3...52

2 3
3...53

2 3
3...54

2 3
3...55

2 3
3...56

3 3
3...57

3 3
3...58

0 3
0...59

2 3
1...60

1 3
2...61

2 3
3...62

2 1
0...63

0 1
1...64

0 1
2...65

2 1
3...66

1 1
3...67

2 1
0...68

0 1
1...69

3 1
2...70

2 1
3...71

2 1
0...72

0 1
1...73

1 1
1...74

1 1
1...75

0 1
1...76

0 1
2...77

1 1
3...78

0 1
3...79

1 1
3...80

0 1
3...81

0 1
3...82

1 1
1...83

0 1
2...84

1 1
3...85

1 1
3...86

0 1
3...87

1 1
3...88

0 1
3...89

0 1
3...90

0 1
3...91

1 1
3...92

1 1
3...93

1 1
0...94

2 1
1...95

3 1
1...96

0 1
1...97

3 1
1...98

3 1
2...99

2 1
3...100

2 1
3...101

1 1
3...102

1 1
3...103

1 1
3...104

1 1
3...105

1 1
0...106

2 1
1...107

3 1
1...108

0 1
1...109

3 1
2...110

2 1
3...111

2 1
3...112

2 1
3...113

1 1
3...114

2 1
0...115

0 1
1...116

3 1
2...117

2 1
3...118

2 1
3...119

2 1
3...120

2 1
0...121

0 1
1...122

1 1
1...123

1 1
1...124

1 1
1...125

1 1
2...126

2 1
0...127

0 1
1...128

0 1
2...129

1 1
3...130

2 2
0...131

1 2
1...132

3 2
1...133

3 2
1...134

3 2
1...135

3 2
2...136

2 2
3...137

2 2
0...138

1 2
1...139

3 2
1...140

3 2
1...141

0 2
1...142

0 2
1...143

0 2
1...144

0 2
2...145

2 2
3...146

2 2
3...147

2 2
3...148

2 2
3...149

2 2
0...150

1 2
1...151

3 2
1...152

3 2
1...153

0 2
1...154

1 2
1...155

1 2
1...156

1 2
1...157

1 2
1...158

1 2
2...159

2 2
3...160

1 2
3...161

2 1
0...162

2 1
1...163

3 1
1...164

3 1
2...165

2 1
3...166

2 1
0...167

2 1
1...168

0 1
1...169

1 1
1...170

1 1
1...171

1 1
1...172

0 1
2...173

2 1
3...174

2 1
3...175

2 1
3...176

2 1
3...177

2 1
3...178

2 2
1...179

3 2
1...180

3 2
1...181

3 2
1...182

3 2
1...183

3 2
1...184

3 2
1...185

3 2
1...186

3 2
1...187

3 2
1...188

3 2
1...189

3 2
1...190

3 2
2...191

2 2
3...192

2 2
1...193

1 2
1...194

1 2
2...195

2 2
1...196

3 2
2...197

2 2
1...198

1 2
1...199

1 2
2...200

2 2
1...201

3 2
2...202

2 2
1...203

1 2
1...204

1 2
2...205

2 2
1...206

3 2
2...207

2 2
1...208

1 2
1...209

1 2
2...210

2 2
1...211

3 2
2...212

2 2
1...213

1 2
1...214

1 2
2...215

2 2
1...216

3 2
2...217

2 2
1...218

1 2
1...219

1 2
2...220

2 2
1...221

3 2
2...222

2 2
1...223

1 2
1...224

1 2
2...225

2 2
1...226

3 2
2...227

2 2
1...228

1 2
1...229

1 2
2...230

2 2
1...231

3 2
2...232

2 2
1...233

1 2
1...234

1 2
2...235

0 2
3...236

1 2
3...237

1 2
3...238

1 2
3...239

1 2
3...240

1 2
3...241

1 2
3...242

1 2
3...243

0 2
3...244

1 2
3...245

0 2
3...246

0 2
3...247

0 2
3...248

0 2
3...249

0 2
3...250

0 2
3...251

1 2
3...252

0 2
3...253

0 2
3...254

0 2
3...255

0 2
3...256

1 2
3...257

0 2
3...258

0 2
3...259

0 2
3...260

0 2
3...261

0 2
3...262

0 2
3...263

0 2
3...264

0 2
3...265

1 2
3...266

0 2
3...267

0 2
3...268

0 2
3...269

1 2
3...270

2 2
0...271

3 2
1...272

3 2
2...273

2 2
3...274

2 2
3...275

2 2
3...276

1 2
3...277

1 2
3...278

1 2
3...279

1 2
1...280

2 2
2...281

1 2
1...282

3 2
2...283

2 2
3...284

1 2
1...285

2 2
2...286

1 2
3...287

1 2
0...288

3 2
1...289

3 2
1...290

0 2
1...291

3 2
1...292

3 2
2...293

2 2
3...294

2 2
3...295

2 2
3...296

1 2
3...297

2 2
0...298

3 2
1...299

3 2
2...300

2 2
3...301

2 2
3...302

2 2
3...303

2 2
3...304

2 2
3...305

2 2
0...306

3 2
1...307

3 2
2...308

2 2
3...309

2 2
3...310

2 2
1...311

1 2
2...312

2 2
1...313

3 2
2...314

2 2
1...315

3 2
2...316

2 2
1...317

3 2
2...318

2 2
1...319

3 2
2...320

2 2
1...321

3 2
2...322

2 2
1...323

3 2
2...324

2 2
1...325

1 2
1...326

1 2
1...327

1 2
1...328

1 2
1...329

1 2
1...330

1 2
1...331

1 2
1...332

1 2
1...333

1 2
1...334

1 2
1...335

1 2
1...336

1 2
1...337

1 2
1...338

1 2
1...339

1 2
1...340

1 2
1...341

1 2
1...342

1 2
1...343

1 2
1...344

1 2
1...345

1 2
1...346

1 2
1...347

1 2
1...348

1 2
1...349

1 2
1...350

1 2
1...351

1 2
1...352

1 2
1...353

1 2
1...354

1 2
1...355

1 2
1...356

2 2
1...357

2 2
1...358

1 2
2...359

2 2
1...360

1 2
2...361

2 2
1...362

1 2
2...363

2 2
1...364

1 2
2...365

2 2
1...366

1 2
2...367

0 2
3...368

0 2
3...369

0 2
3...370

0 2
3...371

0 2
3...372

0 2
3...373

0 2
3...374

0 2
3...375

1 1
0...376

0 1
1...377

3 1
1...378

2 1
1...379

1 1
1...380

1 1
1...381

2 1
2...382

2 1
3...383

2 1
3...384

2 1
3...385

2 1
3...386

2 1
3...387

2 1
3...388

2 1
1...389

1 1
2...390

2 1
1...391

1 1
2...392

2 1
1...393

1 1
2...394

3 1
3...395

2 1
1...396

1 1
1...397

0 1
2...398

0 0
0...399

1 0
1...400

2 0
1...401

2 0
1...402

2 0
1...403

2 0
1...404

3 0
1...405

3 0
1...406

3 0
1...407

3 0
1...408

2 0
1...409

0 0
1...410

3 0
1...411

3 0
1...412

3 0
1...413

3 0
1...414

3 0
1...415

2 0
1...416

3 0
1...417

3 0
1...418

3 0
2...419

2 0
3...420

1 1
0...421

2 1
1...422

2 1
2...423

1 1
3...424

0 1
3...425

0 1
3...426

0 1
3...427

0 1
3...428

2 1
1...429

1 1
2...430

0 1
3...431

0 1
3...432

1 1
3...433

1 1
3...434

1 1
3...435

1 1
1...436

2 1
2...437

1 1
1...438

2 1
2...439

1 1
1...440

2 1
2...441

1 1
1...442

2 1
2...443

1 1
1...444

2 1
1...445

3 1
2...446

2 1
1...447

1 1
2...448

2 2
1...449

0 2
2...450

1 2
1...451

0 2
2...452

1 2
1...453

0 2
2...454

1 2
1...455

0 2
2...456

1 2
1...457

0 2
2...458

1 2
1...459

2 2
2...460

1 2
1...461

2 2
2...462

1 2
1...463

2 2
2...464

1 2
1...465

2 2
2...466

1 2
1...467

2 2
2...468

1 2
1...469

3 2
2...470

2 2
1...471

3 2
2...472

2 2
1...473

3 2
2...474

2 2
1...475

3 2
2...476

2 2
1...477

3 2
2...478

2 2
1...479

3 2
2...480

2 2
1...481

3 2
2...482

2 2
1...483

3 2
2...484

2 2
1...485

3 2
2...486

2 2
1...487

3 2
2...488

2 2
1...489

3 2
2...490

2 2
1...491

3 2
2...492

2 2
1...493

3 2
2...494

2 2
1...495

1 2
2...496

2 2
1...497

1 2
2...498

2 2
1...499

1 2
2...500

2 2
1...501

1 2
2...502

2 2
1...503

1 2
2...504

2 2
1...505

3 2
2...506

2 2
1...507

3 2
2...508

2 2
1...509

3 2
2...510

2 2
1...511

3 2
2...512

2 2
1...513

3 2
2...514

2 2
1...515

1 2
2...516

2 2
1...517

1 2
2...518

2 2
1...519

1 2
2...520

2 2
1...521

1 2
2...522

2 2
1...523

1 2
2...524

2 2
1...525

1 2
2...526

2 2
1...527

1 2
2...528

2 2
1...529

1 2
2...530

2 2
1...531

1 2
2...532

2 2
1...533

1 2
2...534

2 2
1...535

1 2
2...536

2 2
1...537

1 2
2...538

2 2
1...539

1 2
2...540

2 1
1...541

0 1
2...542

1 1
1...543

0 1
2...544

1 1
1...545

0 1
2...546

1 1
1...547

0 1
2...548

1 1
1...549

0 1
2...550

1 1
1...551

2 1
1...552

2 1
2...553

1 1
1...554

0 1
2...555

1 1
1...556

2 1
1...557

2 1
2...558

1 1
1...559

2 1
2...560

1 1
1...561

2 1
2...562

1 1
1...563

2 1
2...564

1 1
1...565

2 1
2...566

1 1
1...567

2 1
2...568

1 1
1...569

3 1
2...570

2 1
1...571

3 1
2...572

2 1
1...573

3 1
2...574

2 1
1...575

3 1
2...576

2 1
1...577

3 1
2...578

2 1
1...579

1 1
2...580

2 1
1...581

1 1
2...582

2 1
1...583

1 1
2...584

2 1
1...585

1 1
2...586

2 1
1...587

1 1
2...588

2 2
1...589

0 2
2...590

1 2
1...591

2 2
2...592

1 2
1...593

3 2
2...594

2 2
1...595

3 2
2...596

2 2
1...597

3 2
2...598

2 2
1...599

3 2
2...600

2 2
1...601

3 2
2...602

2 2
1...603

3 2
2...604

2 2
1...605

3 2
2...606

2 2
1...607

3 2
2...608

2 2
1...609

3 2
2...610

2 2
1...611

3 2
2...612

2 2
1...613

3 2
2...614

2 2
1...615

3 2
2...616

2 2
1...617

3 2
2...618

2 2
1...619

3 2
2...620

2 2
1...621

3 2
2...622

2 2
1...623

3 2
1...624

0 2
2...625

1 2
3...626

1 2
3...627

1 2
3...628

1 2
3...629

1 2
3...630

1 2
3...631

1 2
3...632

1 2
3...633

1 2
3...634

1 2
3...635

1 2
3...636

1 2
3...637

1 2
3...638

1 2
3...639

1 2
3...640

