2
START!!! ROUND: 0
POSITION: 5 5
HYBEM SA NA RIGHT

START!!! ROUND: 1
POSITION: 6 5
HYBEM SA NA RIGHT

START!!! ROUND: 2
POSITION: 7 5
HYBEM SA NA RIGHT

START!!! ROUND: 3
POSITION: 8 5
HYBEM SA NA RIGHT

START!!! ROUND: 4
POSITION: 9 5
HYBEM SA NA DOWN

START!!! ROUND: 5
POSITION: 9 6
HYBEM SA NA LEFT

START!!! ROUND: 6
POSITION: 8 6
HYBEM SA NA LEFT

START!!! ROUND: 7
POSITION: 7 6
HYBEM SA NA LEFT

START!!! ROUND: 8
POSITION: 6 6
HYBEM SA NA DOWN

START!!! ROUND: 9
POSITION: 6 7
HYBEM SA NA LEFT

START!!! ROUND: 10
POSITION: 5 7
HYBEM SA NA LEFT

START!!! ROUND: 11
POSITION: 4 7
HYBEM SA NA UP

START!!! ROUND: 12
POSITION: 4 6
HYBEM SA NA UP

START!!! ROUND: 13
POSITION: 4 5
HYBEM SA NA DOWN

START!!! ROUND: 14
POSITION: 4 6
HYBEM SA NA DOWN

START!!! ROUND: 15
POSITION: 4 7
HYBEM SA NA DOWN

START!!! ROUND: 16
POSITION: 4 8
HYBEM SA NA UP

START!!! ROUND: 17
POSITION: 4 7
HYBEM SA NA LEFT

START!!! ROUND: 18
POSITION: 3 7
HYBEM SA NA LEFT

START!!! ROUND: 19
POSITION: 2 7
HYBEM SA NA UP

START!!! ROUND: 20
POSITION: 2 6
HYBEM SA NA RIGHT

START!!! ROUND: 21
POSITION: 3 6
HYBEM SA NA RIGHT

START!!! ROUND: 22
POSITION: 4 6
HYBEM SA NA LEFT

START!!! ROUND: 23
POSITION: 3 6
HYBEM SA NA UP

START!!! ROUND: 24
POSITION: 3 5
HYBEM SA NA UP

START!!! ROUND: 25
POSITION: 3 4
HYBEM SA NA LEFT

START!!! ROUND: 26
POSITION: 2 4
HYBEM SA NA UP

START!!! ROUND: 27
POSITION: 2 3
HYBEM SA NA UP

START!!! ROUND: 28
POSITION: 2 2
HYBEM SA NA LEFT

START!!! ROUND: 29
POSITION: 1 2
HYBEM SA NA DOWN

START!!! ROUND: 30
POSITION: 1 3
HYBEM SA NA DOWN

START!!! ROUND: 31
POSITION: 1 4
HYBEM SA NA DOWN

START!!! ROUND: 32
POSITION: 1 5
HYBEM SA NA DOWN

START!!! ROUND: 33
POSITION: 1 6
HYBEM SA NA DOWN

START!!! ROUND: 34
POSITION: 1 7
HYBEM SA NA DOWN

START!!! ROUND: 35
POSITION: 1 8
HYBEM SA NA DOWN

START!!! ROUND: 36
POSITION: 1 9
HYBEM SA NA RIGHT

START!!! ROUND: 37
POSITION: 2 9
HYBEM SA NA RIGHT

START!!! ROUND: 38
POSITION: 3 9
HYBEM SA NA DOWN

START!!! ROUND: 39
POSITION: 3 10
HYBEM SA NA LEFT

START!!! ROUND: 40
POSITION: 2 10
HYBEM SA NA DOWN

START!!! ROUND: 41
POSITION: 2 11
HYBEM SA NA LEFT

START!!! ROUND: 42
POSITION: 1 11
HYBEM SA NA DOWN

START!!! ROUND: 43
POSITION: 1 12
HYBEM SA NA DOWN

START!!! ROUND: 44
POSITION: 1 13
HYBEM SA NA RIGHT

START!!! ROUND: 45
POSITION: 2 13
HYBEM SA NA RIGHT

START!!! ROUND: 46
POSITION: 3 13
HYBEM SA NA RIGHT

START!!! ROUND: 47
POSITION: 4 13
HYBEM SA NA UP

START!!! ROUND: 48
POSITION: 4 12
HYBEM SA NA UP

START!!! ROUND: 49
POSITION: 4 11
HYBEM SA NA UP

START!!! ROUND: 50
POSITION: 4 10
HYBEM SA NA UP

START!!! ROUND: 51
POSITION: 4 9
HYBEM SA NA UP

START!!! ROUND: 52
POSITION: 4 8
HYBEM SA NA RIGHT

START!!! ROUND: 53
POSITION: 5 8
HYBEM SA NA RIGHT

START!!! ROUND: 54
POSITION: 6 8
HYBEM SA NA DOWN

START!!! ROUND: 55
POSITION: 6 9
HYBEM SA NA DOWN

START!!! ROUND: 56
POSITION: 6 10
HYBEM SA NA LEFT

START!!! ROUND: 57
POSITION: 5 10
HYBEM SA NA LEFT

START!!! ROUND: 58
POSITION: 4 10
HYBEM SA NA RIGHT

START!!! ROUND: 59
POSITION: 5 10
HYBEM SA NA DOWN

START!!! ROUND: 60
POSITION: 5 11
HYBEM SA NA LEFT

START!!! ROUND: 61
POSITION: 4 11
HYBEM SA NA RIGHT

START!!! ROUND: 62
POSITION: 5 11
HYBEM SA NA RIGHT

START!!! ROUND: 63
POSITION: 6 11
HYBEM SA NA DOWN

START!!! ROUND: 64
POSITION: 6 12
HYBEM SA NA DOWN

START!!! ROUND: 65
POSITION: 6 13
HYBEM SA NA DOWN

START!!! ROUND: 66
POSITION: 6 14
HYBEM SA NA RIGHT

START!!! ROUND: 67
POSITION: 7 14
HYBEM SA NA DOWN

START!!! ROUND: 68
POSITION: 7 15
HYBEM SA NA DOWN

START!!! ROUND: 69
POSITION: 7 16
HYBEM SA NA LEFT

START!!! ROUND: 70
POSITION: 6 16
HYBEM SA NA UP

START!!! ROUND: 71
POSITION: 6 15
HYBEM SA NA LEFT

START!!! ROUND: 72
POSITION: 5 15
HYBEM SA NA LEFT

START!!! ROUND: 73
POSITION: 4 15
HYBEM SA NA UP

START!!! ROUND: 74
POSITION: 4 14
HYBEM SA NA RIGHT

START!!! ROUND: 75
POSITION: 5 14
HYBEM SA NA UP

START!!! ROUND: 76
POSITION: 5 13
HYBEM SA NA UP

START!!! ROUND: 77
POSITION: 5 12
HYBEM SA NA UP

START!!! ROUND: 78
POSITION: 5 11
HYBEM SA NA UP

START!!! ROUND: 79
POSITION: 5 10
HYBEM SA NA RIGHT

START!!! ROUND: 80
POSITION: 6 10
HYBEM SA NA RIGHT

START!!! ROUND: 81
POSITION: 7 10
HYBEM SA NA RIGHT

START!!! ROUND: 82
POSITION: 8 10
HYBEM SA NA UP

START!!! ROUND: 83
POSITION: 8 9
HYBEM SA NA LEFT

START!!! ROUND: 84
POSITION: 7 9
HYBEM SA NA LEFT

START!!! ROUND: 85
POSITION: 6 9
HYBEM SA NA UP

START!!! ROUND: 86
POSITION: 6 8
HYBEM SA NA UP

START!!! ROUND: 87
POSITION: 6 7
HYBEM SA NA LEFT

START!!! ROUND: 88
POSITION: 5 7
HYBEM SA NA UP

START!!! ROUND: 89
POSITION: 5 6
HYBEM SA NA LEFT

START!!! ROUND: 90
POSITION: 4 6
NEMOZEM SA HYBAT -> LEFT

START!!! ROUND: 91
POSITION: 3 6
HYBEM SA NA RIGHT

START!!! ROUND: 92
POSITION: 4 6
HYBEM SA NA UP

START!!! ROUND: 93
POSITION: 4 5
HYBEM SA NA UP

START!!! ROUND: 94
POSITION: 4 4
HYBEM SA NA UP

START!!! ROUND: 95
POSITION: 4 3
HYBEM SA NA UP

START!!! ROUND: 96
POSITION: 4 2
HYBEM SA NA UP

START!!! ROUND: 97
POSITION: 4 1
HYBEM SA NA RIGHT

START!!! ROUND: 98
POSITION: 5 1
HYBEM SA NA RIGHT

START!!! ROUND: 99
POSITION: 6 1
HYBEM SA NA RIGHT

START!!! ROUND: 100
POSITION: 7 1
HYBEM SA NA UP

START!!! ROUND: 101
POSITION: 7 0
HYBEM SA NA LEFT

START!!! ROUND: 102
POSITION: 6 0
HYBEM SA NA LEFT

START!!! ROUND: 103
POSITION: 5 0
HYBEM SA NA LEFT

START!!! ROUND: 104
POSITION: 4 0
HYBEM SA NA LEFT

START!!! ROUND: 105
POSITION: 3 0
HYBEM SA NA LEFT

START!!! ROUND: 106
POSITION: 2 0
HYBEM SA NA LEFT

START!!! ROUND: 107
POSITION: 1 0
HYBEM SA NA LEFT

START!!! ROUND: 108
POSITION: 0 0
HYBEM SA NA DOWN

START!!! ROUND: 109
POSITION: 0 1
HYBEM SA NA DOWN

START!!! ROUND: 110
POSITION: 0 2
HYBEM SA NA DOWN

START!!! ROUND: 111
POSITION: 0 3
HYBEM SA NA DOWN

START!!! ROUND: 112
POSITION: 0 4
HYBEM SA NA DOWN

START!!! ROUND: 113
POSITION: 0 5
HYBEM SA NA DOWN

START!!! ROUND: 114
POSITION: 0 6
HYBEM SA NA DOWN

START!!! ROUND: 115
POSITION: 0 7
HYBEM SA NA RIGHT

START!!! ROUND: 116
POSITION: 1 7
HYBEM SA NA LEFT

START!!! ROUND: 117
POSITION: 0 7
HYBEM SA NA RIGHT

START!!! ROUND: 118
POSITION: 1 7
HYBEM SA NA LEFT

START!!! ROUND: 119
POSITION: 0 7
HYBEM SA NA DOWN

START!!! ROUND: 120
POSITION: 0 8
HYBEM SA NA DOWN

START!!! ROUND: 121
POSITION: 0 9
HYBEM SA NA DOWN

START!!! ROUND: 122
POSITION: 0 10
HYBEM SA NA DOWN

START!!! ROUND: 123
POSITION: 0 11
HYBEM SA NA DOWN

START!!! ROUND: 124
POSITION: 0 12
HYBEM SA NA DOWN

START!!! ROUND: 125
POSITION: 0 13
HYBEM SA NA DOWN

START!!! ROUND: 126
POSITION: 0 14
HYBEM SA NA DOWN

START!!! ROUND: 127
POSITION: 0 15
HYBEM SA NA DOWN

START!!! ROUND: 128
POSITION: 0 16
HYBEM SA NA DOWN

START!!! ROUND: 129
POSITION: 0 17
HYBEM SA NA DOWN

START!!! ROUND: 130
POSITION: 0 18
HYBEM SA NA DOWN

START!!! ROUND: 131
POSITION: 0 19
HYBEM SA NA RIGHT

START!!! ROUND: 132
POSITION: 1 19
HYBEM SA NA UP

START!!! ROUND: 133
POSITION: 1 18
HYBEM SA NA UP

START!!! ROUND: 134
POSITION: 1 17
HYBEM SA NA RIGHT

START!!! ROUND: 135
POSITION: 2 17
HYBEM SA NA RIGHT

START!!! ROUND: 136
POSITION: 3 17
HYBEM SA NA RIGHT

START!!! ROUND: 137
POSITION: 4 17
HYBEM SA NA DOWN

START!!! ROUND: 138
POSITION: 4 18
HYBEM SA NA RIGHT

START!!! ROUND: 139
POSITION: 5 18
HYBEM SA NA RIGHT

START!!! ROUND: 140
POSITION: 6 18
HYBEM SA NA RIGHT

START!!! ROUND: 141
POSITION: 7 18
HYBEM SA NA UP

START!!! ROUND: 142
POSITION: 7 17
HYBEM SA NA LEFT

START!!! ROUND: 143
POSITION: 6 17
HYBEM SA NA LEFT

START!!! ROUND: 144
POSITION: 5 17
HYBEM SA NA UP

START!!! ROUND: 145
POSITION: 5 16
HYBEM SA NA UP

START!!! ROUND: 146
POSITION: 5 15
HYBEM SA NA RIGHT

START!!! ROUND: 147
POSITION: 6 15
HYBEM SA NA RIGHT

START!!! ROUND: 148
POSITION: 7 15
HYBEM SA NA RIGHT

START!!! ROUND: 149
POSITION: 8 15
HYBEM SA NA UP

START!!! ROUND: 150
POSITION: 8 14
HYBEM SA NA UP

START!!! ROUND: 151
POSITION: 8 13
HYBEM SA NA LEFT

START!!! ROUND: 152
POSITION: 7 13
HYBEM SA NA LEFT

START!!! ROUND: 153
POSITION: 6 13
HYBEM SA NA RIGHT

START!!! ROUND: 154
POSITION: 7 13
HYBEM SA NA RIGHT

START!!! ROUND: 155
POSITION: 8 13
HYBEM SA NA RIGHT

START!!! ROUND: 156
POSITION: 9 13
HYBEM SA NA RIGHT

START!!! ROUND: 157
POSITION: 10 13
HYBEM SA NA DOWN

START!!! ROUND: 158
POSITION: 10 14
HYBEM SA NA DOWN

START!!! ROUND: 159
POSITION: 10 15
HYBEM SA NA LEFT

START!!! ROUND: 160
POSITION: 9 15
HYBEM SA NA LEFT

START!!! ROUND: 161
POSITION: 8 15
HYBEM SA NA LEFT

START!!! ROUND: 162
POSITION: 7 15
HYBEM SA NA LEFT

START!!! ROUND: 163
POSITION: 6 15
HYBEM SA NA DOWN

START!!! ROUND: 164
POSITION: 6 16
HYBEM SA NA DOWN

START!!! ROUND: 165
POSITION: 6 17
HYBEM SA NA RIGHT

START!!! ROUND: 166
POSITION: 7 17
HYBEM SA NA RIGHT

START!!! ROUND: 167
POSITION: 8 17
HYBEM SA NA LEFT

START!!! ROUND: 168
POSITION: 7 17
HYBEM SA NA LEFT

START!!! ROUND: 169
POSITION: 6 17
HYBEM SA NA DOWN

START!!! ROUND: 170
POSITION: 6 18
HYBEM SA NA DOWN

START!!! ROUND: 171
POSITION: 6 19
HYBEM SA NA RIGHT

START!!! ROUND: 172
POSITION: 7 19
HYBEM SA NA UP

START!!! ROUND: 173
POSITION: 7 18
HYBEM SA NA RIGHT

START!!! ROUND: 174
POSITION: 8 18
HYBEM SA NA LEFT

START!!! ROUND: 175
POSITION: 7 18
HYBEM SA NA RIGHT

START!!! ROUND: 176
POSITION: 8 18
HYBEM SA NA RIGHT

START!!! ROUND: 177
POSITION: 9 18
HYBEM SA NA DOWN

START!!! ROUND: 178
POSITION: 9 19
HYBEM SA NA RIGHT

START!!! ROUND: 179
POSITION: 10 19
HYBEM SA NA RIGHT

START!!! ROUND: 180
POSITION: 11 19
HYBEM SA NA RIGHT

START!!! ROUND: 181
POSITION: 12 19
HYBEM SA NA UP

START!!! ROUND: 182
POSITION: 12 18
HYBEM SA NA LEFT

START!!! ROUND: 183
POSITION: 11 18
HYBEM SA NA LEFT

START!!! ROUND: 184
POSITION: 10 18
HYBEM SA NA UP

START!!! ROUND: 185
POSITION: 10 17
HYBEM SA NA LEFT

START!!! ROUND: 186
POSITION: 9 17
HYBEM SA NA LEFT

START!!! ROUND: 187
POSITION: 8 17
HYBEM SA NA DOWN

START!!! ROUND: 188
POSITION: 8 18
HYBEM SA NA DOWN

START!!! ROUND: 189
POSITION: 8 19
HYBEM SA NA RIGHT

START!!! ROUND: 190
POSITION: 9 19
HYBEM SA NA RIGHT

START!!! ROUND: 191
POSITION: 10 19
HYBEM SA NA UP

START!!! ROUND: 192
POSITION: 10 18
HYBEM SA NA UP

START!!! ROUND: 193
POSITION: 10 17
HYBEM SA NA RIGHT

START!!! ROUND: 194
POSITION: 11 17
HYBEM SA NA RIGHT

START!!! ROUND: 195
POSITION: 12 17
HYBEM SA NA RIGHT

START!!! ROUND: 196
POSITION: 13 17
HYBEM SA NA RIGHT

START!!! ROUND: 197
POSITION: 14 17
HYBEM SA NA DOWN

START!!! ROUND: 198
POSITION: 14 18
HYBEM SA NA LEFT

START!!! ROUND: 199
POSITION: 13 18
HYBEM SA NA LEFT

START!!! ROUND: 200
POSITION: 12 18
HYBEM SA NA LEFT

START!!! ROUND: 201
POSITION: 11 18
HYBEM SA NA RIGHT

START!!! ROUND: 202
POSITION: 12 18
HYBEM SA NA LEFT

START!!! ROUND: 203
POSITION: 11 18
HYBEM SA NA RIGHT

START!!! ROUND: 204
POSITION: 12 18
HYBEM SA NA RIGHT

START!!! ROUND: 205
POSITION: 13 18
HYBEM SA NA DOWN

START!!! ROUND: 206
POSITION: 13 19
HYBEM SA NA UP

START!!! ROUND: 207
POSITION: 13 18
HYBEM SA NA LEFT

START!!! ROUND: 208
POSITION: 12 18
HYBEM SA NA RIGHT

START!!! ROUND: 209
POSITION: 13 18
HYBEM SA NA RIGHT

START!!! ROUND: 210
POSITION: 14 18
HYBEM SA NA UP

START!!! ROUND: 211
POSITION: 14 17
HYBEM SA NA DOWN

START!!! ROUND: 212
POSITION: 14 18
HYBEM SA NA RIGHT

START!!! ROUND: 213
POSITION: 15 18
HYBEM SA NA RIGHT

START!!! ROUND: 214
POSITION: 16 18
HYBEM SA NA UP

START!!! ROUND: 215
POSITION: 16 17
HYBEM SA NA LEFT

START!!! ROUND: 216
POSITION: 15 17
HYBEM SA NA LEFT

START!!! ROUND: 217
POSITION: 14 17
HYBEM SA NA UP

START!!! ROUND: 218
POSITION: 14 16
HYBEM SA NA DOWN

START!!! ROUND: 219
POSITION: 14 17
HYBEM SA NA UP

START!!! ROUND: 220
POSITION: 14 16
HYBEM SA NA UP

START!!! ROUND: 221
POSITION: 14 15
HYBEM SA NA DOWN

START!!! ROUND: 222
POSITION: 14 16
HYBEM SA NA UP

START!!! ROUND: 223
POSITION: 14 15
HYBEM SA NA DOWN

START!!! ROUND: 224
POSITION: 14 16
HYBEM SA NA DOWN

START!!! ROUND: 225
POSITION: 14 17
HYBEM SA NA DOWN

START!!! ROUND: 226
POSITION: 14 18
HYBEM SA NA DOWN

START!!! ROUND: 227
POSITION: 14 19
HYBEM SA NA RIGHT

START!!! ROUND: 228
POSITION: 15 19
HYBEM SA NA UP

START!!! ROUND: 229
POSITION: 15 18
HYBEM SA NA RIGHT

START!!! ROUND: 230
POSITION: 16 18
HYBEM SA NA RIGHT

START!!! ROUND: 231
POSITION: 17 18
HYBEM SA NA DOWN

START!!! ROUND: 232
POSITION: 17 19
HYBEM SA NA LEFT

START!!! ROUND: 233
POSITION: 16 19
HYBEM SA NA UP

START!!! ROUND: 234
POSITION: 16 18
HYBEM SA NA UP

START!!! ROUND: 235
POSITION: 16 17
HYBEM SA NA RIGHT

START!!! ROUND: 236
POSITION: 17 17
HYBEM SA NA RIGHT

START!!! ROUND: 237
POSITION: 18 17
HYBEM SA NA UP

START!!! ROUND: 238
POSITION: 18 16
HYBEM SA NA RIGHT

START!!! ROUND: 239
POSITION: 19 16
HYBEM SA NA DOWN

START!!! ROUND: 240
POSITION: 19 17
HYBEM SA NA DOWN

START!!! ROUND: 241
POSITION: 19 18
HYBEM SA NA LEFT

START!!! ROUND: 242
POSITION: 18 18
HYBEM SA NA LEFT

START!!! ROUND: 243
POSITION: 17 18
HYBEM SA NA DOWN

START!!! ROUND: 244
POSITION: 17 19
HYBEM SA NA LEFT

START!!! ROUND: 245
POSITION: 16 19
HYBEM SA NA RIGHT

START!!! ROUND: 246
POSITION: 17 19
HYBEM SA NA RIGHT

START!!! ROUND: 247
POSITION: 18 19
HYBEM SA NA RIGHT

START!!! ROUND: 248
POSITION: 19 19
HYBEM SA NA UP

START!!! ROUND: 249
POSITION: 19 18
HYBEM SA NA LEFT

START!!! ROUND: 250
POSITION: 18 18
HYBEM SA NA LEFT

START!!! ROUND: 251
POSITION: 17 18
HYBEM SA NA RIGHT

START!!! ROUND: 252
POSITION: 18 18
HYBEM SA NA DOWN

START!!! ROUND: 253
POSITION: 18 19
HYBEM SA NA UP

START!!! ROUND: 254
POSITION: 18 18
HYBEM SA NA DOWN

START!!! ROUND: 255
POSITION: 18 19
HYBEM SA NA UP

START!!! ROUND: 256
POSITION: 18 18
HYBEM SA NA RIGHT

START!!! ROUND: 257
POSITION: 19 18
HYBEM SA NA DOWN

START!!! ROUND: 258
POSITION: 19 19
HYBEM SA NA LEFT

START!!! ROUND: 259
POSITION: 18 19
HYBEM SA NA LEFT

START!!! ROUND: 260
POSITION: 17 19
HYBEM SA NA LEFT

START!!! ROUND: 261
POSITION: 16 19
HYBEM SA NA LEFT

START!!! ROUND: 262
POSITION: 15 19
HYBEM SA NA UP

START!!! ROUND: 263
POSITION: 15 18
HYBEM SA NA RIGHT

START!!! ROUND: 264
POSITION: 16 18
HYBEM SA NA DOWN

START!!! ROUND: 265
POSITION: 16 19
HYBEM SA NA RIGHT

START!!! ROUND: 266
POSITION: 17 19
HYBEM SA NA UP

START!!! ROUND: 267
POSITION: 17 18
HYBEM SA NA DOWN

START!!! ROUND: 268
POSITION: 17 19
HYBEM SA NA UP

START!!! ROUND: 269
POSITION: 17 18
HYBEM SA NA RIGHT

START!!! ROUND: 270
POSITION: 18 18
HYBEM SA NA RIGHT

START!!! ROUND: 271
POSITION: 19 18
HYBEM SA NA DOWN

START!!! ROUND: 272
POSITION: 19 19
HYBEM SA NA LEFT

START!!! ROUND: 273
POSITION: 18 19
HYBEM SA NA UP

START!!! ROUND: 274
POSITION: 18 18
HYBEM SA NA UP

START!!! ROUND: 275
POSITION: 18 17
HYBEM SA NA DOWN

START!!! ROUND: 276
POSITION: 18 18
HYBEM SA NA LEFT

START!!! ROUND: 277
POSITION: 17 18
HYBEM SA NA UP

START!!! ROUND: 278
POSITION: 17 17
HYBEM SA NA LEFT

START!!! ROUND: 279
POSITION: 16 17
HYBEM SA NA LEFT

START!!! ROUND: 280
POSITION: 15 17
HYBEM SA NA LEFT

START!!! ROUND: 281
POSITION: 14 17
HYBEM SA NA LEFT

START!!! ROUND: 282
POSITION: 13 17
HYBEM SA NA RIGHT

START!!! ROUND: 283
POSITION: 14 17
HYBEM SA NA RIGHT

START!!! ROUND: 284
POSITION: 15 17
HYBEM SA NA RIGHT

START!!! ROUND: 285
POSITION: 16 17
HYBEM SA NA RIGHT

START!!! ROUND: 286
POSITION: 17 17
HYBEM SA NA UP

START!!! ROUND: 287
POSITION: 17 16
HYBEM SA NA RIGHT

START!!! ROUND: 288
POSITION: 18 16
HYBEM SA NA RIGHT

START!!! ROUND: 289
POSITION: 19 16
HYBEM SA NA DOWN

START!!! ROUND: 290
POSITION: 19 17
HYBEM SA NA UP

START!!! ROUND: 291
POSITION: 19 16
HYBEM SA NA UP

START!!! ROUND: 292
POSITION: 19 15
HYBEM SA NA UP

START!!! ROUND: 293
POSITION: 19 14
NEMOZEM SA HYBAT -> LEFT

START!!! ROUND: 294
POSITION: 18 14
HYBEM SA NA DOWN

START!!! ROUND: 295
POSITION: 18 15
HYBEM SA NA DOWN

START!!! ROUND: 296
POSITION: 18 16
HYBEM SA NA LEFT

START!!! ROUND: 297
POSITION: 17 16
HYBEM SA NA UP

START!!! ROUND: 298
POSITION: 17 15
HYBEM SA NA UP

START!!! ROUND: 299
POSITION: 17 14
HYBEM SA NA UP

START!!! ROUND: 300
POSITION: 17 13
HYBEM SA NA RIGHT

START!!! ROUND: 301
POSITION: 18 13
HYBEM SA NA RIGHT

START!!! ROUND: 302
POSITION: 19 13
HYBEM SA NA DOWN

START!!! ROUND: 303
POSITION: 19 14
HYBEM SA NA UP

START!!! ROUND: 304
POSITION: 19 13
HYBEM SA NA UP

START!!! ROUND: 305
POSITION: 19 12
HYBEM SA NA LEFT

START!!! ROUND: 306
POSITION: 18 12
HYBEM SA NA DOWN

START!!! ROUND: 307
POSITION: 18 13
HYBEM SA NA RIGHT

START!!! ROUND: 308
POSITION: 19 13
HYBEM SA NA UP

START!!! ROUND: 309
POSITION: 19 12
HYBEM SA NA UP

START!!! ROUND: 310
POSITION: 19 11
HYBEM SA NA LEFT

START!!! ROUND: 311
POSITION: 18 11
HYBEM SA NA UP

START!!! ROUND: 312
POSITION: 18 10
HYBEM SA NA LEFT

START!!! ROUND: 313
POSITION: 17 10
HYBEM SA NA DOWN

START!!! ROUND: 314
POSITION: 17 11
HYBEM SA NA DOWN

START!!! ROUND: 315
POSITION: 17 12
HYBEM SA NA DOWN

START!!! ROUND: 316
POSITION: 17 13
HYBEM SA NA UP

START!!! ROUND: 317
POSITION: 17 12
HYBEM SA NA DOWN

START!!! ROUND: 318
POSITION: 17 13
HYBEM SA NA UP

START!!! ROUND: 319
POSITION: 17 12
HYBEM SA NA UP

START!!! ROUND: 320
POSITION: 17 11
HYBEM SA NA UP

START!!! ROUND: 321
POSITION: 17 10
HYBEM SA NA UP

START!!! ROUND: 322
POSITION: 17 9
HYBEM SA NA UP

START!!! ROUND: 323
POSITION: 17 8
HYBEM SA NA UP

START!!! ROUND: 324
POSITION: 17 7
HYBEM SA NA RIGHT

START!!! ROUND: 325
POSITION: 18 7
HYBEM SA NA DOWN

START!!! ROUND: 326
POSITION: 18 8
HYBEM SA NA DOWN

START!!! ROUND: 327
POSITION: 18 9
HYBEM SA NA DOWN

START!!! ROUND: 328
POSITION: 18 10
HYBEM SA NA LEFT

START!!! ROUND: 329
POSITION: 17 10
HYBEM SA NA DOWN

START!!! ROUND: 330
POSITION: 17 11
HYBEM SA NA UP

START!!! ROUND: 331
POSITION: 17 10
HYBEM SA NA UP

START!!! ROUND: 332
POSITION: 17 9
HYBEM SA NA LEFT

START!!! ROUND: 333
POSITION: 16 9
HYBEM SA NA LEFT

START!!! ROUND: 334
POSITION: 15 9
HYBEM SA NA UP

START!!! ROUND: 335
POSITION: 15 8
HYBEM SA NA RIGHT

START!!! ROUND: 336
POSITION: 16 8
HYBEM SA NA UP

START!!! ROUND: 337
POSITION: 16 7
HYBEM SA NA LEFT

START!!! ROUND: 338
POSITION: 15 7
HYBEM SA NA RIGHT

START!!! ROUND: 339
POSITION: 16 7
HYBEM SA NA LEFT

START!!! ROUND: 340
POSITION: 15 7
HYBEM SA NA LEFT

START!!! ROUND: 341
POSITION: 14 7
HYBEM SA NA LEFT

START!!! ROUND: 342
POSITION: 13 7
HYBEM SA NA UP

START!!! ROUND: 343
POSITION: 13 6
HYBEM SA NA LEFT

START!!! ROUND: 344
POSITION: 12 6
HYBEM SA NA UP

START!!! ROUND: 345
POSITION: 12 5
HYBEM SA NA LEFT

START!!! ROUND: 346
POSITION: 11 5
HYBEM SA NA UP

START!!! ROUND: 347
POSITION: 11 4
HYBEM SA NA RIGHT

START!!! ROUND: 348
POSITION: 12 4
HYBEM SA NA RIGHT

START!!! ROUND: 349
POSITION: 13 4
HYBEM SA NA RIGHT

START!!! ROUND: 350
POSITION: 14 4
HYBEM SA NA UP

START!!! ROUND: 351
POSITION: 14 3
HYBEM SA NA UP

START!!! ROUND: 352
POSITION: 14 2
HYBEM SA NA DOWN

START!!! ROUND: 353
POSITION: 14 3
HYBEM SA NA UP

START!!! ROUND: 354
POSITION: 14 2
HYBEM SA NA LEFT

START!!! ROUND: 355
POSITION: 13 2
HYBEM SA NA LEFT

START!!! ROUND: 356
POSITION: 12 2
HYBEM SA NA LEFT

START!!! ROUND: 357
POSITION: 11 2
HYBEM SA NA UP

START!!! ROUND: 358
POSITION: 11 1
HYBEM SA NA RIGHT

START!!! ROUND: 359
POSITION: 12 1
HYBEM SA NA RIGHT

START!!! ROUND: 360
POSITION: 13 1
HYBEM SA NA UP

START!!! ROUND: 361
POSITION: 13 0
HYBEM SA NA RIGHT

START!!! ROUND: 362
POSITION: 14 0
HYBEM SA NA RIGHT

START!!! ROUND: 363
POSITION: 15 0
HYBEM SA NA RIGHT

START!!! ROUND: 364
POSITION: 16 0
HYBEM SA NA RIGHT

START!!! ROUND: 365
POSITION: 17 0
HYBEM SA NA DOWN

START!!! ROUND: 366
POSITION: 17 1
HYBEM SA NA RIGHT

START!!! ROUND: 367
POSITION: 18 1
HYBEM SA NA RIGHT

START!!! ROUND: 368
POSITION: 19 1
HYBEM SA NA DOWN

START!!! ROUND: 369
POSITION: 19 2
HYBEM SA NA LEFT

START!!! ROUND: 370
POSITION: 18 2
HYBEM SA NA DOWN

START!!! ROUND: 371
POSITION: 18 3
HYBEM SA NA DOWN

START!!! ROUND: 372
POSITION: 18 4
HYBEM SA NA LEFT

START!!! ROUND: 373
POSITION: 17 4
HYBEM SA NA LEFT

START!!! ROUND: 374
POSITION: 16 4
HYBEM SA NA LEFT

START!!! ROUND: 375
POSITION: 15 4
HYBEM SA NA DOWN

START!!! ROUND: 376
POSITION: 15 5
HYBEM SA NA DOWN

START!!! ROUND: 377
POSITION: 15 6
HYBEM SA NA DOWN

START!!! ROUND: 378
POSITION: 15 7
HYBEM SA NA LEFT

START!!! ROUND: 379
POSITION: 14 7
HYBEM SA NA DOWN

START!!! ROUND: 380
POSITION: 14 8
HYBEM SA NA DOWN

START!!! ROUND: 381
POSITION: 14 9
HYBEM SA NA RIGHT

START!!! ROUND: 382
POSITION: 15 9
HYBEM SA NA DOWN

START!!! ROUND: 383
POSITION: 15 10
HYBEM SA NA DOWN

START!!! ROUND: 384
POSITION: 15 11
HYBEM SA NA LEFT

START!!! ROUND: 385
POSITION: 14 11
HYBEM SA NA LEFT

START!!! ROUND: 386
POSITION: 13 11
HYBEM SA NA UP

START!!! ROUND: 387
POSITION: 13 10
HYBEM SA NA RIGHT

START!!! ROUND: 388
POSITION: 14 10
HYBEM SA NA UP

START!!! ROUND: 389
POSITION: 14 9
HYBEM SA NA LEFT

START!!! ROUND: 390
POSITION: 13 9
HYBEM SA NA LEFT

START!!! ROUND: 391
POSITION: 12 9
HYBEM SA NA LEFT

START!!! ROUND: 392
POSITION: 11 9
HYBEM SA NA DOWN

START!!! ROUND: 393
POSITION: 11 10
HYBEM SA NA RIGHT

START!!! ROUND: 394
POSITION: 12 10
HYBEM SA NA RIGHT

START!!! ROUND: 395
POSITION: 13 10
HYBEM SA NA DOWN

START!!! ROUND: 396
POSITION: 13 11
HYBEM SA NA RIGHT

START!!! ROUND: 397
POSITION: 14 11
HYBEM SA NA RIGHT

START!!! ROUND: 398
POSITION: 15 11
HYBEM SA NA DOWN

START!!! ROUND: 399
POSITION: 15 12
HYBEM SA NA DOWN

START!!! ROUND: 400
POSITION: 15 13
HYBEM SA NA LEFT

START!!! ROUND: 401
POSITION: 14 13
HYBEM SA NA UP

START!!! ROUND: 402
POSITION: 14 12
HYBEM SA NA UP

START!!! ROUND: 403
POSITION: 14 11
HYBEM SA NA LEFT

START!!! ROUND: 404
POSITION: 13 11
HYBEM SA NA UP

START!!! ROUND: 405
POSITION: 13 10
HYBEM SA NA UP

START!!! ROUND: 406
POSITION: 13 9
HYBEM SA NA UP

START!!! ROUND: 407
POSITION: 13 8
HYBEM SA NA UP

START!!! ROUND: 408
POSITION: 13 7
HYBEM SA NA UP

START!!! ROUND: 409
POSITION: 13 6
HYBEM SA NA UP

START!!! ROUND: 410
POSITION: 13 5
HYBEM SA NA LEFT

START!!! ROUND: 411
POSITION: 12 5
HYBEM SA NA RIGHT

START!!! ROUND: 412
POSITION: 13 5
HYBEM SA NA LEFT

START!!! ROUND: 413
POSITION: 12 5
HYBEM SA NA LEFT

START!!! ROUND: 414
POSITION: 11 5
HYBEM SA NA UP

START!!! ROUND: 415
POSITION: 11 4
HYBEM SA NA LEFT

START!!! ROUND: 416
POSITION: 10 4
HYBEM SA NA DOWN

START!!! ROUND: 417
POSITION: 10 5
HYBEM SA NA DOWN

START!!! ROUND: 418
POSITION: 10 6
HYBEM SA NA DOWN

START!!! ROUND: 419
POSITION: 10 7
HYBEM SA NA DOWN

START!!! ROUND: 420
POSITION: 10 8
HYBEM SA NA RIGHT

START!!! ROUND: 421
POSITION: 11 8
HYBEM SA NA DOWN

START!!! ROUND: 422
POSITION: 11 9
HYBEM SA NA DOWN

START!!! ROUND: 423
POSITION: 11 10
HYBEM SA NA DOWN

START!!! ROUND: 424
POSITION: 11 11
HYBEM SA NA LEFT

START!!! ROUND: 425
POSITION: 10 11
HYBEM SA NA LEFT

START!!! ROUND: 426
POSITION: 9 11
HYBEM SA NA DOWN

START!!! ROUND: 427
POSITION: 9 12
HYBEM SA NA DOWN

START!!! ROUND: 428
POSITION: 9 13
HYBEM SA NA LEFT

START!!! ROUND: 429
POSITION: 8 13
HYBEM SA NA LEFT

START!!! ROUND: 430
POSITION: 7 13
HYBEM SA NA LEFT

START!!! ROUND: 431
POSITION: 6 13
HYBEM SA NA RIGHT

START!!! ROUND: 432
POSITION: 7 13
HYBEM SA NA LEFT

START!!! ROUND: 433
POSITION: 6 13
HYBEM SA NA UP

START!!! ROUND: 434
POSITION: 6 12
HYBEM SA NA UP

START!!! ROUND: 435
POSITION: 6 11
HYBEM SA NA UP

START!!! ROUND: 436
POSITION: 6 10
HYBEM SA NA UP

START!!! ROUND: 437
POSITION: 6 9
HYBEM SA NA UP

START!!! ROUND: 438
POSITION: 6 8
HYBEM SA NA UP

START!!! ROUND: 439
POSITION: 6 7
HYBEM SA NA UP

