1
START!!! ROUND: 0
POSITION: 26 13
HYBEM SA NA LEFT

START!!! ROUND: 1
POSITION: 25 13
HYBEM SA NA LEFT

START!!! ROUND: 2
POSITION: 24 13
HYBEM SA NA UP

START!!! ROUND: 3
POSITION: 24 12
HYBEM SA NA RIGHT

START!!! ROUND: 4
POSITION: 25 12
HYBEM SA NA UP

START!!! ROUND: 5
POSITION: 25 11
HYBEM SA NA LEFT

START!!! ROUND: 6
POSITION: 24 11
HYBEM SA NA UP

START!!! ROUND: 7
POSITION: 24 10
HYBEM SA NA UP

START!!! ROUND: 8
POSITION: 24 9
HYBEM SA NA LEFT

START!!! ROUND: 9
POSITION: 23 9
HYBEM SA NA DOWN

START!!! ROUND: 10
POSITION: 23 10
HYBEM SA NA DOWN

START!!! ROUND: 11
POSITION: 23 11
HYBEM SA NA DOWN

START!!! ROUND: 12
POSITION: 23 12
HYBEM SA NA DOWN

START!!! ROUND: 13
POSITION: 23 13
HYBEM SA NA LEFT

START!!! ROUND: 14
POSITION: 22 13
HYBEM SA NA UP

START!!! ROUND: 15
POSITION: 22 12
HYBEM SA NA UP

START!!! ROUND: 16
POSITION: 22 11
HYBEM SA NA UP

START!!! ROUND: 17
POSITION: 22 10
HYBEM SA NA UP

START!!! ROUND: 18
POSITION: 22 9
HYBEM SA NA UP

START!!! ROUND: 19
POSITION: 22 8
HYBEM SA NA RIGHT

START!!! ROUND: 20
POSITION: 23 8
HYBEM SA NA RIGHT

START!!! ROUND: 21
POSITION: 24 8
HYBEM SA NA RIGHT

START!!! ROUND: 22
POSITION: 25 8
HYBEM SA NA RIGHT

START!!! ROUND: 23
POSITION: 26 8
HYBEM SA NA DOWN

START!!! ROUND: 24
POSITION: 26 9
HYBEM SA NA RIGHT

START!!! ROUND: 25
POSITION: 27 9
HYBEM SA NA RIGHT

START!!! ROUND: 26
POSITION: 28 9
HYBEM SA NA RIGHT

START!!! ROUND: 27
POSITION: 29 9
HYBEM SA NA DOWN

START!!! ROUND: 28
POSITION: 29 10
HYBEM SA NA DOWN

START!!! ROUND: 29
POSITION: 29 11
HYBEM SA NA LEFT

START!!! ROUND: 30
POSITION: 28 11
HYBEM SA NA DOWN

START!!! ROUND: 31
POSITION: 28 12
HYBEM SA NA DOWN

START!!! ROUND: 32
POSITION: 28 13
HYBEM SA NA DOWN

START!!! ROUND: 33
POSITION: 28 14
HYBEM SA NA DOWN

START!!! ROUND: 34
POSITION: 28 15
HYBEM SA NA LEFT

START!!! ROUND: 35
POSITION: 27 15
HYBEM SA NA LEFT

START!!! ROUND: 36
POSITION: 26 15
HYBEM SA NA LEFT

START!!! ROUND: 37
POSITION: 25 15
HYBEM SA NA LEFT

START!!! ROUND: 38
POSITION: 24 15
HYBEM SA NA LEFT

START!!! ROUND: 39
POSITION: 23 15
HYBEM SA NA LEFT

START!!! ROUND: 40
POSITION: 22 15
HYBEM SA NA DOWN

START!!! ROUND: 41
POSITION: 22 16
HYBEM SA NA DOWN

START!!! ROUND: 42
POSITION: 22 17
HYBEM SA NA DOWN

START!!! ROUND: 43
POSITION: 22 18
HYBEM SA NA DOWN

START!!! ROUND: 44
POSITION: 22 19
HYBEM SA NA DOWN

START!!! ROUND: 45
POSITION: 22 20
HYBEM SA NA LEFT

START!!! ROUND: 46
POSITION: 21 20
HYBEM SA NA UP

START!!! ROUND: 47
POSITION: 21 19
HYBEM SA NA UP

START!!! ROUND: 48
POSITION: 21 18
HYBEM SA NA UP

START!!! ROUND: 49
POSITION: 21 17
HYBEM SA NA UP

START!!! ROUND: 50
POSITION: 21 16
HYBEM SA NA UP

START!!! ROUND: 51
POSITION: 21 15
HYBEM SA NA UP

START!!! ROUND: 52
POSITION: 21 14
HYBEM SA NA RIGHT

START!!! ROUND: 53
POSITION: 22 14
HYBEM SA NA RIGHT

START!!! ROUND: 54
POSITION: 23 14
HYBEM SA NA RIGHT

START!!! ROUND: 55
POSITION: 24 14
HYBEM SA NA RIGHT

START!!! ROUND: 56
POSITION: 25 14
HYBEM SA NA DOWN

START!!! ROUND: 57
POSITION: 25 15
HYBEM SA NA DOWN

START!!! ROUND: 58
POSITION: 25 16
HYBEM SA NA DOWN

START!!! ROUND: 59
POSITION: 25 17
HYBEM SA NA LEFT

START!!! ROUND: 60
POSITION: 24 17
HYBEM SA NA LEFT

START!!! ROUND: 61
POSITION: 23 17
HYBEM SA NA LEFT

START!!! ROUND: 62
POSITION: 22 17
HYBEM SA NA LEFT

START!!! ROUND: 63
POSITION: 21 17
HYBEM SA NA UP

START!!! ROUND: 64
POSITION: 21 16
HYBEM SA NA LEFT

START!!! ROUND: 65
POSITION: 20 16
HYBEM SA NA RIGHT

START!!! ROUND: 66
POSITION: 21 16
HYBEM SA NA LEFT

START!!! ROUND: 67
POSITION: 20 16
HYBEM SA NA LEFT

START!!! ROUND: 68
POSITION: 19 16
HYBEM SA NA DOWN

START!!! ROUND: 69
POSITION: 19 17
HYBEM SA NA LEFT

START!!! ROUND: 70
POSITION: 18 17
HYBEM SA NA UP

START!!! ROUND: 71
POSITION: 18 16
HYBEM SA NA UP

START!!! ROUND: 72
POSITION: 18 15
HYBEM SA NA RIGHT

START!!! ROUND: 73
POSITION: 19 15
HYBEM SA NA RIGHT

START!!! ROUND: 74
POSITION: 20 15
HYBEM SA NA DOWN

START!!! ROUND: 75
POSITION: 20 16
HYBEM SA NA UP

START!!! ROUND: 76
POSITION: 20 15
HYBEM SA NA RIGHT

START!!! ROUND: 77
POSITION: 21 15
HYBEM SA NA LEFT

START!!! ROUND: 78
POSITION: 20 15
HYBEM SA NA UP

START!!! ROUND: 79
POSITION: 20 14
HYBEM SA NA DOWN

START!!! ROUND: 80
POSITION: 20 15
HYBEM SA NA DOWN

START!!! ROUND: 81
POSITION: 20 16
HYBEM SA NA LEFT

START!!! ROUND: 82
POSITION: 19 16
HYBEM SA NA LEFT

START!!! ROUND: 83
POSITION: 18 16
HYBEM SA NA UP

START!!! ROUND: 84
POSITION: 18 15
HYBEM SA NA LEFT

START!!! ROUND: 85
POSITION: 17 15
HYBEM SA NA DOWN

START!!! ROUND: 86
POSITION: 17 16
HYBEM SA NA RIGHT

START!!! ROUND: 87
POSITION: 18 16
HYBEM SA NA DOWN

START!!! ROUND: 88
POSITION: 18 17
HYBEM SA NA UP

START!!! ROUND: 89
POSITION: 18 16
HYBEM SA NA UP

START!!! ROUND: 90
POSITION: 18 15
HYBEM SA NA UP

START!!! ROUND: 91
POSITION: 18 14
HYBEM SA NA RIGHT

START!!! ROUND: 92
POSITION: 19 14
HYBEM SA NA UP

START!!! ROUND: 93
POSITION: 19 13
HYBEM SA NA UP

START!!! ROUND: 94
POSITION: 19 12
HYBEM SA NA LEFT

START!!! ROUND: 95
POSITION: 18 12
HYBEM SA NA LEFT

START!!! ROUND: 96
POSITION: 17 12
HYBEM SA NA UP

START!!! ROUND: 97
POSITION: 17 11
HYBEM SA NA LEFT

START!!! ROUND: 98
POSITION: 16 11
HYBEM SA NA DOWN

START!!! ROUND: 99
POSITION: 16 12
HYBEM SA NA DOWN

START!!! ROUND: 100
POSITION: 16 13
HYBEM SA NA RIGHT

START!!! ROUND: 101
POSITION: 17 13
HYBEM SA NA DOWN

START!!! ROUND: 102
POSITION: 17 14
HYBEM SA NA DOWN

START!!! ROUND: 103
POSITION: 17 15
HYBEM SA NA LEFT

START!!! ROUND: 104
POSITION: 16 15
HYBEM SA NA DOWN

START!!! ROUND: 105
POSITION: 16 16
HYBEM SA NA DOWN

START!!! ROUND: 106
POSITION: 16 17
HYBEM SA NA RIGHT

START!!! ROUND: 107
POSITION: 17 17
HYBEM SA NA RIGHT

START!!! ROUND: 108
POSITION: 18 17
HYBEM SA NA DOWN

START!!! ROUND: 109
POSITION: 18 18
HYBEM SA NA LEFT

START!!! ROUND: 110
POSITION: 17 18
HYBEM SA NA UP

START!!! ROUND: 111
POSITION: 17 17
HYBEM SA NA LEFT

START!!! ROUND: 112
POSITION: 16 17
HYBEM SA NA LEFT

START!!! ROUND: 113
POSITION: 15 17
HYBEM SA NA RIGHT

START!!! ROUND: 114
POSITION: 16 17
HYBEM SA NA DOWN

START!!! ROUND: 115
POSITION: 16 18
HYBEM SA NA DOWN

START!!! ROUND: 116
POSITION: 16 19
HYBEM SA NA RIGHT

START!!! ROUND: 117
POSITION: 17 19
HYBEM SA NA RIGHT

START!!! ROUND: 118
POSITION: 18 19
HYBEM SA NA UP

START!!! ROUND: 119
POSITION: 18 18
HYBEM SA NA RIGHT

START!!! ROUND: 120
POSITION: 19 18
HYBEM SA NA DOWN

START!!! ROUND: 121
POSITION: 19 19
HYBEM SA NA LEFT

START!!! ROUND: 122
POSITION: 18 19
HYBEM SA NA LEFT

START!!! ROUND: 123
POSITION: 17 19
HYBEM SA NA LEFT

START!!! ROUND: 124
POSITION: 16 19
HYBEM SA NA LEFT

START!!! ROUND: 125
POSITION: 15 19
HYBEM SA NA DOWN

START!!! ROUND: 126
POSITION: 15 20
HYBEM SA NA RIGHT

START!!! ROUND: 127
POSITION: 16 20
HYBEM SA NA UP

START!!! ROUND: 128
POSITION: 16 19
HYBEM SA NA LEFT

START!!! ROUND: 129
POSITION: 15 19
HYBEM SA NA LEFT

START!!! ROUND: 130
POSITION: 14 19
HYBEM SA NA UP

START!!! ROUND: 131
POSITION: 14 18
HYBEM SA NA UP

START!!! ROUND: 132
POSITION: 14 17
HYBEM SA NA UP

START!!! ROUND: 133
POSITION: 14 16
HYBEM SA NA UP

START!!! ROUND: 134
POSITION: 14 15
HYBEM SA NA UP

START!!! ROUND: 135
POSITION: 14 14
HYBEM SA NA UP

START!!! ROUND: 136
POSITION: 14 13
HYBEM SA NA RIGHT

START!!! ROUND: 137
POSITION: 15 13
HYBEM SA NA RIGHT

START!!! ROUND: 138
POSITION: 16 13
HYBEM SA NA RIGHT

START!!! ROUND: 139
POSITION: 17 13
HYBEM SA NA LEFT

START!!! ROUND: 140
POSITION: 16 13
HYBEM SA NA UP

START!!! ROUND: 141
POSITION: 16 12
HYBEM SA NA LEFT

START!!! ROUND: 142
POSITION: 15 12
HYBEM SA NA LEFT

START!!! ROUND: 143
POSITION: 14 12
HYBEM SA NA LEFT

START!!! ROUND: 144
POSITION: 13 12
HYBEM SA NA LEFT

START!!! ROUND: 145
POSITION: 12 12
HYBEM SA NA DOWN

START!!! ROUND: 146
POSITION: 12 13
HYBEM SA NA LEFT

START!!! ROUND: 147
POSITION: 11 13
HYBEM SA NA LEFT

START!!! ROUND: 148
POSITION: 10 13
HYBEM SA NA DOWN

START!!! ROUND: 149
POSITION: 10 14
HYBEM SA NA DOWN

START!!! ROUND: 150
POSITION: 10 15
HYBEM SA NA DOWN

START!!! ROUND: 151
POSITION: 10 16
HYBEM SA NA DOWN

START!!! ROUND: 152
POSITION: 10 17
HYBEM SA NA RIGHT

START!!! ROUND: 153
POSITION: 11 17
HYBEM SA NA RIGHT

START!!! ROUND: 154
POSITION: 12 17
HYBEM SA NA RIGHT

START!!! ROUND: 155
POSITION: 13 17
HYBEM SA NA RIGHT

START!!! ROUND: 156
POSITION: 14 17
HYBEM SA NA RIGHT

START!!! ROUND: 157
POSITION: 15 17
HYBEM SA NA LEFT

START!!! ROUND: 158
POSITION: 14 17
HYBEM SA NA LEFT

START!!! ROUND: 159
POSITION: 13 17
HYBEM SA NA DOWN

START!!! ROUND: 160
POSITION: 13 18
HYBEM SA NA RIGHT

START!!! ROUND: 161
POSITION: 14 18
HYBEM SA NA LEFT

START!!! ROUND: 162
POSITION: 13 18
HYBEM SA NA LEFT

START!!! ROUND: 163
POSITION: 12 18
HYBEM SA NA LEFT

START!!! ROUND: 164
POSITION: 11 18
HYBEM SA NA LEFT

START!!! ROUND: 165
POSITION: 10 18
HYBEM SA NA UP

START!!! ROUND: 166
POSITION: 10 17
HYBEM SA NA UP

START!!! ROUND: 167
POSITION: 10 16
HYBEM SA NA LEFT

START!!! ROUND: 168
POSITION: 9 16
HYBEM SA NA UP

START!!! ROUND: 169
POSITION: 9 15
HYBEM SA NA RIGHT

START!!! ROUND: 170
POSITION: 10 15
HYBEM SA NA LEFT

START!!! ROUND: 171
POSITION: 9 15
HYBEM SA NA LEFT

START!!! ROUND: 172
POSITION: 8 15
HYBEM SA NA LEFT

START!!! ROUND: 173
POSITION: 7 15
HYBEM SA NA LEFT

START!!! ROUND: 174
POSITION: 6 15
HYBEM SA NA LEFT

START!!! ROUND: 175
POSITION: 5 15
HYBEM SA NA DOWN

START!!! ROUND: 176
POSITION: 5 16
HYBEM SA NA RIGHT

START!!! ROUND: 177
POSITION: 6 16
HYBEM SA NA RIGHT

START!!! ROUND: 178
POSITION: 7 16
HYBEM SA NA RIGHT

START!!! ROUND: 179
POSITION: 8 16
HYBEM SA NA RIGHT

START!!! ROUND: 180
POSITION: 9 16
HYBEM SA NA LEFT

START!!! ROUND: 181
POSITION: 8 16
HYBEM SA NA UP

START!!! ROUND: 182
POSITION: 8 15
HYBEM SA NA UP

START!!! ROUND: 183
POSITION: 8 14
HYBEM SA NA RIGHT

START!!! ROUND: 184
POSITION: 9 14
HYBEM SA NA RIGHT

START!!! ROUND: 185
POSITION: 10 14
HYBEM SA NA UP

START!!! ROUND: 186
POSITION: 10 13
HYBEM SA NA LEFT

START!!! ROUND: 187
POSITION: 9 13
HYBEM SA NA LEFT

START!!! ROUND: 188
POSITION: 8 13
HYBEM SA NA LEFT

START!!! ROUND: 189
POSITION: 7 13
HYBEM SA NA UP

START!!! ROUND: 190
POSITION: 7 12
HYBEM SA NA LEFT

START!!! ROUND: 191
POSITION: 6 12
HYBEM SA NA DOWN

START!!! ROUND: 192
POSITION: 6 13
HYBEM SA NA DOWN

START!!! ROUND: 193
POSITION: 6 14
HYBEM SA NA DOWN

START!!! ROUND: 194
POSITION: 6 15
HYBEM SA NA LEFT

START!!! ROUND: 195
POSITION: 5 15
HYBEM SA NA LEFT

START!!! ROUND: 196
POSITION: 4 15
HYBEM SA NA LEFT

START!!! ROUND: 197
POSITION: 3 15
HYBEM SA NA LEFT

START!!! ROUND: 198
POSITION: 2 15
HYBEM SA NA LEFT

START!!! ROUND: 199
POSITION: 1 15
HYBEM SA NA DOWN

START!!! ROUND: 200
POSITION: 1 16
HYBEM SA NA DOWN

START!!! ROUND: 201
POSITION: 1 17
HYBEM SA NA LEFT

START!!! ROUND: 202
POSITION: 0 17
HYBEM SA NA UP

START!!! ROUND: 203
POSITION: 0 16
HYBEM SA NA UP

START!!! ROUND: 204
POSITION: 0 15
HYBEM SA NA UP

START!!! ROUND: 205
POSITION: 0 14
HYBEM SA NA UP

START!!! ROUND: 206
POSITION: 0 13
HYBEM SA NA UP

START!!! ROUND: 207
POSITION: 0 12
HYBEM SA NA UP

START!!! ROUND: 208
POSITION: 0 11
HYBEM SA NA UP

START!!! ROUND: 209
POSITION: 0 10
HYBEM SA NA UP

START!!! ROUND: 210
POSITION: 0 9
HYBEM SA NA RIGHT

START!!! ROUND: 211
POSITION: 1 9
HYBEM SA NA RIGHT

START!!! ROUND: 212
POSITION: 2 9
HYBEM SA NA RIGHT

START!!! ROUND: 213
POSITION: 3 9
HYBEM SA NA UP

START!!! ROUND: 214
POSITION: 3 8
HYBEM SA NA UP

START!!! ROUND: 215
POSITION: 3 7
HYBEM SA NA RIGHT

START!!! ROUND: 216
POSITION: 4 7
HYBEM SA NA RIGHT

START!!! ROUND: 217
POSITION: 5 7
HYBEM SA NA RIGHT

START!!! ROUND: 218
POSITION: 6 7
HYBEM SA NA DOWN

START!!! ROUND: 219
POSITION: 6 8
HYBEM SA NA DOWN

START!!! ROUND: 220
POSITION: 6 9
HYBEM SA NA DOWN

START!!! ROUND: 221
POSITION: 6 10
HYBEM SA NA DOWN

START!!! ROUND: 222
POSITION: 6 11
HYBEM SA NA RIGHT

START!!! ROUND: 223
POSITION: 7 11
HYBEM SA NA RIGHT

START!!! ROUND: 224
POSITION: 8 11
HYBEM SA NA DOWN

START!!! ROUND: 225
POSITION: 8 12
HYBEM SA NA LEFT

START!!! ROUND: 226
POSITION: 7 12
HYBEM SA NA UP

START!!! ROUND: 227
POSITION: 7 11
HYBEM SA NA LEFT

START!!! ROUND: 228
POSITION: 6 11
HYBEM SA NA UP

START!!! ROUND: 229
POSITION: 6 10
HYBEM SA NA RIGHT

START!!! ROUND: 230
POSITION: 7 10
HYBEM SA NA RIGHT

START!!! ROUND: 231
POSITION: 8 10
HYBEM SA NA UP

START!!! ROUND: 232
POSITION: 8 9
HYBEM SA NA RIGHT

START!!! ROUND: 233
POSITION: 9 9
HYBEM SA NA UP

START!!! ROUND: 234
POSITION: 9 8
HYBEM SA NA UP

START!!! ROUND: 235
POSITION: 9 7
HYBEM SA NA UP

START!!! ROUND: 236
POSITION: 9 6
HYBEM SA NA UP

START!!! ROUND: 237
POSITION: 9 5
HYBEM SA NA RIGHT

START!!! ROUND: 238
POSITION: 10 5
HYBEM SA NA RIGHT

START!!! ROUND: 239
POSITION: 11 5
HYBEM SA NA RIGHT

START!!! ROUND: 240
POSITION: 12 5
HYBEM SA NA DOWN

START!!! ROUND: 241
POSITION: 12 6
HYBEM SA NA DOWN

START!!! ROUND: 242
POSITION: 12 7
HYBEM SA NA LEFT

START!!! ROUND: 243
POSITION: 11 7
HYBEM SA NA LEFT

START!!! ROUND: 244
POSITION: 10 7
HYBEM SA NA DOWN

START!!! ROUND: 245
POSITION: 10 8
HYBEM SA NA RIGHT

START!!! ROUND: 246
POSITION: 11 8
HYBEM SA NA RIGHT

START!!! ROUND: 247
POSITION: 12 8
HYBEM SA NA RIGHT

START!!! ROUND: 248
POSITION: 13 8
HYBEM SA NA RIGHT

START!!! ROUND: 249
POSITION: 14 8
HYBEM SA NA RIGHT

START!!! ROUND: 250
POSITION: 15 8
HYBEM SA NA RIGHT

START!!! ROUND: 251
POSITION: 16 8
HYBEM SA NA RIGHT

START!!! ROUND: 252
POSITION: 17 8
HYBEM SA NA UP

START!!! ROUND: 253
POSITION: 17 7
HYBEM SA NA UP

START!!! ROUND: 254
POSITION: 17 6
HYBEM SA NA UP

START!!! ROUND: 255
POSITION: 17 5
HYBEM SA NA UP

START!!! ROUND: 256
POSITION: 17 4
HYBEM SA NA UP

START!!! ROUND: 257
POSITION: 17 3
HYBEM SA NA UP

START!!! ROUND: 258
POSITION: 17 2
HYBEM SA NA RIGHT

START!!! ROUND: 259
POSITION: 18 2
HYBEM SA NA RIGHT

START!!! ROUND: 260
POSITION: 19 2
HYBEM SA NA RIGHT

START!!! ROUND: 261
POSITION: 20 2
HYBEM SA NA RIGHT

START!!! ROUND: 262
POSITION: 21 2
HYBEM SA NA RIGHT

START!!! ROUND: 263
POSITION: 22 2
HYBEM SA NA RIGHT

START!!! ROUND: 264
POSITION: 23 2
HYBEM SA NA RIGHT

START!!! ROUND: 265
POSITION: 24 2
HYBEM SA NA RIGHT

START!!! ROUND: 266
POSITION: 25 2
HYBEM SA NA UP

START!!! ROUND: 267
POSITION: 25 1
HYBEM SA NA UP

START!!! ROUND: 268
POSITION: 25 0
HYBEM SA NA RIGHT

START!!! ROUND: 269
POSITION: 26 0
HYBEM SA NA RIGHT

START!!! ROUND: 270
POSITION: 27 0
HYBEM SA NA RIGHT

START!!! ROUND: 271
POSITION: 28 0
HYBEM SA NA RIGHT

START!!! ROUND: 272
POSITION: 29 0
HYBEM SA NA DOWN

START!!! ROUND: 273
POSITION: 29 1
HYBEM SA NA LEFT

START!!! ROUND: 274
POSITION: 28 1
HYBEM SA NA LEFT

START!!! ROUND: 275
POSITION: 27 1
HYBEM SA NA LEFT

START!!! ROUND: 276
POSITION: 26 1
HYBEM SA NA DOWN

START!!! ROUND: 277
POSITION: 26 2
HYBEM SA NA DOWN

START!!! ROUND: 278
POSITION: 26 3
HYBEM SA NA DOWN

START!!! ROUND: 279
POSITION: 26 4
HYBEM SA NA DOWN

START!!! ROUND: 280
POSITION: 26 5
HYBEM SA NA DOWN

START!!! ROUND: 281
POSITION: 26 6
HYBEM SA NA RIGHT

START!!! ROUND: 282
POSITION: 27 6
HYBEM SA NA DOWN

START!!! ROUND: 283
POSITION: 27 7
HYBEM SA NA RIGHT

START!!! ROUND: 284
POSITION: 28 7
HYBEM SA NA UP

START!!! ROUND: 285
POSITION: 28 6
HYBEM SA NA RIGHT

START!!! ROUND: 286
POSITION: 29 6
HYBEM SA NA DOWN

START!!! ROUND: 287
POSITION: 29 7
HYBEM SA NA DOWN

START!!! ROUND: 288
POSITION: 29 8
HYBEM SA NA DOWN

START!!! ROUND: 289
POSITION: 29 9
HYBEM SA NA DOWN

START!!! ROUND: 290
POSITION: 29 10
HYBEM SA NA DOWN

START!!! ROUND: 291
POSITION: 29 11
HYBEM SA NA LEFT

START!!! ROUND: 292
POSITION: 28 11
HYBEM SA NA RIGHT

START!!! ROUND: 293
POSITION: 29 11
HYBEM SA NA UP

START!!! ROUND: 294
POSITION: 29 10
HYBEM SA NA DOWN

START!!! ROUND: 295
POSITION: 29 11
HYBEM SA NA DOWN

START!!! ROUND: 296
POSITION: 29 12
HYBEM SA NA DOWN

START!!! ROUND: 297
POSITION: 29 13
HYBEM SA NA DOWN

START!!! ROUND: 298
POSITION: 29 14
HYBEM SA NA LEFT

START!!! ROUND: 299
POSITION: 28 14
HYBEM SA NA RIGHT

START!!! ROUND: 300
POSITION: 29 14
HYBEM SA NA DOWN

START!!! ROUND: 301
POSITION: 29 15
HYBEM SA NA DOWN

START!!! ROUND: 302
POSITION: 29 16
HYBEM SA NA DOWN

START!!! ROUND: 303
POSITION: 29 17
HYBEM SA NA DOWN

START!!! ROUND: 304
POSITION: 29 18
HYBEM SA NA DOWN

START!!! ROUND: 305
POSITION: 29 19
HYBEM SA NA DOWN

START!!! ROUND: 306
POSITION: 29 20
HYBEM SA NA DOWN

START!!! ROUND: 307
POSITION: 29 21
HYBEM SA NA DOWN

START!!! ROUND: 308
POSITION: 29 22
NEMOZEM SA HYBAT -> LEFT

START!!! ROUND: 309
POSITION: 28 22
NEMOZEM SA HYBAT -> UP

START!!! ROUND: 310
POSITION: 28 21
HYBEM SA NA UP

START!!! ROUND: 311
POSITION: 28 20
HYBEM SA NA UP

START!!! ROUND: 312
POSITION: 28 19
HYBEM SA NA LEFT

START!!! ROUND: 313
POSITION: 27 19
HYBEM SA NA LEFT

START!!! ROUND: 314
POSITION: 26 19
HYBEM SA NA UP

START!!! ROUND: 315
POSITION: 26 18
HYBEM SA NA UP

START!!! ROUND: 316
POSITION: 26 17
HYBEM SA NA LEFT

START!!! ROUND: 317
POSITION: 25 17
HYBEM SA NA DOWN

START!!! ROUND: 318
POSITION: 25 18
HYBEM SA NA RIGHT

START!!! ROUND: 319
POSITION: 26 18
HYBEM SA NA LEFT

START!!! ROUND: 320
POSITION: 25 18
HYBEM SA NA LEFT

START!!! ROUND: 321
POSITION: 24 18
HYBEM SA NA DOWN

START!!! ROUND: 322
POSITION: 24 19
HYBEM SA NA RIGHT

START!!! ROUND: 323
POSITION: 25 19
HYBEM SA NA RIGHT

START!!! ROUND: 324
POSITION: 26 19
HYBEM SA NA DOWN

START!!! ROUND: 325
POSITION: 26 20
HYBEM SA NA RIGHT

START!!! ROUND: 326
POSITION: 27 20
HYBEM SA NA DOWN

START!!! ROUND: 327
POSITION: 27 21
HYBEM SA NA DOWN

START!!! ROUND: 328
POSITION: 27 22
HYBEM SA NA DOWN

START!!! ROUND: 329
POSITION: 27 23
HYBEM SA NA RIGHT

START!!! ROUND: 330
POSITION: 28 23
HYBEM SA NA UP

START!!! ROUND: 331
POSITION: 28 22
HYBEM SA NA LEFT

START!!! ROUND: 332
POSITION: 27 22
HYBEM SA NA DOWN

START!!! ROUND: 333
POSITION: 27 23
HYBEM SA NA LEFT

START!!! ROUND: 334
POSITION: 26 23
HYBEM SA NA UP

START!!! ROUND: 335
POSITION: 26 22
HYBEM SA NA RIGHT

START!!! ROUND: 336
POSITION: 27 22
HYBEM SA NA DOWN

START!!! ROUND: 337
POSITION: 27 23
HYBEM SA NA RIGHT

START!!! ROUND: 338
POSITION: 28 23
HYBEM SA NA DOWN

START!!! ROUND: 339
POSITION: 28 24
HYBEM SA NA LEFT

START!!! ROUND: 340
POSITION: 27 24
HYBEM SA NA LEFT

START!!! ROUND: 341
POSITION: 26 24
HYBEM SA NA UP

START!!! ROUND: 342
POSITION: 26 23
HYBEM SA NA RIGHT

START!!! ROUND: 343
POSITION: 27 23
HYBEM SA NA LEFT

START!!! ROUND: 344
POSITION: 26 23
HYBEM SA NA DOWN

START!!! ROUND: 345
POSITION: 26 24
HYBEM SA NA DOWN

START!!! ROUND: 346
POSITION: 26 25
HYBEM SA NA UP

START!!! ROUND: 347
POSITION: 26 24
HYBEM SA NA UP

START!!! ROUND: 348
POSITION: 26 23
NEMOZEM SA HYBAT -> UP

START!!! ROUND: 349
POSITION: 26 22
HYBEM SA NA UP

START!!! ROUND: 350
POSITION: 26 21
HYBEM SA NA LEFT

START!!! ROUND: 351
POSITION: 25 21
HYBEM SA NA LEFT

START!!! ROUND: 352
POSITION: 24 21
HYBEM SA NA LEFT

START!!! ROUND: 353
POSITION: 23 21
HYBEM SA NA DOWN

START!!! ROUND: 354
POSITION: 23 22
HYBEM SA NA DOWN

START!!! ROUND: 355
POSITION: 23 23
HYBEM SA NA RIGHT

START!!! ROUND: 356
POSITION: 24 23
HYBEM SA NA RIGHT

