2
0 0
3...0

0 0
3...1

1 0
3...2

1 0
3...3

1 2
0...4

3 2
1...5

3 2
1...6

2 2
1...7

1 2
1...8

2 2
1...9

2 2
1...10

2 2
1...11

2 2
2...12

2 2
3...13

2 2
3...14

3 2
3...15

3 0
0...16

1 0
1...17

1 0
1...18

0 0
1...19

3 0
1...20

0 0
1...21

0 0
1...22

0 0
2...23

2 0
3...24

2 0
3...25

1 0
3...26

1 1
0...27

2 1
1...28

3 1
1...29

0 1
1...30

0 1
1...31

3 1
1...32

3 1
1...33

3 1
1...34

3 1
1...35

3 1
1...36

3 1
1...37

3 1
2...38

0 1
3...39

0 1
3...40

0 1
3...41

0 1
3...42

0 1
1...43

3 1
2...44

0 3
1...45

1 3
1...46

1 3
1...47

1 3
1...48

1 3
1...49

1 3
1...50

1 3
1...51

1 3
1...52

1 3
1...53

1 3
1...54

1 3
1...55

1 3
1...56

1 3
1...57

1 3
1...58

1 3
1...59

1 3
1...60

1 3
1...61

1 3
1...62

1 3
1...63

1 3
1...64

1 3
1...65

1 3
1...66

1 3
1...67

0 3
1...68

1 3
2...69

2 3
3...70

2 3
3...71

2 3
3...72

2 3
3...73

2 3
3...74

2 3
3...75

2 3
3...76

2 2
0...77

1 2
1...78

1 2
1...79

1 2
1...80

0 2
1...81

0 2
2...82

0 2
3...83

3 2
3...84

0 0
0...85

3 0
1...86

1 0
1...87

0 0
1...88

0 0
2...89

2 0
3...90

2 0
3...91

2 0
3...92

2 0
3...93

2 0
3...94

2 0
3...95

2 0
3...96

3 0
3...97

3 0
0...98

1 0
1...99

1 0
1...100

0 0
1...101

3 0
1...102

1 0
1...103

1 0
2...104

3 0
3...105

2 0
3...106

2 0
3...107

3 0
3...108

0 3
0...109

2 3
1...110

1 3
2...111

2 1
0...112

0 1
1...113

0 1
2...114

1 1
3...115

2 1
1...116

3 1
1...117

0 1
1...118

0 1
2...119

1 1
3...120

2 1
0...121

0 1
1...122

3 1
2...123

2 1
3...124

2 1
1...125

3 1
2...126

2 1
3...127

1 1
1...128

2 1
2...129

1 2
0...130

1 2
1...131

3 2
1...132

3 2
1...133

3 2
1...134

3 2
2...135

2 2
3...136

2 2
3...137

1 2
0...138

1 2
1...139

0 2
1...140

