0
0 0
3...0

0 0
3...1

1 0
3...2

1 0
3...3

2 2
0...4

3 2
1...5

3 2
2...6

0 2
3...7

0 0
0...8

1 0
1...9

2 0
1...10

2 0
2...11

0 0
3...12

0 0
3...13

0 0
3...14

0 0
0...15

1 0
1...16

3 0
1...17

3 0
1...18

3 0
1...19

3 0
2...20

2 0
3...21

2 0
3...22

2 0
3...23

2 0
3...24

2 0
3...25

1 1
0...26

2 1
1...27

3 1
1...28

0 1
1...29

0 1
1...30

3 1
1...31

3 1
1...32

3 1
1...33

3 1
1...34

3 1
1...35

3 1
2...36

0 1
3...37

0 1
3...38

0 1
3...39

1 1
3...40

0 1
3...41

0 1
3...42

1 1
3...43

0 1
3...44

0 1
3...45

1 1
3...46

1 2
0...47

1 2
1...48

3 2
1...49

0 2
2...50

1 2
3...51

1 2
0...52

1 2
1...53

3 2
1...54

3 2
1...55

3 2
1...56

2 2
1...57

2 2
1...58

3 2
1...59

3 2
1...60

3 2
1...61

3 2
1...62

3 2
1...63

3 2
1...64

3 2
1...65

3 2
1...66

0 2
1...67

3 2
2...68

2 2
3...69

2 2
3...70

2 1
0...71

2 1
1...72

0 1
1...73

3 1
1...74

3 1
2...75

2 1
3...76

2 1
3...77

2 1
3...78

1 1
3...79

1 1
3...80

1 1
0...81

0 1
1...82

3 1
1...83

2 1
1...84

3 1
2...85

2 1
3...86

2 1
3...87

2 1
3...88

2 1
3...89

2 1
3...90

2 1
3...91

1 1
0...92

0 1
1...93

0 1
2...94

1 1
3...95

1 1
0...96

0 1
1...97

3 1
1...98

2 1
1...99

3 1
2...100

2 1
3...101

2 1
3...102

2 1
3...103

2 1
3...104

1 1
0...105

0 1
1...106

0 1
2...107

1 1
3...108

1 1
0...109

0 1
1...110

0 1
2...111

1 1
3...112

2 1
0...113

0 1
1...114

3 1
2...115

0 1
3...116

0 1
3...117

0 1
3...118

0 1
3...119

0 1
3...120

0 1
3...121

0 1
3...122

0 1
3...123

0 1
3...124

0 1
3...125

1 1
3...126

0 1
1...127

3 1
2...128

1 1
3...129

0 1
3...130

1 1
1...131

2 1
1...132

2 1
1...133

2 1
1...134

2 1
2...135

0 1
3...136

0 1
3...137

0 1
3...138

0 0
0...139

3 0
1...140

1 0
1...141

1 0
1...142

2 0
1...143

2 0
1...144

2 0
1...145

2 0
2...146

0 0
3...147

0 0
3...148

0 0
3...149

0 0
3...150

3 0
0...151

1 0
1...152

2 0
2...153

2 0
3...154

2 0
3...155

2 0
3...156

2 0
3...157

2 0
3...158

3 0
3...159

2 0
3...160

3 0
3...161

2 0
3...162

2 0
3...163

2 0
3...164

3 0
3...165

2 0
3...166

2 0
3...167

2 0
3...168

2 0
3...169

2 0
3...170

2 0
3...171

2 0
3...172

3 0
3...173

2 0
3...174

2 0
3...175

3 0
3...176

0 3
0...177

0 3
1...178

0 3
1...179

0 3
2...180

1 3
3...181

0 3
3...182

0 3
3...183

0 3
3...184

0 3
3...185

0 3
3...186

0 3
3...187

0 3
3...188

1 3
3...189

0 3
3...190

0 3
3...191

1 3
3...192

0 3
3...193

0 3
3...194

1 3
1...195

0 3
2...196

1 3
3...197

1 3
3...198

0 3
3...199

0 3
3...200

0 3
3...201

1 3
3...202

0 3
3...203

1 3
3...204

1 1
0...205

0 1
1...206

3 1
1...207

2 1
1...208

1 1
1...209

2 1
1...210

2 1
1...211

2 1
2...212

2 1
3...213

2 1
3...214

2 1
3...215

2 1
3...216

2 1
3...217

2 1
3...218

2 1
0...219

2 1
1...220

3 1
1...221

3 1
2...222

2 1
3...223

2 1
3...224

1 1
3...225

1 1
3...226

2 1
0...227

2 1
1...228

3 1
1...229

3 1
2...230

2 1
3...231

1 1
3...232

1 1
3...233

1 1
3...234

1 2
0...235

3 2
1...236

3 2
1...237

2 2
1...238

3 2
2...239

2 2
3...240

2 2
3...241

2 2
3...242

2 2
3...243

1 2
0...244

3 2
1...245

3 2
2...246

2 2
3...247

1 2
0...248

3 2
1...249

0 2
2...250

2 2
3...251

2 2
3...252

2 1
0...253

0 1
1...254

0 1
2...255

2 1
3...256

1 1
3...257

2 1
0...258

0 1
1...259

0 1
2...260

1 1
1...261

0 1
2...262

1 1
1...263

0 1
2...264

2 1
3...265

2 1
3...266

1 1
1...267

0 1
2...268

2 1
3...269

2 1
3...270

1 1
1...271

2 1
2...272

1 1
1...273

2 1
2...274

1 1
0...275

2 1
1...276

3 1
1...277

0 1
1...278

0 1
2...279

1 1
3...280

1 1
1...281

2 1
2...282

1 1
0...283

2 1
1...284

3 1
1...285

0 1
1...286

0 1
2...287

1 1
3...288

1 1
3...289

1 1
0...290

2 1
1...291

3 1
1...292

0 1
1...293

3 1
1...294

3 1
2...295

2 1
3...296

1 1
0...297

2 1
1...298

3 1
1...299

0 1
1...300

0 1
1...301

3 1
1...302

0 1
1...303

0 1
1...304

0 1
1...305

0 1
2...306

2 1
3...307

1 1
3...308

2 1
0...309

2 1
1...310

3 1
1...311

3 1
2...312

2 1
3...313

2 1
3...314

2 1
0...315

2 1
1...316

0 1
1...317

1 1
1...318

1 1
1...319

1 1
1...320

0 1
2...321

1 1
3...322

0 1
3...323

0 1
3...324

0 1
3...325

0 1
3...326

0 1
1...327

1 1
2...328

0 1
1...329

3 1
1...330

3 1
2...331

0 1
1...332

1 1
2...333

0 1
3...334

1 1
3...335

1 1
0...336

0 1
1...337

3 1
1...338

2 1
1...339

1 1
1...340

2 1
1...341

2 1
1...342

3 1
1...343

3 1
1...344

0 1
1...345

0 1
2...346

3 3
0...347

2 3
1...348

2 3
1...349

3 3
2...350

2 3
3...351

2 3
3...352

2 3
3...353

2 3
3...354

2 3
3...355

2 3
3...356

2 3
3...357

3 3
3...358

3 3
0...359

0 3
1...360

3 3
1...361

3 3
2...362

2 3
3...363

1 1
0...364

2 1
1...365

3 1
1...366

0 1
1...367

0 1
1...368

3 1
1...369

0 1
1...370

0 1
1...371

0 1
2...372

0 1
3...373

0 1
3...374

0 1
3...375

0 1
3...376

0 1
3...377

0 1
3...378

0 1
3...379

0 1
3...380

0 1
3...381

0 1
3...382

0 1
3...383

0 1
3...384

0 1
3...385

1 1
3...386

0 1
3...387

0 1
3...388

1 1
1...389

2 1
2...390

2 1
3...391

2 1
3...392

2 1
3...393

2 1
3...394

2 1
3...395

2 1
3...396

2 1
3...397

2 1
3...398

2 1
3...399

2 1
3...400

2 1
3...401

2 1
3...402

2 1
3...403

2 1
3...404

2 1
3...405

2 1
0...406

2 1
1...407

0 1
1...408

0 1
1...409

0 1
2...410

2 1
3...411

2 1
3...412

2 1
3...413

2 1
0...414

2 1
1...415

0 1
1...416

3 1
1...417

3 1
1...418

3 1
1...419

0 1
2...420

0 1
3...421

0 1
3...422

0 1
3...423

0 1
3...424

0 1
3...425

0 1
3...426

0 1
3...427

0 1
3...428

0 1
3...429

0 1
3...430

0 1
3...431

0 1
3...432

0 1
3...433

0 1
3...434

0 1
3...435

0 1
3...436

0 1
3...437

0 1
3...438

1 1
1...439

2 1
2...440

2 1
3...441

2 1
3...442

2 1
3...443

2 1
3...444

2 1
3...445

2 1
3...446

2 1
3...447

2 1
3...448

2 1
3...449

2 1
3...450

2 1
3...451

2 1
3...452

2 1
3...453

2 1
3...454

2 1
3...455

1 1
3...456

2 2
0...457

1 2
1...458

1 2
1...459

1 2
2...460

2 2
3...461

2 2
3...462

1 2
3...463

2 2
0...464

3 2
1...465

3 2
2...466

2 2
3...467

2 2
1...468

1 2
2...469

2 2
1...470

3 2
1...471

3 2
1...472

3 2
1...473

3 2
1...474

3 2
1...475

3 2
1...476

3 2
1...477

3 2
1...478

3 2
1...479

3 2
1...480

3 2
1...481

3 2
1...482

3 2
1...483

3 2
1...484

3 2
2...485

0 2
3...486

0 2
3...487

0 2
3...488

0 2
3...489

0 2
3...490

0 2
3...491

0 2
3...492

0 2
1...493

1 2
2...494

2 2
3...495

1 2
3...496

1 2
0...497

3 2
1...498

3 2
1...499

3 2
2...500

2 2
3...501

2 2
3...502

1 2
3...503

1 2
0...504

3 2
1...505

0 2
2...506

1 2
3...507

1 1
0...508

2 1
1...509

3 1
1...510

0 1
1...511

3 1
1...512

3 1
2...513

2 1
3...514

3 1
3...515

2 1
3...516

3 1
3...517

2 1
3...518

3 1
3...519

2 1
3...520

2 1
3...521

2 1
3...522

2 1
1...523

3 1
2...524

2 1
1...525

3 1
1...526

3 1
2...527

2 1
1...528

1 1
1...529

1 1
2...530

2 1
1...531

3 1
2...532

2 1
1...533

1 1
1...534

1 1
2...535

2 1
1...536

3 1
2...537

2 2
1...538

1 2
2...539

0 2
3...540

1 2
3...541

0 2
3...542

0 2
3...543

0 2
3...544

0 2
3...545

0 2
3...546

0 2
3...547

0 2
3...548

0 2
3...549

0 2
3...550

0 2
3...551

0 2
3...552

0 2
3...553

0 2
3...554

0 2
3...555

0 2
3...556

0 2
3...557

0 2
3...558

0 2
3...559

0 2
3...560

0 2
3...561

0 2
3...562

1 2
1...563

2 2
2...564

2 2
3...565

2 2
3...566

2 2
3...567

2 2
3...568

2 2
3...569

2 2
3...570

2 2
3...571

2 2
3...572

2 2
3...573

2 2
3...574

2 2
3...575

2 2
3...576

2 2
3...577

2 2
3...578

2 2
3...579

2 2
3...580

2 2
3...581

2 2
3...582

2 2
3...583

2 2
3...584

2 2
1...585

1 2
2...586

2 2
1...587

1 2
2...588

2 2
1...589

1 2
2...590

2 2
1...591

1 2
2...592

2 2
1...593

1 2
2...594

2 2
1...595

1 2
2...596

2 1
1...597

3 1
1...598

3 1
2...599

2 1
1...600

1 1
2...601

2 2
1...602

3 2
1...603

3 2
2...604

2 2
1...605

1 2
2...606

2 2
1...607

3 2
1...608

3 2
2...609

2 2
1...610

1 2
2...611

2 2
1...612

3 2
1...613

3 2
2...614

2 2
1...615

1 2
2...616

2 2
1...617

3 2
1...618

3 2
2...619

2 2
1...620

1 2
2...621

2 2
1...622

3 2
1...623

3 2
2...624

2 2
1...625

1 2
2...626

2 2
1...627

3 2
1...628

3 2
2...629

2 2
1...630

1 2
2...631

2 2
1...632

3 2
1...633

3 2
2...634

2 2
1...635

1 2
2...636

2 2
1...637

3 2
1...638

3 2
2...639

2 2
1...640

1 2
2...641

2 2
1...642

3 2
1...643

3 2
2...644

2 2
1...645

1 2
2...646

2 2
1...647

3 2
1...648

3 2
2...649

2 2
1...650

1 2
2...651

1 2
1...652

2 2
1...653

2 2
1...654

0 2
2...655

1 2
1...656

2 2
1...657

2 2
1...658

2 2
1...659

2 2
1...660

2 2
1...661

2 2
1...662

2 2
1...663

2 2
1...664

2 2
1...665

2 2
1...666

2 2
1...667

2 2
1...668

2 2
1...669

2 2
1...670

2 2
1...671

2 2
1...672

2 2
1...673

3 2
1...674

3 2
1...675

3 2
1...676

3 2
1...677

3 2
1...678

3 2
1...679

3 2
1...680

3 2
1...681

3 2
1...682

0 2
2...683

1 2
3...684

1 1
0...685

0 1
1...686

3 1
1...687

2 1
1...688

2 1
2...689

1 1
3...690

1 1
3...691

1 1
3...692

1 1
3...693

1 1
3...694

1 1
3...695

1 1
3...696

1 1
1...697

2 1
1...698

2 1
1...699

2 1
1...700

2 1
1...701

2 1
1...702

2 1
1...703

2 1
1...704

2 1
1...705

2 1
1...706

2 1
1...707

2 1
1...708

2 1
1...709

2 1
1...710

2 1
1...711

2 1
1...712

2 1
1...713

2 1
1...714

2 1
1...715

2 1
1...716

2 1
1...717

2 1
1...718

2 1
1...719

2 1
1...720

2 1
1...721

3 1
1...722

3 1
1...723

3 1
1...724

2 1
1...725

2 1
1...726

2 1
1...727

2 1
1...728

2 1
1...729

2 1
1...730

2 1
2...731

2 1
3...732

2 1
3...733

2 1
3...734

2 2
0...735

3 2
1...736

1 2
1...737

1 2
1...738

0 2
2...739

2 2
3...740

2 2
3...741

2 2
3...742

2 2
3...743

3 2
3...744

3 3
1...745

2 3
1...746

0 3
1...747

0 3
2...748

2 3
3...749

2 3
3...750

2 3
3...751

2 3
3...752

2 3
3...753

3 3
3...754

0 3
1...755

1 3
1...756

1 3
1...757

1 3
1...758

1 3
1...759

1 3
1...760

1 3
1...761

1 3
1...762

3 3
1...763

3 3
1...764

3 3
1...765

3 3
1...766

3 3
1...767

0 3
1...768

0 3
1...769

3 3
1...770

3 3
1...771

3 3
1...772

3 3
1...773

3 3
1...774

3 3
2...775

0 3
3...776

0 3
3...777

0 3
3...778

0 3
3...779

0 3
3...780

0 3
1...781

3 3
2...782

2 3
3...783

2 3
3...784

2 3
3...785

2 3
3...786

2 3
3...787

2 3
3...788

2 3
3...789

2 3
3...790

2 3
3...791

2 3
3...792

2 3
3...793

2 3
3...794

2 3
3...795

2 3
3...796

2 3
3...797

2 3
3...798

2 3
3...799

2 3
3...800

2 3
3...801

2 3
3...802

2 3
3...803

2 3
1...804

1 3
2...805

2 3
1...806

1 3
2...807

2 3
1...808

1 3
2...809

2 3
1...810

1 3
2...811

2 3
1...812

1 3
2...813

2 3
1...814

1 3
2...815

2 3
1...816

1 3
2...817

2 3
1...818

1 3
2...819

2 3
1...820

1 3
2...821

2 3
1...822

1 3
2...823

2 3
1...824

1 3
2...825

2 3
1...826

1 3
2...827

1 3
1...828

0 3
2...829

1 3
1...830

0 3
2...831

3 3
3...832

2 3
3...833

2 3
3...834

2 3
3...835

2 3
3...836

2 3
1...837

3 3
2...838

2 3
1...839

3 3
2...840

2 3
1...841

3 3
2...842

2 3
1...843

3 3
2...844

2 3
1...845

3 3
2...846

2 3
1...847

3 3
2...848

2 3
1...849

3 3
2...850

2 3
1...851

3 3
2...852

2 3
1...853

3 3
2...854

0 3
3...855

0 3
3...856

0 3
3...857

0 3
3...858

0 3
3...859

0 3
3...860

0 3
3...861

0 3
3...862

0 3
1...863

1 3
2...864

0 3
1...865

1 3
2...866

2 3
3...867

2 3
3...868

2 3
3...869

2 3
3...870

2 3
3...871

2 3
3...872

2 3
3...873

2 3
3...874

2 3
1...875

1 3
2...876

2 3
1...877

1 3
2...878

2 3
1...879

1 3
2...880

2 3
1...881

1 3
2...882

2 3
1...883

1 3
2...884

2 3
1...885

1 3
2...886

2 3
1...887

1 3
2...888

2 3
1...889

1 3
1...890

3 3
2...891

2 3
1...892

3 3
2...893

2 3
1...894

3 3
2...895

2 3
1...896

3 3
2...897

2 3
1...898

3 3
2...899

2 3
1...900

3 3
2...901

2 3
1...902

3 3
2...903

2 3
1...904

3 3
2...905

2 3
1...906

3 3
2...907

2 3
1...908

3 3
2...909

2 3
1...910

3 3
2...911

2 3
1...912

3 3
2...913

2 3
1...914

1 3
2...915

2 3
1...916

1 3
2...917

2 3
1...918

1 3
2...919

2 3
1...920

1 3
2...921

2 3
1...922

1 3
2...923

2 3
1...924

1 3
2...925

2 3
1...926

1 3
2...927

2 3
1...928

1 3
2...929

2 3
1...930

1 3
2...931

2 3
1...932

1 3
2...933

2 3
1...934

1 3
2...935

2 3
1...936

3 3
2...937

2 3
1...938

3 3
2...939

2 3
1...940

3 3
2...941

2 3
1...942

3 3
2...943

2 3
1...944

3 3
2...945

2 3
1...946

3 3
2...947

2 3
1...948

3 3
2...949

2 3
1...950

3 3
2...951

2 3
1...952

3 3
2...953

2 3
1...954

3 3
2...955

2 3
1...956

3 3
2...957

2 3
1...958

3 3
2...959

2 3
1...960

1 3
2...961

2 3
1...962

1 3
2...963

2 3
1...964

1 3
2...965

2 3
1...966

1 3
2...967

2 3
1...968

1 3
2...969

0 3
3...970

0 3
3...971

0 3
3...972

0 3
3...973

0 3
3...974

0 3
3...975

0 3
3...976

0 3
3...977

0 3
3...978

0 3
3...979

0 3
3...980

0 3
3...981

0 3
3...982

0 3
3...983

0 3
3...984

0 3
3...985

0 3
3...986

0 3
3...987

0 3
3...988

0 3
3...989

0 3
3...990

1 3
3...991

1 3
3...992

1 3
3...993

1 3
3...994

2 2
1...995

3 2
1...996

3 2
1...997

1 2
1...998

1 2
2...999

