1
START!!! ROUND: 0
POSITION: 6 12
HYBEM SA NA LEFT

START!!! ROUND: 1
POSITION: 5 12
HYBEM SA NA LEFT

START!!! ROUND: 2
POSITION: 4 12
HYBEM SA NA LEFT

START!!! ROUND: 3
POSITION: 3 12
HYBEM SA NA UP

START!!! ROUND: 4
POSITION: 3 11
HYBEM SA NA UP

START!!! ROUND: 5
POSITION: 3 10
HYBEM SA NA UP

START!!! ROUND: 6
POSITION: 3 9
HYBEM SA NA UP

START!!! ROUND: 7
POSITION: 3 8
HYBEM SA NA UP

START!!! ROUND: 8
POSITION: 3 7
HYBEM SA NA RIGHT

START!!! ROUND: 9
POSITION: 4 7
HYBEM SA NA DOWN

START!!! ROUND: 10
POSITION: 4 8
HYBEM SA NA DOWN

START!!! ROUND: 11
POSITION: 4 9
HYBEM SA NA DOWN

START!!! ROUND: 12
POSITION: 4 10
HYBEM SA NA DOWN

START!!! ROUND: 13
POSITION: 4 11
HYBEM SA NA RIGHT

START!!! ROUND: 14
POSITION: 5 11
HYBEM SA NA DOWN

START!!! ROUND: 15
POSITION: 5 12
HYBEM SA NA UP

START!!! ROUND: 16
POSITION: 5 11
HYBEM SA NA LEFT

START!!! ROUND: 17
POSITION: 4 11
HYBEM SA NA LEFT

START!!! ROUND: 18
POSITION: 3 11
HYBEM SA NA LEFT

START!!! ROUND: 19
POSITION: 2 11
HYBEM SA NA UP

START!!! ROUND: 20
POSITION: 2 10
HYBEM SA NA UP

START!!! ROUND: 21
POSITION: 2 9
HYBEM SA NA RIGHT

START!!! ROUND: 22
POSITION: 3 9
HYBEM SA NA DOWN

START!!! ROUND: 23
POSITION: 3 10
HYBEM SA NA LEFT

START!!! ROUND: 24
POSITION: 2 10
HYBEM SA NA LEFT

START!!! ROUND: 25
POSITION: 1 10
HYBEM SA NA LEFT

START!!! ROUND: 26
POSITION: 0 10
HYBEM SA NA UP

START!!! ROUND: 27
POSITION: 0 9
HYBEM SA NA UP

START!!! ROUND: 28
POSITION: 0 8
HYBEM SA NA UP

START!!! ROUND: 29
POSITION: 0 7
HYBEM SA NA UP

START!!! ROUND: 30
POSITION: 0 6
HYBEM SA NA RIGHT

START!!! ROUND: 31
POSITION: 1 6
HYBEM SA NA RIGHT

START!!! ROUND: 32
POSITION: 2 6
HYBEM SA NA DOWN

START!!! ROUND: 33
POSITION: 2 7
HYBEM SA NA LEFT

START!!! ROUND: 34
POSITION: 1 7
HYBEM SA NA DOWN

START!!! ROUND: 35
POSITION: 1 8
HYBEM SA NA RIGHT

START!!! ROUND: 36
POSITION: 2 8
HYBEM SA NA DOWN

START!!! ROUND: 37
POSITION: 2 9
HYBEM SA NA RIGHT

START!!! ROUND: 38
POSITION: 3 9
HYBEM SA NA DOWN

START!!! ROUND: 39
POSITION: 3 10
HYBEM SA NA RIGHT

START!!! ROUND: 40
POSITION: 4 10
HYBEM SA NA RIGHT

START!!! ROUND: 41
POSITION: 5 10
HYBEM SA NA RIGHT

START!!! ROUND: 42
POSITION: 6 10
HYBEM SA NA RIGHT

START!!! ROUND: 43
POSITION: 7 10
HYBEM SA NA UP

START!!! ROUND: 44
POSITION: 7 9
HYBEM SA NA RIGHT

START!!! ROUND: 45
POSITION: 8 9
HYBEM SA NA RIGHT

START!!! ROUND: 46
POSITION: 9 9
HYBEM SA NA RIGHT

START!!! ROUND: 47
POSITION: 10 9
HYBEM SA NA RIGHT

START!!! ROUND: 48
POSITION: 11 9
HYBEM SA NA RIGHT

START!!! ROUND: 49
POSITION: 12 9
HYBEM SA NA DOWN

START!!! ROUND: 50
POSITION: 12 10
HYBEM SA NA DOWN

START!!! ROUND: 51
POSITION: 12 11
HYBEM SA NA LEFT

START!!! ROUND: 52
POSITION: 11 11
HYBEM SA NA LEFT

START!!! ROUND: 53
POSITION: 10 11
HYBEM SA NA LEFT

START!!! ROUND: 54
POSITION: 9 11
HYBEM SA NA LEFT

START!!! ROUND: 55
POSITION: 8 11
HYBEM SA NA LEFT

START!!! ROUND: 56
POSITION: 7 11
HYBEM SA NA UP

START!!! ROUND: 57
POSITION: 7 10
HYBEM SA NA LEFT

START!!! ROUND: 58
POSITION: 6 10
HYBEM SA NA RIGHT

START!!! ROUND: 59
POSITION: 7 10
HYBEM SA NA DOWN

START!!! ROUND: 60
POSITION: 7 11
HYBEM SA NA LEFT

START!!! ROUND: 61
POSITION: 6 11
HYBEM SA NA LEFT

START!!! ROUND: 62
POSITION: 5 11
HYBEM SA NA RIGHT

