2
0 0
3...0

0 0
3...1

3 3
0...2

2 3
1...3

2 3
2...4

2 3
3...5

2 3
3...6

1 1
0...7

0 1
1...8

0 1
2...9

0 1
3...10

0 1
3...11

0 1
3...12

0 0
0...13

3 0
1...14

1 0
1...15

1 0
1...16

2 0
1...17

3 0
1...18

3 0
1...19

3 0
1...20

3 0
1...21

3 0
2...22

0 0
0...23

3 0
1...24

1 0
1...25

1 0
1...26

1 0
2...27

2 0
3...28

2 0
3...29

2 0
3...30

2 0
3...31

1 1
0...32

2 1
1...33

3 1
1...34

0 1
1...35

0 1
2...36

2 1
3...37

2 1
3...38

2 1
3...39

1 2
0...40

1 2
1...41

3 2
1...42

3 2
1...43

3 2
2...44

1 2
3...45

0 2
3...46

0 2
3...47

0 2
3...48

0 2
3...49

0 2
3...50

0 2
3...51

0 2
3...52

0 2
3...53

0 2
3...54

1 2
3...55

1 2
0...56

1 2
1...57

3 2
1...58

3 2
1...59

3 2
1...60

2 2
1...61

1 2
1...62

