1
START!!! ROUND: 0
POSITION: 4 16
HYBEM SA NA LEFT

START!!! ROUND: 1
POSITION: 3 16
HYBEM SA NA LEFT

START!!! ROUND: 2
POSITION: 2 16
HYBEM SA NA LEFT

START!!! ROUND: 3
POSITION: 1 16
HYBEM SA NA LEFT

START!!! ROUND: 4
POSITION: 0 16
HYBEM SA NA DOWN

START!!! ROUND: 5
POSITION: 0 17
HYBEM SA NA RIGHT

START!!! ROUND: 6
POSITION: 1 17
HYBEM SA NA DOWN

START!!! ROUND: 7
POSITION: 1 18
HYBEM SA NA RIGHT

START!!! ROUND: 8
POSITION: 2 18
HYBEM SA NA RIGHT

START!!! ROUND: 9
POSITION: 3 18
HYBEM SA NA RIGHT

START!!! ROUND: 10
POSITION: 4 18
HYBEM SA NA DOWN

START!!! ROUND: 11
POSITION: 4 19
HYBEM SA NA RIGHT

START!!! ROUND: 12
POSITION: 5 19
HYBEM SA NA UP

START!!! ROUND: 13
POSITION: 5 18
HYBEM SA NA UP

START!!! ROUND: 14
POSITION: 5 17
HYBEM SA NA RIGHT

START!!! ROUND: 15
POSITION: 6 17
HYBEM SA NA RIGHT

START!!! ROUND: 16
POSITION: 7 17
HYBEM SA NA RIGHT

START!!! ROUND: 17
POSITION: 8 17
HYBEM SA NA UP

START!!! ROUND: 18
POSITION: 8 16
HYBEM SA NA UP

START!!! ROUND: 19
POSITION: 8 15
HYBEM SA NA LEFT

START!!! ROUND: 20
POSITION: 7 15
HYBEM SA NA LEFT

START!!! ROUND: 21
POSITION: 6 15
HYBEM SA NA LEFT

START!!! ROUND: 22
POSITION: 5 15
HYBEM SA NA RIGHT

START!!! ROUND: 23
POSITION: 6 15
HYBEM SA NA RIGHT

START!!! ROUND: 24
POSITION: 7 15
HYBEM SA NA UP

START!!! ROUND: 25
POSITION: 7 14
HYBEM SA NA RIGHT

START!!! ROUND: 26
POSITION: 8 14
HYBEM SA NA UP

START!!! ROUND: 27
POSITION: 8 13
HYBEM SA NA RIGHT

START!!! ROUND: 28
POSITION: 9 13
HYBEM SA NA UP

START!!! ROUND: 29
POSITION: 9 12
HYBEM SA NA LEFT

START!!! ROUND: 30
POSITION: 8 12
HYBEM SA NA LEFT

START!!! ROUND: 31
POSITION: 7 12
HYBEM SA NA DOWN

START!!! ROUND: 32
POSITION: 7 13
HYBEM SA NA LEFT

START!!! ROUND: 33
POSITION: 6 13
HYBEM SA NA LEFT

START!!! ROUND: 34
POSITION: 5 13
HYBEM SA NA DOWN

START!!! ROUND: 35
POSITION: 5 14
HYBEM SA NA DOWN

START!!! ROUND: 36
POSITION: 5 15
HYBEM SA NA LEFT

START!!! ROUND: 37
POSITION: 4 15
HYBEM SA NA UP

START!!! ROUND: 38
POSITION: 4 14
HYBEM SA NA UP

START!!! ROUND: 39
POSITION: 4 13
HYBEM SA NA RIGHT

START!!! ROUND: 40
POSITION: 5 13
HYBEM SA NA UP

START!!! ROUND: 41
POSITION: 5 12
HYBEM SA NA LEFT

START!!! ROUND: 42
POSITION: 4 12
HYBEM SA NA LEFT

START!!! ROUND: 43
POSITION: 3 12
HYBEM SA NA LEFT

START!!! ROUND: 44
POSITION: 2 12
HYBEM SA NA LEFT

START!!! ROUND: 45
POSITION: 1 12
HYBEM SA NA DOWN

START!!! ROUND: 46
POSITION: 1 13
HYBEM SA NA LEFT

START!!! ROUND: 47
POSITION: 0 13
HYBEM SA NA DOWN

START!!! ROUND: 48
POSITION: 0 14
HYBEM SA NA RIGHT

START!!! ROUND: 49
POSITION: 1 14
HYBEM SA NA RIGHT

START!!! ROUND: 50
POSITION: 2 14
HYBEM SA NA DOWN

START!!! ROUND: 51
POSITION: 2 15
HYBEM SA NA LEFT

START!!! ROUND: 52
POSITION: 1 15
HYBEM SA NA LEFT

START!!! ROUND: 53
POSITION: 0 15
HYBEM SA NA DOWN

START!!! ROUND: 54
POSITION: 0 16
HYBEM SA NA DOWN

START!!! ROUND: 55
POSITION: 0 17
HYBEM SA NA DOWN

START!!! ROUND: 56
POSITION: 0 18
HYBEM SA NA DOWN

START!!! ROUND: 57
POSITION: 0 19
HYBEM SA NA DOWN

START!!! ROUND: 58
POSITION: 0 20
HYBEM SA NA RIGHT

START!!! ROUND: 59
POSITION: 1 20
HYBEM SA NA RIGHT

START!!! ROUND: 60
POSITION: 2 20
HYBEM SA NA RIGHT

START!!! ROUND: 61
POSITION: 3 20
HYBEM SA NA UP

START!!! ROUND: 62
POSITION: 3 19
HYBEM SA NA UP

START!!! ROUND: 63
POSITION: 3 18
HYBEM SA NA UP

START!!! ROUND: 64
POSITION: 3 17
HYBEM SA NA RIGHT

START!!! ROUND: 65
POSITION: 4 17
HYBEM SA NA RIGHT

START!!! ROUND: 66
POSITION: 5 17
HYBEM SA NA RIGHT

START!!! ROUND: 67
POSITION: 6 17
HYBEM SA NA RIGHT

START!!! ROUND: 68
POSITION: 7 17
HYBEM SA NA RIGHT

START!!! ROUND: 69
POSITION: 8 17
HYBEM SA NA RIGHT

START!!! ROUND: 70
POSITION: 9 17
HYBEM SA NA UP

START!!! ROUND: 71
POSITION: 9 16
HYBEM SA NA UP

START!!! ROUND: 72
POSITION: 9 15
HYBEM SA NA LEFT

START!!! ROUND: 73
POSITION: 8 15
HYBEM SA NA UP

START!!! ROUND: 74
POSITION: 8 14
HYBEM SA NA UP

START!!! ROUND: 75
POSITION: 8 13
HYBEM SA NA UP

START!!! ROUND: 76
POSITION: 8 12
HYBEM SA NA UP

START!!! ROUND: 77
POSITION: 8 11
HYBEM SA NA LEFT

START!!! ROUND: 78
POSITION: 7 11
HYBEM SA NA DOWN

START!!! ROUND: 79
POSITION: 7 12
HYBEM SA NA DOWN

START!!! ROUND: 80
POSITION: 7 13
HYBEM SA NA LEFT

START!!! ROUND: 81
POSITION: 6 13
HYBEM SA NA LEFT

START!!! ROUND: 82
POSITION: 5 13
HYBEM SA NA UP

START!!! ROUND: 83
POSITION: 5 12
HYBEM SA NA UP

START!!! ROUND: 84
POSITION: 5 11
HYBEM SA NA DOWN

START!!! ROUND: 85
POSITION: 5 12
HYBEM SA NA RIGHT

START!!! ROUND: 86
POSITION: 6 12
HYBEM SA NA RIGHT

START!!! ROUND: 87
POSITION: 7 12
HYBEM SA NA UP

START!!! ROUND: 88
POSITION: 7 11
HYBEM SA NA UP

START!!! ROUND: 89
POSITION: 7 10
HYBEM SA NA DOWN

START!!! ROUND: 90
POSITION: 7 11
HYBEM SA NA UP

START!!! ROUND: 91
POSITION: 7 10
HYBEM SA NA UP

START!!! ROUND: 92
POSITION: 7 9
HYBEM SA NA UP

START!!! ROUND: 93
POSITION: 7 8
HYBEM SA NA UP

START!!! ROUND: 94
POSITION: 7 7
HYBEM SA NA RIGHT

START!!! ROUND: 95
POSITION: 8 7
HYBEM SA NA DOWN

START!!! ROUND: 96
POSITION: 8 8
HYBEM SA NA DOWN

START!!! ROUND: 97
POSITION: 8 9
HYBEM SA NA DOWN

START!!! ROUND: 98
POSITION: 8 10
HYBEM SA NA DOWN

START!!! ROUND: 99
POSITION: 8 11
HYBEM SA NA UP

START!!! ROUND: 100
POSITION: 8 10
HYBEM SA NA RIGHT

START!!! ROUND: 101
POSITION: 9 10
HYBEM SA NA LEFT

START!!! ROUND: 102
POSITION: 8 10
HYBEM SA NA UP

START!!! ROUND: 103
POSITION: 8 9
HYBEM SA NA DOWN

START!!! ROUND: 104
POSITION: 8 10
HYBEM SA NA UP

START!!! ROUND: 105
POSITION: 8 9
HYBEM SA NA UP

START!!! ROUND: 106
POSITION: 8 8
HYBEM SA NA RIGHT

START!!! ROUND: 107
POSITION: 9 8
HYBEM SA NA RIGHT

START!!! ROUND: 108
POSITION: 10 8
HYBEM SA NA UP

START!!! ROUND: 109
POSITION: 10 7
HYBEM SA NA LEFT

START!!! ROUND: 110
POSITION: 9 7
HYBEM SA NA LEFT

START!!! ROUND: 111
POSITION: 8 7
HYBEM SA NA UP

START!!! ROUND: 112
POSITION: 8 6
HYBEM SA NA UP

START!!! ROUND: 113
POSITION: 8 5
HYBEM SA NA LEFT

START!!! ROUND: 114
POSITION: 7 5
HYBEM SA NA UP

START!!! ROUND: 115
POSITION: 7 4
HYBEM SA NA LEFT

START!!! ROUND: 116
POSITION: 6 4
HYBEM SA NA DOWN

START!!! ROUND: 117
POSITION: 6 5
HYBEM SA NA DOWN

START!!! ROUND: 118
POSITION: 6 6
HYBEM SA NA DOWN

START!!! ROUND: 119
POSITION: 6 7
HYBEM SA NA DOWN

START!!! ROUND: 120
POSITION: 6 8
HYBEM SA NA RIGHT

START!!! ROUND: 121
POSITION: 7 8
HYBEM SA NA RIGHT

START!!! ROUND: 122
POSITION: 8 8
HYBEM SA NA UP

START!!! ROUND: 123
POSITION: 8 7
HYBEM SA NA LEFT

START!!! ROUND: 124
POSITION: 7 7
HYBEM SA NA DOWN

START!!! ROUND: 125
POSITION: 7 8
HYBEM SA NA LEFT

START!!! ROUND: 126
POSITION: 6 8
HYBEM SA NA UP

START!!! ROUND: 127
POSITION: 6 7
HYBEM SA NA RIGHT

START!!! ROUND: 128
POSITION: 7 7
HYBEM SA NA LEFT

START!!! ROUND: 129
POSITION: 6 7
HYBEM SA NA RIGHT

START!!! ROUND: 130
POSITION: 7 7
HYBEM SA NA LEFT

START!!! ROUND: 131
POSITION: 6 7
HYBEM SA NA DOWN

START!!! ROUND: 132
POSITION: 6 8
HYBEM SA NA UP

START!!! ROUND: 133
POSITION: 6 7
HYBEM SA NA RIGHT

START!!! ROUND: 134
POSITION: 7 7
HYBEM SA NA RIGHT

START!!! ROUND: 135
POSITION: 8 7
HYBEM SA NA RIGHT

START!!! ROUND: 136
POSITION: 9 7
HYBEM SA NA RIGHT

START!!! ROUND: 137
POSITION: 10 7
HYBEM SA NA RIGHT

START!!! ROUND: 138
POSITION: 11 7
HYBEM SA NA LEFT

START!!! ROUND: 139
POSITION: 10 7
HYBEM SA NA DOWN

START!!! ROUND: 140
POSITION: 10 8
HYBEM SA NA LEFT

START!!! ROUND: 141
POSITION: 9 8
HYBEM SA NA LEFT

START!!! ROUND: 142
POSITION: 8 8
HYBEM SA NA LEFT

START!!! ROUND: 143
POSITION: 7 8
HYBEM SA NA DOWN

START!!! ROUND: 144
POSITION: 7 9
HYBEM SA NA DOWN

START!!! ROUND: 145
POSITION: 7 10
HYBEM SA NA UP

START!!! ROUND: 146
POSITION: 7 9
HYBEM SA NA UP

START!!! ROUND: 147
POSITION: 7 8
HYBEM SA NA RIGHT

START!!! ROUND: 148
POSITION: 8 8
HYBEM SA NA UP

START!!! ROUND: 149
POSITION: 8 7
HYBEM SA NA LEFT

START!!! ROUND: 150
POSITION: 7 7
HYBEM SA NA LEFT

START!!! ROUND: 151
POSITION: 6 7
HYBEM SA NA LEFT

START!!! ROUND: 152
POSITION: 5 7
HYBEM SA NA LEFT

START!!! ROUND: 153
POSITION: 4 7
HYBEM SA NA DOWN

START!!! ROUND: 154
POSITION: 4 8
HYBEM SA NA DOWN

START!!! ROUND: 155
POSITION: 4 9
HYBEM SA NA RIGHT

START!!! ROUND: 156
POSITION: 5 9
HYBEM SA NA UP

START!!! ROUND: 157
POSITION: 5 8
HYBEM SA NA RIGHT

START!!! ROUND: 158
POSITION: 6 8
HYBEM SA NA UP

START!!! ROUND: 159
POSITION: 6 7
HYBEM SA NA LEFT

START!!! ROUND: 160
POSITION: 5 7
HYBEM SA NA UP

START!!! ROUND: 161
POSITION: 5 6
HYBEM SA NA UP

START!!! ROUND: 162
POSITION: 5 5
HYBEM SA NA RIGHT

START!!! ROUND: 163
POSITION: 6 5
HYBEM SA NA DOWN

START!!! ROUND: 164
POSITION: 6 6
HYBEM SA NA DOWN

START!!! ROUND: 165
POSITION: 6 7
HYBEM SA NA DOWN

START!!! ROUND: 166
POSITION: 6 8
HYBEM SA NA LEFT

START!!! ROUND: 167
POSITION: 5 8
HYBEM SA NA LEFT

START!!! ROUND: 168
POSITION: 4 8
HYBEM SA NA LEFT

START!!! ROUND: 169
POSITION: 3 8
HYBEM SA NA DOWN

START!!! ROUND: 170
POSITION: 3 9
HYBEM SA NA LEFT

START!!! ROUND: 171
POSITION: 2 9
HYBEM SA NA LEFT

START!!! ROUND: 172
POSITION: 1 9
HYBEM SA NA LEFT

START!!! ROUND: 173
POSITION: 0 9
HYBEM SA NA UP

START!!! ROUND: 174
POSITION: 0 8
HYBEM SA NA UP

START!!! ROUND: 175
POSITION: 0 7
HYBEM SA NA UP

START!!! ROUND: 176
POSITION: 0 6
HYBEM SA NA UP

START!!! ROUND: 177
POSITION: 0 5
HYBEM SA NA UP

START!!! ROUND: 178
POSITION: 0 4
HYBEM SA NA UP

START!!! ROUND: 179
POSITION: 0 3
HYBEM SA NA RIGHT

START!!! ROUND: 180
POSITION: 1 3
HYBEM SA NA RIGHT

START!!! ROUND: 181
POSITION: 2 3
HYBEM SA NA DOWN

START!!! ROUND: 182
POSITION: 2 4
HYBEM SA NA DOWN

START!!! ROUND: 183
POSITION: 2 5
HYBEM SA NA DOWN

START!!! ROUND: 184
POSITION: 2 6
HYBEM SA NA DOWN

START!!! ROUND: 185
POSITION: 2 7
HYBEM SA NA RIGHT

START!!! ROUND: 186
POSITION: 3 7
HYBEM SA NA RIGHT

START!!! ROUND: 187
POSITION: 4 7
HYBEM SA NA UP

START!!! ROUND: 188
POSITION: 4 6
HYBEM SA NA DOWN

START!!! ROUND: 189
POSITION: 4 7
HYBEM SA NA UP

START!!! ROUND: 190
POSITION: 4 6
HYBEM SA NA UP

START!!! ROUND: 191
POSITION: 4 5
HYBEM SA NA UP

START!!! ROUND: 192
POSITION: 4 4
HYBEM SA NA RIGHT

START!!! ROUND: 193
POSITION: 5 4
HYBEM SA NA RIGHT

START!!! ROUND: 194
POSITION: 6 4
HYBEM SA NA DOWN

START!!! ROUND: 195
POSITION: 6 5
HYBEM SA NA UP

START!!! ROUND: 196
POSITION: 6 4
HYBEM SA NA DOWN

START!!! ROUND: 197
POSITION: 6 5
HYBEM SA NA UP

START!!! ROUND: 198
POSITION: 6 4
HYBEM SA NA DOWN

START!!! ROUND: 199
POSITION: 6 5
HYBEM SA NA UP

START!!! ROUND: 200
POSITION: 6 4
HYBEM SA NA DOWN

