2
2 0
3...0

2 0
3...1

1 1
0...2

2 1
1...3

3 1
1...4

0 1
1...5

0 1
1...6

3 1
1...7

3 1
1...8

3 1
1...9

3 1
1...10

3 1
1...11

3 1
2...12

2 1
3...13

2 1
3...14

2 1
3...15

2 1
3...16

3 1
3...17

0 3
0...18

2 3
1...19

1 3
2...20

2 3
3...21

2 1
1...22

3 1
1...23

3 1
1...24

3 1
1...25

3 1
1...26

3 1
1...27

3 1
2...28

2 1
3...29

2 1
1...30

1 1
2...31

2 1
1...32

1 1
1...33

0 1
2...34

1 1
1...35

2 1
1...36

3 1
1...37

3 1
1...38

3 1
2...39

2 1
3...40

2 1
3...41

2 1
3...42

2 1
3...43

2 1
1...44

1 1
2...45

2 1
1...46

1 1
1...47

0 1
2...48

3 1
3...49

2 1
3...50

2 1
3...51

2 1
1...52

1 1
1...53

0 1
2...54

3 1
3...55

2 1
3...56

2 1
3...57

2 1
1...58

3 1
2...59

2 1
1...60

3 1
2...61

2 1
1...62

0 1
2...63

2 1
3...64

2 1
3...65

2 1
1...66

0 1
2...67

2 1
3...68

2 1
3...69

2 1
1...70

0 1
2...71

2 1
3...72

2 1
3...73

2 1
1...74

0 1
2...75

2 1
3...76

2 1
3...77

2 1
1...78

1 1
2...79

0 1
3...80

0 1
3...81

0 1
3...82

0 1
3...83

0 1
3...84

0 1
3...85

0 1
3...86

0 3
0...87

0 3
1...88

2 3
1...89

3 3
1...90

3 3
1...91

3 3
1...92

3 3
1...93

3 3
2...94

2 3
3...95

2 3
3...96

2 3
3...97

2 3
3...98

2 3
3...99

2 3
3...100

2 3
1...101

3 3
1...102

0 3
2...103

2 3
3...104

2 3
3...105

2 3
1...106

0 3
2...107

2 3
3...108

2 3
3...109

2 3
1...110

0 3
2...111

2 3
3...112

2 3
3...113

2 3
1...114

0 3
2...115

2 3
3...116

2 3
3...117

2 3
1...118

0 3
2...119

3 3
0...120

0 3
1...121

1 3
1...122

2 3
1...123

2 3
2...124

3 3
3...125

3 3
3...126

3 3
0...127

0 3
1...128

1 3
1...129

2 3
1...130

1 3
1...131

1 3
2...132

2 3
3...133

2 3
3...134

2 3
3...135

2 3
1...136

0 3
2...137

2 3
3...138

2 3
3...139

2 3
1...140

0 3
2...141

2 3
3...142

2 3
3...143

2 3
1...144

0 3
2...145

2 3
3...146

2 3
3...147

2 3
1...148

0 3
2...149

2 3
3...150

2 3
3...151

2 3
1...152

0 3
2...153

2 3
3...154

2 3
3...155

2 3
1...156

0 3
2...157

0 3
3...158

0 3
3...159

1 3
3...160

0 3
3...161

0 3
3...162

0 3
3...163

1 3
3...164

0 3
3...165

1 3
3...166

0 3
3...167

0 3
1...168

3 3
1...169

3 3
2...170

3 0
0...171

3 0
1...172

1 0
1...173

2 0
1...174

2 0
1...175

2 0
2...176

2 0
3...177

2 0
3...178

2 0
3...179

2 0
3...180

2 0
3...181

2 0
1...182

1 0
2...183

2 0
1...184

1 0
2...185

2 0
1...186

1 0
1...187

0 0
2...188

1 0
1...189

0 0
2...190

1 0
1...191

2 0
1...192

2 0
2...193

2 0
3...194

1 0
1...195

0 0
2...196

1 0
1...197

0 0
2...198

0 0
0...199

3 0
1...200

3 0
1...201

3 0
2...202

2 0
3...203

2 0
3...204

2 0
3...205

2 0
3...206

2 0
3...207

2 0
3...208

2 0
3...209

2 0
1...210

1 0
2...211

2 0
1...212

1 0
1...213

0 0
2...214

1 0
1...215

2 0
2...216

1 1
1...217

3 1
2...218

2 1
1...219

3 1
2...220

2 1
1...221

3 1
1...222

0 1
2...223

2 1
3...224

2 1
3...225

2 1
1...226

0 1
2...227

2 1
3...228

2 1
3...229

2 1
1...230

0 1
2...231

2 1
3...232

2 1
3...233

2 1
1...234

0 1
2...235

2 1
3...236

2 1
3...237

2 1
1...238

0 1
2...239

2 1
3...240

2 1
3...241

2 1
1...242

0 1
2...243

2 1
3...244

2 1
3...245

2 1
1...246

0 1
2...247

2 1
3...248

2 1
3...249

2 1
1...250

0 1
2...251

2 1
3...252

2 1
3...253

2 1
1...254

0 1
2...255

2 1
3...256

2 1
3...257

2 1
1...258

1 1
2...259

2 1
1...260

1 1
2...261

2 1
1...262

1 1
1...263

0 1
2...264

1 1
1...265

0 1
2...266

1 1
1...267

0 1
2...268

1 1
1...269

0 1
2...270

1 1
1...271

3 1
1...272

3 1
2...273

2 1
3...274

2 1
3...275

2 1
3...276

2 1
3...277

2 1
3...278

2 1
3...279

2 1
3...280

2 1
3...281

2 1
3...282

2 1
1...283

1 1
2...284

3 1
3...285

2 1
1...286

1 1
1...287

0 1
2...288

3 1
3...289

2 1
3...290

2 1
3...291

2 1
1...292

1 1
1...293

0 1
2...294

3 1
3...295

2 1
3...296

2 1
3...297

2 1
1...298

1 1
1...299

0 1
2...300

1 1
1...301

2 1
2...302

1 1
1...303

3 1
2...304

2 1
1...305

3 1
2...306

2 1
1...307

3 1
1...308

0 1
2...309

2 1
3...310

2 1
3...311

2 1
1...312

0 1
2...313

2 1
3...314

2 1
3...315

2 1
1...316

0 1
2...317

2 1
3...318

2 1
3...319

2 1
1...320

0 1
2...321

2 1
3...322

2 1
3...323

2 1
1...324

1 1
2...325

2 1
1...326

1 1
2...327

2 1
1...328

1 1
1...329

0 1
2...330

1 1
1...331

0 1
2...332

1 1
1...333

0 1
2...334

1 1
1...335

0 1
2...336

1 1
1...337

0 1
1...338

3 1
2...339

2 1
3...340

2 1
3...341

2 1
3...342

2 1
3...343

2 1
3...344

2 1
3...345

2 1
3...346

2 1
3...347

2 1
3...348

2 1
1...349

3 1
2...350

2 1
1...351

3 1
1...352

0 1
2...353

2 1
3...354

2 1
3...355

2 1
1...356

0 1
2...357

2 1
3...358

2 1
3...359

2 1
1...360

0 1
2...361

2 1
3...362

2 1
3...363

2 1
1...364

1 1
2...365

2 1
1...366

1 1
2...367

2 1
1...368

1 1
1...369

0 1
2...370

1 1
1...371

0 1
2...372

1 1
1...373

0 1
2...374

1 1
1...375

0 1
2...376

1 1
1...377

0 1
1...378

3 1
2...379

2 1
3...380

2 1
3...381

2 1
3...382

2 1
3...383

2 1
3...384

2 1
3...385

2 1
3...386

2 1
3...387

2 1
3...388

2 1
1...389

3 1
2...390

2 1
1...391

3 1
1...392

0 1
2...393

2 1
3...394

2 1
3...395

2 1
1...396

0 1
2...397

2 1
3...398

2 1
3...399

2 1
1...400

0 1
2...401

2 1
3...402

2 1
3...403

2 1
1...404

0 1
2...405

2 1
3...406

2 1
3...407

2 1
1...408

0 1
2...409

2 1
3...410

2 1
3...411

2 1
1...412

0 1
2...413

2 1
3...414

2 1
3...415

2 1
1...416

0 1
2...417

2 1
3...418

2 1
3...419

2 1
1...420

0 1
2...421

2 1
3...422

2 1
3...423

2 1
1...424

0 1
2...425

2 1
3...426

2 1
3...427

2 1
1...428

1 1
2...429

2 1
1...430

1 1
2...431

2 1
1...432

1 1
1...433

0 1
2...434

1 1
1...435

0 1
2...436

1 1
1...437

0 1
2...438

1 1
1...439

0 1
2...440

1 1
1...441

0 1
1...442

3 1
2...443

2 1
3...444

2 1
3...445

2 1
3...446

2 1
3...447

2 1
3...448

2 1
3...449

2 1
3...450

2 1
3...451

2 1
3...452

2 1
1...453

3 1
2...454

2 1
1...455

3 1
1...456

0 1
2...457

2 1
3...458

2 1
3...459

2 1
1...460

0 1
2...461

2 1
3...462

2 1
3...463

2 1
1...464

0 1
2...465

2 1
3...466

2 1
3...467

2 1
1...468

1 1
2...469

2 1
1...470

1 1
2...471

2 1
1...472

1 1
1...473

0 1
2...474

1 1
1...475

0 1
2...476

1 1
1...477

0 1
2...478

1 1
1...479

0 1
2...480

1 1
1...481

0 1
1...482

3 1
2...483

2 1
3...484

2 1
3...485

2 1
3...486

2 1
3...487

2 1
3...488

2 1
3...489

2 1
3...490

2 1
3...491

2 1
3...492

2 1
1...493

1 1
2...494

3 1
3...495

2 1
1...496

1 1
1...497

0 1
2...498

3 1
3...499

2 1
3...500

2 1
3...501

2 1
1...502

1 1
1...503

0 1
2...504

3 1
3...505

2 1
3...506

2 1
3...507

2 1
1...508

1 1
1...509

0 1
2...510

1 1
1...511

0 1
2...512

1 1
1...513

0 1
2...514

1 1
1...515

0 1
2...516

1 1
1...517

0 1
1...518

3 1
2...519

2 1
3...520

2 1
3...521

2 1
3...522

2 1
3...523

2 1
3...524

2 1
3...525

2 1
3...526

2 1
3...527

2 1
3...528

2 1
1...529

1 1
2...530

0 1
3...531

0 1
3...532

0 1
3...533

0 1
3...534

0 1
3...535

0 1
3...536

0 1
3...537

0 1
3...538

0 1
3...539

0 1
1...540

3 1
2...541

0 1
1...542

3 1
2...543

0 1
1...544

3 1
2...545

2 1
0...546

2 1
1...547

1 1
1...548

1 1
2...549

2 1
3...550

2 1
3...551

2 1
3...552

2 1
3...553

2 1
3...554

2 1
3...555

2 1
3...556

2 1
1...557

3 1
1...558

0 1
2...559

2 1
3...560

2 1
3...561

2 1
1...562

0 1
2...563

2 1
3...564

2 1
3...565

2 1
1...566

0 1
2...567

2 1
3...568

2 1
3...569

2 1
1...570

1 1
2...571

2 1
1...572

1 1
2...573

2 1
1...574

1 1
1...575

0 1
2...576

1 1
1...577

0 1
2...578

1 1
1...579

0 1
2...580

1 1
1...581

0 1
2...582

1 1
1...583

0 1
1...584

3 1
2...585

2 1
3...586

2 1
3...587

2 1
3...588

2 1
3...589

2 1
3...590

2 1
3...591

2 1
3...592

2 1
3...593

2 1
3...594

2 1
1...595

1 1
2...596

2 1
1...597

0 1
2...598

1 1
1...599

0 1
2...600

1 1
1...601

0 1
2...602

1 1
1...603

0 1
2...604

1 1
1...605

0 1
1...606

3 1
2...607

2 1
3...608

2 1
3...609

2 1
3...610

2 1
3...611

2 1
3...612

2 1
3...613

2 1
3...614

2 1
3...615

2 1
3...616

2 1
1...617

1 1
2...618

2 1
1...619

0 1
2...620

1 1
1...621

0 1
2...622

1 1
1...623

0 1
2...624

1 1
1...625

0 1
2...626

1 1
1...627

0 1
1...628

3 1
2...629

2 1
3...630

2 1
3...631

2 1
3...632

2 1
3...633

2 1
3...634

2 1
3...635

2 1
3...636

2 1
3...637

2 1
3...638

2 1
1...639

3 1
2...640

2 1
1...641

3 1
1...642

0 1
2...643

2 1
3...644

2 1
3...645

2 1
1...646

0 1
2...647

2 1
3...648

2 1
3...649

2 1
1...650

0 1
2...651

2 1
3...652

2 1
3...653

2 1
1...654

1 1
2...655

2 1
1...656

1 1
2...657

2 1
1...658

1 1
1...659

0 1
2...660

1 1
1...661

0 1
2...662

1 1
1...663

0 1
2...664

1 1
1...665

0 1
2...666

1 1
1...667

0 1
1...668

3 1
2...669

2 1
3...670

2 1
3...671

2 1
3...672

2 1
3...673

2 1
3...674

2 1
3...675

2 1
3...676

2 1
3...677

2 1
3...678

2 1
1...679

1 1
2...680

3 1
3...681

2 1
1...682

1 1
1...683

0 1
2...684

3 1
3...685

2 1
3...686

2 1
3...687

2 1
1...688

1 1
1...689

0 1
2...690

1 1
1...691

2 1
2...692

1 1
1...693

3 1
2...694

2 1
1...695

3 1
2...696

2 1
1...697

3 1
1...698

0 1
2...699

2 1
3...700

2 1
3...701

2 1
1...702

0 1
2...703

2 1
3...704

2 1
3...705

2 1
1...706

0 1
2...707

2 1
3...708

2 1
3...709

2 1
1...710

1 1
2...711

0 1
3...712

0 1
3...713

0 1
3...714

0 1
3...715

0 1
3...716

0 1
3...717

0 1
3...718

0 1
3...719

0 1
3...720

0 1
1...721

3 1
2...722

0 1
1...723

3 1
2...724

2 1
0...725

2 1
1...726

1 1
1...727

1 1
2...728

0 1
3...729

0 1
3...730

0 1
1...731

1 1
2...732

2 1
3...733

2 1
3...734

2 1
3...735

2 1
3...736

2 1
3...737

2 1
3...738

2 1
3...739

2 1
3...740

2 1
3...741

2 1
1...742

3 1
2...743

2 1
1...744

0 1
2...745

2 1
3...746

2 1
3...747

2 1
1...748

0 1
2...749

2 1
3...750

2 1
3...751

2 1
1...752

0 1
2...753

2 1
3...754

2 1
3...755

2 1
1...756

0 1
2...757

2 1
3...758

2 1
3...759

2 1
1...760

0 1
2...761

2 1
3...762

2 1
3...763

2 1
1...764

0 1
2...765

2 1
3...766

2 1
3...767

2 1
1...768

0 1
2...769

2 1
3...770

2 1
3...771

2 1
1...772

1 1
2...773

2 1
1...774

1 1
2...775

2 1
1...776

1 1
1...777

0 1
2...778

3 1
3...779

2 1
3...780

2 1
3...781

2 1
1...782

1 1
1...783

0 1
2...784

3 1
3...785

2 1
3...786

2 1
3...787

2 1
1...788

1 1
1...789

0 1
2...790

1 1
1...791

0 1
2...792

1 1
1...793

0 1
2...794

1 1
1...795

0 1
2...796

1 1
1...797

0 1
1...798

3 1
2...799

2 1
3...800

2 1
3...801

2 1
3...802

2 1
3...803

2 1
3...804

2 1
3...805

2 1
3...806

2 1
3...807

2 1
3...808

2 1
1...809

1 1
2...810

0 1
3...811

0 1
3...812

0 1
3...813

0 1
3...814

0 1
3...815

0 1
3...816

0 1
3...817

0 1
3...818

0 1
3...819

0 1
1...820

3 1
2...821

0 1
1...822

3 1
2...823

0 1
1...824

3 1
2...825

0 1
1...826

3 1
2...827

2 1
3...828

2 1
3...829

2 1
3...830

0 0
1...831

1 0
1...832

1 0
1...833

1 0
1...834

1 0
