1
START!!! ROUND: 0
POSITION: 20 13
HYBEM SA NA LEFT

START!!! ROUND: 1
POSITION: 19 13
HYBEM SA NA LEFT

START!!! ROUND: 2
POSITION: 18 13
HYBEM SA NA LEFT

START!!! ROUND: 3
POSITION: 17 13
HYBEM SA NA UP

START!!! ROUND: 4
POSITION: 17 12
HYBEM SA NA UP

START!!! ROUND: 5
POSITION: 17 11
HYBEM SA NA UP

START!!! ROUND: 6
POSITION: 17 10
HYBEM SA NA UP

START!!! ROUND: 7
POSITION: 17 9
HYBEM SA NA UP

START!!! ROUND: 8
POSITION: 17 8
HYBEM SA NA UP

START!!! ROUND: 9
POSITION: 17 7
HYBEM SA NA LEFT

START!!! ROUND: 10
POSITION: 16 7
HYBEM SA NA LEFT

START!!! ROUND: 11
POSITION: 15 7
HYBEM SA NA LEFT

START!!! ROUND: 12
POSITION: 14 7
HYBEM SA NA DOWN

START!!! ROUND: 13
POSITION: 14 8
HYBEM SA NA DOWN

START!!! ROUND: 14
POSITION: 14 9
HYBEM SA NA RIGHT

START!!! ROUND: 15
POSITION: 15 9
HYBEM SA NA DOWN

START!!! ROUND: 16
POSITION: 15 10
HYBEM SA NA RIGHT

START!!! ROUND: 17
POSITION: 16 10
HYBEM SA NA DOWN

START!!! ROUND: 18
POSITION: 16 11
HYBEM SA NA DOWN

START!!! ROUND: 19
POSITION: 16 12
HYBEM SA NA LEFT

START!!! ROUND: 20
POSITION: 15 12
HYBEM SA NA UP

START!!! ROUND: 21
POSITION: 15 11
HYBEM SA NA LEFT

START!!! ROUND: 22
POSITION: 14 11
HYBEM SA NA DOWN

START!!! ROUND: 23
POSITION: 14 12
HYBEM SA NA LEFT

START!!! ROUND: 24
POSITION: 13 12
HYBEM SA NA DOWN

START!!! ROUND: 25
POSITION: 13 13
HYBEM SA NA DOWN

START!!! ROUND: 26
POSITION: 13 14
HYBEM SA NA RIGHT

START!!! ROUND: 27
POSITION: 14 14
HYBEM SA NA UP

START!!! ROUND: 28
POSITION: 14 13
HYBEM SA NA RIGHT

START!!! ROUND: 29
POSITION: 15 13
HYBEM SA NA RIGHT

START!!! ROUND: 30
POSITION: 16 13
HYBEM SA NA DOWN

START!!! ROUND: 31
POSITION: 16 14
HYBEM SA NA LEFT

START!!! ROUND: 32
POSITION: 15 14
HYBEM SA NA DOWN

START!!! ROUND: 33
POSITION: 15 15
HYBEM SA NA DOWN

START!!! ROUND: 34
POSITION: 15 16
HYBEM SA NA RIGHT

START!!! ROUND: 35
POSITION: 16 16
HYBEM SA NA RIGHT

START!!! ROUND: 36
POSITION: 17 16
HYBEM SA NA RIGHT

START!!! ROUND: 37
POSITION: 18 16
HYBEM SA NA DOWN

START!!! ROUND: 38
POSITION: 18 17
HYBEM SA NA DOWN

START!!! ROUND: 39
POSITION: 18 18
HYBEM SA NA DOWN

START!!! ROUND: 40
POSITION: 18 19
HYBEM SA NA DOWN

START!!! ROUND: 41
POSITION: 18 20
HYBEM SA NA LEFT

START!!! ROUND: 42
POSITION: 17 20
HYBEM SA NA UP

START!!! ROUND: 43
POSITION: 17 19
HYBEM SA NA LEFT

START!!! ROUND: 44
POSITION: 16 19
HYBEM SA NA DOWN

START!!! ROUND: 45
POSITION: 16 20
NEMOZEM SA HYBAT -> DOWN

START!!! ROUND: 46
POSITION: 16 21
NEMOZEM SA HYBAT -> RIGHT

START!!! ROUND: 47
POSITION: 17 21
NEMOZEM SA HYBAT -> RIGHT

START!!! ROUND: 48
POSITION: 18 21
NEMOZEM SA HYBAT -> RIGHT

START!!! ROUND: 49
POSITION: 19 21
NEMOZEM SA HYBAT -> UP

START!!! ROUND: 50
POSITION: 19 20
NEMOZEM SA HYBAT -> UP

START!!! ROUND: 51
POSITION: 19 19
HYBEM SA NA UP

START!!! ROUND: 52
POSITION: 19 18
HYBEM SA NA RIGHT

START!!! ROUND: 53
POSITION: 20 18
HYBEM SA NA UP

START!!! ROUND: 54
POSITION: 20 17
HYBEM SA NA UP

START!!! ROUND: 55
POSITION: 20 16
HYBEM SA NA UP

START!!! ROUND: 56
POSITION: 20 15
HYBEM SA NA UP

START!!! ROUND: 57
POSITION: 20 14
HYBEM SA NA UP

START!!! ROUND: 58
POSITION: 20 13
HYBEM SA NA UP

START!!! ROUND: 59
POSITION: 20 12
HYBEM SA NA UP

START!!! ROUND: 60
POSITION: 20 11
HYBEM SA NA UP

START!!! ROUND: 61
POSITION: 20 10
HYBEM SA NA RIGHT

START!!! ROUND: 62
POSITION: 21 10
HYBEM SA NA RIGHT

START!!! ROUND: 63
POSITION: 22 10
HYBEM SA NA RIGHT

START!!! ROUND: 64
POSITION: 23 10
HYBEM SA NA RIGHT

START!!! ROUND: 65
POSITION: 24 10
HYBEM SA NA RIGHT

START!!! ROUND: 66
POSITION: 25 10
HYBEM SA NA UP

START!!! ROUND: 67
POSITION: 25 9
HYBEM SA NA UP

START!!! ROUND: 68
POSITION: 25 8
HYBEM SA NA RIGHT

START!!! ROUND: 69
POSITION: 26 8
HYBEM SA NA UP

START!!! ROUND: 70
POSITION: 26 7
HYBEM SA NA RIGHT

START!!! ROUND: 71
POSITION: 27 7
HYBEM SA NA RIGHT

START!!! ROUND: 72
POSITION: 28 7
HYBEM SA NA RIGHT

START!!! ROUND: 73
POSITION: 29 7
HYBEM SA NA RIGHT

START!!! ROUND: 74
POSITION: 30 7
HYBEM SA NA RIGHT

START!!! ROUND: 75
POSITION: 31 7
HYBEM SA NA RIGHT

START!!! ROUND: 76
POSITION: 32 7
HYBEM SA NA RIGHT

START!!! ROUND: 77
POSITION: 33 7
HYBEM SA NA RIGHT

START!!! ROUND: 78
POSITION: 34 7
HYBEM SA NA DOWN

START!!! ROUND: 79
POSITION: 34 8
HYBEM SA NA DOWN

START!!! ROUND: 80
POSITION: 34 9
HYBEM SA NA DOWN

START!!! ROUND: 81
POSITION: 34 10
HYBEM SA NA RIGHT

START!!! ROUND: 82
POSITION: 35 10
HYBEM SA NA UP

START!!! ROUND: 83
POSITION: 35 9
HYBEM SA NA UP

START!!! ROUND: 84
POSITION: 35 8
HYBEM SA NA UP

START!!! ROUND: 85
POSITION: 35 7
HYBEM SA NA UP

START!!! ROUND: 86
POSITION: 35 6
HYBEM SA NA LEFT

START!!! ROUND: 87
POSITION: 34 6
HYBEM SA NA LEFT

START!!! ROUND: 88
POSITION: 33 6
HYBEM SA NA UP

START!!! ROUND: 89
POSITION: 33 5
HYBEM SA NA LEFT

START!!! ROUND: 90
POSITION: 32 5
HYBEM SA NA LEFT

START!!! ROUND: 91
POSITION: 31 5
HYBEM SA NA LEFT

START!!! ROUND: 92
POSITION: 30 5
HYBEM SA NA DOWN

START!!! ROUND: 93
POSITION: 30 6
HYBEM SA NA LEFT

START!!! ROUND: 94
POSITION: 29 6
HYBEM SA NA UP

START!!! ROUND: 95
POSITION: 29 5
HYBEM SA NA UP

START!!! ROUND: 96
POSITION: 29 4
HYBEM SA NA LEFT

START!!! ROUND: 97
POSITION: 28 4
HYBEM SA NA LEFT

START!!! ROUND: 98
POSITION: 27 4
HYBEM SA NA LEFT

START!!! ROUND: 99
POSITION: 26 4
HYBEM SA NA UP

START!!! ROUND: 100
POSITION: 26 3
HYBEM SA NA LEFT

START!!! ROUND: 101
POSITION: 25 3
HYBEM SA NA LEFT

START!!! ROUND: 102
POSITION: 24 3
HYBEM SA NA UP

START!!! ROUND: 103
POSITION: 24 2
HYBEM SA NA UP

START!!! ROUND: 104
POSITION: 24 1
HYBEM SA NA RIGHT

START!!! ROUND: 105
POSITION: 25 1
HYBEM SA NA UP

START!!! ROUND: 106
POSITION: 25 0
HYBEM SA NA LEFT

START!!! ROUND: 107
POSITION: 24 0
HYBEM SA NA LEFT

START!!! ROUND: 108
POSITION: 23 0
HYBEM SA NA DOWN

START!!! ROUND: 109
POSITION: 23 1
HYBEM SA NA LEFT

START!!! ROUND: 110
POSITION: 22 1
HYBEM SA NA UP

START!!! ROUND: 111
POSITION: 22 0
HYBEM SA NA LEFT

START!!! ROUND: 112
POSITION: 21 0
HYBEM SA NA LEFT

START!!! ROUND: 113
POSITION: 20 0
HYBEM SA NA LEFT

START!!! ROUND: 114
POSITION: 19 0
HYBEM SA NA LEFT

START!!! ROUND: 115
POSITION: 18 0
HYBEM SA NA DOWN

START!!! ROUND: 116
POSITION: 18 1
HYBEM SA NA DOWN

START!!! ROUND: 117
POSITION: 18 2
HYBEM SA NA DOWN

START!!! ROUND: 118
POSITION: 18 3
HYBEM SA NA LEFT

START!!! ROUND: 119
POSITION: 17 3
HYBEM SA NA LEFT

START!!! ROUND: 120
POSITION: 16 3
HYBEM SA NA LEFT

START!!! ROUND: 121
POSITION: 15 3
HYBEM SA NA LEFT

START!!! ROUND: 122
POSITION: 14 3
HYBEM SA NA LEFT

START!!! ROUND: 123
POSITION: 13 3
HYBEM SA NA UP

START!!! ROUND: 124
POSITION: 13 2
HYBEM SA NA UP

START!!! ROUND: 125
POSITION: 13 1
HYBEM SA NA UP

START!!! ROUND: 126
POSITION: 13 0
HYBEM SA NA LEFT

START!!! ROUND: 127
POSITION: 12 0
HYBEM SA NA LEFT

START!!! ROUND: 128
POSITION: 11 0
HYBEM SA NA DOWN

START!!! ROUND: 129
POSITION: 11 1
HYBEM SA NA LEFT

START!!! ROUND: 130
POSITION: 10 1
HYBEM SA NA LEFT

START!!! ROUND: 131
POSITION: 9 1
HYBEM SA NA DOWN

START!!! ROUND: 132
POSITION: 9 2
HYBEM SA NA LEFT

START!!! ROUND: 133
POSITION: 8 2
HYBEM SA NA LEFT

START!!! ROUND: 134
POSITION: 7 2
HYBEM SA NA LEFT

START!!! ROUND: 135
POSITION: 6 2
HYBEM SA NA LEFT

START!!! ROUND: 136
POSITION: 5 2
HYBEM SA NA LEFT

START!!! ROUND: 137
POSITION: 4 2
HYBEM SA NA LEFT

START!!! ROUND: 138
POSITION: 3 2
HYBEM SA NA DOWN

START!!! ROUND: 139
POSITION: 3 3
HYBEM SA NA DOWN

START!!! ROUND: 140
POSITION: 3 4
HYBEM SA NA DOWN

START!!! ROUND: 141
POSITION: 3 5
HYBEM SA NA LEFT

START!!! ROUND: 142
POSITION: 2 5
HYBEM SA NA LEFT

START!!! ROUND: 143
POSITION: 1 5
HYBEM SA NA DOWN

START!!! ROUND: 144
POSITION: 1 6
HYBEM SA NA DOWN

START!!! ROUND: 145
POSITION: 1 7
HYBEM SA NA DOWN

START!!! ROUND: 146
POSITION: 1 8
HYBEM SA NA DOWN

START!!! ROUND: 147
POSITION: 1 9
NEMOZEM SA HYBAT -> RIGHT

START!!! ROUND: 148
POSITION: 2 9
NEMOZEM SA HYBAT -> RIGHT

START!!! ROUND: 149
POSITION: 3 9
NEMOZEM SA HYBAT -> RIGHT

START!!! ROUND: 150
POSITION: 4 9
NEMOZEM SA HYBAT -> RIGHT

START!!! ROUND: 151
POSITION: 5 9
HYBEM SA NA RIGHT

START!!! ROUND: 152
POSITION: 6 9
HYBEM SA NA RIGHT

START!!! ROUND: 153
POSITION: 7 9
HYBEM SA NA RIGHT

START!!! ROUND: 154
POSITION: 8 9
HYBEM SA NA DOWN

START!!! ROUND: 155
POSITION: 8 10
HYBEM SA NA RIGHT

START!!! ROUND: 156
POSITION: 9 10
HYBEM SA NA RIGHT

START!!! ROUND: 157
POSITION: 10 10
HYBEM SA NA RIGHT

START!!! ROUND: 158
POSITION: 11 10
HYBEM SA NA RIGHT

START!!! ROUND: 159
POSITION: 12 10
HYBEM SA NA DOWN

START!!! ROUND: 160
POSITION: 12 11
HYBEM SA NA RIGHT

START!!! ROUND: 161
POSITION: 13 11
HYBEM SA NA DOWN

START!!! ROUND: 162
POSITION: 13 12
HYBEM SA NA LEFT

START!!! ROUND: 163
POSITION: 12 12
HYBEM SA NA LEFT

START!!! ROUND: 164
POSITION: 11 12
HYBEM SA NA DOWN

START!!! ROUND: 165
POSITION: 11 13
HYBEM SA NA DOWN

START!!! ROUND: 166
POSITION: 11 14
HYBEM SA NA RIGHT

START!!! ROUND: 167
POSITION: 12 14
HYBEM SA NA RIGHT

START!!! ROUND: 168
POSITION: 13 14
HYBEM SA NA DOWN

START!!! ROUND: 169
POSITION: 13 15
HYBEM SA NA RIGHT

START!!! ROUND: 170
POSITION: 14 15
HYBEM SA NA DOWN

START!!! ROUND: 171
POSITION: 14 16
HYBEM SA NA DOWN

START!!! ROUND: 172
POSITION: 14 17
HYBEM SA NA RIGHT

START!!! ROUND: 173
POSITION: 15 17
HYBEM SA NA RIGHT

START!!! ROUND: 174
POSITION: 16 17
HYBEM SA NA UP

START!!! ROUND: 175
POSITION: 16 16
HYBEM SA NA UP

START!!! ROUND: 176
POSITION: 16 15
HYBEM SA NA UP

START!!! ROUND: 177
POSITION: 16 14
HYBEM SA NA RIGHT

START!!! ROUND: 178
POSITION: 17 14
HYBEM SA NA DOWN

START!!! ROUND: 179
POSITION: 17 15
HYBEM SA NA DOWN

START!!! ROUND: 180
POSITION: 17 16
HYBEM SA NA RIGHT

START!!! ROUND: 181
POSITION: 18 16
HYBEM SA NA LEFT

START!!! ROUND: 182
POSITION: 17 16
HYBEM SA NA UP

START!!! ROUND: 183
POSITION: 17 15
HYBEM SA NA DOWN

START!!! ROUND: 184
POSITION: 17 16
HYBEM SA NA DOWN

START!!! ROUND: 185
POSITION: 17 17
HYBEM SA NA RIGHT

START!!! ROUND: 186
POSITION: 18 17
HYBEM SA NA DOWN

START!!! ROUND: 187
POSITION: 18 18
HYBEM SA NA LEFT

START!!! ROUND: 188
POSITION: 17 18
HYBEM SA NA RIGHT

START!!! ROUND: 189
POSITION: 18 18
HYBEM SA NA LEFT

START!!! ROUND: 190
POSITION: 17 18
HYBEM SA NA LEFT

START!!! ROUND: 191
POSITION: 16 18
HYBEM SA NA LEFT

START!!! ROUND: 192
POSITION: 15 18
HYBEM SA NA UP

START!!! ROUND: 193
POSITION: 15 17
HYBEM SA NA UP

START!!! ROUND: 194
POSITION: 15 16
HYBEM SA NA LEFT

START!!! ROUND: 195
POSITION: 14 16
HYBEM SA NA UP

START!!! ROUND: 196
POSITION: 14 15
HYBEM SA NA RIGHT

START!!! ROUND: 197
POSITION: 15 15
HYBEM SA NA RIGHT

START!!! ROUND: 198
POSITION: 16 15
HYBEM SA NA LEFT

START!!! ROUND: 199
POSITION: 15 15
HYBEM SA NA LEFT

START!!! ROUND: 200
POSITION: 14 15
HYBEM SA NA LEFT

START!!! ROUND: 201
POSITION: 13 15
HYBEM SA NA LEFT

START!!! ROUND: 202
POSITION: 12 15
HYBEM SA NA LEFT

START!!! ROUND: 203
POSITION: 11 15
HYBEM SA NA LEFT

START!!! ROUND: 204
POSITION: 10 15
HYBEM SA NA LEFT

START!!! ROUND: 205
POSITION: 9 15
HYBEM SA NA LEFT

START!!! ROUND: 206
POSITION: 8 15
HYBEM SA NA UP

START!!! ROUND: 207
POSITION: 8 14
HYBEM SA NA LEFT

START!!! ROUND: 208
POSITION: 7 14
HYBEM SA NA LEFT

START!!! ROUND: 209
POSITION: 6 14
HYBEM SA NA LEFT

START!!! ROUND: 210
POSITION: 5 14
HYBEM SA NA UP

START!!! ROUND: 211
POSITION: 5 13
HYBEM SA NA LEFT

START!!! ROUND: 212
POSITION: 4 13
HYBEM SA NA UP

START!!! ROUND: 213
POSITION: 4 12
HYBEM SA NA UP

START!!! ROUND: 214
POSITION: 4 11
HYBEM SA NA UP

START!!! ROUND: 215
POSITION: 4 10
HYBEM SA NA RIGHT

START!!! ROUND: 216
POSITION: 5 10
HYBEM SA NA DOWN

START!!! ROUND: 217
POSITION: 5 11
HYBEM SA NA DOWN

START!!! ROUND: 218
POSITION: 5 12
HYBEM SA NA RIGHT

START!!! ROUND: 219
POSITION: 6 12
HYBEM SA NA RIGHT

START!!! ROUND: 220
POSITION: 7 12
HYBEM SA NA RIGHT

START!!! ROUND: 221
POSITION: 8 12
HYBEM SA NA DOWN

START!!! ROUND: 222
POSITION: 8 13
HYBEM SA NA RIGHT

START!!! ROUND: 223
POSITION: 9 13
HYBEM SA NA RIGHT

START!!! ROUND: 224
POSITION: 10 13
HYBEM SA NA RIGHT

START!!! ROUND: 225
POSITION: 11 13
HYBEM SA NA DOWN

START!!! ROUND: 226
POSITION: 11 14
HYBEM SA NA DOWN

START!!! ROUND: 227
POSITION: 11 15
HYBEM SA NA DOWN

START!!! ROUND: 228
POSITION: 11 16
HYBEM SA NA DOWN

START!!! ROUND: 229
POSITION: 11 17
HYBEM SA NA DOWN

START!!! ROUND: 230
POSITION: 11 18
HYBEM SA NA DOWN

START!!! ROUND: 231
POSITION: 11 19
HYBEM SA NA RIGHT

START!!! ROUND: 232
POSITION: 12 19
HYBEM SA NA RIGHT

START!!! ROUND: 233
POSITION: 13 19
HYBEM SA NA RIGHT

START!!! ROUND: 234
POSITION: 14 19
HYBEM SA NA DOWN

START!!! ROUND: 235
POSITION: 14 20
HYBEM SA NA DOWN

START!!! ROUND: 236
POSITION: 14 21
HYBEM SA NA DOWN

START!!! ROUND: 237
POSITION: 14 22
HYBEM SA NA DOWN

START!!! ROUND: 238
POSITION: 14 23
HYBEM SA NA DOWN

START!!! ROUND: 239
POSITION: 14 24
HYBEM SA NA RIGHT

START!!! ROUND: 240
POSITION: 15 24
HYBEM SA NA RIGHT

START!!! ROUND: 241
POSITION: 16 24
HYBEM SA NA DOWN

START!!! ROUND: 242
POSITION: 16 25
HYBEM SA NA DOWN

START!!! ROUND: 243
POSITION: 16 26
HYBEM SA NA DOWN

START!!! ROUND: 244
POSITION: 16 27
HYBEM SA NA DOWN

START!!! ROUND: 245
POSITION: 16 28
HYBEM SA NA RIGHT

START!!! ROUND: 246
POSITION: 17 28
HYBEM SA NA RIGHT

START!!! ROUND: 247
POSITION: 18 28
HYBEM SA NA DOWN

START!!! ROUND: 248
POSITION: 18 29
HYBEM SA NA RIGHT

START!!! ROUND: 249
POSITION: 19 29
HYBEM SA NA RIGHT

START!!! ROUND: 250
POSITION: 20 29
HYBEM SA NA RIGHT

START!!! ROUND: 251
POSITION: 21 29
HYBEM SA NA UP

START!!! ROUND: 252
POSITION: 21 28
HYBEM SA NA RIGHT

START!!! ROUND: 253
POSITION: 22 28
HYBEM SA NA DOWN

START!!! ROUND: 254
POSITION: 22 29
HYBEM SA NA RIGHT

START!!! ROUND: 255
POSITION: 23 29
HYBEM SA NA UP

START!!! ROUND: 256
POSITION: 23 28
HYBEM SA NA RIGHT

START!!! ROUND: 257
POSITION: 24 28
HYBEM SA NA UP

START!!! ROUND: 258
POSITION: 24 27
HYBEM SA NA UP

START!!! ROUND: 259
POSITION: 24 26
HYBEM SA NA UP

START!!! ROUND: 260
POSITION: 24 25
HYBEM SA NA UP

START!!! ROUND: 261
POSITION: 24 24
HYBEM SA NA UP

START!!! ROUND: 262
POSITION: 24 23
HYBEM SA NA RIGHT

START!!! ROUND: 263
POSITION: 25 23
HYBEM SA NA UP

START!!! ROUND: 264
POSITION: 25 22
HYBEM SA NA UP

START!!! ROUND: 265
POSITION: 25 21
HYBEM SA NA LEFT

START!!! ROUND: 266
POSITION: 24 21
HYBEM SA NA LEFT

START!!! ROUND: 267
POSITION: 23 21
HYBEM SA NA UP

START!!! ROUND: 268
POSITION: 23 20
HYBEM SA NA LEFT

START!!! ROUND: 269
POSITION: 22 20
HYBEM SA NA UP

START!!! ROUND: 270
POSITION: 22 19
HYBEM SA NA UP

START!!! ROUND: 271
POSITION: 22 18
HYBEM SA NA LEFT

START!!! ROUND: 272
POSITION: 21 18
HYBEM SA NA LEFT

START!!! ROUND: 273
POSITION: 20 18
HYBEM SA NA UP

START!!! ROUND: 274
POSITION: 20 17
HYBEM SA NA RIGHT

START!!! ROUND: 275
POSITION: 21 17
HYBEM SA NA UP

START!!! ROUND: 276
POSITION: 21 16
HYBEM SA NA UP

START!!! ROUND: 277
POSITION: 21 15
HYBEM SA NA UP

START!!! ROUND: 278
POSITION: 21 14
HYBEM SA NA RIGHT

START!!! ROUND: 279
POSITION: 22 14
HYBEM SA NA UP

START!!! ROUND: 280
POSITION: 22 13
HYBEM SA NA UP

START!!! ROUND: 281
POSITION: 22 12
HYBEM SA NA RIGHT

START!!! ROUND: 282
POSITION: 23 12
HYBEM SA NA DOWN

START!!! ROUND: 283
POSITION: 23 13
HYBEM SA NA DOWN

START!!! ROUND: 284
POSITION: 23 14
HYBEM SA NA DOWN

START!!! ROUND: 285
POSITION: 23 15
HYBEM SA NA RIGHT

START!!! ROUND: 286
POSITION: 24 15
HYBEM SA NA DOWN

START!!! ROUND: 287
POSITION: 24 16
HYBEM SA NA LEFT

START!!! ROUND: 288
POSITION: 23 16
HYBEM SA NA LEFT

START!!! ROUND: 289
POSITION: 22 16
HYBEM SA NA LEFT

START!!! ROUND: 290
POSITION: 21 16
HYBEM SA NA RIGHT

START!!! ROUND: 291
POSITION: 22 16
HYBEM SA NA DOWN

START!!! ROUND: 292
POSITION: 22 17
HYBEM SA NA DOWN

START!!! ROUND: 293
POSITION: 22 18
HYBEM SA NA RIGHT

START!!! ROUND: 294
POSITION: 23 18
HYBEM SA NA RIGHT

START!!! ROUND: 295
POSITION: 24 18
HYBEM SA NA RIGHT

START!!! ROUND: 296
POSITION: 25 18
HYBEM SA NA RIGHT

START!!! ROUND: 297
POSITION: 26 18
HYBEM SA NA UP

START!!! ROUND: 298
POSITION: 26 17
HYBEM SA NA RIGHT

START!!! ROUND: 299
POSITION: 27 17
HYBEM SA NA UP

START!!! ROUND: 300
POSITION: 27 16
HYBEM SA NA UP

START!!! ROUND: 301
POSITION: 27 15
HYBEM SA NA UP

START!!! ROUND: 302
POSITION: 27 14
HYBEM SA NA UP

START!!! ROUND: 303
POSITION: 27 13
HYBEM SA NA UP

START!!! ROUND: 304
POSITION: 27 12
HYBEM SA NA UP

START!!! ROUND: 305
POSITION: 27 11
HYBEM SA NA UP

START!!! ROUND: 306
POSITION: 27 10
HYBEM SA NA UP

START!!! ROUND: 307
POSITION: 27 9
HYBEM SA NA UP

START!!! ROUND: 308
POSITION: 27 8
HYBEM SA NA RIGHT

START!!! ROUND: 309
POSITION: 28 8
HYBEM SA NA RIGHT

START!!! ROUND: 310
POSITION: 29 8
HYBEM SA NA DOWN

START!!! ROUND: 311
POSITION: 29 9
HYBEM SA NA LEFT

START!!! ROUND: 312
POSITION: 28 9
HYBEM SA NA DOWN

START!!! ROUND: 313
POSITION: 28 10
HYBEM SA NA RIGHT

START!!! ROUND: 314
POSITION: 29 10
HYBEM SA NA RIGHT

START!!! ROUND: 315
POSITION: 30 10
HYBEM SA NA UP

START!!! ROUND: 316
POSITION: 30 9
HYBEM SA NA UP

START!!! ROUND: 317
POSITION: 30 8
HYBEM SA NA UP

START!!! ROUND: 318
POSITION: 30 7
HYBEM SA NA RIGHT

START!!! ROUND: 319
POSITION: 31 7
HYBEM SA NA DOWN

START!!! ROUND: 320
POSITION: 31 8
HYBEM SA NA DOWN

START!!! ROUND: 321
POSITION: 31 9
HYBEM SA NA LEFT

START!!! ROUND: 322
POSITION: 30 9
HYBEM SA NA RIGHT

START!!! ROUND: 323
POSITION: 31 9
HYBEM SA NA RIGHT

START!!! ROUND: 324
POSITION: 32 9
HYBEM SA NA RIGHT

START!!! ROUND: 325
POSITION: 33 9
HYBEM SA NA DOWN

START!!! ROUND: 326
POSITION: 33 10
HYBEM SA NA DOWN

START!!! ROUND: 327
POSITION: 33 11
HYBEM SA NA DOWN

START!!! ROUND: 328
POSITION: 33 12
HYBEM SA NA DOWN

START!!! ROUND: 329
POSITION: 33 13
HYBEM SA NA DOWN

START!!! ROUND: 330
POSITION: 33 14
HYBEM SA NA RIGHT

START!!! ROUND: 331
POSITION: 34 14
HYBEM SA NA UP

START!!! ROUND: 332
POSITION: 34 13
HYBEM SA NA UP

START!!! ROUND: 333
POSITION: 34 12
HYBEM SA NA UP

START!!! ROUND: 334
POSITION: 34 11
HYBEM SA NA UP

START!!! ROUND: 335
POSITION: 34 10
HYBEM SA NA LEFT

START!!! ROUND: 336
POSITION: 33 10
HYBEM SA NA LEFT

START!!! ROUND: 337
POSITION: 32 10
HYBEM SA NA LEFT

START!!! ROUND: 338
POSITION: 31 10
HYBEM SA NA LEFT

START!!! ROUND: 339
POSITION: 30 10
HYBEM SA NA DOWN

START!!! ROUND: 340
POSITION: 30 11
HYBEM SA NA DOWN

START!!! ROUND: 341
POSITION: 30 12
HYBEM SA NA LEFT

START!!! ROUND: 342
POSITION: 29 12
HYBEM SA NA LEFT

START!!! ROUND: 343
POSITION: 28 12
HYBEM SA NA LEFT

START!!! ROUND: 344
POSITION: 27 12
HYBEM SA NA RIGHT

START!!! ROUND: 345
POSITION: 28 12
HYBEM SA NA DOWN

START!!! ROUND: 346
POSITION: 28 13
HYBEM SA NA UP

START!!! ROUND: 347
POSITION: 28 12
HYBEM SA NA RIGHT

START!!! ROUND: 348
POSITION: 29 12
HYBEM SA NA LEFT

START!!! ROUND: 349
POSITION: 28 12
HYBEM SA NA RIGHT

START!!! ROUND: 350
POSITION: 29 12
HYBEM SA NA DOWN

START!!! ROUND: 351
POSITION: 29 13
HYBEM SA NA DOWN

START!!! ROUND: 352
POSITION: 29 14
HYBEM SA NA RIGHT

START!!! ROUND: 353
POSITION: 30 14
HYBEM SA NA RIGHT

START!!! ROUND: 354
POSITION: 31 14
HYBEM SA NA UP

START!!! ROUND: 355
POSITION: 31 13
HYBEM SA NA UP

START!!! ROUND: 356
POSITION: 31 12
HYBEM SA NA UP

START!!! ROUND: 357
POSITION: 31 11
HYBEM SA NA UP

START!!! ROUND: 358
POSITION: 31 10
HYBEM SA NA RIGHT

START!!! ROUND: 359
POSITION: 32 10
HYBEM SA NA DOWN

START!!! ROUND: 360
POSITION: 32 11
HYBEM SA NA LEFT

START!!! ROUND: 361
POSITION: 31 11
HYBEM SA NA RIGHT

START!!! ROUND: 362
POSITION: 32 11
HYBEM SA NA UP

START!!! ROUND: 363
POSITION: 32 10
HYBEM SA NA DOWN

START!!! ROUND: 364
POSITION: 32 11
HYBEM SA NA DOWN

START!!! ROUND: 365
POSITION: 32 12
HYBEM SA NA DOWN

START!!! ROUND: 366
POSITION: 32 13
HYBEM SA NA RIGHT

START!!! ROUND: 367
POSITION: 33 13
HYBEM SA NA UP

START!!! ROUND: 368
POSITION: 33 12
HYBEM SA NA RIGHT

START!!! ROUND: 369
POSITION: 34 12
HYBEM SA NA RIGHT

START!!! ROUND: 370
POSITION: 35 12
HYBEM SA NA RIGHT

START!!! ROUND: 371
POSITION: 36 12
HYBEM SA NA UP

START!!! ROUND: 372
POSITION: 36 11
HYBEM SA NA LEFT

START!!! ROUND: 373
POSITION: 35 11
HYBEM SA NA LEFT

START!!! ROUND: 374
POSITION: 34 11
HYBEM SA NA DOWN

START!!! ROUND: 375
POSITION: 34 12
HYBEM SA NA RIGHT

START!!! ROUND: 376
POSITION: 35 12
HYBEM SA NA LEFT

START!!! ROUND: 377
POSITION: 34 12
HYBEM SA NA RIGHT

START!!! ROUND: 378
POSITION: 35 12
HYBEM SA NA UP

START!!! ROUND: 379
POSITION: 35 11
HYBEM SA NA UP

START!!! ROUND: 380
POSITION: 35 10
HYBEM SA NA RIGHT

START!!! ROUND: 381
POSITION: 36 10
HYBEM SA NA RIGHT

START!!! ROUND: 382
POSITION: 37 10
HYBEM SA NA DOWN

START!!! ROUND: 383
POSITION: 37 11
HYBEM SA NA RIGHT

START!!! ROUND: 384
POSITION: 38 11
HYBEM SA NA RIGHT

START!!! ROUND: 385
POSITION: 39 11
HYBEM SA NA RIGHT

START!!! ROUND: 386
POSITION: 40 11
HYBEM SA NA RIGHT

START!!! ROUND: 387
POSITION: 41 11
HYBEM SA NA DOWN

START!!! ROUND: 388
POSITION: 41 12
HYBEM SA NA RIGHT

START!!! ROUND: 389
POSITION: 42 12
HYBEM SA NA RIGHT

START!!! ROUND: 390
POSITION: 43 12
HYBEM SA NA RIGHT

START!!! ROUND: 391
POSITION: 44 12
HYBEM SA NA RIGHT

START!!! ROUND: 392
POSITION: 45 12
HYBEM SA NA UP

START!!! ROUND: 393
POSITION: 45 11
HYBEM SA NA LEFT

START!!! ROUND: 394
POSITION: 44 11
HYBEM SA NA UP

START!!! ROUND: 395
POSITION: 44 10
HYBEM SA NA UP

START!!! ROUND: 396
POSITION: 44 9
HYBEM SA NA LEFT

START!!! ROUND: 397
POSITION: 43 9
HYBEM SA NA DOWN

START!!! ROUND: 398
POSITION: 43 10
HYBEM SA NA LEFT

START!!! ROUND: 399
POSITION: 42 10
HYBEM SA NA LEFT

START!!! ROUND: 400
POSITION: 41 10
HYBEM SA NA LEFT

START!!! ROUND: 401
POSITION: 40 10
HYBEM SA NA LEFT

START!!! ROUND: 402
POSITION: 39 10
HYBEM SA NA LEFT

START!!! ROUND: 403
POSITION: 38 10
HYBEM SA NA UP

START!!! ROUND: 404
POSITION: 38 9
HYBEM SA NA RIGHT

START!!! ROUND: 405
POSITION: 39 9
HYBEM SA NA RIGHT

START!!! ROUND: 406
POSITION: 40 9
HYBEM SA NA UP

START!!! ROUND: 407
POSITION: 40 8
HYBEM SA NA RIGHT

START!!! ROUND: 408
POSITION: 41 8
HYBEM SA NA RIGHT

START!!! ROUND: 409
POSITION: 42 8
HYBEM SA NA RIGHT

START!!! ROUND: 410
POSITION: 43 8
HYBEM SA NA UP

START!!! ROUND: 411
POSITION: 43 7
HYBEM SA NA UP

START!!! ROUND: 412
POSITION: 43 6
HYBEM SA NA UP

START!!! ROUND: 413
POSITION: 43 5
HYBEM SA NA RIGHT

START!!! ROUND: 414
POSITION: 44 5
HYBEM SA NA RIGHT

START!!! ROUND: 415
POSITION: 45 5
HYBEM SA NA UP

START!!! ROUND: 416
POSITION: 45 4
HYBEM SA NA UP

START!!! ROUND: 417
POSITION: 45 3
HYBEM SA NA LEFT

START!!! ROUND: 418
POSITION: 44 3
HYBEM SA NA LEFT

START!!! ROUND: 419
POSITION: 43 3
HYBEM SA NA DOWN

START!!! ROUND: 420
POSITION: 43 4
HYBEM SA NA LEFT

START!!! ROUND: 421
POSITION: 42 4
HYBEM SA NA DOWN

START!!! ROUND: 422
POSITION: 42 5
HYBEM SA NA DOWN

START!!! ROUND: 423
POSITION: 42 6
HYBEM SA NA LEFT

START!!! ROUND: 424
POSITION: 41 6
HYBEM SA NA LEFT

START!!! ROUND: 425
POSITION: 40 6
HYBEM SA NA LEFT

START!!! ROUND: 426
POSITION: 39 6
HYBEM SA NA UP

START!!! ROUND: 427
POSITION: 39 5
HYBEM SA NA RIGHT

START!!! ROUND: 428
POSITION: 40 5
HYBEM SA NA RIGHT

START!!! ROUND: 429
POSITION: 41 5
HYBEM SA NA UP

START!!! ROUND: 430
POSITION: 41 4
HYBEM SA NA UP

START!!! ROUND: 431
POSITION: 41 3
HYBEM SA NA LEFT

START!!! ROUND: 432
POSITION: 40 3
HYBEM SA NA UP

START!!! ROUND: 433
POSITION: 40 2
HYBEM SA NA RIGHT

START!!! ROUND: 434
POSITION: 41 2
HYBEM SA NA RIGHT

START!!! ROUND: 435
POSITION: 42 2
HYBEM SA NA RIGHT

START!!! ROUND: 436
POSITION: 43 2
HYBEM SA NA UP

START!!! ROUND: 437
POSITION: 43 1
HYBEM SA NA LEFT

START!!! ROUND: 438
POSITION: 42 1
HYBEM SA NA LEFT

START!!! ROUND: 439
POSITION: 41 1
HYBEM SA NA LEFT

START!!! ROUND: 440
POSITION: 40 1
HYBEM SA NA LEFT

START!!! ROUND: 441
POSITION: 39 1
HYBEM SA NA DOWN

START!!! ROUND: 442
POSITION: 39 2
HYBEM SA NA LEFT

START!!! ROUND: 443
POSITION: 38 2
HYBEM SA NA UP

START!!! ROUND: 444
POSITION: 38 1
HYBEM SA NA UP

START!!! ROUND: 445
POSITION: 38 0
HYBEM SA NA LEFT

START!!! ROUND: 446
POSITION: 37 0
HYBEM SA NA LEFT

START!!! ROUND: 447
POSITION: 36 0
HYBEM SA NA LEFT

START!!! ROUND: 448
POSITION: 35 0
HYBEM SA NA LEFT

START!!! ROUND: 449
POSITION: 34 0
HYBEM SA NA LEFT

START!!! ROUND: 450
POSITION: 33 0
HYBEM SA NA LEFT

START!!! ROUND: 451
POSITION: 32 0
HYBEM SA NA LEFT

START!!! ROUND: 452
POSITION: 31 0
HYBEM SA NA DOWN

START!!! ROUND: 453
POSITION: 31 1
HYBEM SA NA DOWN

START!!! ROUND: 454
POSITION: 31 2
HYBEM SA NA LEFT

START!!! ROUND: 455
POSITION: 30 2
HYBEM SA NA LEFT

START!!! ROUND: 456
POSITION: 29 2
HYBEM SA NA LEFT

START!!! ROUND: 457
POSITION: 28 2
HYBEM SA NA UP

START!!! ROUND: 458
POSITION: 28 1
HYBEM SA NA RIGHT

START!!! ROUND: 459
POSITION: 29 1
HYBEM SA NA RIGHT

START!!! ROUND: 460
POSITION: 30 1
HYBEM SA NA UP

START!!! ROUND: 461
POSITION: 30 0
HYBEM SA NA LEFT

START!!! ROUND: 462
POSITION: 29 0
HYBEM SA NA LEFT

START!!! ROUND: 463
POSITION: 28 0
HYBEM SA NA LEFT

START!!! ROUND: 464
POSITION: 27 0
HYBEM SA NA LEFT

START!!! ROUND: 465
POSITION: 26 0
HYBEM SA NA LEFT

START!!! ROUND: 466
POSITION: 25 0
HYBEM SA NA LEFT

START!!! ROUND: 467
POSITION: 24 0
HYBEM SA NA LEFT

START!!! ROUND: 468
POSITION: 23 0
HYBEM SA NA LEFT

START!!! ROUND: 469
POSITION: 22 0
HYBEM SA NA LEFT

START!!! ROUND: 470
POSITION: 21 0
HYBEM SA NA LEFT

START!!! ROUND: 471
POSITION: 20 0
HYBEM SA NA LEFT

START!!! ROUND: 472
POSITION: 19 0
HYBEM SA NA LEFT

START!!! ROUND: 473
POSITION: 18 0
HYBEM SA NA LEFT

START!!! ROUND: 474
POSITION: 17 0
HYBEM SA NA LEFT

START!!! ROUND: 475
POSITION: 16 0
HYBEM SA NA DOWN

START!!! ROUND: 476
POSITION: 16 1
HYBEM SA NA DOWN

START!!! ROUND: 477
POSITION: 16 2
HYBEM SA NA DOWN

START!!! ROUND: 478
POSITION: 16 3
HYBEM SA NA DOWN

START!!! ROUND: 479
POSITION: 16 4
HYBEM SA NA LEFT

START!!! ROUND: 480
POSITION: 15 4
HYBEM SA NA LEFT

START!!! ROUND: 481
POSITION: 14 4
HYBEM SA NA DOWN

START!!! ROUND: 482
POSITION: 14 5
HYBEM SA NA UP

START!!! ROUND: 483
POSITION: 14 4
HYBEM SA NA UP

START!!! ROUND: 484
POSITION: 14 3
HYBEM SA NA UP

START!!! ROUND: 485
POSITION: 14 2
HYBEM SA NA RIGHT

START!!! ROUND: 486
POSITION: 15 2
HYBEM SA NA RIGHT

START!!! ROUND: 487
POSITION: 16 2
HYBEM SA NA LEFT

START!!! ROUND: 488
POSITION: 15 2
HYBEM SA NA UP

START!!! ROUND: 489
POSITION: 15 1
HYBEM SA NA LEFT

START!!! ROUND: 490
POSITION: 14 1
HYBEM SA NA DOWN

START!!! ROUND: 491
POSITION: 14 2
HYBEM SA NA UP

START!!! ROUND: 492
POSITION: 14 1
HYBEM SA NA UP

START!!! ROUND: 493
POSITION: 14 0
HYBEM SA NA LEFT

START!!! ROUND: 494
POSITION: 13 0
HYBEM SA NA RIGHT

START!!! ROUND: 495
POSITION: 14 0
HYBEM SA NA RIGHT

START!!! ROUND: 496
POSITION: 15 0
HYBEM SA NA RIGHT

START!!! ROUND: 497
POSITION: 16 0
HYBEM SA NA LEFT

START!!! ROUND: 498
POSITION: 15 0
HYBEM SA NA LEFT

START!!! ROUND: 499
POSITION: 14 0
HYBEM SA NA DOWN

START!!! ROUND: 500
POSITION: 14 1
HYBEM SA NA LEFT

START!!! ROUND: 501
POSITION: 13 1
HYBEM SA NA LEFT

START!!! ROUND: 502
POSITION: 12 1
HYBEM SA NA LEFT

START!!! ROUND: 503
POSITION: 11 1
HYBEM SA NA LEFT

START!!! ROUND: 504
POSITION: 10 1
HYBEM SA NA LEFT

START!!! ROUND: 505
POSITION: 9 1
HYBEM SA NA LEFT

START!!! ROUND: 506
POSITION: 8 1
HYBEM SA NA LEFT

START!!! ROUND: 507
POSITION: 7 1
HYBEM SA NA LEFT

START!!! ROUND: 508
POSITION: 6 1
HYBEM SA NA DOWN

START!!! ROUND: 509
POSITION: 6 2
HYBEM SA NA DOWN

START!!! ROUND: 510
POSITION: 6 3
HYBEM SA NA LEFT

START!!! ROUND: 511
POSITION: 5 3
HYBEM SA NA UP

START!!! ROUND: 512
POSITION: 5 2
HYBEM SA NA UP

START!!! ROUND: 513
POSITION: 5 1
HYBEM SA NA UP

START!!! ROUND: 514
POSITION: 5 0
HYBEM SA NA RIGHT

START!!! ROUND: 515
POSITION: 6 0
HYBEM SA NA RIGHT

START!!! ROUND: 516
POSITION: 7 0
HYBEM SA NA RIGHT

START!!! ROUND: 517
POSITION: 8 0
HYBEM SA NA DOWN

START!!! ROUND: 518
POSITION: 8 1
HYBEM SA NA UP

START!!! ROUND: 519
POSITION: 8 0
HYBEM SA NA LEFT

START!!! ROUND: 520
POSITION: 7 0
HYBEM SA NA RIGHT

START!!! ROUND: 521
POSITION: 8 0
HYBEM SA NA RIGHT

START!!! ROUND: 522
POSITION: 9 0
HYBEM SA NA RIGHT

START!!! ROUND: 523
POSITION: 10 0
HYBEM SA NA DOWN

START!!! ROUND: 524
POSITION: 10 1
HYBEM SA NA LEFT

START!!! ROUND: 525
POSITION: 9 1
HYBEM SA NA LEFT

START!!! ROUND: 526
POSITION: 8 1
HYBEM SA NA LEFT

START!!! ROUND: 527
POSITION: 7 1
HYBEM SA NA UP

START!!! ROUND: 528
POSITION: 7 0
HYBEM SA NA LEFT

START!!! ROUND: 529
POSITION: 6 0
HYBEM SA NA LEFT

START!!! ROUND: 530
POSITION: 5 0
HYBEM SA NA LEFT

START!!! ROUND: 531
POSITION: 4 0
HYBEM SA NA LEFT

START!!! ROUND: 532
POSITION: 3 0
HYBEM SA NA DOWN

START!!! ROUND: 533
POSITION: 3 1
HYBEM SA NA DOWN

START!!! ROUND: 534
POSITION: 3 2
HYBEM SA NA LEFT

START!!! ROUND: 535
POSITION: 2 2
HYBEM SA NA DOWN

START!!! ROUND: 536
POSITION: 2 3
HYBEM SA NA DOWN

START!!! ROUND: 537
POSITION: 2 4
HYBEM SA NA DOWN

START!!! ROUND: 538
POSITION: 2 5
HYBEM SA NA LEFT

START!!! ROUND: 539
POSITION: 1 5
HYBEM SA NA LEFT

START!!! ROUND: 540
POSITION: 0 5
HYBEM SA NA UP

START!!! ROUND: 541
POSITION: 0 4
HYBEM SA NA RIGHT

START!!! ROUND: 542
POSITION: 1 4
HYBEM SA NA RIGHT

START!!! ROUND: 543
POSITION: 2 4
HYBEM SA NA LEFT

START!!! ROUND: 544
POSITION: 1 4
HYBEM SA NA UP

START!!! ROUND: 545
POSITION: 1 3
HYBEM SA NA UP

START!!! ROUND: 546
POSITION: 1 2
HYBEM SA NA UP

START!!! ROUND: 547
POSITION: 1 1
HYBEM SA NA LEFT

START!!! ROUND: 548
POSITION: 0 1
HYBEM SA NA DOWN

START!!! ROUND: 549
POSITION: 0 2
HYBEM SA NA DOWN

START!!! ROUND: 550
POSITION: 0 3
HYBEM SA NA DOWN

START!!! ROUND: 551
POSITION: 0 4
HYBEM SA NA DOWN

START!!! ROUND: 552
POSITION: 0 5
HYBEM SA NA DOWN

START!!! ROUND: 553
POSITION: 0 6
HYBEM SA NA DOWN

START!!! ROUND: 554
POSITION: 0 7
HYBEM SA NA DOWN

START!!! ROUND: 555
POSITION: 0 8
HYBEM SA NA DOWN

START!!! ROUND: 556
POSITION: 0 9
HYBEM SA NA RIGHT

START!!! ROUND: 557
POSITION: 1 9
HYBEM SA NA RIGHT

START!!! ROUND: 558
POSITION: 2 9
HYBEM SA NA UP

START!!! ROUND: 559
POSITION: 2 8
HYBEM SA NA UP

START!!! ROUND: 560
POSITION: 2 7
HYBEM SA NA UP

START!!! ROUND: 561
POSITION: 2 6
HYBEM SA NA RIGHT

START!!! ROUND: 562
POSITION: 3 6
HYBEM SA NA LEFT

START!!! ROUND: 563
POSITION: 2 6
HYBEM SA NA UP

START!!! ROUND: 564
POSITION: 2 5
HYBEM SA NA RIGHT

START!!! ROUND: 565
POSITION: 3 5
HYBEM SA NA LEFT

START!!! ROUND: 566
POSITION: 2 5
HYBEM SA NA LEFT

START!!! ROUND: 567
POSITION: 1 5
HYBEM SA NA DOWN

START!!! ROUND: 568
POSITION: 1 6
HYBEM SA NA LEFT

START!!! ROUND: 569
POSITION: 0 6
HYBEM SA NA RIGHT

START!!! ROUND: 570
POSITION: 1 6
HYBEM SA NA RIGHT

START!!! ROUND: 571
POSITION: 2 6
HYBEM SA NA LEFT

START!!! ROUND: 572
POSITION: 1 6
HYBEM SA NA LEFT

START!!! ROUND: 573
POSITION: 0 6
HYBEM SA NA UP

START!!! ROUND: 574
POSITION: 0 5
HYBEM SA NA UP

START!!! ROUND: 575
POSITION: 0 4
HYBEM SA NA UP

START!!! ROUND: 576
POSITION: 0 3
HYBEM SA NA UP

START!!! ROUND: 577
POSITION: 0 2
HYBEM SA NA UP

START!!! ROUND: 578
POSITION: 0 1
HYBEM SA NA UP

START!!! ROUND: 579
POSITION: 0 0
HYBEM SA NA DOWN

START!!! ROUND: 580
POSITION: 0 1
HYBEM SA NA UP

START!!! ROUND: 581
POSITION: 0 0
HYBEM SA NA RIGHT

START!!! ROUND: 582
POSITION: 1 0
HYBEM SA NA RIGHT

START!!! ROUND: 583
POSITION: 2 0
HYBEM SA NA DOWN

START!!! ROUND: 584
POSITION: 2 1
HYBEM SA NA DOWN

START!!! ROUND: 585
POSITION: 2 2
HYBEM SA NA DOWN

START!!! ROUND: 586
POSITION: 2 3
HYBEM SA NA DOWN

START!!! ROUND: 587
POSITION: 2 4
HYBEM SA NA DOWN

START!!! ROUND: 588
POSITION: 2 5
HYBEM SA NA DOWN

START!!! ROUND: 589
POSITION: 2 6
HYBEM SA NA DOWN

START!!! ROUND: 590
POSITION: 2 7
HYBEM SA NA LEFT

START!!! ROUND: 591
POSITION: 1 7
HYBEM SA NA UP

START!!! ROUND: 592
POSITION: 1 6
HYBEM SA NA UP

START!!! ROUND: 593
POSITION: 1 5
HYBEM SA NA UP

START!!! ROUND: 594
POSITION: 1 4
HYBEM SA NA UP

START!!! ROUND: 595
POSITION: 1 3
HYBEM SA NA LEFT

START!!! ROUND: 596
POSITION: 0 3
HYBEM SA NA UP

START!!! ROUND: 597
POSITION: 0 2
HYBEM SA NA RIGHT

START!!! ROUND: 598
POSITION: 1 2
HYBEM SA NA RIGHT

START!!! ROUND: 599
POSITION: 2 2
HYBEM SA NA RIGHT

START!!! ROUND: 600
POSITION: 3 2
HYBEM SA NA DOWN

START!!! ROUND: 601
POSITION: 3 3
HYBEM SA NA DOWN

START!!! ROUND: 602
POSITION: 3 4
HYBEM SA NA LEFT

START!!! ROUND: 603
POSITION: 2 4
HYBEM SA NA RIGHT

START!!! ROUND: 604
POSITION: 3 4
HYBEM SA NA UP

START!!! ROUND: 605
POSITION: 3 3
HYBEM SA NA LEFT

START!!! ROUND: 606
POSITION: 2 3
HYBEM SA NA LEFT

START!!! ROUND: 607
POSITION: 1 3
HYBEM SA NA DOWN

