2
2 0
3...0

2 0
3...1

3 0
3...2

3 0
3...3

0 0
0...4

1 0
1...5

1 0
2...6

2 0
3...7

2 2
0...8

3 2
1...9

0 2
1...10

0 2
2...11

2 2
3...12

2 2
3...13

2 2
3...14

3 2
3...15

3 0
0...16

1 0
1...17

1 0
1...18

0 0
1...19

3 0
1...20

0 0
1...21

0 0
1...22

0 0
2...23

3 0
3...24

2 0
3...25

2 0
3...26

2 0
3...27

2 0
3...28

3 0
3...29

3 0
3...30

3 0
3...31

0 3
0...32

0 3
1...33

1 3
1...34

1 3
2...35

2 3
3...36

2 3
3...37

2 3
3...38

1 1
0...39

0 1
1...40

0 1
2...41

2 1
3...42

3 1
3...43

2 1
3...44

2 1
3...45

3 1
3...46

3 0
0...47

3 0
1...48

1 0
1...49

1 0
1...50

1 0
1...51

0 0
1...52

3 0
1...53

0 0
1...54

0 0
1...55

0 0
2...56

1 0
3...57

1 1
0...58

0 1
1...59

3 1
1...60

3 1
2...61

2 1
3...62

2 1
3...63

1 1
3...64

1 1
0...65

0 1
1...66

0 1
2...67

1 1
3...68

1 1
0...69

0 1
1...70

3 1
1...71

2 1
1...72

2 1
1...73

3 1
1...74

3 1
1...75

3 1
1...76

3 1
1...77

3 1
1...78

3 1
1...79

3 1
1...80

3 1
1...81

3 1
1...82

3 1
1...83

3 1
1...84

3 1
1...85

3 1
2...86

2 1
3...87

2 1
3...88

2 1
3...89

2 1
3...90

2 1
3...91

2 1
3...92

1 1
3...93

1 2
0...94

3 2
1...95

0 2
2...96

1 2
3...97

1 2
0...98

1 2
1...99

0 2
1...100

0 2
2...101

2 2
3...102

2 2
3...103

2 2
0...104

1 2
1...105

3 2
1...106

3 2
1...107

0 2
1...108

3 2
1...109

3 2
1...110

3 2
2...111

2 2
3...112

3 2
3...113

2 2
3...114

3 2
3...115

3 2
3...116

3 2
3...117

3 2
3...118

3 2
3...119

3 0
0...120

1 0
1...121

1 0
1...122

0 0
1...123

3 0
1...124

0 0
1...125

0 0
1...126

0 0
1...127

0 0
1...128

0 0
1...129

0 0
1...130

0 0
1...131

1 0
1...132

1 0
1...133

1 0
1...134

1 0
1...135

1 0
1...136

1 0
1...137

1 0
1...138

1 0
1...139

1 0
2...140

2 0
3...141

2 0
3...142

2 0
3...143

2 0
3...144

2 1
0...145

0 1
1...146

1 1
1...147

1 1
1...148

0 1
2...149

2 1
3...150

2 1
3...151

2 1
3...152

2 1
3...153

1 1
0...154

2 1
1...155

3 1
1...156

0 1
1...157

0 1
1...158

3 1
1...159

3 1
1...160

3 1
1...161

3 1
1...162

3 1
1...163

3 1
2...164

2 1
3...165

2 1
3...166

2 1
3...167

2 1
3...168

2 1
1...169

3 1
1...170

0 1
1...171

0 1
2...172

1 1
3...173

1 1
0...174

0 1
1...175

3 1
1...176

2 1
1...177

3 1
2...178

0 1
3...179

0 1
3...180

0 1
3...181

0 1
3...182

0 1
3...183

0 1
3...184

0 1
3...185

0 1
3...186

1 1
3...187

1 1
3...188

0 1
3...189

0 1
3...190

0 1
3...191

0 1
3...192

1 1
3...193

0 1
3...194

0 1
3...195

0 1
3...196

1 1
3...197

0 1
3...198

0 1
3...199

1 1
3...200

1 1
3...201

2 2
0...202

1 2
1...203

3 2
1...204

3 2
1...205

3 2
1...206

3 2
2...207

2 2
3...208

2 2
3...209

2 2
3...210

2 2
3...211

2 2
3...212

2 2
3...213

2 2
3...214

2 2
3...215

2 2
3...216

2 2
0...217

3 2
1...218

3 2
2...219

2 2
3...220

1 2
3...221

2 1
0...222

2 1
1...223

0 1
1...224

0 1
1...225

0 1
2...226

2 1
3...227

2 1
3...228

2 1
3...229

1 1
3...230

1 1
3...231

2 1
0...232

0 1
1...233

3 1
2...234

2 1
3...235

2 1
3...236

1 1
0...237

0 1
1...238

0 1
2...239

2 1
3...240

1 1
3...241

1 1
0...242

2 1
1...243

3 1
1...244

0 1
1...245

0 1
1...246

3 1
1...247

3 1
1...248

3 1
1...249

3 1
1...250

3 1
1...251

3 1
1...252

3 1
1...253

3 1
1...254

3 1
1...255

3 1
1...256

3 1
1...257

3 1
1...258

3 1
1...259

3 1
1...260

3 1
1...261

3 1
1...262

3 1
1...263

3 1
1...264

3 1
1...265

3 1
1...266

3 1
2...267

2 1
3...268

2 1
3...269

2 1
3...270

2 1
1...271

3 1
1...272

3 1
2...273

2 1
1...274

3 1
2...275

2 1
1...276

1 1
2...277

2 1
1...278

1 1
2...279

2 1
1...280

3 1
2...281

2 1
1...282

3 1
2...283

2 1
1...284

1 1
1...285

1 1
2...286

2 1
1...287

3 1
2...288

2 1
1...289

1 1
1...290

1 1
2...291

2 1
1...292

3 1
2...293

1 1
0...294

2 1
1...295

3 1
2...296

2 1
1...297

1 1
2...298

2 1
1...299

3 1
2...300

2 1
1...301

1 1
1...302

1 1
2...303

2 1
1...304

3 1
2...305

2 1
1...306

1 1
1...307

1 1
2...308

0 1
3...309

1 1
3...310

1 1
3...311

1 1
3...312

1 1
3...313

0 1
3...314

1 1
3...315

0 1
3...316

0 1
3...317

0 1
3...318

0 1
3...319

0 1
3...320

0 1
3...321

0 1
3...322

0 1
3...323

0 1
3...324

1 1
3...325

0 1
3...326

0 1
3...327

0 1
3...328

0 1
3...329

1 1
3...330

0 1
3...331

1 1
3...332

0 1
3...333

0 1
3...334

1 1
3...335

0 1
3...336

0 1
3...337

1 1
3...338

0 1
3...339

1 1
3...340

1 1
3...341

2 2
0...342

1 2
1...343

3 2
1...344

3 2
1...345

3 2
2...346

2 2
3...347

2 2
3...348

3 2
3...349

2 2
3...350

2 2
3...351

2 2
3...352

2 2
3...353

2 2
3...354

2 2
3...355

2 2
3...356

2 2
3...357

3 2
3...358

2 2
3...359

3 2
3...360

2 2
3...361

3 2
3...362

2 2
3...363

2 2
3...364

2 2
3...365

2 2
3...366

2 2
3...367

2 2
3...368

2 2
3...369

2 2
1...370

3 2
2...371

2 2
1...372

3 2
2...373

2 2
1...374

3 2
2...375

2 2
1...376

3 2
2...377

2 2
1...378

3 2
2...379

2 2
1...380

1 2
1...381

1 2
1...382

1 2
1...383

1 2
1...384

1 2
1...385

1 2
1...386

1 2
1...387

1 2
1...388

1 2
1...389

1 2
1...390

1 2
1...391

1 2
1...392

1 2
1...393

1 2
1...394

1 2
1...395

1 2
1...396

1 2
1...397

1 2
1...398

1 2
1...399

1 2
1...400

1 2
1...401

2 2
1...402

2 2
1...403

3 2
2...404

0 2
3...405

0 2
3...406

1 2
3...407

1 2
3...408

1 2
3...409

1 2
0...410

1 2
1...411

2 2
1...412

2 2
2...413

2 2
1...414

1 2
2...415

2 2
1...416

1 2
2...417

2 2
1...418

1 2
2...419

2 2
1...420

3 2
2...421

2 2
1...422

3 2
2...423

2 2
1...424

1 2
2...425

2 2
1...426

3 2
2...427

2 2
1...428

3 2
2...429

2 2
1...430

1 2
2...431

0 2
3...432

0 2
3...433

1 2
3...434

0 2
3...435

1 2
3...436

0 2
3...437

0 2
3...438

0 2
3...439

0 2
3...440

0 2
3...441

0 2
3...442

0 2
3...443

0 2
3...444

1 2
3...445

0 2
3...446

0 2
3...447

0 2
3...448

0 2
3...449

1 2
3...450

0 2
3...451

1 2
3...452

0 2
3...453

0 2
3...454

1 2
3...455

0 2
3...456

0 2
3...457

1 2
3...458

0 2
3...459

1 2
3...460

0 2
3...461

1 2
3...462

1 2
3...463

1 1
0...464

2 1
1...465

3 1
1...466

0 1
1...467

2 1
2...468

3 1
3...469

2 1
3...470

3 1
3...471

2 1
3...472

3 1
3...473

2 1
3...474

2 1
3...475

2 1
3...476

2 1
3...477

2 1
3...478

2 1
3...479

2 1
3...480

2 1
3...481

3 1
3...482

2 1
3...483

3 1
3...484

2 1
3...485

3 1
3...486

2 1
3...487

2 1
3...488

2 1
3...489

2 1
3...490

2 1
3...491

2 1
3...492

2 1
3...493

2 1
1...494

3 1
2...495

2 1
1...496

3 1
2...497

0 1
3...498

0 1
3...499

1 1
3...500

0 1
3...501

1 1
3...502

0 1
3...503

0 1
3...504

0 1
3...505

0 1
3...506

0 1
3...507

0 1
3...508

0 1
3...509

0 1
3...510

1 1
3...511

0 1
3...512

0 1
3...513

0 1
3...514

0 1
3...515

1 1
3...516

0 1
3...517

1 1
3...518

0 1
3...519

0 1
3...520

1 1
3...521

0 1
3...522

0 1
3...523

1 1
3...524

0 1
3...525

1 1
3...526

0 1
3...527

1 1
3...528

0 1
3...529

1 1
3...530

1 1
3...531

1 1
3...532

1 1
0...533

2 1
1...534

3 1
1...535

0 1
1...536

3 1
1...537

3 1
2...538

0 1
3...539

0 1
3...540

1 1
3...541

1 1
3...542

1 1
3...543

1 1
3...544

2 2
0...545

3 2
1...546

3 2
2...547

2 2
3...548

2 2
3...549

1 1
0...550

0 1
1...551

0 1
2...552

2 1
3...553

1 1
3...554

2 1
0...555

2 1
1...556

0 1
1...557

0 1
1...558

0 1
1...559

0 1
1...560

0 1
2...561

2 1
3...562

2 1
3...563

2 1
3...564

2 1
3...565

3 1
3...566

3 0
0...567

1 0
1...568

2 0
1...569

2 0
2...570

1 0
3...571

1 1
0...572

2 1
1...573

3 1
1...574

0 1
1...575

3 1
1...576

3 1
2...577

2 1
3...578

3 1
3...579

2 1
3...580

2 1
3...581

2 1
3...582

3 1
3...583

3 1
3...584

2 1
3...585

3 1
3...586

2 1
3...587

3 1
3...588

2 1
3...589

3 1
3...590

2 1
3...591

2 1
3...592

2 1
3...593

2 1
3...594

2 1
3...595

2 1
3...596

2 1
1...597

1 1
2...598

2 1
1...599

3 1
2...600

2 1
1...601

3 1
2...602

2 1
1...603

1 1
2...604

0 1
3...605

0 1
3...606

0 1
3...607

0 1
3...608

0 1
3...609

0 1
3...610

0 1
3...611

0 1
3...612

0 1
3...613

0 1
3...614

0 1
3...615

0 1
3...616

0 1
3...617

0 1
3...618

0 1
3...619

0 1
3...620

1 1
3...621

0 1
3...622

0 1
3...623

1 1
3...624

0 1
3...625

0 1
3...626

1 1
3...627

0 1
3...628

1 1
3...629

0 1
3...630

1 1
3...631

0 1
3...632

1 1
3...633

0 1
3...634

1 1
3...635

0 1
3...636

1 1
3...637

1 1
3...638

1 1
3...639

1 1
1...640

2 1
2...641

1 1
1...642

2 1
2...643

1 1
1...644

0 1
2...645

3 1
3...646

2 1
3...647

2 1
3...648

2 1
3...649

2 1
3...650

2 1
3...651

3 1
3...652

2 1
3...653

3 1
3...654

2 1
3...655

3 1
3...656

2 1
3...657

2 1
3...658

2 1
3...659

2 1
3...660

3 1
3...661

2 1
3...662

2 1
3...663

2 1
3...664

3 1
3...665

2 1
3...666

3 1
3...667

2 1
3...668

3 1
3...669

2 1
3...670

3 1
3...671

2 1
3...672

3 1
3...673

2 1
3...674

2 1
3...675

2 1
3...676

2 1
3...677

2 1
3...678

2 1
1...679

3 1
2...680

2 1
1...681

1 1
2...682

2 1
1...683

3 1
2...684

2 1
1...685

1 1
2...686

2 1
1...687

1 1
2...688

2 1
1...689

1 1
2...690

2 1
1...691

1 1
2...692

0 1
3...693

0 1
3...694

0 1
3...695

1 1
3...696

1 1
0...697

2 1
1...698

2 1
1...699

2 1
2...700

2 1
1...701

1 1
2...702

1 1
1...703

3 1
2...704

2 1
1...705

1 1
2...706

2 2
1...707

0 2
2...708

1 2
1...709

2 2
1...710

2 2
1...711

2 2
1...712

2 2
1...713

2 2
1...714

3 2
1...715

3 2
1...716

3 2
1...717

0 2
1...718

0 2
1...719

0 2
2...720

1 2
3...721

1 2
0...722

1 2
1...723

3 2
1...724

2 2
1...725

2 2
1...726

2 2
2...727

1 2
1...728

0 2
2...729

1 2
1...730

0 2
2...731

1 2
1...732

2 2
1...733

2 2
2...734

1 2
1...735

2 2
2...736

1 2
1...737

2 2
2...738

1 2
1...739

2 2
2...740

3 2
3...741

2 2
3...742

2 2
3...743

2 2
3...744

2 2
3...745

2 2
1...746

1 2
1...747

3 2
2...748

2 2
1...749

3 2
2...750

2 2
1...751

1 2
2...752

2 2
1...753

1 2
2...754

2 1
1...755

0 1
2...756

1 1
1...757

0 1
2...758

1 1
1...759

2 1
2...760

1 1
1...761

2 1
2...762

3 1
3...763

2 1
1...764

3 1
2...765

2 1
1...766

1 1
2...767

0 1
3...768

0 1
3...769

0 1
3...770

0 1
3...771

0 1
3...772

0 1
3...773

0 1
3...774

0 1
3...775

0 1
3...776

0 1
3...777

0 1
3...778

0 1
3...779

1 1
3...780

0 1
3...781

1 1
1...782

3 1
1...783

3 1
2...784

2 1
3...785

2 1
3...786

2 1
3...787

2 1
3...788

2 1
3...789

2 1
3...790

2 1
3...791

2 1
3...792

2 1
3...793

2 1
3...794

2 1
3...795

2 1
3...796

2 1
3...797

2 1
3...798

2 1
1...799

1 1
2...800

1 1
1...801

3 1
2...802

2 1
1...803

1 1
2...804

1 1
1...805

3 1
2...806

0 1
3...807

0 1
3...808

0 1
3...809

0 1
3...810

0 1
3...811

0 1
3...812

0 1
3...813

0 1
3...814

0 1
3...815

0 1
3...816

0 1
3...817

0 1
3...818

0 1
3...819

0 1
3...820

0 1
3...821

0 1
3...822

0 1
3...823

0 1
3...824

0 1
3...825

0 1
3...826

0 1
3...827

0 1
3...828

0 1
3...829

0 1
3...830

0 1
3...831

0 1
3...832

1 1
3...833

1 1
3...834

1 1
1...835

2 1
2...836

1 1
1...837

2 1
2...838

1 1
1...839

0 1
2...840

1 1
1...841

0 1
2...842

1 1
1...843

2 1
1...844

2 1
2...845

1 1
1...846

0 1
2...847

1 1
1...848

2 1
2...849

3 1
3...850

2 1
3...851

2 1
3...852

2 1
3...853

2 1
3...854

2 1
3...855

2 1
3...856

2 1
3...857

3 1
3...858

2 1
3...859

3 1
3...860

2 1
3...861

2 1
3...862

2 1
3...863

2 1
3...864

2 1
3...865

2 1
3...866

2 1
3...867

2 1
3...868

2 1
3...869

2 1
3...870

2 1
3...871

2 1
3...872

2 1
3...873

2 1
3...874

2 1
3...875

2 1
3...876

2 1
3...877

2 1
1...878

1 1
2...879

2 1
1...880

3 1
2...881

2 1
1...882

1 1
2...883

2 1
1...884

1 1
1...885

0 1
2...886

1 1
1...887

0 1
2...888

3 1
3...889

2 1
3...890

2 1
3...891

2 1
3...892

2 1
3...893

2 1
1...894

3 1
2...895

2 1
1...896

1 1
2...897

2 1
1...898

1 1
1...899

0 1
2...900

1 1
1...901

0 1
2...902

1 1
1...903

2 1
2...904

1 1
1...905

0 1
2...906

1 1
1...907

2 1
2...908

1 1
1...909

0 1
2...910

1 1
1...911

2 1
2...912

1 1
1...913

0 1
2...914

1 1
1...915

0 1
2...916

1 1
1...917

2 1
2...918

1 1
1...919

0 1
2...920

1 1
1...921

0 1
2...922

1 1
1...923

0 1
2...924

3 1
3...925

2 1
3...926

2 1
3...927

2 1
3...928

2 1
3...929

2 1
3...930

2 1
3...931

2 1
3...932

2 1
3...933

2 1
3...934

2 1
3...935

2 1
1...936

3 1
2...937

2 1
1...938

3 1
2...939

2 1
1...940

3 1
2...941

2 1
1...942

3 1
2...943

2 1
1...944

3 1
2...945

2 1
1...946

3 1
2...947

2 1
1...948

3 1
2...949

2 1
1...950

1 1
2...951

2 1
1...952

1 1
2...953

2 1
1...954

3 1
2...955

0 1
3...956

0 1
3...957

0 1
3...958

1 1
3...959

0 1
3...960

0 1
3...961

0 1
3...962

0 1
3...963

0 1
3...964

0 1
3...965

0 1
3...966

0 1
3...967

1 1
3...968

0 1
3...969

0 1
3...970

0 1
3...971

0 1
3...972

1 1
3...973

0 1
3...974

1 1
3...975

0 1
3...976

0 1
3...977

1 1
3...978

0 1
3...979

0 1
3...980

1 1
3...981

0 1
3...982

1 1
3...983

0 1
3...984

1 1
3...985

0 1
3...986

1 1
3...987

0 1
3...988

1 1
3...989

0 1
3...990

1 1
3...991

0 1
3...992

1 1
3...993

0 1
3...994

1 1
3...995

0 1
3...996

1 1
1...997

2 1
1...998

