2
START!!! ROUND: 0
POSITION: 4 4
HYBEM SA NA LEFT

START!!! ROUND: 1
POSITION: 3 4
HYBEM SA NA LEFT

START!!! ROUND: 2
POSITION: 2 4
HYBEM SA NA LEFT

START!!! ROUND: 3
POSITION: 1 4
HYBEM SA NA LEFT

START!!! ROUND: 4
POSITION: 0 4
HYBEM SA NA DOWN

START!!! ROUND: 5
POSITION: 0 5
HYBEM SA NA DOWN

START!!! ROUND: 6
POSITION: 0 6
HYBEM SA NA DOWN

START!!! ROUND: 7
POSITION: 0 7
HYBEM SA NA DOWN

START!!! ROUND: 8
POSITION: 0 8
HYBEM SA NA RIGHT

START!!! ROUND: 9
POSITION: 1 8
HYBEM SA NA DOWN

START!!! ROUND: 10
POSITION: 1 9
HYBEM SA NA RIGHT

START!!! ROUND: 11
POSITION: 2 9
HYBEM SA NA RIGHT

START!!! ROUND: 12
POSITION: 3 9
HYBEM SA NA UP

START!!! ROUND: 13
POSITION: 3 8
HYBEM SA NA UP

START!!! ROUND: 14
POSITION: 3 7
HYBEM SA NA UP

START!!! ROUND: 15
POSITION: 3 6
HYBEM SA NA UP

START!!! ROUND: 16
POSITION: 3 5
HYBEM SA NA UP

START!!! ROUND: 17
POSITION: 3 4
HYBEM SA NA LEFT

START!!! ROUND: 18
POSITION: 2 4
HYBEM SA NA UP

START!!! ROUND: 19
POSITION: 2 3
HYBEM SA NA DOWN

START!!! ROUND: 20
POSITION: 2 4
HYBEM SA NA UP

START!!! ROUND: 21
POSITION: 2 3
HYBEM SA NA DOWN

START!!! ROUND: 22
POSITION: 2 4
HYBEM SA NA LEFT

START!!! ROUND: 23
POSITION: 1 4
HYBEM SA NA UP

START!!! ROUND: 24
POSITION: 1 3
HYBEM SA NA UP

START!!! ROUND: 25
POSITION: 1 2
HYBEM SA NA UP

START!!! ROUND: 26
POSITION: 1 1
HYBEM SA NA RIGHT

START!!! ROUND: 27
POSITION: 2 1
HYBEM SA NA RIGHT

START!!! ROUND: 28
POSITION: 3 1
HYBEM SA NA RIGHT

START!!! ROUND: 29
POSITION: 4 1
HYBEM SA NA DOWN

START!!! ROUND: 30
POSITION: 4 2
HYBEM SA NA LEFT

START!!! ROUND: 31
POSITION: 3 2
HYBEM SA NA LEFT

START!!! ROUND: 32
POSITION: 2 2
HYBEM SA NA DOWN

START!!! ROUND: 33
POSITION: 2 3
HYBEM SA NA LEFT

START!!! ROUND: 34
POSITION: 1 3
HYBEM SA NA LEFT

START!!! ROUND: 35
POSITION: 0 3
HYBEM SA NA DOWN

START!!! ROUND: 36
POSITION: 0 4
HYBEM SA NA UP

START!!! ROUND: 37
POSITION: 0 3
HYBEM SA NA UP

START!!! ROUND: 38
POSITION: 0 2
HYBEM SA NA UP

START!!! ROUND: 39
POSITION: 0 1
HYBEM SA NA UP

START!!! ROUND: 40
POSITION: 0 0
HYBEM SA NA RIGHT

START!!! ROUND: 41
POSITION: 1 0
HYBEM SA NA DOWN

START!!! ROUND: 42
POSITION: 1 1
HYBEM SA NA UP

START!!! ROUND: 43
POSITION: 1 0
HYBEM SA NA RIGHT

START!!! ROUND: 44
POSITION: 2 0
HYBEM SA NA RIGHT

START!!! ROUND: 45
POSITION: 3 0
HYBEM SA NA DOWN

START!!! ROUND: 46
POSITION: 3 1
HYBEM SA NA UP

START!!! ROUND: 47
POSITION: 3 0
HYBEM SA NA LEFT

START!!! ROUND: 48
POSITION: 2 0
HYBEM SA NA RIGHT

START!!! ROUND: 49
POSITION: 3 0
HYBEM SA NA RIGHT

START!!! ROUND: 50
POSITION: 4 0
HYBEM SA NA LEFT

START!!! ROUND: 51
POSITION: 3 0
HYBEM SA NA RIGHT

START!!! ROUND: 52
POSITION: 4 0
HYBEM SA NA RIGHT

START!!! ROUND: 53
POSITION: 5 0
HYBEM SA NA RIGHT

START!!! ROUND: 54
POSITION: 6 0
HYBEM SA NA RIGHT

START!!! ROUND: 55
POSITION: 7 0
HYBEM SA NA DOWN

START!!! ROUND: 56
POSITION: 7 1
HYBEM SA NA LEFT

START!!! ROUND: 57
POSITION: 6 1
HYBEM SA NA LEFT

START!!! ROUND: 58
POSITION: 5 1
HYBEM SA NA LEFT

START!!! ROUND: 59
POSITION: 4 1
HYBEM SA NA RIGHT

START!!! ROUND: 60
POSITION: 5 1
HYBEM SA NA RIGHT

START!!! ROUND: 61
POSITION: 6 1
HYBEM SA NA RIGHT

START!!! ROUND: 62
POSITION: 7 1
HYBEM SA NA RIGHT

START!!! ROUND: 63
POSITION: 8 1
HYBEM SA NA DOWN

START!!! ROUND: 64
POSITION: 8 2
HYBEM SA NA LEFT

START!!! ROUND: 65
POSITION: 7 2
HYBEM SA NA LEFT

START!!! ROUND: 66
POSITION: 6 2
HYBEM SA NA LEFT

START!!! ROUND: 67
POSITION: 5 2
HYBEM SA NA LEFT

START!!! ROUND: 68
POSITION: 4 2
HYBEM SA NA RIGHT

START!!! ROUND: 69
POSITION: 5 2
HYBEM SA NA RIGHT

START!!! ROUND: 70
POSITION: 6 2
HYBEM SA NA DOWN

START!!! ROUND: 71
POSITION: 6 3
HYBEM SA NA DOWN

START!!! ROUND: 72
POSITION: 6 4
HYBEM SA NA DOWN

START!!! ROUND: 73
POSITION: 6 5
HYBEM SA NA LEFT

START!!! ROUND: 74
POSITION: 5 5
HYBEM SA NA LEFT

START!!! ROUND: 75
POSITION: 4 5
HYBEM SA NA DOWN

START!!! ROUND: 76
POSITION: 4 6
HYBEM SA NA LEFT

START!!! ROUND: 77
POSITION: 3 6
HYBEM SA NA RIGHT

START!!! ROUND: 78
POSITION: 4 6
HYBEM SA NA RIGHT

START!!! ROUND: 79
POSITION: 5 6
HYBEM SA NA RIGHT

START!!! ROUND: 80
POSITION: 6 6
HYBEM SA NA UP

START!!! ROUND: 81
POSITION: 6 5
HYBEM SA NA RIGHT

START!!! ROUND: 82
POSITION: 7 5
HYBEM SA NA LEFT

START!!! ROUND: 83
POSITION: 6 5
HYBEM SA NA UP

START!!! ROUND: 84
POSITION: 6 4
HYBEM SA NA RIGHT

START!!! ROUND: 85
POSITION: 7 4
HYBEM SA NA RIGHT

START!!! ROUND: 86
POSITION: 8 4
HYBEM SA NA RIGHT

START!!! ROUND: 87
POSITION: 9 4
HYBEM SA NA UP

START!!! ROUND: 88
POSITION: 9 3
HYBEM SA NA LEFT

START!!! ROUND: 89
POSITION: 8 3
HYBEM SA NA UP

START!!! ROUND: 90
POSITION: 8 2
HYBEM SA NA DOWN

START!!! ROUND: 91
POSITION: 8 3
HYBEM SA NA UP

START!!! ROUND: 92
POSITION: 8 2
HYBEM SA NA RIGHT

START!!! ROUND: 93
POSITION: 9 2
HYBEM SA NA UP

START!!! ROUND: 94
POSITION: 9 1
HYBEM SA NA LEFT

START!!! ROUND: 95
POSITION: 8 1
HYBEM SA NA UP

START!!! ROUND: 96
POSITION: 8 0
HYBEM SA NA LEFT

START!!! ROUND: 97
POSITION: 7 0
HYBEM SA NA RIGHT

START!!! ROUND: 98
POSITION: 8 0
HYBEM SA NA RIGHT

START!!! ROUND: 99
POSITION: 9 0
HYBEM SA NA LEFT

START!!! ROUND: 100
POSITION: 8 0
HYBEM SA NA DOWN

START!!! ROUND: 101
POSITION: 8 1
HYBEM SA NA DOWN

START!!! ROUND: 102
POSITION: 8 2
HYBEM SA NA DOWN

START!!! ROUND: 103
POSITION: 8 3
HYBEM SA NA DOWN

START!!! ROUND: 104
POSITION: 8 4
HYBEM SA NA DOWN

START!!! ROUND: 105
POSITION: 8 5
HYBEM SA NA RIGHT

START!!! ROUND: 106
POSITION: 9 5
HYBEM SA NA UP

START!!! ROUND: 107
POSITION: 9 4
HYBEM SA NA UP

START!!! ROUND: 108
POSITION: 9 3
HYBEM SA NA UP

START!!! ROUND: 109
POSITION: 9 2
HYBEM SA NA LEFT

START!!! ROUND: 110
POSITION: 8 2
HYBEM SA NA DOWN

START!!! ROUND: 111
POSITION: 8 3
HYBEM SA NA DOWN

START!!! ROUND: 112
POSITION: 8 4
HYBEM SA NA DOWN

START!!! ROUND: 113
POSITION: 8 5
HYBEM SA NA DOWN

START!!! ROUND: 114
POSITION: 8 6
HYBEM SA NA DOWN

START!!! ROUND: 115
POSITION: 8 7
HYBEM SA NA DOWN

START!!! ROUND: 116
POSITION: 8 8
HYBEM SA NA LEFT

START!!! ROUND: 117
POSITION: 7 8
HYBEM SA NA UP

START!!! ROUND: 118
POSITION: 7 7
HYBEM SA NA UP

START!!! ROUND: 119
POSITION: 7 6
HYBEM SA NA LEFT

START!!! ROUND: 120
POSITION: 6 6
HYBEM SA NA LEFT

START!!! ROUND: 121
POSITION: 5 6
HYBEM SA NA DOWN

