0
2 0
3...0

2 0
3...1

1 2
1...2

0 2
2...3

2 2
3...4

2 2
3...5

1 2
1...6

0 2
2...7

2 2
3...8

2 2
3...9

1 2
1...10

0 2
2...11

2 2
3...12

2 2
3...13

1 1
1...14

0 1
2...15

2 1
3...16

2 1
3...17

1 1
1...18

0 1
2...19

2 1
3...20

2 1
3...21

3 1
1...22

0 1
2...23

2 1
3...24

2 1
3...25

1 1
1...26

0 1
2...27

2 1
3...28

2 1
3...29

1 1
1...30

0 1
2...31

2 1
3...32

2 1
3...33

3 1
1...34

0 1
2...35

2 1
3...36

2 1
3...37

3 1
1...38

0 1
2...39

2 1
3...40

2 1
3...41

3 1
1...42

0 1
2...43

2 1
3...44

2 1
3...45

2 1
1...46

0 1
2...47

2 1
3...48

2 1
3...49

2 1
1...50

0 1
2...51

2 1
3...52

2 1
3...53

2 1
1...54

0 1
2...55

2 1
3...56

2 1
3...57

2 1
1...58

0 1
2...59

2 1
3...60

2 1
3...61

2 1
1...62

0 1
2...63

2 1
3...64

2 1
3...65

2 1
1...66

0 1
2...67

2 1
3...68

2 1
3...69

2 1
1...70

0 1
2...71

2 1
3...72

2 1
3...73

2 1
1...74

0 1
2...75

2 1
3...76

2 1
3...77

1 2
1...78

0 2
2...79

2 2
3...80

2 2
3...81

1 2
1...82

0 2
2...83

2 2
3...84

2 2
3...85

1 2
1...86

0 2
2...87

2 2
3...88

2 2
3...89

1 2
1...90

0 2
2...91

2 2
3...92

2 2
3...93

1 2
1...94

0 2
2...95

2 2
3...96

2 2
3...97

1 2
1...98

0 2
2...99

2 2
3...100

2 2
3...101

1 2
1...102

0 2
2...103

2 2
3...104

2 2
3...105

1 2
1...106

0 2
2...107

2 2
3...108

2 2
3...109

1 2
1...110

0 2
2...111

2 2
3...112

2 2
3...113

1 2
1...114

0 2
2...115

2 2
3...116

2 2
3...117

1 2
1...118

0 2
2...119

2 2
3...120

2 2
3...121

2 1
1...122

0 1
2...123

2 1
3...124

2 1
3...125

2 1
1...126

0 1
2...127

2 1
3...128

2 1
3...129

2 1
1...130

0 1
2...131

2 1
3...132

2 1
3...133

2 1
1...134

0 1
2...135

2 1
3...136

2 1
3...137

2 1
1...138

0 1
2...139

2 1
3...140

2 1
3...141

1 1
1...142

0 1
2...143

2 1
3...144

2 1
3...145

1 1
1...146

0 1
2...147

2 1
3...148

2 1
3...149

3 1
1...150

0 1
2...151

2 1
3...152

2 1
3...153

1 1
1...154

0 1
2...155

2 1
3...156

2 1
3...157

1 1
1...158

0 1
2...159

2 1
3...160

2 1
3...161

1 1
1...162

0 1
2...163

2 1
3...164

2 1
3...165

1 1
1...166

0 1
2...167

2 1
3...168

2 1
3...169

1 1
1...170

0 1
2...171

2 1
3...172

2 1
3...173

1 1
1...174

0 1
2...175

2 1
3...176

2 1
3...177

1 1
1...178

0 1
2...179

2 1
3...180

2 1
3...181

1 1
1...182

0 1
2...183

2 1
3...184

2 1
3...185

2 1
1...186

0 1
2...187

2 1
3...188

2 1
3...189

2 1
1...190

0 1
2...191

2 1
3...192

2 1
3...193

2 1
1...194

0 1
2...195

2 1
3...196

2 1
3...197

2 1
1...198

0 1
2...199

2 1
3...200

2 1
3...201

2 1
1...202

0 1
2...203

2 1
3...204

2 1
3...205

1 1
1...206

0 1
2...207

2 1
3...208

2 1
3...209

1 1
1...210

0 1
2...211

2 1
3...212

2 1
3...213

1 1
1...214

0 1
2...215

2 1
3...216

2 1
3...217

1 1
1...218

0 1
2...219

2 1
3...220

2 1
3...221

1 1
1...222

0 1
2...223

2 1
3...224

2 1
3...225

1 1
1...226

0 1
2...227

2 1
3...228

2 1
3...229

3 1
1...230

0 1
2...231

2 1
3...232

2 1
3...233

3 1
1...234

0 1
2...235

2 1
3...236

2 1
3...237

3 1
1...238

0 1
2...239

2 1
3...240

2 1
3...241

3 1
1...242

0 1
2...243

2 1
3...244

2 1
3...245

3 1
1...246

0 1
2...247

2 1
3...248

2 1
3...249

3 1
1...250

0 1
2...251

2 1
3...252

2 1
3...253

1 2
1...254

0 2
2...255

2 2
3...256

2 2
3...257

1 2
1...258

0 2
2...259

2 2
3...260

2 2
3...261

1 2
1...262

0 2
2...263

2 2
3...264

2 2
3...265

1 2
1...266

0 2
2...267

2 2
3...268

2 2
3...269

1 2
1...270

0 2
2...271

0 2
3...272

0 2
3...273

1 2
3...274

1 2
3...275

1 1
0...276

0 1
1...277

3 1
1...278

2 1
1...279

2 1
1...280

1 1
1...281

1 1
1...282

2 1
1...283

3 1
1...284

3 1
1...285

3 1
1...286

3 1
