1
START!!! ROUND: 0
POSITION: 45 27
HYBEM SA NA LEFT

START!!! ROUND: 1
POSITION: 44 27
HYBEM SA NA LEFT

START!!! ROUND: 2
POSITION: 43 27
HYBEM SA NA UP

START!!! ROUND: 3
POSITION: 43 26
HYBEM SA NA UP

START!!! ROUND: 4
POSITION: 43 25
HYBEM SA NA RIGHT

START!!! ROUND: 5
POSITION: 44 25
HYBEM SA NA RIGHT

START!!! ROUND: 6
POSITION: 45 25
HYBEM SA NA RIGHT

START!!! ROUND: 7
POSITION: 46 25
HYBEM SA NA RIGHT

START!!! ROUND: 8
POSITION: 47 25
HYBEM SA NA RIGHT

START!!! ROUND: 9
POSITION: 48 25
HYBEM SA NA DOWN

START!!! ROUND: 10
POSITION: 48 26
HYBEM SA NA DOWN

START!!! ROUND: 11
POSITION: 48 27
HYBEM SA NA DOWN

START!!! ROUND: 12
POSITION: 48 28
HYBEM SA NA DOWN

START!!! ROUND: 13
POSITION: 48 29
HYBEM SA NA LEFT

START!!! ROUND: 14
POSITION: 47 29
HYBEM SA NA DOWN

START!!! ROUND: 15
POSITION: 47 30
HYBEM SA NA DOWN

START!!! ROUND: 16
POSITION: 47 31
HYBEM SA NA DOWN

START!!! ROUND: 17
POSITION: 47 32
HYBEM SA NA RIGHT

START!!! ROUND: 18
POSITION: 48 32
HYBEM SA NA DOWN

START!!! ROUND: 19
POSITION: 48 33
HYBEM SA NA LEFT

START!!! ROUND: 20
POSITION: 47 33
HYBEM SA NA DOWN

START!!! ROUND: 21
POSITION: 47 34
HYBEM SA NA DOWN

START!!! ROUND: 22
POSITION: 47 35
HYBEM SA NA DOWN

START!!! ROUND: 23
POSITION: 47 36
HYBEM SA NA DOWN

START!!! ROUND: 24
POSITION: 47 37
HYBEM SA NA RIGHT

START!!! ROUND: 25
POSITION: 48 37
HYBEM SA NA DOWN

START!!! ROUND: 26
POSITION: 48 38
HYBEM SA NA DOWN

START!!! ROUND: 27
POSITION: 48 39
HYBEM SA NA LEFT

START!!! ROUND: 28
POSITION: 47 39
HYBEM SA NA LEFT

START!!! ROUND: 29
POSITION: 46 39
HYBEM SA NA DOWN

START!!! ROUND: 30
POSITION: 46 40
HYBEM SA NA DOWN

START!!! ROUND: 31
POSITION: 46 41
HYBEM SA NA LEFT

START!!! ROUND: 32
POSITION: 45 41
HYBEM SA NA UP

START!!! ROUND: 33
POSITION: 45 40
HYBEM SA NA UP

START!!! ROUND: 34
POSITION: 45 39
HYBEM SA NA UP

START!!! ROUND: 35
POSITION: 45 38
HYBEM SA NA UP

START!!! ROUND: 36
POSITION: 45 37
HYBEM SA NA UP

START!!! ROUND: 37
POSITION: 45 36
HYBEM SA NA LEFT

START!!! ROUND: 38
POSITION: 44 36
HYBEM SA NA LEFT

START!!! ROUND: 39
POSITION: 43 36
HYBEM SA NA DOWN

START!!! ROUND: 40
POSITION: 43 37
HYBEM SA NA DOWN

START!!! ROUND: 41
POSITION: 43 38
HYBEM SA NA LEFT

START!!! ROUND: 42
POSITION: 42 38
HYBEM SA NA UP

START!!! ROUND: 43
POSITION: 42 37
HYBEM SA NA UP

START!!! ROUND: 44
POSITION: 42 36
HYBEM SA NA UP

START!!! ROUND: 45
POSITION: 42 35
HYBEM SA NA RIGHT

START!!! ROUND: 46
POSITION: 43 35
HYBEM SA NA RIGHT

START!!! ROUND: 47
POSITION: 44 35
HYBEM SA NA UP

START!!! ROUND: 48
POSITION: 44 34
HYBEM SA NA LEFT

START!!! ROUND: 49
POSITION: 43 34
HYBEM SA NA LEFT

START!!! ROUND: 50
POSITION: 42 34
HYBEM SA NA LEFT

START!!! ROUND: 51
POSITION: 41 34
HYBEM SA NA LEFT

START!!! ROUND: 52
POSITION: 40 34
HYBEM SA NA LEFT

START!!! ROUND: 53
POSITION: 39 34
HYBEM SA NA UP

START!!! ROUND: 54
POSITION: 39 33
HYBEM SA NA RIGHT

START!!! ROUND: 55
POSITION: 40 33
HYBEM SA NA RIGHT

START!!! ROUND: 56
POSITION: 41 33
HYBEM SA NA UP

START!!! ROUND: 57
POSITION: 41 32
HYBEM SA NA UP

START!!! ROUND: 58
POSITION: 41 31
HYBEM SA NA UP

START!!! ROUND: 59
POSITION: 41 30
HYBEM SA NA UP

START!!! ROUND: 60
POSITION: 41 29
HYBEM SA NA UP

START!!! ROUND: 61
POSITION: 41 28
HYBEM SA NA LEFT

START!!! ROUND: 62
POSITION: 40 28
HYBEM SA NA UP

START!!! ROUND: 63
POSITION: 40 27
HYBEM SA NA LEFT

START!!! ROUND: 64
POSITION: 39 27
HYBEM SA NA DOWN

START!!! ROUND: 65
POSITION: 39 28
HYBEM SA NA DOWN

START!!! ROUND: 66
POSITION: 39 29
HYBEM SA NA RIGHT

START!!! ROUND: 67
POSITION: 40 29
HYBEM SA NA DOWN

START!!! ROUND: 68
POSITION: 40 30
HYBEM SA NA DOWN

START!!! ROUND: 69
POSITION: 40 31
HYBEM SA NA DOWN

START!!! ROUND: 70
POSITION: 40 32
HYBEM SA NA LEFT

START!!! ROUND: 71
POSITION: 39 32
HYBEM SA NA LEFT

START!!! ROUND: 72
POSITION: 38 32
HYBEM SA NA UP

START!!! ROUND: 73
POSITION: 38 31
HYBEM SA NA UP

START!!! ROUND: 74
POSITION: 38 30
HYBEM SA NA UP

START!!! ROUND: 75
POSITION: 38 29
HYBEM SA NA UP

START!!! ROUND: 76
POSITION: 38 28
HYBEM SA NA UP

START!!! ROUND: 77
POSITION: 38 27
HYBEM SA NA LEFT

START!!! ROUND: 78
POSITION: 37 27
HYBEM SA NA LEFT

START!!! ROUND: 79
POSITION: 36 27
HYBEM SA NA UP

START!!! ROUND: 80
POSITION: 36 26
HYBEM SA NA UP

START!!! ROUND: 81
POSITION: 36 25
HYBEM SA NA RIGHT

START!!! ROUND: 82
POSITION: 37 25
HYBEM SA NA RIGHT

START!!! ROUND: 83
POSITION: 38 25
HYBEM SA NA RIGHT

START!!! ROUND: 84
POSITION: 39 25
HYBEM SA NA RIGHT

START!!! ROUND: 85
POSITION: 40 25
HYBEM SA NA RIGHT

START!!! ROUND: 86
POSITION: 41 25
HYBEM SA NA RIGHT

START!!! ROUND: 87
POSITION: 42 25
HYBEM SA NA DOWN

START!!! ROUND: 88
POSITION: 42 26
HYBEM SA NA DOWN

START!!! ROUND: 89
POSITION: 42 27
HYBEM SA NA DOWN

START!!! ROUND: 90
POSITION: 42 28
HYBEM SA NA DOWN

START!!! ROUND: 91
POSITION: 42 29
HYBEM SA NA DOWN

START!!! ROUND: 92
POSITION: 42 30
HYBEM SA NA DOWN

START!!! ROUND: 93
POSITION: 42 31
HYBEM SA NA DOWN

START!!! ROUND: 94
POSITION: 42 32
HYBEM SA NA RIGHT

START!!! ROUND: 95
POSITION: 43 32
HYBEM SA NA DOWN

START!!! ROUND: 96
POSITION: 43 33
HYBEM SA NA RIGHT

START!!! ROUND: 97
POSITION: 44 33
HYBEM SA NA RIGHT

START!!! ROUND: 98
POSITION: 45 33
HYBEM SA NA RIGHT

START!!! ROUND: 99
POSITION: 46 33
HYBEM SA NA UP

START!!! ROUND: 100
POSITION: 46 32
HYBEM SA NA UP

START!!! ROUND: 101
POSITION: 46 31
HYBEM SA NA UP

START!!! ROUND: 102
POSITION: 46 30
HYBEM SA NA UP

START!!! ROUND: 103
POSITION: 46 29
HYBEM SA NA DOWN

START!!! ROUND: 104
POSITION: 46 30
HYBEM SA NA RIGHT

START!!! ROUND: 105
POSITION: 47 30
HYBEM SA NA RIGHT

START!!! ROUND: 106
POSITION: 48 30
HYBEM SA NA UP

START!!! ROUND: 107
POSITION: 48 29
HYBEM SA NA DOWN

START!!! ROUND: 108
POSITION: 48 30
HYBEM SA NA DOWN

START!!! ROUND: 109
POSITION: 48 31
HYBEM SA NA LEFT

START!!! ROUND: 110
POSITION: 47 31
HYBEM SA NA RIGHT

START!!! ROUND: 111
POSITION: 48 31
HYBEM SA NA DOWN

START!!! ROUND: 112
POSITION: 48 32
HYBEM SA NA DOWN

START!!! ROUND: 113
POSITION: 48 33
HYBEM SA NA DOWN

START!!! ROUND: 114
POSITION: 48 34
HYBEM SA NA LEFT

START!!! ROUND: 115
POSITION: 47 34
HYBEM SA NA RIGHT

START!!! ROUND: 116
POSITION: 48 34
HYBEM SA NA DOWN

START!!! ROUND: 117
POSITION: 48 35
HYBEM SA NA DOWN

START!!! ROUND: 118
POSITION: 48 36
HYBEM SA NA DOWN

START!!! ROUND: 119
POSITION: 48 37
HYBEM SA NA DOWN

START!!! ROUND: 120
POSITION: 48 38
HYBEM SA NA DOWN

START!!! ROUND: 121
POSITION: 48 39
HYBEM SA NA DOWN

START!!! ROUND: 122
POSITION: 48 40
HYBEM SA NA DOWN

START!!! ROUND: 123
POSITION: 48 41
HYBEM SA NA LEFT

START!!! ROUND: 124
POSITION: 47 41
HYBEM SA NA LEFT

START!!! ROUND: 125
POSITION: 46 41
HYBEM SA NA DOWN

START!!! ROUND: 126
POSITION: 46 42
HYBEM SA NA UP

START!!! ROUND: 127
POSITION: 46 41
HYBEM SA NA RIGHT

START!!! ROUND: 128
POSITION: 47 41
HYBEM SA NA DOWN

START!!! ROUND: 129
POSITION: 47 42
HYBEM SA NA DOWN

START!!! ROUND: 130
POSITION: 47 43
HYBEM SA NA RIGHT

START!!! ROUND: 131
POSITION: 48 43
HYBEM SA NA UP

START!!! ROUND: 132
POSITION: 48 42
HYBEM SA NA UP

START!!! ROUND: 133
POSITION: 48 41
HYBEM SA NA DOWN

START!!! ROUND: 134
POSITION: 48 42
HYBEM SA NA DOWN

START!!! ROUND: 135
POSITION: 48 43
HYBEM SA NA DOWN

START!!! ROUND: 136
POSITION: 48 44
HYBEM SA NA DOWN

START!!! ROUND: 137
POSITION: 48 45
HYBEM SA NA DOWN

START!!! ROUND: 138
POSITION: 48 46
HYBEM SA NA DOWN

START!!! ROUND: 139
POSITION: 48 47
HYBEM SA NA DOWN

START!!! ROUND: 140
POSITION: 48 48
HYBEM SA NA LEFT

START!!! ROUND: 141
POSITION: 47 48
HYBEM SA NA LEFT

START!!! ROUND: 142
POSITION: 46 48
HYBEM SA NA UP

START!!! ROUND: 143
POSITION: 46 47
HYBEM SA NA LEFT

START!!! ROUND: 144
POSITION: 45 47
HYBEM SA NA UP

START!!! ROUND: 145
POSITION: 45 46
HYBEM SA NA LEFT

START!!! ROUND: 146
POSITION: 44 46
HYBEM SA NA UP

START!!! ROUND: 147
POSITION: 44 45
HYBEM SA NA LEFT

START!!! ROUND: 148
POSITION: 43 45
HYBEM SA NA UP

START!!! ROUND: 149
POSITION: 43 44
HYBEM SA NA LEFT

START!!! ROUND: 150
POSITION: 42 44
HYBEM SA NA UP

START!!! ROUND: 151
POSITION: 42 43
HYBEM SA NA LEFT

START!!! ROUND: 152
POSITION: 41 43
HYBEM SA NA UP

START!!! ROUND: 153
POSITION: 41 42
HYBEM SA NA LEFT

START!!! ROUND: 154
POSITION: 40 42
HYBEM SA NA UP

START!!! ROUND: 155
POSITION: 40 41
HYBEM SA NA LEFT

START!!! ROUND: 156
POSITION: 39 41
HYBEM SA NA UP

START!!! ROUND: 157
POSITION: 39 40
HYBEM SA NA LEFT

START!!! ROUND: 158
POSITION: 38 40
HYBEM SA NA UP

START!!! ROUND: 159
POSITION: 38 39
HYBEM SA NA LEFT

START!!! ROUND: 160
POSITION: 37 39
HYBEM SA NA UP

START!!! ROUND: 161
POSITION: 37 38
HYBEM SA NA LEFT

START!!! ROUND: 162
POSITION: 36 38
HYBEM SA NA LEFT

START!!! ROUND: 163
POSITION: 35 38
HYBEM SA NA DOWN

START!!! ROUND: 164
POSITION: 35 39
HYBEM SA NA LEFT

START!!! ROUND: 165
POSITION: 34 39
HYBEM SA NA LEFT

START!!! ROUND: 166
POSITION: 33 39
HYBEM SA NA LEFT

START!!! ROUND: 167
POSITION: 32 39
HYBEM SA NA DOWN

START!!! ROUND: 168
POSITION: 32 40
HYBEM SA NA RIGHT

START!!! ROUND: 169
POSITION: 33 40
HYBEM SA NA RIGHT

START!!! ROUND: 170
POSITION: 34 40
HYBEM SA NA RIGHT

START!!! ROUND: 171
POSITION: 35 40
HYBEM SA NA DOWN

START!!! ROUND: 172
POSITION: 35 41
HYBEM SA NA RIGHT

START!!! ROUND: 173
POSITION: 36 41
HYBEM SA NA RIGHT

START!!! ROUND: 174
POSITION: 37 41
HYBEM SA NA DOWN

START!!! ROUND: 175
POSITION: 37 42
HYBEM SA NA RIGHT

START!!! ROUND: 176
POSITION: 38 42
HYBEM SA NA DOWN

START!!! ROUND: 177
POSITION: 38 43
HYBEM SA NA DOWN

START!!! ROUND: 178
POSITION: 38 44
HYBEM SA NA LEFT

START!!! ROUND: 179
POSITION: 37 44
HYBEM SA NA LEFT

START!!! ROUND: 180
POSITION: 36 44
HYBEM SA NA UP

START!!! ROUND: 181
POSITION: 36 43
HYBEM SA NA UP

START!!! ROUND: 182
POSITION: 36 42
HYBEM SA NA LEFT

START!!! ROUND: 183
POSITION: 35 42
HYBEM SA NA LEFT

START!!! ROUND: 184
POSITION: 34 42
HYBEM SA NA LEFT

START!!! ROUND: 185
POSITION: 33 42
HYBEM SA NA DOWN

START!!! ROUND: 186
POSITION: 33 43
HYBEM SA NA RIGHT

START!!! ROUND: 187
POSITION: 34 43
HYBEM SA NA DOWN

START!!! ROUND: 188
POSITION: 34 44
HYBEM SA NA DOWN

START!!! ROUND: 189
POSITION: 34 45
HYBEM SA NA DOWN

START!!! ROUND: 190
POSITION: 34 46
HYBEM SA NA DOWN

START!!! ROUND: 191
POSITION: 34 47
HYBEM SA NA DOWN

START!!! ROUND: 192
POSITION: 34 48
HYBEM SA NA LEFT

START!!! ROUND: 193
POSITION: 33 48
HYBEM SA NA LEFT

START!!! ROUND: 194
POSITION: 32 48
HYBEM SA NA LEFT

START!!! ROUND: 195
POSITION: 31 48
HYBEM SA NA LEFT

START!!! ROUND: 196
POSITION: 30 48
HYBEM SA NA LEFT

START!!! ROUND: 197
POSITION: 29 48
HYBEM SA NA LEFT

START!!! ROUND: 198
POSITION: 28 48
HYBEM SA NA UP

START!!! ROUND: 199
POSITION: 28 47
HYBEM SA NA UP

START!!! ROUND: 200
POSITION: 28 46
HYBEM SA NA LEFT

START!!! ROUND: 201
POSITION: 27 46
HYBEM SA NA DOWN

START!!! ROUND: 202
POSITION: 27 47
HYBEM SA NA RIGHT

START!!! ROUND: 203
POSITION: 28 47
HYBEM SA NA RIGHT

START!!! ROUND: 204
POSITION: 29 47
HYBEM SA NA DOWN

START!!! ROUND: 205
POSITION: 29 48
HYBEM SA NA LEFT

START!!! ROUND: 206
POSITION: 28 48
HYBEM SA NA LEFT

START!!! ROUND: 207
POSITION: 27 48
HYBEM SA NA LEFT

START!!! ROUND: 208
POSITION: 26 48
HYBEM SA NA LEFT

START!!! ROUND: 209
POSITION: 25 48
HYBEM SA NA UP

START!!! ROUND: 210
POSITION: 25 47
HYBEM SA NA RIGHT

START!!! ROUND: 211
POSITION: 26 47
HYBEM SA NA RIGHT

START!!! ROUND: 212
POSITION: 27 47
HYBEM SA NA LEFT

START!!! ROUND: 213
POSITION: 26 47
HYBEM SA NA UP

START!!! ROUND: 214
POSITION: 26 46
HYBEM SA NA UP

START!!! ROUND: 215
POSITION: 26 45
HYBEM SA NA UP

START!!! ROUND: 216
POSITION: 26 44
HYBEM SA NA UP

START!!! ROUND: 217
POSITION: 26 43
HYBEM SA NA UP

START!!! ROUND: 218
POSITION: 26 42
HYBEM SA NA UP

START!!! ROUND: 219
POSITION: 26 41
HYBEM SA NA LEFT

START!!! ROUND: 220
POSITION: 25 41
HYBEM SA NA UP

START!!! ROUND: 221
POSITION: 25 40
HYBEM SA NA UP

START!!! ROUND: 222
POSITION: 25 39
HYBEM SA NA RIGHT

START!!! ROUND: 223
POSITION: 26 39
HYBEM SA NA RIGHT

START!!! ROUND: 224
POSITION: 27 39
HYBEM SA NA RIGHT

START!!! ROUND: 225
POSITION: 28 39
HYBEM SA NA UP

START!!! ROUND: 226
POSITION: 28 38
HYBEM SA NA UP

START!!! ROUND: 227
POSITION: 28 37
HYBEM SA NA UP

START!!! ROUND: 228
POSITION: 28 36
HYBEM SA NA UP

START!!! ROUND: 229
POSITION: 28 35
HYBEM SA NA UP

START!!! ROUND: 230
POSITION: 28 34
HYBEM SA NA UP

START!!! ROUND: 231
POSITION: 28 33
HYBEM SA NA UP

START!!! ROUND: 232
POSITION: 28 32
HYBEM SA NA LEFT

START!!! ROUND: 233
POSITION: 27 32
HYBEM SA NA UP

START!!! ROUND: 234
POSITION: 27 31
HYBEM SA NA LEFT

START!!! ROUND: 235
POSITION: 26 31
HYBEM SA NA LEFT

START!!! ROUND: 236
POSITION: 25 31
HYBEM SA NA UP

START!!! ROUND: 237
POSITION: 25 30
HYBEM SA NA UP

START!!! ROUND: 238
POSITION: 25 29
HYBEM SA NA UP

START!!! ROUND: 239
POSITION: 25 28
HYBEM SA NA UP

START!!! ROUND: 240
POSITION: 25 27
HYBEM SA NA UP

START!!! ROUND: 241
POSITION: 25 26
HYBEM SA NA RIGHT

START!!! ROUND: 242
POSITION: 26 26
HYBEM SA NA RIGHT

START!!! ROUND: 243
POSITION: 27 26
HYBEM SA NA RIGHT

START!!! ROUND: 244
POSITION: 28 26
HYBEM SA NA UP

START!!! ROUND: 245
POSITION: 28 25
HYBEM SA NA RIGHT

START!!! ROUND: 246
POSITION: 29 25
HYBEM SA NA RIGHT

START!!! ROUND: 247
POSITION: 30 25
HYBEM SA NA RIGHT

START!!! ROUND: 248
POSITION: 31 25
HYBEM SA NA RIGHT

START!!! ROUND: 249
POSITION: 32 25
HYBEM SA NA RIGHT

START!!! ROUND: 250
POSITION: 33 25
HYBEM SA NA DOWN

START!!! ROUND: 251
POSITION: 33 26
HYBEM SA NA DOWN

START!!! ROUND: 252
POSITION: 33 27
HYBEM SA NA RIGHT

START!!! ROUND: 253
POSITION: 34 27
HYBEM SA NA RIGHT

START!!! ROUND: 254
POSITION: 35 27
HYBEM SA NA RIGHT

START!!! ROUND: 255
POSITION: 36 27
HYBEM SA NA LEFT

START!!! ROUND: 256
POSITION: 35 27
HYBEM SA NA UP

START!!! ROUND: 257
POSITION: 35 26
HYBEM SA NA LEFT

START!!! ROUND: 258
POSITION: 34 26
HYBEM SA NA LEFT

START!!! ROUND: 259
POSITION: 33 26
HYBEM SA NA UP

START!!! ROUND: 260
POSITION: 33 25
HYBEM SA NA RIGHT

START!!! ROUND: 261
POSITION: 34 25
HYBEM SA NA RIGHT

START!!! ROUND: 262
POSITION: 35 25
HYBEM SA NA RIGHT

START!!! ROUND: 263
POSITION: 36 25
HYBEM SA NA LEFT

START!!! ROUND: 264
POSITION: 35 25
HYBEM SA NA LEFT

START!!! ROUND: 265
POSITION: 34 25
HYBEM SA NA DOWN

START!!! ROUND: 266
POSITION: 34 26
HYBEM SA NA RIGHT

START!!! ROUND: 267
POSITION: 35 26
HYBEM SA NA LEFT

START!!! ROUND: 268
POSITION: 34 26
HYBEM SA NA LEFT

START!!! ROUND: 269
POSITION: 33 26
HYBEM SA NA LEFT

START!!! ROUND: 270
POSITION: 32 26
HYBEM SA NA LEFT

START!!! ROUND: 271
POSITION: 31 26
HYBEM SA NA LEFT

START!!! ROUND: 272
POSITION: 30 26
HYBEM SA NA UP

START!!! ROUND: 273
POSITION: 30 25
HYBEM SA NA LEFT

START!!! ROUND: 274
POSITION: 29 25
HYBEM SA NA LEFT

START!!! ROUND: 275
POSITION: 28 25
HYBEM SA NA LEFT

START!!! ROUND: 276
POSITION: 27 25
HYBEM SA NA RIGHT

START!!! ROUND: 277
POSITION: 28 25
HYBEM SA NA LEFT

START!!! ROUND: 278
POSITION: 27 25
HYBEM SA NA LEFT

START!!! ROUND: 279
POSITION: 26 25
HYBEM SA NA DOWN

START!!! ROUND: 280
POSITION: 26 26
HYBEM SA NA LEFT

START!!! ROUND: 281
POSITION: 25 26
HYBEM SA NA LEFT

START!!! ROUND: 282
POSITION: 24 26
HYBEM SA NA LEFT

START!!! ROUND: 283
POSITION: 23 26
HYBEM SA NA LEFT

START!!! ROUND: 284
POSITION: 22 26
HYBEM SA NA LEFT

START!!! ROUND: 285
POSITION: 21 26
HYBEM SA NA LEFT

START!!! ROUND: 286
POSITION: 20 26
HYBEM SA NA UP

START!!! ROUND: 287
POSITION: 20 25
HYBEM SA NA RIGHT

START!!! ROUND: 288
POSITION: 21 25
HYBEM SA NA RIGHT

START!!! ROUND: 289
POSITION: 22 25
HYBEM SA NA RIGHT

START!!! ROUND: 290
POSITION: 23 25
HYBEM SA NA UP

START!!! ROUND: 291
POSITION: 23 24
HYBEM SA NA LEFT

START!!! ROUND: 292
POSITION: 22 24
HYBEM SA NA UP

START!!! ROUND: 293
POSITION: 22 23
HYBEM SA NA UP

START!!! ROUND: 294
POSITION: 22 22
HYBEM SA NA RIGHT

START!!! ROUND: 295
POSITION: 23 22
HYBEM SA NA DOWN

START!!! ROUND: 296
POSITION: 23 23
HYBEM SA NA RIGHT

START!!! ROUND: 297
POSITION: 24 23
HYBEM SA NA RIGHT

START!!! ROUND: 298
POSITION: 25 23
HYBEM SA NA UP

START!!! ROUND: 299
POSITION: 25 21
HYBEM SA NA UP

START!!! ROUND: 300
POSITION: 25 19
NEMOZEM SA HYBAT -> UP

START!!! ROUND: 301
POSITION: 25 17
NEMOZEM SA HYBAT -> UP

START!!! ROUND: 302
POSITION: 25 15
NEMOZEM SA HYBAT -> UP

START!!! ROUND: 303
POSITION: 25 13
NEMOZEM SA HYBAT -> UP

START!!! ROUND: 304
POSITION: 25 11
NEMOZEM SA HYBAT -> RIGHT

START!!! ROUND: 305
POSITION: 27 11
NEMOZEM SA HYBAT -> RIGHT

START!!! ROUND: 306
POSITION: 28 11
NEMOZEM SA HYBAT -> RIGHT

START!!! ROUND: 307
POSITION: 29 11
NEMOZEM SA HYBAT -> RIGHT

START!!! ROUND: 308
POSITION: 30 11
NEMOZEM SA HYBAT -> RIGHT

START!!! ROUND: 309
POSITION: 31 11
NEMOZEM SA HYBAT -> RIGHT

START!!! ROUND: 310
POSITION: 32 11
NEMOZEM SA HYBAT -> RIGHT

START!!! ROUND: 311
POSITION: 33 11
NEMOZEM SA HYBAT -> RIGHT

START!!! ROUND: 312
POSITION: 34 11
NEMOZEM SA HYBAT -> DOWN

START!!! ROUND: 313
POSITION: 34 12
NEMOZEM SA HYBAT -> DOWN

START!!! ROUND: 314
POSITION: 34 13
NEMOZEM SA HYBAT -> LEFT

START!!! ROUND: 315
POSITION: 33 13
NEMOZEM SA HYBAT -> DOWN

START!!! ROUND: 316
POSITION: 33 14
NEMOZEM SA HYBAT -> LEFT

START!!! ROUND: 317
POSITION: 32 14
NEMOZEM SA HYBAT -> DOWN

START!!! ROUND: 318
POSITION: 32 15
NEMOZEM SA HYBAT -> LEFT

START!!! ROUND: 319
POSITION: 31 15
NEMOZEM SA HYBAT -> DOWN

START!!! ROUND: 320
POSITION: 31 16
NEMOZEM SA HYBAT -> LEFT

START!!! ROUND: 321
POSITION: 30 16
NEMOZEM SA HYBAT -> DOWN

START!!! ROUND: 322
POSITION: 30 17
NEMOZEM SA HYBAT -> LEFT

START!!! ROUND: 323
POSITION: 29 17
HYBEM SA NA DOWN

START!!! ROUND: 324
POSITION: 29 18
HYBEM SA NA LEFT

START!!! ROUND: 325
POSITION: 28 18
HYBEM SA NA DOWN

START!!! ROUND: 326
POSITION: 28 19
HYBEM SA NA LEFT

START!!! ROUND: 327
POSITION: 27 19
HYBEM SA NA DOWN

START!!! ROUND: 328
POSITION: 27 20
HYBEM SA NA LEFT

START!!! ROUND: 329
POSITION: 26 20
HYBEM SA NA DOWN

START!!! ROUND: 330
POSITION: 26 21
HYBEM SA NA DOWN

START!!! ROUND: 331
POSITION: 26 22
HYBEM SA NA RIGHT

START!!! ROUND: 332
POSITION: 27 22
HYBEM SA NA RIGHT

START!!! ROUND: 333
POSITION: 28 22
HYBEM SA NA DOWN

START!!! ROUND: 334
POSITION: 28 23
HYBEM SA NA LEFT

START!!! ROUND: 335
POSITION: 27 23
HYBEM SA NA LEFT

START!!! ROUND: 336
POSITION: 26 23
HYBEM SA NA DOWN

START!!! ROUND: 337
POSITION: 26 24
HYBEM SA NA DOWN

START!!! ROUND: 338
POSITION: 26 25
HYBEM SA NA LEFT

START!!! ROUND: 339
POSITION: 25 25
HYBEM SA NA LEFT

START!!! ROUND: 340
POSITION: 24 25
HYBEM SA NA LEFT

START!!! ROUND: 341
POSITION: 23 25
HYBEM SA NA LEFT

START!!! ROUND: 342
POSITION: 22 25
HYBEM SA NA DOWN

START!!! ROUND: 343
POSITION: 22 26
HYBEM SA NA DOWN

START!!! ROUND: 344
POSITION: 22 27
HYBEM SA NA DOWN

START!!! ROUND: 345
POSITION: 22 28
HYBEM SA NA RIGHT

START!!! ROUND: 346
POSITION: 23 28
HYBEM SA NA UP

START!!! ROUND: 347
POSITION: 23 27
HYBEM SA NA UP

START!!! ROUND: 348
POSITION: 23 26
HYBEM SA NA DOWN

START!!! ROUND: 349
POSITION: 23 27
HYBEM SA NA DOWN

START!!! ROUND: 350
POSITION: 23 28
HYBEM SA NA DOWN

START!!! ROUND: 351
POSITION: 23 29
HYBEM SA NA UP

START!!! ROUND: 352
POSITION: 23 28
HYBEM SA NA LEFT

START!!! ROUND: 353
POSITION: 22 28
NEMOZEM SA HYBAT -> UP

START!!! ROUND: 354
POSITION: 22 27
NEMOZEM SA HYBAT -> UP

START!!! ROUND: 355
POSITION: 22 26
NEMOZEM SA HYBAT -> LEFT

START!!! ROUND: 356
POSITION: 21 26
NEMOZEM SA HYBAT -> LEFT

START!!! ROUND: 357
POSITION: 20 26
HYBEM SA NA RIGHT

START!!! ROUND: 358
POSITION: 21 26
HYBEM SA NA RIGHT

START!!! ROUND: 359
POSITION: 22 26
HYBEM SA NA RIGHT

START!!! ROUND: 360
POSITION: 23 26
HYBEM SA NA LEFT

START!!! ROUND: 361
POSITION: 22 26
HYBEM SA NA DOWN

START!!! ROUND: 362
POSITION: 22 27
HYBEM SA NA DOWN

START!!! ROUND: 363
POSITION: 22 28
HYBEM SA NA LEFT

START!!! ROUND: 364
POSITION: 21 28
HYBEM SA NA DOWN

START!!! ROUND: 365
POSITION: 21 29
HYBEM SA NA LEFT

START!!! ROUND: 366
POSITION: 20 29
HYBEM SA NA DOWN

START!!! ROUND: 367
POSITION: 20 30
HYBEM SA NA LEFT

START!!! ROUND: 368
POSITION: 19 30
HYBEM SA NA DOWN

START!!! ROUND: 369
POSITION: 19 31
HYBEM SA NA LEFT

START!!! ROUND: 370
POSITION: 18 31
HYBEM SA NA DOWN

START!!! ROUND: 371
POSITION: 18 32
HYBEM SA NA LEFT

START!!! ROUND: 372
POSITION: 17 32
HYBEM SA NA DOWN

START!!! ROUND: 373
POSITION: 17 33
HYBEM SA NA LEFT

START!!! ROUND: 374
POSITION: 16 33
HYBEM SA NA DOWN

START!!! ROUND: 375
POSITION: 16 34
HYBEM SA NA LEFT

START!!! ROUND: 376
POSITION: 15 34
HYBEM SA NA DOWN

START!!! ROUND: 377
POSITION: 15 35
HYBEM SA NA LEFT

START!!! ROUND: 378
POSITION: 14 35
HYBEM SA NA DOWN

START!!! ROUND: 379
POSITION: 14 36
HYBEM SA NA DOWN

START!!! ROUND: 380
POSITION: 14 37
HYBEM SA NA DOWN

START!!! ROUND: 381
POSITION: 14 38
HYBEM SA NA RIGHT

START!!! ROUND: 382
POSITION: 15 38
HYBEM SA NA DOWN

START!!! ROUND: 383
POSITION: 15 39
HYBEM SA NA DOWN

START!!! ROUND: 384
POSITION: 15 40
HYBEM SA NA LEFT

START!!! ROUND: 385
POSITION: 14 40
HYBEM SA NA LEFT

START!!! ROUND: 386
POSITION: 13 40
HYBEM SA NA LEFT

START!!! ROUND: 387
POSITION: 12 40
HYBEM SA NA DOWN

START!!! ROUND: 388
POSITION: 12 41
HYBEM SA NA DOWN

START!!! ROUND: 389
POSITION: 12 42
HYBEM SA NA DOWN

START!!! ROUND: 390
POSITION: 12 43
HYBEM SA NA DOWN

START!!! ROUND: 391
POSITION: 12 44
HYBEM SA NA RIGHT

START!!! ROUND: 392
POSITION: 13 44
HYBEM SA NA DOWN

START!!! ROUND: 393
POSITION: 13 45
HYBEM SA NA RIGHT

START!!! ROUND: 394
POSITION: 14 45
HYBEM SA NA RIGHT

START!!! ROUND: 395
POSITION: 15 45
HYBEM SA NA DOWN

START!!! ROUND: 396
POSITION: 15 46
HYBEM SA NA DOWN

START!!! ROUND: 397
POSITION: 15 47
HYBEM SA NA LEFT

START!!! ROUND: 398
POSITION: 14 47
HYBEM SA NA LEFT

START!!! ROUND: 399
POSITION: 13 47
HYBEM SA NA DOWN

START!!! ROUND: 400
POSITION: 13 48
HYBEM SA NA LEFT

START!!! ROUND: 401
POSITION: 12 48
HYBEM SA NA LEFT

START!!! ROUND: 402
POSITION: 11 48
HYBEM SA NA LEFT

START!!! ROUND: 403
POSITION: 10 48
HYBEM SA NA LEFT

START!!! ROUND: 404
POSITION: 9 48
HYBEM SA NA LEFT

START!!! ROUND: 405
POSITION: 8 48
HYBEM SA NA UP

START!!! ROUND: 406
POSITION: 8 47
HYBEM SA NA RIGHT

START!!! ROUND: 407
POSITION: 9 47
HYBEM SA NA RIGHT

START!!! ROUND: 408
POSITION: 10 47
HYBEM SA NA RIGHT

START!!! ROUND: 409
POSITION: 11 47
HYBEM SA NA RIGHT

START!!! ROUND: 410
POSITION: 12 47
HYBEM SA NA UP

START!!! ROUND: 411
POSITION: 12 46
HYBEM SA NA LEFT

START!!! ROUND: 412
POSITION: 11 46
HYBEM SA NA LEFT

START!!! ROUND: 413
POSITION: 10 46
HYBEM SA NA LEFT

START!!! ROUND: 414
POSITION: 9 46
HYBEM SA NA LEFT

START!!! ROUND: 415
POSITION: 8 46
HYBEM SA NA LEFT

START!!! ROUND: 416
POSITION: 7 46
HYBEM SA NA LEFT

START!!! ROUND: 417
POSITION: 6 46
HYBEM SA NA DOWN

START!!! ROUND: 418
POSITION: 6 47
HYBEM SA NA RIGHT

START!!! ROUND: 419
POSITION: 7 47
HYBEM SA NA DOWN

START!!! ROUND: 420
POSITION: 7 48
HYBEM SA NA LEFT

START!!! ROUND: 421
POSITION: 6 48
HYBEM SA NA LEFT

START!!! ROUND: 422
POSITION: 5 48
HYBEM SA NA LEFT

START!!! ROUND: 423
POSITION: 4 48
HYBEM SA NA LEFT

START!!! ROUND: 424
POSITION: 3 48
HYBEM SA NA LEFT

START!!! ROUND: 425
POSITION: 2 48
HYBEM SA NA LEFT

START!!! ROUND: 426
POSITION: 1 48
HYBEM SA NA LEFT

START!!! ROUND: 427
POSITION: 0 48
HYBEM SA NA UP

START!!! ROUND: 428
POSITION: 0 47
HYBEM SA NA UP

START!!! ROUND: 429
POSITION: 0 46
HYBEM SA NA UP

START!!! ROUND: 430
POSITION: 0 45
HYBEM SA NA UP

START!!! ROUND: 431
POSITION: 0 44
HYBEM SA NA UP

START!!! ROUND: 432
POSITION: 0 43
HYBEM SA NA UP

START!!! ROUND: 433
POSITION: 0 42
HYBEM SA NA UP

START!!! ROUND: 434
POSITION: 0 41
HYBEM SA NA RIGHT

START!!! ROUND: 435
POSITION: 1 41
HYBEM SA NA RIGHT

START!!! ROUND: 436
POSITION: 2 41
HYBEM SA NA RIGHT

START!!! ROUND: 437
POSITION: 3 41
HYBEM SA NA UP

START!!! ROUND: 438
POSITION: 3 40
HYBEM SA NA RIGHT

START!!! ROUND: 439
POSITION: 4 40
HYBEM SA NA UP

START!!! ROUND: 440
POSITION: 4 39
HYBEM SA NA LEFT

START!!! ROUND: 441
POSITION: 3 39
HYBEM SA NA LEFT

START!!! ROUND: 442
POSITION: 2 39
HYBEM SA NA LEFT

START!!! ROUND: 443
POSITION: 1 39
HYBEM SA NA UP

START!!! ROUND: 444
POSITION: 1 38
HYBEM SA NA RIGHT

START!!! ROUND: 445
POSITION: 2 38
HYBEM SA NA RIGHT

START!!! ROUND: 446
POSITION: 3 38
HYBEM SA NA RIGHT

START!!! ROUND: 447
POSITION: 4 38
HYBEM SA NA RIGHT

START!!! ROUND: 448
POSITION: 5 38
HYBEM SA NA UP

START!!! ROUND: 449
POSITION: 5 37
HYBEM SA NA RIGHT

START!!! ROUND: 450
POSITION: 6 37
HYBEM SA NA RIGHT

START!!! ROUND: 451
POSITION: 7 37
HYBEM SA NA UP

START!!! ROUND: 452
POSITION: 7 36
HYBEM SA NA RIGHT

START!!! ROUND: 453
POSITION: 8 36
HYBEM SA NA UP

START!!! ROUND: 454
POSITION: 8 35
HYBEM SA NA LEFT

START!!! ROUND: 455
POSITION: 7 35
HYBEM SA NA UP

START!!! ROUND: 456
POSITION: 7 34
HYBEM SA NA UP

START!!! ROUND: 457
POSITION: 7 33
HYBEM SA NA UP

START!!! ROUND: 458
POSITION: 7 32
HYBEM SA NA UP

START!!! ROUND: 459
POSITION: 7 31
HYBEM SA NA LEFT

START!!! ROUND: 460
POSITION: 6 31
HYBEM SA NA LEFT

START!!! ROUND: 461
POSITION: 5 31
HYBEM SA NA DOWN

START!!! ROUND: 462
POSITION: 5 32
HYBEM SA NA RIGHT

START!!! ROUND: 463
POSITION: 6 32
HYBEM SA NA DOWN

START!!! ROUND: 464
POSITION: 6 33
HYBEM SA NA DOWN

START!!! ROUND: 465
POSITION: 6 34
HYBEM SA NA DOWN

START!!! ROUND: 466
POSITION: 6 35
HYBEM SA NA LEFT

START!!! ROUND: 467
POSITION: 5 35
HYBEM SA NA DOWN

START!!! ROUND: 468
POSITION: 5 36
HYBEM SA NA LEFT

START!!! ROUND: 469
POSITION: 4 36
HYBEM SA NA LEFT

START!!! ROUND: 470
POSITION: 3 36
HYBEM SA NA UP

START!!! ROUND: 471
POSITION: 3 35
HYBEM SA NA LEFT

START!!! ROUND: 472
POSITION: 2 35
HYBEM SA NA LEFT

START!!! ROUND: 473
POSITION: 1 35
HYBEM SA NA LEFT

START!!! ROUND: 474
POSITION: 0 35
HYBEM SA NA UP

START!!! ROUND: 475
POSITION: 0 34
HYBEM SA NA RIGHT

START!!! ROUND: 476
POSITION: 1 34
HYBEM SA NA RIGHT

START!!! ROUND: 477
POSITION: 2 34
HYBEM SA NA RIGHT

START!!! ROUND: 478
POSITION: 3 34
HYBEM SA NA UP

START!!! ROUND: 479
POSITION: 3 33
HYBEM SA NA UP

START!!! ROUND: 480
POSITION: 3 32
HYBEM SA NA RIGHT

START!!! ROUND: 481
POSITION: 4 32
HYBEM SA NA UP

START!!! ROUND: 482
POSITION: 4 31
HYBEM SA NA LEFT

START!!! ROUND: 483
POSITION: 3 31
HYBEM SA NA LEFT

START!!! ROUND: 484
POSITION: 2 31
HYBEM SA NA UP

START!!! ROUND: 485
POSITION: 2 30
HYBEM SA NA LEFT

START!!! ROUND: 486
POSITION: 1 30
HYBEM SA NA LEFT

START!!! ROUND: 487
POSITION: 0 30
HYBEM SA NA UP

START!!! ROUND: 488
POSITION: 0 29
HYBEM SA NA RIGHT

START!!! ROUND: 489
POSITION: 1 29
HYBEM SA NA UP

START!!! ROUND: 490
POSITION: 1 28
HYBEM SA NA LEFT

START!!! ROUND: 491
POSITION: 0 28
HYBEM SA NA DOWN

START!!! ROUND: 492
POSITION: 0 29
HYBEM SA NA DOWN

START!!! ROUND: 493
POSITION: 0 30
HYBEM SA NA DOWN

START!!! ROUND: 494
POSITION: 0 31
HYBEM SA NA UP

START!!! ROUND: 495
POSITION: 0 30
HYBEM SA NA RIGHT

START!!! ROUND: 496
POSITION: 1 30
HYBEM SA NA DOWN

START!!! ROUND: 497
POSITION: 1 31
HYBEM SA NA LEFT

START!!! ROUND: 498
POSITION: 0 31
HYBEM SA NA DOWN

START!!! ROUND: 499
POSITION: 0 32
HYBEM SA NA RIGHT

START!!! ROUND: 500
POSITION: 1 32
HYBEM SA NA DOWN

START!!! ROUND: 501
POSITION: 1 33
HYBEM SA NA DOWN

START!!! ROUND: 502
POSITION: 1 34
HYBEM SA NA LEFT

START!!! ROUND: 503
POSITION: 0 34
HYBEM SA NA UP

START!!! ROUND: 504
POSITION: 0 33
HYBEM SA NA DOWN

START!!! ROUND: 505
POSITION: 0 34
HYBEM SA NA DOWN

START!!! ROUND: 506
POSITION: 0 35
HYBEM SA NA DOWN

START!!! ROUND: 507
POSITION: 0 36
HYBEM SA NA DOWN

START!!! ROUND: 508
POSITION: 0 37
HYBEM SA NA DOWN

START!!! ROUND: 509
POSITION: 0 38
HYBEM SA NA DOWN

START!!! ROUND: 510
POSITION: 0 39
HYBEM SA NA DOWN

START!!! ROUND: 511
POSITION: 0 40
HYBEM SA NA DOWN

START!!! ROUND: 512
POSITION: 0 41
HYBEM SA NA UP

START!!! ROUND: 513
POSITION: 0 40
HYBEM SA NA UP

START!!! ROUND: 514
POSITION: 0 39
HYBEM SA NA RIGHT

START!!! ROUND: 515
POSITION: 1 39
HYBEM SA NA DOWN

START!!! ROUND: 516
POSITION: 1 40
HYBEM SA NA DOWN

START!!! ROUND: 517
POSITION: 1 41
HYBEM SA NA DOWN

START!!! ROUND: 518
POSITION: 1 42
HYBEM SA NA DOWN

START!!! ROUND: 519
POSITION: 1 43
HYBEM SA NA LEFT

START!!! ROUND: 520
POSITION: 0 43
HYBEM SA NA UP

START!!! ROUND: 521
POSITION: 0 42
HYBEM SA NA UP

START!!! ROUND: 522
POSITION: 0 41
HYBEM SA NA UP

START!!! ROUND: 523
POSITION: 0 40
HYBEM SA NA RIGHT

START!!! ROUND: 524
POSITION: 1 40
HYBEM SA NA RIGHT

START!!! ROUND: 525
POSITION: 2 40
HYBEM SA NA DOWN

START!!! ROUND: 526
POSITION: 2 41
HYBEM SA NA DOWN

START!!! ROUND: 527
POSITION: 2 42
HYBEM SA NA LEFT

START!!! ROUND: 528
POSITION: 1 42
HYBEM SA NA LEFT

START!!! ROUND: 529
POSITION: 0 42
HYBEM SA NA DOWN

START!!! ROUND: 530
POSITION: 0 43
HYBEM SA NA DOWN

START!!! ROUND: 531
POSITION: 0 44
HYBEM SA NA DOWN

START!!! ROUND: 532
POSITION: 0 45
HYBEM SA NA RIGHT

START!!! ROUND: 533
POSITION: 1 45
HYBEM SA NA RIGHT

START!!! ROUND: 534
POSITION: 2 45
HYBEM SA NA UP

START!!! ROUND: 535
POSITION: 2 44
HYBEM SA NA RIGHT

START!!! ROUND: 536
POSITION: 3 44
HYBEM SA NA UP

START!!! ROUND: 537
POSITION: 3 43
HYBEM SA NA RIGHT

START!!! ROUND: 538
POSITION: 4 43
HYBEM SA NA UP

START!!! ROUND: 539
POSITION: 4 42
HYBEM SA NA RIGHT

START!!! ROUND: 540
POSITION: 5 42
HYBEM SA NA UP

START!!! ROUND: 541
POSITION: 5 41
HYBEM SA NA RIGHT

START!!! ROUND: 542
POSITION: 6 41
HYBEM SA NA UP

START!!! ROUND: 543
POSITION: 6 40
HYBEM SA NA RIGHT

START!!! ROUND: 544
POSITION: 7 40
HYBEM SA NA UP

START!!! ROUND: 545
POSITION: 7 39
HYBEM SA NA RIGHT

START!!! ROUND: 546
POSITION: 8 39
HYBEM SA NA UP

START!!! ROUND: 547
POSITION: 8 38
HYBEM SA NA RIGHT

START!!! ROUND: 548
POSITION: 9 38
HYBEM SA NA UP

START!!! ROUND: 549
POSITION: 9 37
HYBEM SA NA RIGHT

START!!! ROUND: 550
POSITION: 10 37
HYBEM SA NA UP

START!!! ROUND: 551
POSITION: 10 36
HYBEM SA NA UP

START!!! ROUND: 552
POSITION: 10 35
HYBEM SA NA UP

START!!! ROUND: 553
POSITION: 10 34
HYBEM SA NA LEFT

START!!! ROUND: 554
POSITION: 9 34
HYBEM SA NA LEFT

START!!! ROUND: 555
POSITION: 8 34
HYBEM SA NA LEFT

START!!! ROUND: 556
POSITION: 7 34
HYBEM SA NA UP

START!!! ROUND: 557
POSITION: 7 33
HYBEM SA NA RIGHT

START!!! ROUND: 558
POSITION: 8 33
HYBEM SA NA RIGHT

START!!! ROUND: 559
POSITION: 9 33
HYBEM SA NA RIGHT

START!!! ROUND: 560
POSITION: 10 33
HYBEM SA NA RIGHT

START!!! ROUND: 561
POSITION: 11 33
HYBEM SA NA DOWN

START!!! ROUND: 562
POSITION: 11 34
HYBEM SA NA DOWN

START!!! ROUND: 563
POSITION: 11 35
HYBEM SA NA DOWN

START!!! ROUND: 564
POSITION: 11 36
HYBEM SA NA LEFT

START!!! ROUND: 565
POSITION: 10 36
HYBEM SA NA RIGHT

START!!! ROUND: 566
POSITION: 11 36
HYBEM SA NA RIGHT

START!!! ROUND: 567
POSITION: 12 36
HYBEM SA NA RIGHT

START!!! ROUND: 568
POSITION: 13 36
HYBEM SA NA RIGHT

START!!! ROUND: 569
POSITION: 14 36
HYBEM SA NA DOWN

START!!! ROUND: 570
POSITION: 14 37
HYBEM SA NA RIGHT

START!!! ROUND: 571
POSITION: 15 37
HYBEM SA NA RIGHT

START!!! ROUND: 572
POSITION: 16 37
HYBEM SA NA RIGHT

START!!! ROUND: 573
POSITION: 17 37
HYBEM SA NA UP

START!!! ROUND: 574
POSITION: 17 36
HYBEM SA NA RIGHT

START!!! ROUND: 575
POSITION: 18 36
HYBEM SA NA DOWN

START!!! ROUND: 576
POSITION: 18 37
HYBEM SA NA RIGHT

START!!! ROUND: 577
POSITION: 19 37
HYBEM SA NA RIGHT

START!!! ROUND: 578
POSITION: 20 37
HYBEM SA NA DOWN

START!!! ROUND: 579
POSITION: 20 38
HYBEM SA NA DOWN

START!!! ROUND: 580
POSITION: 20 39
HYBEM SA NA LEFT

START!!! ROUND: 581
POSITION: 19 39
HYBEM SA NA LEFT

START!!! ROUND: 582
POSITION: 18 39
HYBEM SA NA LEFT

START!!! ROUND: 583
POSITION: 17 39
HYBEM SA NA UP

START!!! ROUND: 584
POSITION: 17 38
HYBEM SA NA LEFT

START!!! ROUND: 585
POSITION: 16 38
HYBEM SA NA DOWN

START!!! ROUND: 586
POSITION: 16 39
HYBEM SA NA DOWN

START!!! ROUND: 587
POSITION: 16 40
HYBEM SA NA RIGHT

START!!! ROUND: 588
POSITION: 17 40
HYBEM SA NA DOWN

START!!! ROUND: 589
POSITION: 17 41
HYBEM SA NA RIGHT

START!!! ROUND: 590
POSITION: 18 41
HYBEM SA NA DOWN

START!!! ROUND: 591
POSITION: 18 42
HYBEM SA NA DOWN

START!!! ROUND: 592
POSITION: 18 43
HYBEM SA NA LEFT

START!!! ROUND: 593
POSITION: 17 43
HYBEM SA NA UP

START!!! ROUND: 594
POSITION: 17 42
HYBEM SA NA LEFT

START!!! ROUND: 595
POSITION: 16 42
HYBEM SA NA LEFT

START!!! ROUND: 596
POSITION: 15 42
HYBEM SA NA DOWN

START!!! ROUND: 597
POSITION: 15 43
HYBEM SA NA RIGHT

START!!! ROUND: 598
POSITION: 16 43
HYBEM SA NA DOWN

START!!! ROUND: 599
POSITION: 16 44
HYBEM SA NA DOWN

START!!! ROUND: 600
POSITION: 16 45
HYBEM SA NA RIGHT

START!!! ROUND: 601
POSITION: 17 45
HYBEM SA NA UP

START!!! ROUND: 602
POSITION: 17 44
HYBEM SA NA RIGHT

START!!! ROUND: 603
POSITION: 18 44
HYBEM SA NA RIGHT

START!!! ROUND: 604
POSITION: 19 44
HYBEM SA NA LEFT

START!!! ROUND: 605
POSITION: 18 44
HYBEM SA NA DOWN

START!!! ROUND: 606
POSITION: 18 45
HYBEM SA NA LEFT

START!!! ROUND: 607
POSITION: 17 45
HYBEM SA NA UP

START!!! ROUND: 608
POSITION: 17 44
HYBEM SA NA DOWN

START!!! ROUND: 609
POSITION: 17 45
HYBEM SA NA DOWN

START!!! ROUND: 610
POSITION: 17 46
HYBEM SA NA RIGHT

START!!! ROUND: 611
POSITION: 18 46
HYBEM SA NA DOWN

START!!! ROUND: 612
POSITION: 18 47
HYBEM SA NA DOWN

START!!! ROUND: 613
POSITION: 18 48
HYBEM SA NA RIGHT

START!!! ROUND: 614
POSITION: 19 48
HYBEM SA NA RIGHT

START!!! ROUND: 615
POSITION: 20 48
HYBEM SA NA RIGHT

START!!! ROUND: 616
POSITION: 21 48
HYBEM SA NA RIGHT

START!!! ROUND: 617
POSITION: 22 48
HYBEM SA NA RIGHT

START!!! ROUND: 618
POSITION: 23 48
HYBEM SA NA RIGHT

START!!! ROUND: 619
POSITION: 24 48
HYBEM SA NA RIGHT

START!!! ROUND: 620
POSITION: 25 48
HYBEM SA NA LEFT

START!!! ROUND: 621
POSITION: 24 48
HYBEM SA NA LEFT

START!!! ROUND: 622
POSITION: 23 48
HYBEM SA NA LEFT

START!!! ROUND: 623
POSITION: 22 48
HYBEM SA NA LEFT

START!!! ROUND: 624
POSITION: 21 48
HYBEM SA NA LEFT

START!!! ROUND: 625
POSITION: 20 48
HYBEM SA NA LEFT

START!!! ROUND: 626
POSITION: 19 48
HYBEM SA NA LEFT

START!!! ROUND: 627
POSITION: 18 48
HYBEM SA NA UP

START!!! ROUND: 628
POSITION: 18 47
HYBEM SA NA LEFT

START!!! ROUND: 629
POSITION: 17 47
HYBEM SA NA RIGHT

START!!! ROUND: 630
POSITION: 18 47
HYBEM SA NA LEFT

START!!! ROUND: 631
POSITION: 17 47
HYBEM SA NA LEFT

START!!! ROUND: 632
POSITION: 16 47
HYBEM SA NA RIGHT

START!!! ROUND: 633
POSITION: 17 47
HYBEM SA NA DOWN

START!!! ROUND: 634
POSITION: 17 48
HYBEM SA NA RIGHT

START!!! ROUND: 635
POSITION: 18 48
HYBEM SA NA LEFT

START!!! ROUND: 636
POSITION: 17 48
HYBEM SA NA RIGHT

START!!! ROUND: 637
POSITION: 18 48
HYBEM SA NA RIGHT

START!!! ROUND: 638
POSITION: 19 48
HYBEM SA NA LEFT

START!!! ROUND: 639
POSITION: 18 48
HYBEM SA NA LEFT

START!!! ROUND: 640
POSITION: 17 48
HYBEM SA NA LEFT

START!!! ROUND: 641
POSITION: 16 48
HYBEM SA NA LEFT

START!!! ROUND: 642
POSITION: 15 48
HYBEM SA NA UP

START!!! ROUND: 643
POSITION: 15 47
HYBEM SA NA LEFT

START!!! ROUND: 644
POSITION: 14 47
HYBEM SA NA DOWN

START!!! ROUND: 645
POSITION: 14 48
HYBEM SA NA RIGHT

START!!! ROUND: 646
POSITION: 15 48
HYBEM SA NA LEFT

START!!! ROUND: 647
POSITION: 14 48
HYBEM SA NA LEFT

START!!! ROUND: 648
POSITION: 13 48
HYBEM SA NA UP

START!!! ROUND: 649
POSITION: 13 47
HYBEM SA NA UP

START!!! ROUND: 650
POSITION: 13 46
HYBEM SA NA UP

START!!! ROUND: 651
POSITION: 13 45
HYBEM SA NA UP

START!!! ROUND: 652
POSITION: 13 44
HYBEM SA NA UP

START!!! ROUND: 653
POSITION: 13 43
HYBEM SA NA RIGHT

START!!! ROUND: 654
POSITION: 14 43
HYBEM SA NA LEFT

START!!! ROUND: 655
POSITION: 13 43
HYBEM SA NA UP

START!!! ROUND: 656
POSITION: 13 42
HYBEM SA NA UP

START!!! ROUND: 657
POSITION: 13 41
HYBEM SA NA UP

START!!! ROUND: 658
POSITION: 13 40
HYBEM SA NA UP

START!!! ROUND: 659
POSITION: 13 39
HYBEM SA NA UP

START!!! ROUND: 660
POSITION: 13 38
HYBEM SA NA LEFT

START!!! ROUND: 661
POSITION: 12 38
HYBEM SA NA UP

START!!! ROUND: 662
POSITION: 12 37
HYBEM SA NA UP

START!!! ROUND: 663
POSITION: 12 36
HYBEM SA NA UP

START!!! ROUND: 664
POSITION: 12 35
HYBEM SA NA DOWN

START!!! ROUND: 665
POSITION: 12 36
HYBEM SA NA UP

START!!! ROUND: 666
POSITION: 12 35
HYBEM SA NA UP

START!!! ROUND: 667
POSITION: 12 34
HYBEM SA NA DOWN

START!!! ROUND: 668
POSITION: 12 35
HYBEM SA NA UP

START!!! ROUND: 669
POSITION: 12 34
HYBEM SA NA RIGHT

START!!! ROUND: 670
POSITION: 13 34
HYBEM SA NA UP

START!!! ROUND: 671
POSITION: 13 33
HYBEM SA NA RIGHT

START!!! ROUND: 672
POSITION: 14 33
HYBEM SA NA UP

START!!! ROUND: 673
POSITION: 14 32
HYBEM SA NA RIGHT

START!!! ROUND: 674
POSITION: 15 32
HYBEM SA NA UP

START!!! ROUND: 675
POSITION: 15 31
HYBEM SA NA RIGHT

START!!! ROUND: 676
POSITION: 16 31
HYBEM SA NA UP

START!!! ROUND: 677
POSITION: 16 30
HYBEM SA NA RIGHT

START!!! ROUND: 678
POSITION: 17 30
HYBEM SA NA UP

START!!! ROUND: 679
POSITION: 17 29
HYBEM SA NA RIGHT

START!!! ROUND: 680
POSITION: 18 29
HYBEM SA NA UP

START!!! ROUND: 681
POSITION: 18 28
HYBEM SA NA RIGHT

START!!! ROUND: 682
POSITION: 19 28
HYBEM SA NA UP

START!!! ROUND: 683
POSITION: 19 27
HYBEM SA NA RIGHT

START!!! ROUND: 684
POSITION: 20 27
HYBEM SA NA UP

START!!! ROUND: 685
POSITION: 20 26
HYBEM SA NA RIGHT

START!!! ROUND: 686
POSITION: 21 26
HYBEM SA NA UP

START!!! ROUND: 687
POSITION: 21 25
HYBEM SA NA DOWN

START!!! ROUND: 688
POSITION: 21 26
HYBEM SA NA UP

START!!! ROUND: 689
POSITION: 21 25
HYBEM SA NA LEFT

START!!! ROUND: 690
POSITION: 20 25
HYBEM SA NA LEFT

START!!! ROUND: 691
POSITION: 19 25
HYBEM SA NA LEFT

START!!! ROUND: 692
POSITION: 18 25
HYBEM SA NA DOWN

START!!! ROUND: 693
POSITION: 18 26
HYBEM SA NA LEFT

START!!! ROUND: 694
POSITION: 17 26
HYBEM SA NA LEFT

START!!! ROUND: 695
POSITION: 16 26
HYBEM SA NA DOWN

START!!! ROUND: 696
POSITION: 16 27
HYBEM SA NA DOWN

START!!! ROUND: 697
POSITION: 16 28
HYBEM SA NA LEFT

START!!! ROUND: 698
POSITION: 15 28
HYBEM SA NA DOWN

START!!! ROUND: 699
POSITION: 15 29
HYBEM SA NA LEFT

START!!! ROUND: 700
POSITION: 14 29
HYBEM SA NA LEFT

START!!! ROUND: 701
POSITION: 13 29
HYBEM SA NA DOWN

START!!! ROUND: 702
POSITION: 13 30
HYBEM SA NA LEFT

START!!! ROUND: 703
POSITION: 12 30
HYBEM SA NA LEFT

START!!! ROUND: 704
POSITION: 11 30
HYBEM SA NA LEFT

START!!! ROUND: 705
POSITION: 10 30
HYBEM SA NA LEFT

START!!! ROUND: 706
POSITION: 9 30
HYBEM SA NA UP

START!!! ROUND: 707
POSITION: 9 29
HYBEM SA NA UP

START!!! ROUND: 708
POSITION: 9 28
HYBEM SA NA UP

START!!! ROUND: 709
POSITION: 9 27
HYBEM SA NA UP

START!!! ROUND: 710
POSITION: 9 26
HYBEM SA NA RIGHT

START!!! ROUND: 711
POSITION: 10 26
HYBEM SA NA RIGHT

START!!! ROUND: 712
POSITION: 11 26
HYBEM SA NA RIGHT

START!!! ROUND: 713
POSITION: 12 26
HYBEM SA NA RIGHT

START!!! ROUND: 714
POSITION: 13 26
HYBEM SA NA RIGHT

START!!! ROUND: 715
POSITION: 14 26
HYBEM SA NA RIGHT

START!!! ROUND: 716
POSITION: 15 26
HYBEM SA NA UP

START!!! ROUND: 717
POSITION: 15 25
HYBEM SA NA LEFT

START!!! ROUND: 718
POSITION: 14 25
HYBEM SA NA LEFT

START!!! ROUND: 719
POSITION: 13 25
HYBEM SA NA LEFT

START!!! ROUND: 720
POSITION: 12 25
HYBEM SA NA LEFT

START!!! ROUND: 721
POSITION: 11 25
HYBEM SA NA LEFT

START!!! ROUND: 722
POSITION: 10 25
HYBEM SA NA LEFT

START!!! ROUND: 723
POSITION: 9 25
HYBEM SA NA LEFT

START!!! ROUND: 724
POSITION: 8 25
HYBEM SA NA LEFT

START!!! ROUND: 725
POSITION: 7 25
HYBEM SA NA DOWN

START!!! ROUND: 726
POSITION: 7 26
HYBEM SA NA DOWN

START!!! ROUND: 727
POSITION: 7 27
HYBEM SA NA DOWN

START!!! ROUND: 728
POSITION: 7 28
HYBEM SA NA DOWN

START!!! ROUND: 729
POSITION: 7 29
HYBEM SA NA LEFT

START!!! ROUND: 730
POSITION: 6 29
HYBEM SA NA DOWN

START!!! ROUND: 731
POSITION: 6 30
HYBEM SA NA DOWN

START!!! ROUND: 732
POSITION: 6 31
HYBEM SA NA LEFT

START!!! ROUND: 733
POSITION: 5 31
HYBEM SA NA UP

START!!! ROUND: 734
POSITION: 5 30
HYBEM SA NA DOWN

START!!! ROUND: 735
POSITION: 5 31
HYBEM SA NA DOWN

START!!! ROUND: 736
POSITION: 5 32
HYBEM SA NA LEFT

START!!! ROUND: 737
POSITION: 4 32
HYBEM SA NA UP

START!!! ROUND: 738
POSITION: 4 31
HYBEM SA NA LEFT

START!!! ROUND: 739
POSITION: 3 31
HYBEM SA NA UP

START!!! ROUND: 740
POSITION: 3 30
HYBEM SA NA DOWN

START!!! ROUND: 741
POSITION: 3 31
HYBEM SA NA UP

START!!! ROUND: 742
POSITION: 3 30
HYBEM SA NA DOWN

START!!! ROUND: 743
POSITION: 3 31
HYBEM SA NA UP

START!!! ROUND: 744
POSITION: 3 30
HYBEM SA NA RIGHT

START!!! ROUND: 745
POSITION: 4 30
HYBEM SA NA RIGHT

START!!! ROUND: 746
POSITION: 5 30
HYBEM SA NA RIGHT

START!!! ROUND: 747
POSITION: 6 30
HYBEM SA NA RIGHT

START!!! ROUND: 748
POSITION: 7 30
HYBEM SA NA LEFT

START!!! ROUND: 749
POSITION: 6 30
HYBEM SA NA UP

START!!! ROUND: 750
POSITION: 6 29
HYBEM SA NA UP

START!!! ROUND: 751
POSITION: 6 28
HYBEM SA NA RIGHT

START!!! ROUND: 752
POSITION: 7 28
HYBEM SA NA LEFT

START!!! ROUND: 753
POSITION: 6 28
HYBEM SA NA UP

START!!! ROUND: 754
POSITION: 6 27
HYBEM SA NA UP

START!!! ROUND: 755
POSITION: 6 26
HYBEM SA NA UP

START!!! ROUND: 756
POSITION: 6 25
HYBEM SA NA RIGHT

START!!! ROUND: 757
POSITION: 7 25
HYBEM SA NA RIGHT

START!!! ROUND: 758
POSITION: 8 25
HYBEM SA NA RIGHT

START!!! ROUND: 759
POSITION: 9 25
HYBEM SA NA RIGHT

START!!! ROUND: 760
POSITION: 10 25
HYBEM SA NA DOWN

START!!! ROUND: 761
POSITION: 10 26
HYBEM SA NA UP

START!!! ROUND: 762
POSITION: 10 25
HYBEM SA NA RIGHT

START!!! ROUND: 763
POSITION: 11 25
HYBEM SA NA RIGHT

START!!! ROUND: 764
POSITION: 12 25
HYBEM SA NA RIGHT

START!!! ROUND: 765
POSITION: 13 25
HYBEM SA NA RIGHT

START!!! ROUND: 766
POSITION: 14 25
HYBEM SA NA RIGHT

START!!! ROUND: 767
POSITION: 15 25
HYBEM SA NA RIGHT

START!!! ROUND: 768
POSITION: 16 25
HYBEM SA NA RIGHT

START!!! ROUND: 769
POSITION: 17 25
HYBEM SA NA RIGHT

START!!! ROUND: 770
POSITION: 18 25
HYBEM SA NA LEFT

START!!! ROUND: 771
POSITION: 17 25
HYBEM SA NA LEFT

START!!! ROUND: 772
POSITION: 16 25
HYBEM SA NA LEFT

START!!! ROUND: 773
POSITION: 15 25
HYBEM SA NA LEFT

START!!! ROUND: 774
POSITION: 14 25
HYBEM SA NA LEFT

START!!! ROUND: 775
POSITION: 13 25
HYBEM SA NA LEFT

START!!! ROUND: 776
POSITION: 12 25
HYBEM SA NA LEFT

START!!! ROUND: 777
POSITION: 11 25
HYBEM SA NA LEFT

START!!! ROUND: 778
POSITION: 10 25
HYBEM SA NA DOWN

START!!! ROUND: 779
POSITION: 10 26
HYBEM SA NA LEFT

START!!! ROUND: 780
POSITION: 9 26
HYBEM SA NA LEFT

START!!! ROUND: 781
POSITION: 8 26
HYBEM SA NA UP

START!!! ROUND: 782
POSITION: 8 25
HYBEM SA NA LEFT

START!!! ROUND: 783
POSITION: 7 25
HYBEM SA NA LEFT

START!!! ROUND: 784
POSITION: 6 25
HYBEM SA NA DOWN

START!!! ROUND: 785
POSITION: 6 26
HYBEM SA NA DOWN

START!!! ROUND: 786
POSITION: 6 27
HYBEM SA NA DOWN

START!!! ROUND: 787
POSITION: 6 28
HYBEM SA NA DOWN

START!!! ROUND: 788
POSITION: 6 29
HYBEM SA NA DOWN

START!!! ROUND: 789
POSITION: 6 30
HYBEM SA NA LEFT

START!!! ROUND: 790
POSITION: 5 30
HYBEM SA NA LEFT

START!!! ROUND: 791
POSITION: 4 30
HYBEM SA NA LEFT

START!!! ROUND: 792
POSITION: 3 30
HYBEM SA NA LEFT

START!!! ROUND: 793
POSITION: 2 30
HYBEM SA NA LEFT

START!!! ROUND: 794
POSITION: 1 30
HYBEM SA NA LEFT

START!!! ROUND: 795
POSITION: 0 30
HYBEM SA NA UP

START!!! ROUND: 796
POSITION: 0 29
HYBEM SA NA UP

START!!! ROUND: 797
POSITION: 0 28
HYBEM SA NA UP

START!!! ROUND: 798
POSITION: 0 27
HYBEM SA NA DOWN

START!!! ROUND: 799
POSITION: 0 28
HYBEM SA NA UP

START!!! ROUND: 800
POSITION: 0 27
HYBEM SA NA UP

START!!! ROUND: 801
POSITION: 0 26
HYBEM SA NA DOWN

START!!! ROUND: 802
POSITION: 0 27
HYBEM SA NA UP

START!!! ROUND: 803
POSITION: 0 26
HYBEM SA NA UP

START!!! ROUND: 804
POSITION: 0 25
HYBEM SA NA DOWN

START!!! ROUND: 805
POSITION: 0 26
HYBEM SA NA UP

START!!! ROUND: 806
POSITION: 0 25
HYBEM SA NA UP

START!!! ROUND: 807
POSITION: 0 24
HYBEM SA NA DOWN

START!!! ROUND: 808
POSITION: 0 25
HYBEM SA NA UP

START!!! ROUND: 809
POSITION: 0 24
HYBEM SA NA UP

START!!! ROUND: 810
POSITION: 0 23
HYBEM SA NA DOWN

START!!! ROUND: 811
POSITION: 0 24
HYBEM SA NA DOWN

START!!! ROUND: 812
POSITION: 0 25
HYBEM SA NA UP

START!!! ROUND: 813
POSITION: 0 24
HYBEM SA NA UP

START!!! ROUND: 814
POSITION: 0 23
HYBEM SA NA UP

START!!! ROUND: 815
POSITION: 0 22
HYBEM SA NA DOWN

START!!! ROUND: 816
POSITION: 0 23
HYBEM SA NA UP

START!!! ROUND: 817
POSITION: 0 22
HYBEM SA NA UP

START!!! ROUND: 818
POSITION: 0 21
HYBEM SA NA DOWN

START!!! ROUND: 819
POSITION: 0 22
HYBEM SA NA UP

START!!! ROUND: 820
POSITION: 0 21
HYBEM SA NA UP

START!!! ROUND: 821
POSITION: 0 20
HYBEM SA NA DOWN

START!!! ROUND: 822
POSITION: 0 21
HYBEM SA NA UP

START!!! ROUND: 823
POSITION: 0 20
HYBEM SA NA UP

START!!! ROUND: 824
POSITION: 0 19
HYBEM SA NA DOWN

START!!! ROUND: 825
POSITION: 0 20
HYBEM SA NA UP

START!!! ROUND: 826
POSITION: 0 19
HYBEM SA NA UP

START!!! ROUND: 827
POSITION: 0 18
HYBEM SA NA DOWN

START!!! ROUND: 828
POSITION: 0 19
HYBEM SA NA UP

START!!! ROUND: 829
POSITION: 0 18
HYBEM SA NA UP

START!!! ROUND: 830
POSITION: 0 17
HYBEM SA NA DOWN

START!!! ROUND: 831
POSITION: 0 18
HYBEM SA NA RIGHT

START!!! ROUND: 832
POSITION: 1 18
HYBEM SA NA RIGHT

START!!! ROUND: 833
POSITION: 2 18
HYBEM SA NA RIGHT

START!!! ROUND: 834
POSITION: 3 18
HYBEM SA NA RIGHT

START!!! ROUND: 835
POSITION: 4 18
HYBEM SA NA RIGHT

START!!! ROUND: 836
POSITION: 5 18
HYBEM SA NA RIGHT

START!!! ROUND: 837
POSITION: 6 18
HYBEM SA NA RIGHT

START!!! ROUND: 838
POSITION: 7 18
HYBEM SA NA DOWN

START!!! ROUND: 839
POSITION: 7 19
HYBEM SA NA DOWN

START!!! ROUND: 840
POSITION: 7 20
HYBEM SA NA DOWN

START!!! ROUND: 841
POSITION: 7 21
HYBEM SA NA DOWN

START!!! ROUND: 842
POSITION: 7 22
HYBEM SA NA DOWN

START!!! ROUND: 843
POSITION: 7 23
HYBEM SA NA RIGHT

START!!! ROUND: 844
POSITION: 8 23
HYBEM SA NA UP

START!!! ROUND: 845
POSITION: 8 22
HYBEM SA NA UP

START!!! ROUND: 846
POSITION: 8 21
HYBEM SA NA RIGHT

START!!! ROUND: 847
POSITION: 9 21
HYBEM SA NA DOWN

START!!! ROUND: 848
POSITION: 9 22
HYBEM SA NA DOWN

START!!! ROUND: 849
POSITION: 9 23
HYBEM SA NA RIGHT

START!!! ROUND: 850
POSITION: 10 23
HYBEM SA NA RIGHT

START!!! ROUND: 851
POSITION: 11 23
HYBEM SA NA RIGHT

START!!! ROUND: 852
POSITION: 12 23
HYBEM SA NA RIGHT

START!!! ROUND: 853
POSITION: 13 23
HYBEM SA NA RIGHT

START!!! ROUND: 854
POSITION: 14 23
HYBEM SA NA RIGHT

START!!! ROUND: 855
POSITION: 15 23
HYBEM SA NA RIGHT

START!!! ROUND: 856
POSITION: 16 23
HYBEM SA NA UP

START!!! ROUND: 857
POSITION: 16 22
HYBEM SA NA RIGHT

START!!! ROUND: 858
POSITION: 17 22
HYBEM SA NA RIGHT

START!!! ROUND: 859
POSITION: 18 22
HYBEM SA NA DOWN

START!!! ROUND: 860
POSITION: 18 23
HYBEM SA NA RIGHT

START!!! ROUND: 861
POSITION: 19 23
HYBEM SA NA RIGHT

START!!! ROUND: 862
POSITION: 20 23
HYBEM SA NA RIGHT

START!!! ROUND: 863
POSITION: 21 23
HYBEM SA NA UP

START!!! ROUND: 864
POSITION: 21 22
HYBEM SA NA RIGHT

START!!! ROUND: 865
POSITION: 22 22
HYBEM SA NA UP

START!!! ROUND: 866
POSITION: 22 21
HYBEM SA NA DOWN

START!!! ROUND: 867
POSITION: 22 22
HYBEM SA NA RIGHT

START!!! ROUND: 868
POSITION: 23 22
HYBEM SA NA UP

START!!! ROUND: 869
POSITION: 23 21
HYBEM SA NA DOWN

START!!! ROUND: 870
POSITION: 23 22
HYBEM SA NA UP

START!!! ROUND: 871
POSITION: 23 21
HYBEM SA NA UP

START!!! ROUND: 872
POSITION: 23 20
HYBEM SA NA DOWN

START!!! ROUND: 873
POSITION: 23 21
HYBEM SA NA DOWN

START!!! ROUND: 874
POSITION: 23 22
HYBEM SA NA LEFT

START!!! ROUND: 875
POSITION: 22 22
HYBEM SA NA LEFT

START!!! ROUND: 876
POSITION: 21 22
HYBEM SA NA LEFT

START!!! ROUND: 877
POSITION: 20 22
HYBEM SA NA RIGHT

START!!! ROUND: 878
POSITION: 21 22
HYBEM SA NA RIGHT

START!!! ROUND: 879
POSITION: 22 22
HYBEM SA NA UP

START!!! ROUND: 880
POSITION: 22 21
HYBEM SA NA UP

START!!! ROUND: 881
POSITION: 22 20
HYBEM SA NA DOWN

START!!! ROUND: 882
POSITION: 22 21
HYBEM SA NA UP

START!!! ROUND: 883
POSITION: 22 20
HYBEM SA NA LEFT

START!!! ROUND: 884
POSITION: 21 20
HYBEM SA NA RIGHT

START!!! ROUND: 885
POSITION: 22 20
HYBEM SA NA LEFT

START!!! ROUND: 886
POSITION: 21 20
HYBEM SA NA UP

START!!! ROUND: 887
POSITION: 21 19
HYBEM SA NA DOWN

START!!! ROUND: 888
POSITION: 21 20
HYBEM SA NA UP

START!!! ROUND: 889
POSITION: 21 19
HYBEM SA NA LEFT

START!!! ROUND: 890
POSITION: 20 19
HYBEM SA NA RIGHT

START!!! ROUND: 891
POSITION: 21 19
HYBEM SA NA LEFT

START!!! ROUND: 892
POSITION: 20 19
HYBEM SA NA UP

START!!! ROUND: 893
POSITION: 20 18
HYBEM SA NA DOWN

START!!! ROUND: 894
POSITION: 20 19
HYBEM SA NA UP

START!!! ROUND: 895
POSITION: 20 18
HYBEM SA NA LEFT

START!!! ROUND: 896
POSITION: 19 18
HYBEM SA NA RIGHT

START!!! ROUND: 897
POSITION: 20 18
HYBEM SA NA LEFT

START!!! ROUND: 898
POSITION: 19 18
HYBEM SA NA RIGHT

START!!! ROUND: 899
POSITION: 20 18
HYBEM SA NA DOWN

START!!! ROUND: 900
POSITION: 20 19
HYBEM SA NA UP

START!!! ROUND: 901
POSITION: 20 18
HYBEM SA NA LEFT

START!!! ROUND: 902
POSITION: 19 18
HYBEM SA NA UP

START!!! ROUND: 903
POSITION: 19 17
HYBEM SA NA DOWN

START!!! ROUND: 904
POSITION: 19 18
HYBEM SA NA UP

START!!! ROUND: 905
POSITION: 19 17
HYBEM SA NA LEFT

START!!! ROUND: 906
POSITION: 18 17
HYBEM SA NA RIGHT

START!!! ROUND: 907
POSITION: 19 17
HYBEM SA NA LEFT

START!!! ROUND: 908
POSITION: 18 17
HYBEM SA NA UP

START!!! ROUND: 909
POSITION: 18 16
HYBEM SA NA DOWN

START!!! ROUND: 910
POSITION: 18 17
HYBEM SA NA UP

START!!! ROUND: 911
POSITION: 18 16
HYBEM SA NA LEFT

START!!! ROUND: 912
POSITION: 17 16
HYBEM SA NA RIGHT

START!!! ROUND: 913
POSITION: 18 16
HYBEM SA NA LEFT

START!!! ROUND: 914
POSITION: 17 16
HYBEM SA NA UP

START!!! ROUND: 915
POSITION: 17 15
HYBEM SA NA DOWN

START!!! ROUND: 916
POSITION: 17 16
HYBEM SA NA UP

START!!! ROUND: 917
POSITION: 17 15
HYBEM SA NA LEFT

START!!! ROUND: 918
POSITION: 16 15
HYBEM SA NA RIGHT

START!!! ROUND: 919
POSITION: 17 15
HYBEM SA NA LEFT

START!!! ROUND: 920
POSITION: 16 15
HYBEM SA NA UP

START!!! ROUND: 921
POSITION: 16 14
HYBEM SA NA DOWN

START!!! ROUND: 922
POSITION: 16 15
HYBEM SA NA UP

START!!! ROUND: 923
POSITION: 16 14
HYBEM SA NA LEFT

START!!! ROUND: 924
POSITION: 15 14
HYBEM SA NA RIGHT

START!!! ROUND: 925
POSITION: 16 14
HYBEM SA NA LEFT

START!!! ROUND: 926
POSITION: 15 14
HYBEM SA NA UP

START!!! ROUND: 927
POSITION: 15 13
HYBEM SA NA DOWN

START!!! ROUND: 928
POSITION: 15 14
HYBEM SA NA UP

START!!! ROUND: 929
POSITION: 15 13
HYBEM SA NA LEFT

START!!! ROUND: 930
POSITION: 14 13
HYBEM SA NA RIGHT

START!!! ROUND: 931
POSITION: 15 13
HYBEM SA NA LEFT

START!!! ROUND: 932
POSITION: 14 13
HYBEM SA NA UP

START!!! ROUND: 933
POSITION: 14 12
HYBEM SA NA DOWN

START!!! ROUND: 934
POSITION: 14 13
HYBEM SA NA UP

START!!! ROUND: 935
POSITION: 14 12
HYBEM SA NA LEFT

START!!! ROUND: 936
POSITION: 13 12
HYBEM SA NA LEFT

START!!! ROUND: 937
POSITION: 12 12
HYBEM SA NA LEFT

START!!! ROUND: 938
POSITION: 11 12
HYBEM SA NA LEFT

START!!! ROUND: 939
POSITION: 10 12
HYBEM SA NA DOWN

START!!! ROUND: 940
POSITION: 10 13
HYBEM SA NA DOWN

START!!! ROUND: 941
POSITION: 10 14
HYBEM SA NA DOWN

START!!! ROUND: 942
POSITION: 10 15
HYBEM SA NA DOWN

START!!! ROUND: 943
POSITION: 10 16
HYBEM SA NA DOWN

START!!! ROUND: 944
POSITION: 10 17
HYBEM SA NA DOWN

START!!! ROUND: 945
POSITION: 10 18
HYBEM SA NA DOWN

START!!! ROUND: 946
POSITION: 10 19
HYBEM SA NA DOWN

START!!! ROUND: 947
POSITION: 10 20
HYBEM SA NA DOWN

START!!! ROUND: 948
POSITION: 10 21
HYBEM SA NA DOWN

START!!! ROUND: 949
POSITION: 10 22
HYBEM SA NA RIGHT

START!!! ROUND: 950
POSITION: 11 22
HYBEM SA NA RIGHT

START!!! ROUND: 951
POSITION: 12 22
HYBEM SA NA RIGHT

START!!! ROUND: 952
POSITION: 13 22
HYBEM SA NA UP

START!!! ROUND: 953
POSITION: 13 21
HYBEM SA NA UP

START!!! ROUND: 954
POSITION: 13 20
HYBEM SA NA LEFT

START!!! ROUND: 955
POSITION: 12 20
HYBEM SA NA LEFT

START!!! ROUND: 956
POSITION: 11 20
HYBEM SA NA UP

START!!! ROUND: 957
POSITION: 11 19
HYBEM SA NA UP

START!!! ROUND: 958
POSITION: 11 18
HYBEM SA NA RIGHT

START!!! ROUND: 959
POSITION: 12 18
HYBEM SA NA RIGHT

START!!! ROUND: 960
POSITION: 13 18
HYBEM SA NA DOWN

START!!! ROUND: 961
POSITION: 13 19
HYBEM SA NA RIGHT

START!!! ROUND: 962
POSITION: 14 19
HYBEM SA NA RIGHT

START!!! ROUND: 963
POSITION: 15 19
HYBEM SA NA DOWN

START!!! ROUND: 964
POSITION: 15 20
HYBEM SA NA LEFT

START!!! ROUND: 965
POSITION: 14 20
HYBEM SA NA DOWN

START!!! ROUND: 966
POSITION: 14 21
HYBEM SA NA DOWN

START!!! ROUND: 967
POSITION: 14 22
HYBEM SA NA RIGHT

START!!! ROUND: 968
POSITION: 15 22
HYBEM SA NA RIGHT

START!!! ROUND: 969
POSITION: 16 22
HYBEM SA NA LEFT

START!!! ROUND: 970
POSITION: 15 22
HYBEM SA NA LEFT

START!!! ROUND: 971
POSITION: 14 22
HYBEM SA NA LEFT

START!!! ROUND: 972
POSITION: 13 22
HYBEM SA NA LEFT

START!!! ROUND: 973
POSITION: 12 22
HYBEM SA NA LEFT

START!!! ROUND: 974
POSITION: 11 22
HYBEM SA NA LEFT

START!!! ROUND: 975
POSITION: 10 22
HYBEM SA NA LEFT

START!!! ROUND: 976
POSITION: 9 22
HYBEM SA NA RIGHT

START!!! ROUND: 977
POSITION: 10 22
HYBEM SA NA LEFT

START!!! ROUND: 978
POSITION: 9 22
HYBEM SA NA UP

START!!! ROUND: 979
POSITION: 9 21
HYBEM SA NA DOWN

START!!! ROUND: 980
POSITION: 9 22
HYBEM SA NA UP

START!!! ROUND: 981
POSITION: 9 21
HYBEM SA NA UP

START!!! ROUND: 982
POSITION: 9 20
HYBEM SA NA DOWN

START!!! ROUND: 983
POSITION: 9 21
HYBEM SA NA DOWN

START!!! ROUND: 984
POSITION: 9 22
HYBEM SA NA LEFT

START!!! ROUND: 985
POSITION: 8 22
HYBEM SA NA UP

START!!! ROUND: 986
POSITION: 8 21
HYBEM SA NA UP

START!!! ROUND: 987
POSITION: 8 20
HYBEM SA NA RIGHT

START!!! ROUND: 988
POSITION: 9 20
HYBEM SA NA DOWN

START!!! ROUND: 989
POSITION: 9 21
HYBEM SA NA UP

START!!! ROUND: 990
POSITION: 9 20
HYBEM SA NA UP

