2
2 0
3...0

2 0
3...1

3 0
3...2

3 0
3...3

0 3
0...4

2 3
1...5

1 3
2...6

0 3
3...7

0 3
3...8

0 3
3...9

1 3
3...10

0 3
1...11

3 3
2...12

2 3
3...13

2 3
3...14

2 3
3...15

2 3
3...16

2 3
3...17

1 1
0...18

2 1
1...19

3 1
1...20

0 1
1...21

0 1
1...22

3 1
1...23

3 1
1...24

3 1
1...25

3 1
1...26

3 1
1...27

3 1
2...28

2 1
3...29

2 1
3...30

2 1
3...31

2 1
3...32

3 1
3...33

3 0
0...34

3 0
1...35

1 0
1...36

2 0
1...37

1 0
1...38

1 0
2...39

0 0
3...40

0 0
3...41

0 0
3...42

0 0
3...43

0 0
3...44

0 0
3...45

0 0
1...46

3 0
2...47

2 1
1...48

1 1
2...49

0 1
1...50

3 1
2...51

2 1
1...52

1 1
1...53

1 1
2...54

2 1
3...55

2 1
3...56

2 1
3...57

2 1
1...58

3 1
2...59

3 3
1...60

2 3
1...61

0 3
1...62

0 3
2...63

3 3
1...64

2 3
1...65

2 3
1...66

2 3
1...67

2 3
1...68

2 3
1...69

2 3
1...70

2 3
1...71

2 3
1...72

2 3
1...73

2 3
1...74

2 3
1...75

2 3
1...76

2 3
1...77

2 3
1...78

2 3
1...79

2 3
1...80

2 3
1...81

2 3
1...82

2 3
1...83

2 3
1...84

2 3
1...85

3 3
1...86

2 3
1...87

2 3
1...88

2 3
1...89

2 3
1...90

2 3
1...91

2 3
1...92

3 3
1...93

3 3
1...94

3 3
1...95

3 3
1...96

3 3
1...97

3 3
1...98

3 3
1...99

3 3
1...100

3 3
1...101

3 3
1...102

3 3
1...103

3 3
1...104

3 3
1...105

3 3
1...106

3 3
1...107

3 3
1...108

3 3
1...109

3 3
1...110

3 3
1...111

3 3
1...112

3 3
1...113

3 3
1...114

3 3
1...115

3 3
1...116

3 3
1...117

3 3
1...118

3 3
1...119

