2
START!!! ROUND: 0
POSITION: 15 14
HYBEM SA NA LEFT

START!!! ROUND: 1
POSITION: 14 14
HYBEM SA NA DOWN

START!!! ROUND: 2
POSITION: 14 15
HYBEM SA NA LEFT

START!!! ROUND: 3
POSITION: 13 15
HYBEM SA NA RIGHT

START!!! ROUND: 4
POSITION: 14 15
HYBEM SA NA DOWN

START!!! ROUND: 5
POSITION: 14 16
HYBEM SA NA RIGHT

START!!! ROUND: 6
POSITION: 15 16
HYBEM SA NA RIGHT

START!!! ROUND: 7
POSITION: 16 16
HYBEM SA NA RIGHT

START!!! ROUND: 8
POSITION: 17 16
HYBEM SA NA UP

START!!! ROUND: 9
POSITION: 17 15
HYBEM SA NA UP

START!!! ROUND: 10
POSITION: 17 14
HYBEM SA NA UP

START!!! ROUND: 11
POSITION: 17 13
HYBEM SA NA LEFT

START!!! ROUND: 12
POSITION: 16 13
HYBEM SA NA LEFT

START!!! ROUND: 13
POSITION: 15 13
HYBEM SA NA UP

START!!! ROUND: 14
POSITION: 15 12
HYBEM SA NA DOWN

START!!! ROUND: 15
POSITION: 15 13
HYBEM SA NA LEFT

START!!! ROUND: 16
POSITION: 14 13
HYBEM SA NA LEFT

START!!! ROUND: 17
POSITION: 13 13
HYBEM SA NA DOWN

START!!! ROUND: 18
POSITION: 13 14
HYBEM SA NA DOWN

START!!! ROUND: 19
POSITION: 13 15
HYBEM SA NA DOWN

START!!! ROUND: 20
POSITION: 13 16
HYBEM SA NA DOWN

START!!! ROUND: 21
POSITION: 13 17
HYBEM SA NA DOWN

START!!! ROUND: 22
POSITION: 13 18
HYBEM SA NA DOWN

START!!! ROUND: 23
POSITION: 13 19
HYBEM SA NA RIGHT

START!!! ROUND: 24
POSITION: 14 19
HYBEM SA NA RIGHT

START!!! ROUND: 25
POSITION: 15 19
HYBEM SA NA RIGHT

START!!! ROUND: 26
POSITION: 16 19
HYBEM SA NA UP

START!!! ROUND: 27
POSITION: 16 18
HYBEM SA NA RIGHT

START!!! ROUND: 28
POSITION: 17 18
HYBEM SA NA UP

START!!! ROUND: 29
POSITION: 17 17
HYBEM SA NA UP

START!!! ROUND: 30
POSITION: 17 16
HYBEM SA NA UP

START!!! ROUND: 31
POSITION: 17 15
HYBEM SA NA LEFT

START!!! ROUND: 32
POSITION: 16 15
HYBEM SA NA RIGHT

START!!! ROUND: 33
POSITION: 17 15
HYBEM SA NA DOWN

START!!! ROUND: 34
POSITION: 17 16
HYBEM SA NA UP

START!!! ROUND: 35
POSITION: 17 15
HYBEM SA NA RIGHT

START!!! ROUND: 36
POSITION: 18 15
HYBEM SA NA LEFT

START!!! ROUND: 37
POSITION: 17 15
HYBEM SA NA UP

START!!! ROUND: 38
POSITION: 17 14
HYBEM SA NA UP

START!!! ROUND: 39
POSITION: 17 13
HYBEM SA NA LEFT

START!!! ROUND: 40
POSITION: 16 13
HYBEM SA NA RIGHT

START!!! ROUND: 41
POSITION: 17 13
HYBEM SA NA UP

START!!! ROUND: 42
POSITION: 17 12
HYBEM SA NA DOWN

START!!! ROUND: 43
POSITION: 17 13
HYBEM SA NA RIGHT

START!!! ROUND: 44
POSITION: 18 13
HYBEM SA NA LEFT

START!!! ROUND: 45
POSITION: 17 13
HYBEM SA NA UP

START!!! ROUND: 46
POSITION: 17 12
NEMOZEM SA HYBAT -> DOWN

START!!! ROUND: 47
POSITION: 17 13
HYBEM SA NA LEFT

START!!! ROUND: 48
POSITION: 16 13
HYBEM SA NA LEFT

START!!! ROUND: 49
POSITION: 15 13
HYBEM SA NA RIGHT

START!!! ROUND: 50
POSITION: 16 13
HYBEM SA NA RIGHT

START!!! ROUND: 51
POSITION: 17 13
HYBEM SA NA RIGHT

START!!! ROUND: 52
POSITION: 18 13
HYBEM SA NA RIGHT

START!!! ROUND: 53
POSITION: 19 13
HYBEM SA NA LEFT

START!!! ROUND: 54
POSITION: 18 13
HYBEM SA NA UP

START!!! ROUND: 55
POSITION: 18 12
HYBEM SA NA UP

START!!! ROUND: 56
POSITION: 18 11
HYBEM SA NA UP

START!!! ROUND: 57
POSITION: 18 10
HYBEM SA NA LEFT

START!!! ROUND: 58
POSITION: 17 10
HYBEM SA NA LEFT

START!!! ROUND: 59
POSITION: 16 10
HYBEM SA NA DOWN

START!!! ROUND: 60
POSITION: 16 11
HYBEM SA NA RIGHT

START!!! ROUND: 61
POSITION: 17 11
HYBEM SA NA DOWN

START!!! ROUND: 62
POSITION: 17 12
HYBEM SA NA RIGHT

START!!! ROUND: 63
POSITION: 18 12
HYBEM SA NA RIGHT

START!!! ROUND: 64
POSITION: 19 12
HYBEM SA NA LEFT

START!!! ROUND: 65
POSITION: 18 12
HYBEM SA NA UP

START!!! ROUND: 66
POSITION: 18 11
HYBEM SA NA RIGHT

START!!! ROUND: 67
POSITION: 19 11
HYBEM SA NA DOWN

START!!! ROUND: 68
POSITION: 19 12
HYBEM SA NA LEFT

START!!! ROUND: 69
POSITION: 18 12
HYBEM SA NA UP

START!!! ROUND: 70
POSITION: 18 11
HYBEM SA NA LEFT

START!!! ROUND: 71
POSITION: 17 11
HYBEM SA NA UP

START!!! ROUND: 72
POSITION: 17 10
HYBEM SA NA UP

START!!! ROUND: 73
POSITION: 17 9
HYBEM SA NA DOWN

START!!! ROUND: 74
POSITION: 17 10
HYBEM SA NA LEFT

START!!! ROUND: 75
POSITION: 16 10
HYBEM SA NA LEFT

START!!! ROUND: 76
POSITION: 15 10
HYBEM SA NA LEFT

START!!! ROUND: 77
POSITION: 14 10
HYBEM SA NA UP

START!!! ROUND: 78
POSITION: 14 9
HYBEM SA NA UP

START!!! ROUND: 79
POSITION: 14 8
HYBEM SA NA LEFT

START!!! ROUND: 80
POSITION: 13 8
HYBEM SA NA LEFT

START!!! ROUND: 81
POSITION: 12 8
HYBEM SA NA DOWN

START!!! ROUND: 82
POSITION: 12 9
HYBEM SA NA DOWN

START!!! ROUND: 83
POSITION: 12 10
HYBEM SA NA DOWN

START!!! ROUND: 84
POSITION: 12 11
HYBEM SA NA DOWN

START!!! ROUND: 85
POSITION: 12 12
HYBEM SA NA RIGHT

START!!! ROUND: 86
POSITION: 13 12
HYBEM SA NA DOWN

START!!! ROUND: 87
POSITION: 13 13
HYBEM SA NA DOWN

START!!! ROUND: 88
POSITION: 13 14
HYBEM SA NA LEFT

START!!! ROUND: 89
POSITION: 12 14
HYBEM SA NA RIGHT

START!!! ROUND: 90
POSITION: 13 14
HYBEM SA NA DOWN

START!!! ROUND: 91
POSITION: 13 15
HYBEM SA NA DOWN

START!!! ROUND: 92
POSITION: 13 16
HYBEM SA NA UP

START!!! ROUND: 93
POSITION: 13 15
HYBEM SA NA DOWN

START!!! ROUND: 94
POSITION: 13 16
HYBEM SA NA LEFT

START!!! ROUND: 95
POSITION: 12 16
HYBEM SA NA LEFT

START!!! ROUND: 96
POSITION: 11 16
HYBEM SA NA LEFT

START!!! ROUND: 97
POSITION: 10 16
HYBEM SA NA LEFT

START!!! ROUND: 98
POSITION: 9 16
HYBEM SA NA UP

START!!! ROUND: 99
POSITION: 9 15
HYBEM SA NA RIGHT

START!!! ROUND: 100
POSITION: 10 15
HYBEM SA NA UP

START!!! ROUND: 101
POSITION: 10 14
HYBEM SA NA UP

START!!! ROUND: 102
POSITION: 10 13
HYBEM SA NA LEFT

START!!! ROUND: 103
POSITION: 9 13
HYBEM SA NA UP

START!!! ROUND: 104
POSITION: 9 12
HYBEM SA NA LEFT

START!!! ROUND: 105
POSITION: 8 12
HYBEM SA NA UP

START!!! ROUND: 106
POSITION: 8 11
HYBEM SA NA UP

START!!! ROUND: 107
POSITION: 8 10
HYBEM SA NA UP

START!!! ROUND: 108
POSITION: 8 9
HYBEM SA NA UP

START!!! ROUND: 109
POSITION: 8 8
HYBEM SA NA RIGHT

START!!! ROUND: 110
POSITION: 9 8
HYBEM SA NA RIGHT

START!!! ROUND: 111
POSITION: 10 8
HYBEM SA NA RIGHT

START!!! ROUND: 112
POSITION: 11 8
HYBEM SA NA RIGHT

START!!! ROUND: 113
POSITION: 12 8
HYBEM SA NA UP

START!!! ROUND: 114
POSITION: 12 7
HYBEM SA NA UP

START!!! ROUND: 115
POSITION: 12 6
HYBEM SA NA RIGHT

START!!! ROUND: 116
POSITION: 13 6
HYBEM SA NA RIGHT

START!!! ROUND: 117
POSITION: 14 6
HYBEM SA NA RIGHT

START!!! ROUND: 118
POSITION: 15 6
HYBEM SA NA RIGHT

START!!! ROUND: 119
POSITION: 16 6
HYBEM SA NA RIGHT

START!!! ROUND: 120
POSITION: 17 6
HYBEM SA NA DOWN

START!!! ROUND: 121
POSITION: 17 7
HYBEM SA NA DOWN

START!!! ROUND: 122
POSITION: 17 8
HYBEM SA NA DOWN

START!!! ROUND: 123
POSITION: 17 9
HYBEM SA NA UP

START!!! ROUND: 124
POSITION: 17 8
HYBEM SA NA RIGHT

START!!! ROUND: 125
POSITION: 18 8
HYBEM SA NA RIGHT

START!!! ROUND: 126
POSITION: 19 8
HYBEM SA NA UP

START!!! ROUND: 127
POSITION: 19 7
HYBEM SA NA LEFT

START!!! ROUND: 128
POSITION: 18 7
HYBEM SA NA LEFT

START!!! ROUND: 129
POSITION: 17 7
HYBEM SA NA UP

START!!! ROUND: 130
POSITION: 17 6
HYBEM SA NA UP

START!!! ROUND: 131
POSITION: 17 5
HYBEM SA NA LEFT

START!!! ROUND: 132
POSITION: 16 5
HYBEM SA NA LEFT

START!!! ROUND: 133
POSITION: 15 5
HYBEM SA NA LEFT

START!!! ROUND: 134
POSITION: 14 5
HYBEM SA NA UP

START!!! ROUND: 135
POSITION: 14 4
HYBEM SA NA UP

START!!! ROUND: 136
POSITION: 14 3
HYBEM SA NA LEFT

START!!! ROUND: 137
POSITION: 13 3
HYBEM SA NA UP

START!!! ROUND: 138
POSITION: 13 2
HYBEM SA NA UP

START!!! ROUND: 139
POSITION: 13 1
HYBEM SA NA LEFT

START!!! ROUND: 140
POSITION: 12 1
HYBEM SA NA LEFT

START!!! ROUND: 141
POSITION: 11 1
HYBEM SA NA LEFT

START!!! ROUND: 142
POSITION: 10 1
HYBEM SA NA DOWN

START!!! ROUND: 143
POSITION: 10 2
HYBEM SA NA LEFT

START!!! ROUND: 144
POSITION: 9 2
NEMOZEM SA HYBAT -> DOWN

START!!! ROUND: 145
POSITION: 9 3
NEMOZEM SA HYBAT -> RIGHT

START!!! ROUND: 146
POSITION: 10 3
HYBEM SA NA DOWN

START!!! ROUND: 147
POSITION: 10 4
HYBEM SA NA DOWN

START!!! ROUND: 148
POSITION: 10 5
HYBEM SA NA DOWN

START!!! ROUND: 149
POSITION: 10 6
HYBEM SA NA DOWN

START!!! ROUND: 150
POSITION: 10 7
HYBEM SA NA DOWN

START!!! ROUND: 151
POSITION: 10 8
HYBEM SA NA LEFT

START!!! ROUND: 152
POSITION: 9 8
HYBEM SA NA UP

START!!! ROUND: 153
POSITION: 9 7
HYBEM SA NA UP

START!!! ROUND: 154
POSITION: 9 6
HYBEM SA NA RIGHT

START!!! ROUND: 155
POSITION: 10 6
HYBEM SA NA UP

START!!! ROUND: 156
POSITION: 10 5
HYBEM SA NA UP

START!!! ROUND: 157
POSITION: 10 4
HYBEM SA NA LEFT

START!!! ROUND: 158
POSITION: 9 4
HYBEM SA NA RIGHT

START!!! ROUND: 159
POSITION: 10 4
HYBEM SA NA LEFT

START!!! ROUND: 160
POSITION: 9 4
HYBEM SA NA UP

START!!! ROUND: 161
POSITION: 9 3
HYBEM SA NA LEFT

START!!! ROUND: 162
POSITION: 8 3
HYBEM SA NA LEFT

START!!! ROUND: 163
POSITION: 7 3
HYBEM SA NA UP

START!!! ROUND: 164
POSITION: 7 2
HYBEM SA NA UP

START!!! ROUND: 165
POSITION: 7 1
HYBEM SA NA RIGHT

START!!! ROUND: 166
POSITION: 8 1
HYBEM SA NA DOWN

START!!! ROUND: 167
POSITION: 8 2
HYBEM SA NA RIGHT

START!!! ROUND: 168
POSITION: 9 2
HYBEM SA NA LEFT

START!!! ROUND: 169
POSITION: 8 2
HYBEM SA NA DOWN

START!!! ROUND: 170
POSITION: 8 3
HYBEM SA NA RIGHT

START!!! ROUND: 171
POSITION: 9 3
HYBEM SA NA LEFT

START!!! ROUND: 172
POSITION: 8 3
HYBEM SA NA LEFT

START!!! ROUND: 173
POSITION: 7 3
HYBEM SA NA LEFT

START!!! ROUND: 174
POSITION: 6 3
HYBEM SA NA RIGHT

START!!! ROUND: 175
POSITION: 7 3
HYBEM SA NA DOWN

START!!! ROUND: 176
POSITION: 7 4
HYBEM SA NA LEFT

START!!! ROUND: 177
POSITION: 6 4
HYBEM SA NA UP

START!!! ROUND: 178
POSITION: 6 3
HYBEM SA NA RIGHT

START!!! ROUND: 179
POSITION: 7 3
HYBEM SA NA LEFT

START!!! ROUND: 180
POSITION: 6 3
HYBEM SA NA RIGHT

START!!! ROUND: 181
POSITION: 7 3
HYBEM SA NA RIGHT

START!!! ROUND: 182
POSITION: 8 3
HYBEM SA NA UP

START!!! ROUND: 183
POSITION: 8 2
HYBEM SA NA UP

START!!! ROUND: 184
POSITION: 8 1
HYBEM SA NA UP

START!!! ROUND: 185
POSITION: 8 0
HYBEM SA NA DOWN

START!!! ROUND: 186
POSITION: 8 1
HYBEM SA NA LEFT

START!!! ROUND: 187
POSITION: 7 1
HYBEM SA NA LEFT

START!!! ROUND: 188
POSITION: 6 1
HYBEM SA NA RIGHT

START!!! ROUND: 189
POSITION: 7 1
HYBEM SA NA RIGHT

START!!! ROUND: 190
POSITION: 8 1
HYBEM SA NA LEFT

START!!! ROUND: 191
POSITION: 7 1
HYBEM SA NA UP

START!!! ROUND: 192
POSITION: 7 0
HYBEM SA NA LEFT

START!!! ROUND: 193
POSITION: 6 0
HYBEM SA NA DOWN

START!!! ROUND: 194
POSITION: 6 1
HYBEM SA NA UP

START!!! ROUND: 195
POSITION: 6 0
HYBEM SA NA LEFT

START!!! ROUND: 196
POSITION: 5 0
HYBEM SA NA RIGHT

START!!! ROUND: 197
POSITION: 6 0
HYBEM SA NA LEFT

START!!! ROUND: 198
POSITION: 5 0
HYBEM SA NA LEFT

START!!! ROUND: 199
POSITION: 4 0
HYBEM SA NA RIGHT

START!!! ROUND: 200
POSITION: 5 0
HYBEM SA NA LEFT

START!!! ROUND: 201
POSITION: 4 0
HYBEM SA NA LEFT

START!!! ROUND: 202
POSITION: 3 0
HYBEM SA NA LEFT

START!!! ROUND: 203
POSITION: 2 0
HYBEM SA NA DOWN

START!!! ROUND: 204
POSITION: 2 1
HYBEM SA NA RIGHT

START!!! ROUND: 205
POSITION: 3 1
HYBEM SA NA RIGHT

START!!! ROUND: 206
POSITION: 4 1
HYBEM SA NA UP

START!!! ROUND: 207
POSITION: 4 0
HYBEM SA NA LEFT

START!!! ROUND: 208
POSITION: 3 0
HYBEM SA NA LEFT

START!!! ROUND: 209
POSITION: 2 0
HYBEM SA NA LEFT

START!!! ROUND: 210
POSITION: 1 0
HYBEM SA NA LEFT

START!!! ROUND: 211
POSITION: 0 0
HYBEM SA NA DOWN

START!!! ROUND: 212
POSITION: 0 1
HYBEM SA NA RIGHT

START!!! ROUND: 213
POSITION: 1 1
HYBEM SA NA DOWN

START!!! ROUND: 214
POSITION: 1 2
HYBEM SA NA RIGHT

START!!! ROUND: 215
POSITION: 2 2
HYBEM SA NA RIGHT

START!!! ROUND: 216
POSITION: 3 2
HYBEM SA NA UP

START!!! ROUND: 217
POSITION: 3 1
HYBEM SA NA DOWN

START!!! ROUND: 218
POSITION: 3 2
HYBEM SA NA DOWN

START!!! ROUND: 219
POSITION: 3 3
HYBEM SA NA UP

START!!! ROUND: 220
POSITION: 3 2
HYBEM SA NA UP

START!!! ROUND: 221
POSITION: 3 1
HYBEM SA NA UP

START!!! ROUND: 222
POSITION: 3 0
HYBEM SA NA DOWN

START!!! ROUND: 223
POSITION: 3 1
HYBEM SA NA UP

START!!! ROUND: 224
POSITION: 3 0
HYBEM SA NA RIGHT

START!!! ROUND: 225
POSITION: 4 0
HYBEM SA NA LEFT

START!!! ROUND: 226
POSITION: 3 0
HYBEM SA NA DOWN

START!!! ROUND: 227
POSITION: 3 1
HYBEM SA NA DOWN

START!!! ROUND: 228
POSITION: 3 2
HYBEM SA NA DOWN

START!!! ROUND: 229
POSITION: 3 3
HYBEM SA NA UP

START!!! ROUND: 230
POSITION: 3 2
HYBEM SA NA UP

START!!! ROUND: 231
POSITION: 3 1
HYBEM SA NA DOWN

START!!! ROUND: 232
POSITION: 3 2
HYBEM SA NA DOWN

START!!! ROUND: 233
POSITION: 3 3
HYBEM SA NA DOWN

START!!! ROUND: 234
POSITION: 3 4
HYBEM SA NA UP

START!!! ROUND: 235
POSITION: 3 3
HYBEM SA NA RIGHT

START!!! ROUND: 236
POSITION: 4 3
HYBEM SA NA RIGHT

START!!! ROUND: 237
POSITION: 5 3
HYBEM SA NA RIGHT

START!!! ROUND: 238
POSITION: 6 3
HYBEM SA NA RIGHT

START!!! ROUND: 239
POSITION: 7 3
HYBEM SA NA RIGHT

START!!! ROUND: 240
POSITION: 8 3
HYBEM SA NA LEFT

START!!! ROUND: 241
POSITION: 7 3
HYBEM SA NA DOWN

START!!! ROUND: 242
POSITION: 7 4
HYBEM SA NA DOWN

START!!! ROUND: 243
POSITION: 7 5
HYBEM SA NA LEFT

START!!! ROUND: 244
POSITION: 6 5
HYBEM SA NA LEFT

START!!! ROUND: 245
POSITION: 5 5
HYBEM SA NA UP

START!!! ROUND: 246
POSITION: 5 4
HYBEM SA NA UP

START!!! ROUND: 247
POSITION: 5 3
HYBEM SA NA UP

START!!! ROUND: 248
POSITION: 5 2
HYBEM SA NA DOWN

START!!! ROUND: 249
POSITION: 5 3
HYBEM SA NA LEFT

START!!! ROUND: 250
POSITION: 4 3
HYBEM SA NA DOWN

START!!! ROUND: 251
POSITION: 4 4
HYBEM SA NA DOWN

START!!! ROUND: 252
POSITION: 4 5
HYBEM SA NA LEFT

START!!! ROUND: 253
POSITION: 3 5
HYBEM SA NA DOWN

START!!! ROUND: 254
POSITION: 3 6
HYBEM SA NA RIGHT

START!!! ROUND: 255
POSITION: 4 6
HYBEM SA NA RIGHT

START!!! ROUND: 256
POSITION: 5 6
HYBEM SA NA RIGHT

START!!! ROUND: 257
POSITION: 6 6
HYBEM SA NA RIGHT

START!!! ROUND: 258
POSITION: 7 6
HYBEM SA NA UP

START!!! ROUND: 259
POSITION: 7 5
HYBEM SA NA RIGHT

START!!! ROUND: 260
POSITION: 8 5
HYBEM SA NA LEFT

START!!! ROUND: 261
POSITION: 7 5
HYBEM SA NA DOWN

START!!! ROUND: 262
POSITION: 7 6
HYBEM SA NA UP

START!!! ROUND: 263
POSITION: 7 5
HYBEM SA NA DOWN

START!!! ROUND: 264
POSITION: 7 6
HYBEM SA NA DOWN

START!!! ROUND: 265
POSITION: 7 7
HYBEM SA NA RIGHT

START!!! ROUND: 266
POSITION: 8 7
HYBEM SA NA DOWN

START!!! ROUND: 267
POSITION: 8 8
HYBEM SA NA DOWN

START!!! ROUND: 268
POSITION: 8 9
HYBEM SA NA LEFT

START!!! ROUND: 269
POSITION: 7 9
HYBEM SA NA LEFT

START!!! ROUND: 270
POSITION: 6 9
HYBEM SA NA DOWN

START!!! ROUND: 271
POSITION: 6 10
HYBEM SA NA DOWN

START!!! ROUND: 272
POSITION: 6 11
HYBEM SA NA RIGHT

START!!! ROUND: 273
POSITION: 7 11
HYBEM SA NA DOWN

START!!! ROUND: 274
POSITION: 7 12
HYBEM SA NA RIGHT

START!!! ROUND: 275
POSITION: 8 12
HYBEM SA NA LEFT

START!!! ROUND: 276
POSITION: 7 12
HYBEM SA NA DOWN

START!!! ROUND: 277
POSITION: 7 13
HYBEM SA NA LEFT

START!!! ROUND: 278
POSITION: 6 13
HYBEM SA NA LEFT

START!!! ROUND: 279
POSITION: 5 13
HYBEM SA NA LEFT

START!!! ROUND: 280
POSITION: 4 13
HYBEM SA NA LEFT

START!!! ROUND: 281
POSITION: 3 13
HYBEM SA NA LEFT

START!!! ROUND: 282
POSITION: 2 13
HYBEM SA NA LEFT

START!!! ROUND: 283
POSITION: 1 13
HYBEM SA NA LEFT

START!!! ROUND: 284
POSITION: 0 13
HYBEM SA NA UP

START!!! ROUND: 285
POSITION: 0 12
HYBEM SA NA UP

START!!! ROUND: 286
POSITION: 0 11
HYBEM SA NA UP

START!!! ROUND: 287
POSITION: 0 10
HYBEM SA NA RIGHT

START!!! ROUND: 288
POSITION: 1 10
HYBEM SA NA RIGHT

START!!! ROUND: 289
POSITION: 2 10
HYBEM SA NA RIGHT

START!!! ROUND: 290
POSITION: 3 10
HYBEM SA NA DOWN

START!!! ROUND: 291
POSITION: 3 11
HYBEM SA NA RIGHT

START!!! ROUND: 292
POSITION: 4 11
HYBEM SA NA UP

START!!! ROUND: 293
POSITION: 4 10
HYBEM SA NA UP

START!!! ROUND: 294
POSITION: 4 9
HYBEM SA NA RIGHT

START!!! ROUND: 295
POSITION: 5 9
HYBEM SA NA RIGHT

START!!! ROUND: 296
POSITION: 6 9
HYBEM SA NA UP

START!!! ROUND: 297
POSITION: 6 8
HYBEM SA NA RIGHT

START!!! ROUND: 298
POSITION: 7 8
HYBEM SA NA RIGHT

START!!! ROUND: 299
POSITION: 8 8
HYBEM SA NA LEFT

START!!! ROUND: 300
POSITION: 7 8
HYBEM SA NA LEFT

START!!! ROUND: 301
POSITION: 6 8
HYBEM SA NA DOWN

START!!! ROUND: 302
POSITION: 6 9
HYBEM SA NA DOWN

START!!! ROUND: 303
POSITION: 6 10
HYBEM SA NA LEFT

START!!! ROUND: 304
POSITION: 5 10
HYBEM SA NA LEFT

START!!! ROUND: 305
POSITION: 4 10
HYBEM SA NA LEFT

START!!! ROUND: 306
POSITION: 3 10
HYBEM SA NA UP

START!!! ROUND: 307
POSITION: 3 9
HYBEM SA NA UP

START!!! ROUND: 308
POSITION: 3 8
HYBEM SA NA LEFT

START!!! ROUND: 309
POSITION: 2 8
HYBEM SA NA UP

START!!! ROUND: 310
POSITION: 2 7
HYBEM SA NA LEFT

START!!! ROUND: 311
POSITION: 1 7
HYBEM SA NA LEFT

START!!! ROUND: 312
POSITION: 0 7
HYBEM SA NA UP

START!!! ROUND: 313
POSITION: 0 6
HYBEM SA NA UP

START!!! ROUND: 314
POSITION: 0 5
HYBEM SA NA UP

START!!! ROUND: 315
POSITION: 0 4
HYBEM SA NA UP

START!!! ROUND: 316
POSITION: 0 3
HYBEM SA NA UP

START!!! ROUND: 317
POSITION: 0 2
HYBEM SA NA UP

START!!! ROUND: 318
POSITION: 0 1
HYBEM SA NA UP

START!!! ROUND: 319
POSITION: 0 0
HYBEM SA NA RIGHT

START!!! ROUND: 320
POSITION: 1 0
HYBEM SA NA RIGHT

START!!! ROUND: 321
POSITION: 2 0
HYBEM SA NA LEFT

START!!! ROUND: 322
POSITION: 1 0
HYBEM SA NA DOWN

START!!! ROUND: 323
POSITION: 1 1
HYBEM SA NA DOWN

START!!! ROUND: 324
POSITION: 1 2
HYBEM SA NA DOWN

START!!! ROUND: 325
POSITION: 1 3
HYBEM SA NA LEFT

START!!! ROUND: 326
POSITION: 0 3
HYBEM SA NA DOWN

START!!! ROUND: 327
POSITION: 0 4
HYBEM SA NA DOWN

START!!! ROUND: 328
POSITION: 0 5
HYBEM SA NA RIGHT

START!!! ROUND: 329
POSITION: 1 5
HYBEM SA NA DOWN

START!!! ROUND: 330
POSITION: 1 6
HYBEM SA NA DOWN

START!!! ROUND: 331
POSITION: 1 7
HYBEM SA NA UP

START!!! ROUND: 332
POSITION: 1 6
HYBEM SA NA RIGHT

START!!! ROUND: 333
POSITION: 2 6
HYBEM SA NA RIGHT

START!!! ROUND: 334
POSITION: 3 6
HYBEM SA NA RIGHT

START!!! ROUND: 335
POSITION: 4 6
HYBEM SA NA RIGHT

START!!! ROUND: 336
POSITION: 5 6
HYBEM SA NA RIGHT

START!!! ROUND: 337
POSITION: 6 6
HYBEM SA NA UP

START!!! ROUND: 338
POSITION: 6 5
HYBEM SA NA UP

START!!! ROUND: 339
POSITION: 6 4
HYBEM SA NA LEFT

START!!! ROUND: 340
POSITION: 5 4
HYBEM SA NA LEFT

START!!! ROUND: 341
POSITION: 4 4
HYBEM SA NA LEFT

START!!! ROUND: 342
POSITION: 3 4
HYBEM SA NA UP

START!!! ROUND: 343
POSITION: 3 3
HYBEM SA NA UP

START!!! ROUND: 344
POSITION: 3 2
HYBEM SA NA LEFT

START!!! ROUND: 345
POSITION: 2 2
HYBEM SA NA RIGHT

START!!! ROUND: 346
POSITION: 3 2
HYBEM SA NA DOWN

START!!! ROUND: 347
POSITION: 3 3
HYBEM SA NA RIGHT

START!!! ROUND: 348
POSITION: 4 3
HYBEM SA NA LEFT

START!!! ROUND: 349
POSITION: 3 3
HYBEM SA NA RIGHT

START!!! ROUND: 350
POSITION: 4 3
HYBEM SA NA RIGHT

START!!! ROUND: 351
POSITION: 5 3
HYBEM SA NA DOWN

START!!! ROUND: 352
POSITION: 5 4
HYBEM SA NA UP

START!!! ROUND: 353
POSITION: 5 3
HYBEM SA NA RIGHT

START!!! ROUND: 354
POSITION: 6 3
HYBEM SA NA RIGHT

START!!! ROUND: 355
POSITION: 7 3
HYBEM SA NA UP

START!!! ROUND: 356
POSITION: 7 2
HYBEM SA NA UP

START!!! ROUND: 357
POSITION: 7 1
HYBEM SA NA UP

START!!! ROUND: 358
POSITION: 7 0
HYBEM SA NA LEFT

START!!! ROUND: 359
POSITION: 6 0
HYBEM SA NA RIGHT

START!!! ROUND: 360
POSITION: 7 0
HYBEM SA NA RIGHT

START!!! ROUND: 361
POSITION: 8 0
HYBEM SA NA DOWN

START!!! ROUND: 362
POSITION: 8 1
HYBEM SA NA LEFT

START!!! ROUND: 363
POSITION: 7 1
HYBEM SA NA RIGHT

START!!! ROUND: 364
POSITION: 8 1
HYBEM SA NA DOWN

START!!! ROUND: 365
POSITION: 8 2
HYBEM SA NA DOWN

START!!! ROUND: 366
POSITION: 8 3
HYBEM SA NA RIGHT

START!!! ROUND: 367
POSITION: 9 3
HYBEM SA NA UP

START!!! ROUND: 368
POSITION: 9 2
HYBEM SA NA RIGHT

START!!! ROUND: 369
POSITION: 10 2
HYBEM SA NA RIGHT

START!!! ROUND: 370
POSITION: 11 2
HYBEM SA NA RIGHT

START!!! ROUND: 371
POSITION: 12 2
HYBEM SA NA RIGHT

START!!! ROUND: 372
POSITION: 13 2
HYBEM SA NA LEFT

START!!! ROUND: 373
POSITION: 12 2
HYBEM SA NA RIGHT

START!!! ROUND: 374
POSITION: 13 2
HYBEM SA NA LEFT

START!!! ROUND: 375
POSITION: 12 2
HYBEM SA NA LEFT

