2
START!!! ROUND: 0
POSITION: 27 3
HYBEM SA NA LEFT

START!!! ROUND: 1
POSITION: 26 3
HYBEM SA NA LEFT

START!!! ROUND: 2
POSITION: 25 3
HYBEM SA NA DOWN

START!!! ROUND: 3
POSITION: 25 4
HYBEM SA NA DOWN

START!!! ROUND: 4
POSITION: 25 5
HYBEM SA NA DOWN

START!!! ROUND: 5
POSITION: 25 6
HYBEM SA NA RIGHT

START!!! ROUND: 6
POSITION: 26 6
HYBEM SA NA RIGHT

START!!! ROUND: 7
POSITION: 27 6
HYBEM SA NA RIGHT

START!!! ROUND: 8
POSITION: 28 6
HYBEM SA NA UP

START!!! ROUND: 9
POSITION: 28 5
HYBEM SA NA LEFT

START!!! ROUND: 10
POSITION: 27 5
HYBEM SA NA UP

START!!! ROUND: 11
POSITION: 27 4
HYBEM SA NA RIGHT

START!!! ROUND: 12
POSITION: 28 4
HYBEM SA NA RIGHT

START!!! ROUND: 13
POSITION: 29 4
HYBEM SA NA DOWN

START!!! ROUND: 14
POSITION: 29 5
HYBEM SA NA LEFT

START!!! ROUND: 15
POSITION: 28 5
HYBEM SA NA RIGHT

START!!! ROUND: 16
POSITION: 29 5
HYBEM SA NA RIGHT

START!!! ROUND: 17
POSITION: 30 5
HYBEM SA NA UP

START!!! ROUND: 18
POSITION: 30 4
HYBEM SA NA UP

START!!! ROUND: 19
POSITION: 30 3
HYBEM SA NA UP

START!!! ROUND: 20
POSITION: 30 2
HYBEM SA NA LEFT

START!!! ROUND: 21
POSITION: 29 2
HYBEM SA NA LEFT

START!!! ROUND: 22
POSITION: 28 2
HYBEM SA NA LEFT

START!!! ROUND: 23
POSITION: 27 2
HYBEM SA NA RIGHT

START!!! ROUND: 24
POSITION: 28 2
HYBEM SA NA LEFT

START!!! ROUND: 25
POSITION: 27 2
HYBEM SA NA RIGHT

START!!! ROUND: 26
POSITION: 28 2
HYBEM SA NA RIGHT

