1
START!!! ROUND: 0
POSITION: 3 27
HYBEM SA NA LEFT

START!!! ROUND: 1
POSITION: 2 27
HYBEM SA NA LEFT

START!!! ROUND: 2
POSITION: 1 27
HYBEM SA NA RIGHT

START!!! ROUND: 3
POSITION: 2 27
HYBEM SA NA LEFT

START!!! ROUND: 4
POSITION: 1 27
HYBEM SA NA LEFT

START!!! ROUND: 5
POSITION: 0 27
HYBEM SA NA DOWN

START!!! ROUND: 6
POSITION: 0 28
HYBEM SA NA DOWN

START!!! ROUND: 7
POSITION: 0 29
HYBEM SA NA DOWN

START!!! ROUND: 8
POSITION: 0 30
HYBEM SA NA RIGHT

START!!! ROUND: 9
POSITION: 1 30
HYBEM SA NA UP

START!!! ROUND: 10
POSITION: 1 29
HYBEM SA NA UP

START!!! ROUND: 11
POSITION: 1 28
HYBEM SA NA UP

START!!! ROUND: 12
POSITION: 1 27
HYBEM SA NA UP

START!!! ROUND: 13
POSITION: 1 26
HYBEM SA NA RIGHT

START!!! ROUND: 14
POSITION: 2 26
HYBEM SA NA UP

START!!! ROUND: 15
POSITION: 2 25
HYBEM SA NA RIGHT

START!!! ROUND: 16
POSITION: 3 25
HYBEM SA NA RIGHT

START!!! ROUND: 17
POSITION: 4 25
HYBEM SA NA RIGHT

START!!! ROUND: 18
POSITION: 5 25
HYBEM SA NA RIGHT

START!!! ROUND: 19
POSITION: 6 25
HYBEM SA NA RIGHT

START!!! ROUND: 20
POSITION: 7 25
HYBEM SA NA RIGHT

START!!! ROUND: 21
POSITION: 8 25
HYBEM SA NA RIGHT

START!!! ROUND: 22
POSITION: 9 25
HYBEM SA NA DOWN

START!!! ROUND: 23
POSITION: 9 26
HYBEM SA NA DOWN

START!!! ROUND: 24
POSITION: 9 27
HYBEM SA NA DOWN

START!!! ROUND: 25
POSITION: 9 28
HYBEM SA NA DOWN

START!!! ROUND: 26
POSITION: 9 29
HYBEM SA NA DOWN

START!!! ROUND: 27
POSITION: 9 30
HYBEM SA NA RIGHT

START!!! ROUND: 28
POSITION: 10 30
HYBEM SA NA RIGHT

START!!! ROUND: 29
POSITION: 11 30
HYBEM SA NA RIGHT

START!!! ROUND: 30
POSITION: 12 30
HYBEM SA NA DOWN

START!!! ROUND: 31
POSITION: 12 31
HYBEM SA NA DOWN

START!!! ROUND: 32
POSITION: 12 32
HYBEM SA NA LEFT

START!!! ROUND: 33
POSITION: 11 32
HYBEM SA NA UP

START!!! ROUND: 34
POSITION: 11 31
HYBEM SA NA LEFT

START!!! ROUND: 35
POSITION: 10 31
HYBEM SA NA LEFT

START!!! ROUND: 36
POSITION: 9 31
HYBEM SA NA LEFT

START!!! ROUND: 37
POSITION: 8 31
HYBEM SA NA LEFT

START!!! ROUND: 38
POSITION: 7 31
HYBEM SA NA LEFT

START!!! ROUND: 39
POSITION: 6 31
HYBEM SA NA LEFT

START!!! ROUND: 40
POSITION: 5 31
HYBEM SA NA LEFT

START!!! ROUND: 41
POSITION: 4 31
HYBEM SA NA LEFT

START!!! ROUND: 42
POSITION: 3 31
HYBEM SA NA UP

START!!! ROUND: 43
POSITION: 3 30
HYBEM SA NA UP

START!!! ROUND: 44
POSITION: 3 29
HYBEM SA NA UP

START!!! ROUND: 45
POSITION: 3 28
HYBEM SA NA LEFT

START!!! ROUND: 46
POSITION: 2 28
HYBEM SA NA DOWN

START!!! ROUND: 47
POSITION: 2 29
HYBEM SA NA RIGHT

START!!! ROUND: 48
POSITION: 3 29
HYBEM SA NA LEFT

START!!! ROUND: 49
POSITION: 2 29
HYBEM SA NA DOWN

START!!! ROUND: 50
POSITION: 2 30
HYBEM SA NA DOWN

START!!! ROUND: 51
POSITION: 2 31
HYBEM SA NA DOWN

START!!! ROUND: 52
POSITION: 2 32
HYBEM SA NA RIGHT

START!!! ROUND: 53
POSITION: 3 32
HYBEM SA NA RIGHT

START!!! ROUND: 54
POSITION: 4 32
HYBEM SA NA RIGHT

START!!! ROUND: 55
POSITION: 5 32
HYBEM SA NA RIGHT

START!!! ROUND: 56
POSITION: 6 32
HYBEM SA NA RIGHT

START!!! ROUND: 57
POSITION: 7 32
HYBEM SA NA RIGHT

START!!! ROUND: 58
POSITION: 8 32
HYBEM SA NA RIGHT

START!!! ROUND: 59
POSITION: 9 32
HYBEM SA NA RIGHT

START!!! ROUND: 60
POSITION: 10 32
HYBEM SA NA UP

START!!! ROUND: 61
POSITION: 10 31
HYBEM SA NA LEFT

START!!! ROUND: 62
POSITION: 9 31
HYBEM SA NA DOWN

START!!! ROUND: 63
POSITION: 9 32
HYBEM SA NA DOWN

START!!! ROUND: 64
POSITION: 9 33
HYBEM SA NA LEFT

START!!! ROUND: 65
POSITION: 8 33
HYBEM SA NA DOWN

START!!! ROUND: 66
POSITION: 8 34
HYBEM SA NA RIGHT

START!!! ROUND: 67
POSITION: 9 34
HYBEM SA NA RIGHT

START!!! ROUND: 68
POSITION: 10 34
HYBEM SA NA UP

START!!! ROUND: 69
POSITION: 10 33
HYBEM SA NA UP

START!!! ROUND: 70
POSITION: 10 32
HYBEM SA NA RIGHT

START!!! ROUND: 71
POSITION: 11 32
HYBEM SA NA DOWN

START!!! ROUND: 72
POSITION: 11 33
HYBEM SA NA UP

START!!! ROUND: 73
POSITION: 11 32
HYBEM SA NA UP

START!!! ROUND: 74
POSITION: 11 31
HYBEM SA NA UP

START!!! ROUND: 75
POSITION: 11 30
HYBEM SA NA UP

START!!! ROUND: 76
POSITION: 11 29
HYBEM SA NA DOWN

START!!! ROUND: 77
POSITION: 11 30
HYBEM SA NA LEFT

START!!! ROUND: 78
POSITION: 10 30
HYBEM SA NA RIGHT

START!!! ROUND: 79
POSITION: 11 30
HYBEM SA NA LEFT

START!!! ROUND: 80
POSITION: 10 30
HYBEM SA NA UP

START!!! ROUND: 81
POSITION: 10 29
HYBEM SA NA UP

START!!! ROUND: 82
POSITION: 10 28
HYBEM SA NA RIGHT

START!!! ROUND: 83
POSITION: 11 28
HYBEM SA NA RIGHT

START!!! ROUND: 84
POSITION: 12 28
HYBEM SA NA RIGHT

START!!! ROUND: 85
POSITION: 13 28
HYBEM SA NA RIGHT

START!!! ROUND: 86
POSITION: 14 28
HYBEM SA NA RIGHT

START!!! ROUND: 87
POSITION: 15 28
HYBEM SA NA UP

START!!! ROUND: 88
POSITION: 15 27
HYBEM SA NA RIGHT

START!!! ROUND: 89
POSITION: 16 27
HYBEM SA NA RIGHT

START!!! ROUND: 90
POSITION: 17 27
HYBEM SA NA UP

START!!! ROUND: 91
POSITION: 17 26
HYBEM SA NA LEFT

START!!! ROUND: 92
POSITION: 16 26
HYBEM SA NA LEFT

START!!! ROUND: 93
POSITION: 15 26
HYBEM SA NA LEFT

START!!! ROUND: 94
POSITION: 14 26
HYBEM SA NA UP

START!!! ROUND: 95
POSITION: 14 25
HYBEM SA NA LEFT

START!!! ROUND: 96
POSITION: 13 25
HYBEM SA NA LEFT

START!!! ROUND: 97
POSITION: 12 25
HYBEM SA NA LEFT

START!!! ROUND: 98
POSITION: 11 25
HYBEM SA NA DOWN

START!!! ROUND: 99
POSITION: 11 26
HYBEM SA NA DOWN

START!!! ROUND: 100
POSITION: 11 27
HYBEM SA NA LEFT

START!!! ROUND: 101
POSITION: 10 27
HYBEM SA NA LEFT

START!!! ROUND: 102
POSITION: 9 27
HYBEM SA NA RIGHT

START!!! ROUND: 103
POSITION: 10 27
HYBEM SA NA UP

START!!! ROUND: 104
POSITION: 10 26
HYBEM SA NA DOWN

START!!! ROUND: 105
POSITION: 10 27
HYBEM SA NA UP

START!!! ROUND: 106
POSITION: 10 26
HYBEM SA NA UP

START!!! ROUND: 107
POSITION: 10 25
HYBEM SA NA LEFT

START!!! ROUND: 108
POSITION: 9 25
HYBEM SA NA RIGHT

START!!! ROUND: 109
POSITION: 10 25
HYBEM SA NA RIGHT

START!!! ROUND: 110
POSITION: 11 25
HYBEM SA NA RIGHT

START!!! ROUND: 111
POSITION: 12 25
HYBEM SA NA RIGHT

START!!! ROUND: 112
POSITION: 13 25
HYBEM SA NA RIGHT

START!!! ROUND: 113
POSITION: 14 25
HYBEM SA NA RIGHT

START!!! ROUND: 114
POSITION: 15 25
HYBEM SA NA RIGHT

START!!! ROUND: 115
POSITION: 16 25
HYBEM SA NA RIGHT

START!!! ROUND: 116
POSITION: 17 25
HYBEM SA NA DOWN

START!!! ROUND: 117
POSITION: 17 26
HYBEM SA NA RIGHT

START!!! ROUND: 118
POSITION: 18 26
HYBEM SA NA UP

START!!! ROUND: 119
POSITION: 18 25
HYBEM SA NA LEFT

START!!! ROUND: 120
POSITION: 17 25
HYBEM SA NA LEFT

START!!! ROUND: 121
POSITION: 16 25
HYBEM SA NA DOWN

START!!! ROUND: 122
POSITION: 16 26
HYBEM SA NA RIGHT

START!!! ROUND: 123
POSITION: 17 26
HYBEM SA NA LEFT

START!!! ROUND: 124
POSITION: 16 26
HYBEM SA NA LEFT

START!!! ROUND: 125
POSITION: 15 26
HYBEM SA NA RIGHT

START!!! ROUND: 126
POSITION: 16 26
HYBEM SA NA DOWN

START!!! ROUND: 127
POSITION: 16 27
HYBEM SA NA DOWN

START!!! ROUND: 128
POSITION: 16 28
HYBEM SA NA LEFT

START!!! ROUND: 129
POSITION: 15 28
HYBEM SA NA DOWN

START!!! ROUND: 130
POSITION: 15 29
HYBEM SA NA LEFT

START!!! ROUND: 131
POSITION: 14 29
HYBEM SA NA LEFT

START!!! ROUND: 132
POSITION: 13 29
HYBEM SA NA LEFT

START!!! ROUND: 133
POSITION: 12 29
HYBEM SA NA LEFT

START!!! ROUND: 134
POSITION: 11 29
HYBEM SA NA RIGHT

START!!! ROUND: 135
POSITION: 12 29
HYBEM SA NA RIGHT

START!!! ROUND: 136
POSITION: 13 29
HYBEM SA NA DOWN

START!!! ROUND: 137
POSITION: 13 30
HYBEM SA NA RIGHT

START!!! ROUND: 138
POSITION: 14 30
HYBEM SA NA UP

START!!! ROUND: 139
POSITION: 14 29
HYBEM SA NA RIGHT

START!!! ROUND: 140
POSITION: 15 29
HYBEM SA NA LEFT

START!!! ROUND: 141
POSITION: 14 29
HYBEM SA NA LEFT

START!!! ROUND: 142
POSITION: 13 29
HYBEM SA NA DOWN

START!!! ROUND: 143
POSITION: 13 30
HYBEM SA NA DOWN

START!!! ROUND: 144
POSITION: 13 31
HYBEM SA NA UP

START!!! ROUND: 145
POSITION: 13 30
HYBEM SA NA LEFT

START!!! ROUND: 146
POSITION: 12 30
HYBEM SA NA LEFT

START!!! ROUND: 147
POSITION: 11 30
HYBEM SA NA LEFT

START!!! ROUND: 148
POSITION: 10 30
HYBEM SA NA LEFT

START!!! ROUND: 149
POSITION: 9 30
HYBEM SA NA LEFT

START!!! ROUND: 150
POSITION: 8 30
HYBEM SA NA LEFT

START!!! ROUND: 151
POSITION: 7 30
HYBEM SA NA LEFT

START!!! ROUND: 152
POSITION: 6 30
HYBEM SA NA DOWN

START!!! ROUND: 153
POSITION: 6 31
HYBEM SA NA DOWN

START!!! ROUND: 154
POSITION: 6 32
HYBEM SA NA DOWN

START!!! ROUND: 155
POSITION: 6 33
HYBEM SA NA DOWN

START!!! ROUND: 156
POSITION: 6 34
HYBEM SA NA DOWN

START!!! ROUND: 157
POSITION: 6 35
HYBEM SA NA DOWN

START!!! ROUND: 158
POSITION: 6 36
HYBEM SA NA RIGHT

START!!! ROUND: 159
POSITION: 7 36
HYBEM SA NA UP

START!!! ROUND: 160
POSITION: 7 35
HYBEM SA NA UP

START!!! ROUND: 161
POSITION: 7 34
HYBEM SA NA RIGHT

START!!! ROUND: 162
POSITION: 8 34
HYBEM SA NA DOWN

START!!! ROUND: 163
POSITION: 8 35
HYBEM SA NA DOWN

START!!! ROUND: 164
POSITION: 8 36
HYBEM SA NA LEFT

START!!! ROUND: 165
POSITION: 7 36
HYBEM SA NA DOWN

START!!! ROUND: 166
POSITION: 7 37
HYBEM SA NA LEFT

START!!! ROUND: 167
POSITION: 6 37
HYBEM SA NA LEFT

START!!! ROUND: 168
POSITION: 5 37
HYBEM SA NA DOWN

START!!! ROUND: 169
POSITION: 5 38
HYBEM SA NA LEFT

START!!! ROUND: 170
POSITION: 4 38
HYBEM SA NA LEFT

START!!! ROUND: 171
POSITION: 3 38
HYBEM SA NA LEFT

START!!! ROUND: 172
POSITION: 2 38
HYBEM SA NA LEFT

START!!! ROUND: 173
POSITION: 1 38
HYBEM SA NA LEFT

START!!! ROUND: 174
POSITION: 0 38
HYBEM SA NA UP

START!!! ROUND: 175
POSITION: 0 37
HYBEM SA NA UP

START!!! ROUND: 176
POSITION: 0 36
HYBEM SA NA UP

START!!! ROUND: 177
POSITION: 0 35
HYBEM SA NA RIGHT

START!!! ROUND: 178
POSITION: 1 35
HYBEM SA NA DOWN

START!!! ROUND: 179
POSITION: 1 36
HYBEM SA NA DOWN

START!!! ROUND: 180
POSITION: 1 37
HYBEM SA NA RIGHT

START!!! ROUND: 181
POSITION: 2 37
HYBEM SA NA RIGHT

START!!! ROUND: 182
POSITION: 3 37
HYBEM SA NA UP

START!!! ROUND: 183
POSITION: 3 36
HYBEM SA NA LEFT

START!!! ROUND: 184
POSITION: 2 36
HYBEM SA NA UP

START!!! ROUND: 185
POSITION: 2 35
HYBEM SA NA RIGHT

START!!! ROUND: 186
POSITION: 3 35
HYBEM SA NA RIGHT

START!!! ROUND: 187
POSITION: 4 35
HYBEM SA NA RIGHT

START!!! ROUND: 188
POSITION: 5 35
HYBEM SA NA RIGHT

START!!! ROUND: 189
POSITION: 6 35
HYBEM SA NA DOWN

START!!! ROUND: 190
POSITION: 6 36
HYBEM SA NA DOWN

START!!! ROUND: 191
POSITION: 6 37
HYBEM SA NA DOWN

START!!! ROUND: 192
POSITION: 6 38
HYBEM SA NA LEFT

START!!! ROUND: 193
POSITION: 5 38
HYBEM SA NA DOWN

START!!! ROUND: 194
POSITION: 5 39
HYBEM SA NA UP

START!!! ROUND: 195
POSITION: 5 38
HYBEM SA NA LEFT

START!!! ROUND: 196
POSITION: 4 38
HYBEM SA NA LEFT

START!!! ROUND: 197
POSITION: 3 38
HYBEM SA NA DOWN

START!!! ROUND: 198
POSITION: 3 39
HYBEM SA NA LEFT

START!!! ROUND: 199
POSITION: 2 39
HYBEM SA NA LEFT

START!!! ROUND: 200
POSITION: 1 39
HYBEM SA NA LEFT

START!!! ROUND: 201
POSITION: 0 39
HYBEM SA NA UP

START!!! ROUND: 202
POSITION: 0 38
HYBEM SA NA DOWN

START!!! ROUND: 203
POSITION: 0 39
HYBEM SA NA DOWN

START!!! ROUND: 204
POSITION: 0 40
HYBEM SA NA DOWN

START!!! ROUND: 205
POSITION: 0 41
HYBEM SA NA DOWN

START!!! ROUND: 206
POSITION: 0 42
HYBEM SA NA RIGHT

START!!! ROUND: 207
POSITION: 1 42
HYBEM SA NA UP

START!!! ROUND: 208
POSITION: 1 41
HYBEM SA NA UP

START!!! ROUND: 209
POSITION: 1 40
HYBEM SA NA UP

START!!! ROUND: 210
POSITION: 1 39
HYBEM SA NA RIGHT

START!!! ROUND: 211
POSITION: 2 39
HYBEM SA NA DOWN

START!!! ROUND: 212
POSITION: 2 40
HYBEM SA NA DOWN

START!!! ROUND: 213
POSITION: 2 41
HYBEM SA NA DOWN

START!!! ROUND: 214
POSITION: 2 42
HYBEM SA NA LEFT

START!!! ROUND: 215
POSITION: 1 42
HYBEM SA NA DOWN

START!!! ROUND: 216
POSITION: 1 43
HYBEM SA NA UP

START!!! ROUND: 217
POSITION: 1 42
HYBEM SA NA LEFT

START!!! ROUND: 218
POSITION: 0 42
HYBEM SA NA DOWN

START!!! ROUND: 219
POSITION: 0 43
HYBEM SA NA UP

START!!! ROUND: 220
POSITION: 0 42
HYBEM SA NA UP

START!!! ROUND: 221
POSITION: 0 41
HYBEM SA NA DOWN

START!!! ROUND: 222
POSITION: 0 42
HYBEM SA NA DOWN

START!!! ROUND: 223
POSITION: 0 43
HYBEM SA NA DOWN

START!!! ROUND: 224
POSITION: 0 44
HYBEM SA NA UP

START!!! ROUND: 225
POSITION: 0 43
HYBEM SA NA UP

START!!! ROUND: 226
POSITION: 0 42
HYBEM SA NA DOWN

START!!! ROUND: 227
POSITION: 0 43
HYBEM SA NA DOWN

START!!! ROUND: 228
POSITION: 0 44
HYBEM SA NA DOWN

START!!! ROUND: 229
POSITION: 0 45
HYBEM SA NA UP

START!!! ROUND: 230
POSITION: 0 44
HYBEM SA NA DOWN

START!!! ROUND: 231
POSITION: 0 45
HYBEM SA NA RIGHT

START!!! ROUND: 232
POSITION: 1 45
HYBEM SA NA DOWN

START!!! ROUND: 233
POSITION: 1 46
HYBEM SA NA LEFT

START!!! ROUND: 234
POSITION: 0 46
HYBEM SA NA RIGHT

START!!! ROUND: 235
POSITION: 1 46
HYBEM SA NA LEFT

START!!! ROUND: 236
POSITION: 0 46
HYBEM SA NA DOWN

START!!! ROUND: 237
POSITION: 0 47
HYBEM SA NA UP

START!!! ROUND: 238
POSITION: 0 46
HYBEM SA NA UP

START!!! ROUND: 239
POSITION: 0 45
HYBEM SA NA UP

START!!! ROUND: 240
POSITION: 0 44
HYBEM SA NA UP

START!!! ROUND: 241
POSITION: 0 43
HYBEM SA NA UP

START!!! ROUND: 242
POSITION: 0 42
HYBEM SA NA UP

START!!! ROUND: 243
POSITION: 0 41
HYBEM SA NA DOWN

START!!! ROUND: 244
POSITION: 0 42
HYBEM SA NA UP

START!!! ROUND: 245
POSITION: 0 41
HYBEM SA NA DOWN

START!!! ROUND: 246
POSITION: 0 42
HYBEM SA NA UP

START!!! ROUND: 247
POSITION: 0 41
HYBEM SA NA RIGHT

START!!! ROUND: 248
POSITION: 1 41
HYBEM SA NA RIGHT

START!!! ROUND: 249
POSITION: 2 41
HYBEM SA NA RIGHT

START!!! ROUND: 250
POSITION: 3 41
HYBEM SA NA LEFT

START!!! ROUND: 251
POSITION: 2 41
HYBEM SA NA LEFT

START!!! ROUND: 252
POSITION: 1 41
HYBEM SA NA LEFT

START!!! ROUND: 253
POSITION: 0 41
HYBEM SA NA UP

START!!! ROUND: 254
POSITION: 0 40
HYBEM SA NA RIGHT

START!!! ROUND: 255
POSITION: 1 40
HYBEM SA NA RIGHT

START!!! ROUND: 256
POSITION: 2 40
HYBEM SA NA RIGHT

START!!! ROUND: 257
POSITION: 3 40
HYBEM SA NA LEFT

START!!! ROUND: 258
POSITION: 2 40
HYBEM SA NA RIGHT

START!!! ROUND: 259
POSITION: 3 40
HYBEM SA NA RIGHT

START!!! ROUND: 260
POSITION: 4 40
HYBEM SA NA LEFT

START!!! ROUND: 261
POSITION: 3 40
HYBEM SA NA UP

START!!! ROUND: 262
POSITION: 3 39
HYBEM SA NA UP

START!!! ROUND: 263
POSITION: 3 38
HYBEM SA NA RIGHT

START!!! ROUND: 264
POSITION: 4 38
HYBEM SA NA UP

START!!! ROUND: 265
POSITION: 4 37
HYBEM SA NA UP

START!!! ROUND: 266
POSITION: 4 36
HYBEM SA NA LEFT

START!!! ROUND: 267
POSITION: 3 36
HYBEM SA NA RIGHT

START!!! ROUND: 268
POSITION: 4 36
HYBEM SA NA RIGHT

START!!! ROUND: 269
POSITION: 5 36
HYBEM SA NA RIGHT

START!!! ROUND: 270
POSITION: 6 36
HYBEM SA NA LEFT

START!!! ROUND: 271
POSITION: 5 36
HYBEM SA NA UP

START!!! ROUND: 272
POSITION: 5 35
HYBEM SA NA UP

START!!! ROUND: 273
POSITION: 5 34
HYBEM SA NA RIGHT

START!!! ROUND: 274
POSITION: 6 34
HYBEM SA NA LEFT

START!!! ROUND: 275
POSITION: 5 34
HYBEM SA NA LEFT

START!!! ROUND: 276
POSITION: 4 34
HYBEM SA NA LEFT

START!!! ROUND: 277
POSITION: 3 34
HYBEM SA NA LEFT

START!!! ROUND: 278
POSITION: 2 34
HYBEM SA NA LEFT

START!!! ROUND: 279
POSITION: 1 34
HYBEM SA NA LEFT

START!!! ROUND: 280
POSITION: 0 34
HYBEM SA NA DOWN

START!!! ROUND: 281
POSITION: 0 35
HYBEM SA NA DOWN

START!!! ROUND: 282
POSITION: 0 36
HYBEM SA NA UP

START!!! ROUND: 283
POSITION: 0 35
HYBEM SA NA UP

START!!! ROUND: 284
POSITION: 0 34
HYBEM SA NA UP

START!!! ROUND: 285
POSITION: 0 33
HYBEM SA NA UP

START!!! ROUND: 286
POSITION: 0 32
HYBEM SA NA UP

START!!! ROUND: 287
POSITION: 0 31
HYBEM SA NA UP

START!!! ROUND: 288
POSITION: 0 30
HYBEM SA NA UP

START!!! ROUND: 289
POSITION: 0 29
HYBEM SA NA UP

START!!! ROUND: 290
POSITION: 0 28
HYBEM SA NA UP

START!!! ROUND: 291
POSITION: 0 27
HYBEM SA NA UP

START!!! ROUND: 292
POSITION: 0 26
HYBEM SA NA UP

START!!! ROUND: 293
POSITION: 0 25
HYBEM SA NA RIGHT

START!!! ROUND: 294
POSITION: 1 25
HYBEM SA NA DOWN

START!!! ROUND: 295
POSITION: 1 26
HYBEM SA NA DOWN

START!!! ROUND: 296
POSITION: 1 27
HYBEM SA NA LEFT

START!!! ROUND: 297
POSITION: 0 27
HYBEM SA NA UP

START!!! ROUND: 298
POSITION: 0 26
HYBEM SA NA UP

START!!! ROUND: 299
POSITION: 0 25
HYBEM SA NA UP

START!!! ROUND: 300
POSITION: 0 24
HYBEM SA NA DOWN

START!!! ROUND: 301
POSITION: 0 25
HYBEM SA NA UP

START!!! ROUND: 302
POSITION: 0 24
HYBEM SA NA UP

START!!! ROUND: 303
POSITION: 0 23
HYBEM SA NA DOWN

START!!! ROUND: 304
POSITION: 0 24
HYBEM SA NA UP

START!!! ROUND: 305
POSITION: 0 23
HYBEM SA NA UP

START!!! ROUND: 306
POSITION: 0 22
HYBEM SA NA UP

START!!! ROUND: 307
POSITION: 0 21
HYBEM SA NA RIGHT

START!!! ROUND: 308
POSITION: 1 21
HYBEM SA NA UP

START!!! ROUND: 309
POSITION: 1 20
HYBEM SA NA RIGHT

START!!! ROUND: 310
POSITION: 2 20
HYBEM SA NA DOWN

START!!! ROUND: 311
POSITION: 2 21
HYBEM SA NA DOWN

START!!! ROUND: 312
POSITION: 2 22
HYBEM SA NA RIGHT

START!!! ROUND: 313
POSITION: 3 22
HYBEM SA NA DOWN

START!!! ROUND: 314
POSITION: 3 23
HYBEM SA NA LEFT

START!!! ROUND: 315
POSITION: 2 23
HYBEM SA NA LEFT

START!!! ROUND: 316
POSITION: 1 23
HYBEM SA NA LEFT

START!!! ROUND: 317
POSITION: 0 23
HYBEM SA NA UP

START!!! ROUND: 318
POSITION: 0 22
HYBEM SA NA UP

START!!! ROUND: 319
POSITION: 0 21
HYBEM SA NA DOWN

START!!! ROUND: 320
POSITION: 0 22
HYBEM SA NA UP

START!!! ROUND: 321
POSITION: 0 21
HYBEM SA NA UP

START!!! ROUND: 322
POSITION: 0 20
HYBEM SA NA UP

START!!! ROUND: 323
POSITION: 0 19
HYBEM SA NA UP

START!!! ROUND: 324
POSITION: 0 18
HYBEM SA NA RIGHT

START!!! ROUND: 325
POSITION: 1 18
HYBEM SA NA UP

START!!! ROUND: 326
POSITION: 1 17
HYBEM SA NA RIGHT

START!!! ROUND: 327
POSITION: 2 17
HYBEM SA NA RIGHT

START!!! ROUND: 328
POSITION: 3 17
HYBEM SA NA RIGHT

START!!! ROUND: 329
POSITION: 4 17
HYBEM SA NA DOWN

START!!! ROUND: 330
POSITION: 4 18
HYBEM SA NA DOWN

START!!! ROUND: 331
POSITION: 4 19
HYBEM SA NA DOWN

START!!! ROUND: 332
POSITION: 4 20
HYBEM SA NA DOWN

START!!! ROUND: 333
POSITION: 4 21
HYBEM SA NA DOWN

START!!! ROUND: 334
POSITION: 4 22
HYBEM SA NA DOWN

START!!! ROUND: 335
POSITION: 4 23
HYBEM SA NA LEFT

START!!! ROUND: 336
POSITION: 3 23
HYBEM SA NA RIGHT

START!!! ROUND: 337
POSITION: 4 23
HYBEM SA NA RIGHT

START!!! ROUND: 338
POSITION: 5 23
HYBEM SA NA UP

START!!! ROUND: 339
POSITION: 5 22
HYBEM SA NA UP

START!!! ROUND: 340
POSITION: 5 21
HYBEM SA NA UP

START!!! ROUND: 341
POSITION: 5 20
HYBEM SA NA LEFT

START!!! ROUND: 342
POSITION: 4 20
HYBEM SA NA LEFT

START!!! ROUND: 343
POSITION: 3 20
HYBEM SA NA UP

START!!! ROUND: 344
POSITION: 3 19
HYBEM SA NA RIGHT

START!!! ROUND: 345
POSITION: 4 19
HYBEM SA NA UP

START!!! ROUND: 346
POSITION: 4 18
HYBEM SA NA RIGHT

START!!! ROUND: 347
POSITION: 5 18
HYBEM SA NA DOWN

START!!! ROUND: 348
POSITION: 5 19
HYBEM SA NA LEFT

START!!! ROUND: 349
POSITION: 4 19
HYBEM SA NA LEFT

START!!! ROUND: 350
POSITION: 3 19
HYBEM SA NA UP

START!!! ROUND: 351
POSITION: 3 18
HYBEM SA NA LEFT

START!!! ROUND: 352
POSITION: 2 18
HYBEM SA NA UP

START!!! ROUND: 353
POSITION: 2 17
HYBEM SA NA UP

START!!! ROUND: 354
POSITION: 2 16
HYBEM SA NA UP

START!!! ROUND: 355
POSITION: 2 15
HYBEM SA NA UP

START!!! ROUND: 356
POSITION: 2 14
HYBEM SA NA RIGHT

START!!! ROUND: 357
POSITION: 3 14
HYBEM SA NA DOWN

START!!! ROUND: 358
POSITION: 3 15
HYBEM SA NA DOWN

START!!! ROUND: 359
POSITION: 3 16
HYBEM SA NA DOWN

START!!! ROUND: 360
POSITION: 3 17
HYBEM SA NA UP

START!!! ROUND: 361
POSITION: 3 16
HYBEM SA NA RIGHT

START!!! ROUND: 362
POSITION: 4 16
HYBEM SA NA UP

START!!! ROUND: 363
POSITION: 4 15
HYBEM SA NA UP

START!!! ROUND: 364
POSITION: 4 14
HYBEM SA NA UP

START!!! ROUND: 365
POSITION: 4 13
HYBEM SA NA RIGHT

START!!! ROUND: 366
POSITION: 5 13
HYBEM SA NA DOWN

START!!! ROUND: 367
POSITION: 5 14
HYBEM SA NA RIGHT

START!!! ROUND: 368
POSITION: 6 14
HYBEM SA NA DOWN

START!!! ROUND: 369
POSITION: 6 15
HYBEM SA NA RIGHT

START!!! ROUND: 370
POSITION: 7 15
HYBEM SA NA DOWN

START!!! ROUND: 371
POSITION: 7 16
HYBEM SA NA DOWN

START!!! ROUND: 372
POSITION: 7 17
HYBEM SA NA LEFT

START!!! ROUND: 373
POSITION: 6 17
HYBEM SA NA LEFT

START!!! ROUND: 374
POSITION: 5 17
HYBEM SA NA DOWN

START!!! ROUND: 375
POSITION: 5 18
HYBEM SA NA RIGHT

START!!! ROUND: 376
POSITION: 6 18
HYBEM SA NA DOWN

START!!! ROUND: 377
POSITION: 6 19
HYBEM SA NA DOWN

START!!! ROUND: 378
POSITION: 6 20
HYBEM SA NA DOWN

START!!! ROUND: 379
POSITION: 6 21
HYBEM SA NA DOWN

START!!! ROUND: 380
POSITION: 6 22
HYBEM SA NA DOWN

START!!! ROUND: 381
POSITION: 6 23
HYBEM SA NA LEFT

START!!! ROUND: 382
POSITION: 5 23
HYBEM SA NA RIGHT

START!!! ROUND: 383
POSITION: 6 23
HYBEM SA NA RIGHT

START!!! ROUND: 384
POSITION: 7 23
HYBEM SA NA UP

START!!! ROUND: 385
POSITION: 7 22
HYBEM SA NA UP

START!!! ROUND: 386
POSITION: 7 21
HYBEM SA NA UP

START!!! ROUND: 387
POSITION: 7 20
HYBEM SA NA LEFT

START!!! ROUND: 388
POSITION: 6 20
HYBEM SA NA UP

START!!! ROUND: 389
POSITION: 6 19
HYBEM SA NA RIGHT

START!!! ROUND: 390
POSITION: 7 19
HYBEM SA NA DOWN

START!!! ROUND: 391
POSITION: 7 20
HYBEM SA NA LEFT

START!!! ROUND: 392
POSITION: 6 20
HYBEM SA NA RIGHT

START!!! ROUND: 393
POSITION: 7 20
HYBEM SA NA RIGHT

START!!! ROUND: 394
POSITION: 8 20
HYBEM SA NA UP

START!!! ROUND: 395
POSITION: 8 19
HYBEM SA NA UP

START!!! ROUND: 396
POSITION: 8 18
HYBEM SA NA UP

START!!! ROUND: 397
POSITION: 8 17
HYBEM SA NA UP

START!!! ROUND: 398
POSITION: 8 16
HYBEM SA NA UP

START!!! ROUND: 399
POSITION: 8 15
HYBEM SA NA LEFT

START!!! ROUND: 400
POSITION: 7 15
HYBEM SA NA UP

START!!! ROUND: 401
POSITION: 7 14
HYBEM SA NA LEFT

START!!! ROUND: 402
POSITION: 6 14
HYBEM SA NA RIGHT

START!!! ROUND: 403
POSITION: 7 14
HYBEM SA NA UP

START!!! ROUND: 404
POSITION: 7 13
HYBEM SA NA RIGHT

START!!! ROUND: 405
POSITION: 8 13
HYBEM SA NA RIGHT

START!!! ROUND: 406
POSITION: 9 13
HYBEM SA NA DOWN

START!!! ROUND: 407
POSITION: 9 14
HYBEM SA NA DOWN

START!!! ROUND: 408
POSITION: 9 15
HYBEM SA NA DOWN

START!!! ROUND: 409
POSITION: 9 16
HYBEM SA NA DOWN

START!!! ROUND: 410
POSITION: 9 17
HYBEM SA NA DOWN

START!!! ROUND: 411
POSITION: 9 18
HYBEM SA NA DOWN

START!!! ROUND: 412
POSITION: 9 19
HYBEM SA NA DOWN

START!!! ROUND: 413
POSITION: 9 20
HYBEM SA NA LEFT

START!!! ROUND: 414
POSITION: 8 20
HYBEM SA NA LEFT

START!!! ROUND: 415
POSITION: 7 20
HYBEM SA NA LEFT

START!!! ROUND: 416
POSITION: 6 20
HYBEM SA NA LEFT

START!!! ROUND: 417
POSITION: 5 20
HYBEM SA NA UP

START!!! ROUND: 418
POSITION: 5 19
HYBEM SA NA RIGHT

START!!! ROUND: 419
POSITION: 6 19
HYBEM SA NA LEFT

START!!! ROUND: 420
POSITION: 5 19
HYBEM SA NA LEFT

START!!! ROUND: 421
POSITION: 4 19
HYBEM SA NA RIGHT

START!!! ROUND: 422
POSITION: 5 19
HYBEM SA NA RIGHT

START!!! ROUND: 423
POSITION: 6 19
HYBEM SA NA LEFT

START!!! ROUND: 424
POSITION: 5 19
HYBEM SA NA RIGHT

START!!! ROUND: 425
POSITION: 6 19
HYBEM SA NA RIGHT

START!!! ROUND: 426
POSITION: 7 19
HYBEM SA NA UP

START!!! ROUND: 427
POSITION: 7 18
HYBEM SA NA DOWN

