1
START!!! ROUND: 0
POSITION: 14 14
HYBEM SA NA LEFT

START!!! ROUND: 1
POSITION: 13 14
HYBEM SA NA LEFT

START!!! ROUND: 2
POSITION: 12 14
HYBEM SA NA LEFT

START!!! ROUND: 3
POSITION: 11 14
HYBEM SA NA UP

START!!! ROUND: 4
POSITION: 11 13
HYBEM SA NA RIGHT

START!!! ROUND: 5
POSITION: 12 13
HYBEM SA NA RIGHT

START!!! ROUND: 6
POSITION: 13 13
HYBEM SA NA UP

START!!! ROUND: 7
POSITION: 13 12
HYBEM SA NA DOWN

START!!! ROUND: 8
POSITION: 13 13
HYBEM SA NA UP

START!!! ROUND: 9
POSITION: 13 12
HYBEM SA NA RIGHT

START!!! ROUND: 10
POSITION: 14 12
HYBEM SA NA RIGHT

START!!! ROUND: 11
POSITION: 15 12
HYBEM SA NA UP

START!!! ROUND: 12
POSITION: 15 11
HYBEM SA NA UP

START!!! ROUND: 13
POSITION: 15 10
HYBEM SA NA LEFT

START!!! ROUND: 14
POSITION: 14 10
HYBEM SA NA LEFT

START!!! ROUND: 15
POSITION: 13 10
HYBEM SA NA DOWN

START!!! ROUND: 16
POSITION: 13 11
HYBEM SA NA DOWN

START!!! ROUND: 17
POSITION: 13 12
HYBEM SA NA UP

START!!! ROUND: 18
POSITION: 13 11
HYBEM SA NA UP

START!!! ROUND: 19
POSITION: 13 10
HYBEM SA NA LEFT

START!!! ROUND: 20
POSITION: 12 10
HYBEM SA NA UP

START!!! ROUND: 21
POSITION: 12 9
HYBEM SA NA RIGHT

START!!! ROUND: 22
POSITION: 13 9
HYBEM SA NA DOWN

START!!! ROUND: 23
POSITION: 13 10
HYBEM SA NA LEFT

START!!! ROUND: 24
POSITION: 12 10
HYBEM SA NA UP

START!!! ROUND: 25
POSITION: 12 9
NEMOZEM SA HYBAT -> RIGHT

START!!! ROUND: 26
POSITION: 13 9
HYBEM SA NA UP

START!!! ROUND: 27
POSITION: 13 8
HYBEM SA NA UP

START!!! ROUND: 28
POSITION: 13 7
HYBEM SA NA RIGHT

START!!! ROUND: 29
POSITION: 14 7
HYBEM SA NA UP

START!!! ROUND: 30
POSITION: 14 6
HYBEM SA NA UP

START!!! ROUND: 31
POSITION: 14 5
HYBEM SA NA UP

START!!! ROUND: 32
POSITION: 14 4
HYBEM SA NA RIGHT

START!!! ROUND: 33
POSITION: 15 4
HYBEM SA NA DOWN

START!!! ROUND: 34
POSITION: 15 5
HYBEM SA NA DOWN

START!!! ROUND: 35
POSITION: 15 6
HYBEM SA NA DOWN

START!!! ROUND: 36
POSITION: 15 7
HYBEM SA NA DOWN

START!!! ROUND: 37
POSITION: 15 8
HYBEM SA NA LEFT

START!!! ROUND: 38
POSITION: 14 8
HYBEM SA NA DOWN

START!!! ROUND: 39
POSITION: 14 9
HYBEM SA NA LEFT

START!!! ROUND: 40
POSITION: 13 9
HYBEM SA NA LEFT

START!!! ROUND: 41
POSITION: 12 9
HYBEM SA NA LEFT

START!!! ROUND: 42
POSITION: 11 9
HYBEM SA NA RIGHT

START!!! ROUND: 43
POSITION: 12 9
HYBEM SA NA LEFT

START!!! ROUND: 44
POSITION: 11 9
HYBEM SA NA UP

START!!! ROUND: 45
POSITION: 11 8
HYBEM SA NA DOWN

START!!! ROUND: 46
POSITION: 11 9
HYBEM SA NA DOWN

START!!! ROUND: 47
POSITION: 11 10
HYBEM SA NA DOWN

START!!! ROUND: 48
POSITION: 11 11
HYBEM SA NA LEFT

START!!! ROUND: 49
POSITION: 10 11
HYBEM SA NA DOWN

START!!! ROUND: 50
POSITION: 10 12
HYBEM SA NA LEFT

START!!! ROUND: 51
POSITION: 9 12
HYBEM SA NA DOWN

START!!! ROUND: 52
POSITION: 9 13
HYBEM SA NA DOWN

START!!! ROUND: 53
POSITION: 9 14
HYBEM SA NA DOWN

START!!! ROUND: 54
POSITION: 9 15
HYBEM SA NA RIGHT

START!!! ROUND: 55
POSITION: 10 15
HYBEM SA NA UP

START!!! ROUND: 56
POSITION: 10 14
HYBEM SA NA UP

START!!! ROUND: 57
POSITION: 10 13
HYBEM SA NA RIGHT

START!!! ROUND: 58
POSITION: 11 13
HYBEM SA NA DOWN

START!!! ROUND: 59
POSITION: 11 14
HYBEM SA NA DOWN

START!!! ROUND: 60
POSITION: 11 15
HYBEM SA NA LEFT

START!!! ROUND: 61
POSITION: 10 15
HYBEM SA NA LEFT

START!!! ROUND: 62
POSITION: 9 15
HYBEM SA NA LEFT

START!!! ROUND: 63
POSITION: 8 15
HYBEM SA NA UP

START!!! ROUND: 64
POSITION: 8 14
HYBEM SA NA LEFT

START!!! ROUND: 65
POSITION: 7 14
HYBEM SA NA UP

START!!! ROUND: 66
POSITION: 7 13
HYBEM SA NA RIGHT

START!!! ROUND: 67
POSITION: 8 13
HYBEM SA NA RIGHT

START!!! ROUND: 68
POSITION: 9 13
HYBEM SA NA UP

START!!! ROUND: 69
POSITION: 9 12
HYBEM SA NA UP

START!!! ROUND: 70
POSITION: 9 11
HYBEM SA NA DOWN

START!!! ROUND: 71
POSITION: 9 12
HYBEM SA NA DOWN

START!!! ROUND: 72
POSITION: 9 13
HYBEM SA NA LEFT

START!!! ROUND: 73
POSITION: 8 13
HYBEM SA NA LEFT

START!!! ROUND: 74
POSITION: 7 13
HYBEM SA NA RIGHT

START!!! ROUND: 75
POSITION: 8 13
HYBEM SA NA LEFT

START!!! ROUND: 76
POSITION: 7 13
HYBEM SA NA LEFT

START!!! ROUND: 77
POSITION: 6 13
HYBEM SA NA LEFT

START!!! ROUND: 78
POSITION: 5 13
HYBEM SA NA LEFT

START!!! ROUND: 79
POSITION: 4 13
HYBEM SA NA DOWN

START!!! ROUND: 80
POSITION: 4 14
HYBEM SA NA RIGHT

START!!! ROUND: 81
POSITION: 5 14
HYBEM SA NA RIGHT

START!!! ROUND: 82
POSITION: 6 14
HYBEM SA NA RIGHT

START!!! ROUND: 83
POSITION: 7 14
HYBEM SA NA DOWN

START!!! ROUND: 84
POSITION: 7 15
HYBEM SA NA DOWN

START!!! ROUND: 85
POSITION: 7 16
HYBEM SA NA LEFT

START!!! ROUND: 86
POSITION: 6 16
HYBEM SA NA UP

START!!! ROUND: 87
POSITION: 6 15
HYBEM SA NA LEFT

START!!! ROUND: 88
POSITION: 5 15
HYBEM SA NA LEFT

START!!! ROUND: 89
POSITION: 4 15
HYBEM SA NA UP

START!!! ROUND: 90
POSITION: 4 14
HYBEM SA NA UP

START!!! ROUND: 91
POSITION: 4 13
HYBEM SA NA RIGHT

START!!! ROUND: 92
POSITION: 5 13
HYBEM SA NA UP

START!!! ROUND: 93
POSITION: 5 12
HYBEM SA NA UP

START!!! ROUND: 94
POSITION: 5 11
HYBEM SA NA RIGHT

START!!! ROUND: 95
POSITION: 6 11
HYBEM SA NA DOWN

START!!! ROUND: 96
POSITION: 6 12
HYBEM SA NA DOWN

START!!! ROUND: 97
POSITION: 6 13
HYBEM SA NA LEFT

START!!! ROUND: 98
POSITION: 5 13
HYBEM SA NA LEFT

START!!! ROUND: 99
POSITION: 4 13
HYBEM SA NA LEFT

START!!! ROUND: 100
POSITION: 3 13
HYBEM SA NA RIGHT

START!!! ROUND: 101
POSITION: 4 13
HYBEM SA NA UP

START!!! ROUND: 102
POSITION: 4 12
HYBEM SA NA RIGHT

START!!! ROUND: 103
POSITION: 5 12
HYBEM SA NA LEFT

START!!! ROUND: 104
POSITION: 4 12
HYBEM SA NA LEFT

START!!! ROUND: 105
POSITION: 3 12
HYBEM SA NA UP

START!!! ROUND: 106
POSITION: 3 11
HYBEM SA NA DOWN

START!!! ROUND: 107
POSITION: 3 12
HYBEM SA NA LEFT

START!!! ROUND: 108
POSITION: 2 12
HYBEM SA NA UP

START!!! ROUND: 109
POSITION: 2 11
HYBEM SA NA UP

START!!! ROUND: 110
POSITION: 2 10
HYBEM SA NA LEFT

START!!! ROUND: 111
POSITION: 1 10
HYBEM SA NA LEFT

START!!! ROUND: 112
POSITION: 0 10
HYBEM SA NA DOWN

START!!! ROUND: 113
POSITION: 0 11
HYBEM SA NA DOWN

START!!! ROUND: 114
POSITION: 0 12
HYBEM SA NA DOWN

START!!! ROUND: 115
POSITION: 0 13
HYBEM SA NA DOWN

START!!! ROUND: 116
POSITION: 0 14
HYBEM SA NA DOWN

START!!! ROUND: 117
POSITION: 0 15
HYBEM SA NA RIGHT

START!!! ROUND: 118
POSITION: 1 15
HYBEM SA NA RIGHT

START!!! ROUND: 119
POSITION: 2 15
HYBEM SA NA RIGHT

START!!! ROUND: 120
POSITION: 3 15
HYBEM SA NA UP

START!!! ROUND: 121
POSITION: 3 14
HYBEM SA NA UP

START!!! ROUND: 122
POSITION: 3 13
HYBEM SA NA UP

START!!! ROUND: 123
POSITION: 3 11
HYBEM SA NA LEFT

START!!! ROUND: 124
POSITION: 1 11
NEMOZEM SA HYBAT -> LEFT

