0
0 0
3...0

0 0
3...1

3 0
0...2

1 0
1...3

2 0
2...4

2 0
3...5

2 0
3...6

1 2
0...7

3 2
1...8

0 2
2...9

0 2
3...10

0 2
3...11

0 2
3...12

3 0
0...13

1 0
1...14

2 0
2...15

3 0
3...16

3 0
0...17

1 0
1...18

1 0
1...19

0 0
1...20

1 0
2...21

0 0
3...22

0 0
3...23

0 0
3...24

0 0
3...25

3 0
0...26

1 0
1...27

2 0
2...28

3 0
3...29

3 0
0...30

1 0
1...31

2 0
2...32

2 0
3...33

2 2
0...34

1 2
1...35

1 2
1...36

1 2
2...37

2 2
0...38

1 2
1...39

3 2
1...40

3 2
1...41

0 2
1...42

0 2
1...43

0 2
1...44

0 2
2...45

2 2
3...46

2 2
3...47

2 2
3...48

2 2
3...49

2 2
1...50

3 2
1...51

0 2
1...52

