2
START!!! ROUND: 0
POSITION: 21 3
HYBEM SA NA RIGHT

START!!! ROUND: 1
POSITION: 22 3
HYBEM SA NA RIGHT

START!!! ROUND: 2
POSITION: 23 3
HYBEM SA NA DOWN

START!!! ROUND: 3
POSITION: 23 4
HYBEM SA NA LEFT

START!!! ROUND: 4
POSITION: 22 4
HYBEM SA NA DOWN

START!!! ROUND: 5
POSITION: 22 5
HYBEM SA NA DOWN

START!!! ROUND: 6
POSITION: 22 6
HYBEM SA NA DOWN

START!!! ROUND: 7
POSITION: 22 7
HYBEM SA NA DOWN

START!!! ROUND: 8
POSITION: 22 8
HYBEM SA NA DOWN

START!!! ROUND: 9
POSITION: 22 9
HYBEM SA NA RIGHT

START!!! ROUND: 10
POSITION: 23 9
HYBEM SA NA DOWN

START!!! ROUND: 11
POSITION: 23 10
HYBEM SA NA DOWN

START!!! ROUND: 12
POSITION: 23 11
HYBEM SA NA DOWN

START!!! ROUND: 13
POSITION: 23 12
HYBEM SA NA DOWN

START!!! ROUND: 14
POSITION: 23 13
HYBEM SA NA LEFT

START!!! ROUND: 15
POSITION: 22 13
HYBEM SA NA DOWN

START!!! ROUND: 16
POSITION: 22 14
HYBEM SA NA RIGHT

START!!! ROUND: 17
POSITION: 23 14
HYBEM SA NA DOWN

START!!! ROUND: 18
POSITION: 23 15
HYBEM SA NA LEFT

START!!! ROUND: 19
POSITION: 22 15
HYBEM SA NA LEFT

START!!! ROUND: 20
POSITION: 21 15
HYBEM SA NA LEFT

START!!! ROUND: 21
POSITION: 20 15
HYBEM SA NA UP

START!!! ROUND: 22
POSITION: 20 14
HYBEM SA NA UP

START!!! ROUND: 23
POSITION: 20 13
HYBEM SA NA UP

START!!! ROUND: 24
POSITION: 20 12
HYBEM SA NA UP

START!!! ROUND: 25
POSITION: 20 11
HYBEM SA NA UP

START!!! ROUND: 26
POSITION: 20 10
HYBEM SA NA UP

START!!! ROUND: 27
POSITION: 20 9
HYBEM SA NA UP

START!!! ROUND: 28
POSITION: 20 8
HYBEM SA NA UP

START!!! ROUND: 29
POSITION: 20 7
HYBEM SA NA UP

START!!! ROUND: 30
POSITION: 20 6
HYBEM SA NA UP

START!!! ROUND: 31
POSITION: 20 5
HYBEM SA NA UP

START!!! ROUND: 32
POSITION: 20 4
HYBEM SA NA DOWN

START!!! ROUND: 33
POSITION: 20 5
HYBEM SA NA LEFT

START!!! ROUND: 34
POSITION: 19 5
HYBEM SA NA DOWN

START!!! ROUND: 35
POSITION: 19 6
HYBEM SA NA DOWN

START!!! ROUND: 36
POSITION: 19 7
HYBEM SA NA RIGHT

START!!! ROUND: 37
POSITION: 20 7
HYBEM SA NA DOWN

START!!! ROUND: 38
POSITION: 20 8
HYBEM SA NA UP

START!!! ROUND: 39
POSITION: 20 7
HYBEM SA NA RIGHT

START!!! ROUND: 40
POSITION: 21 7
HYBEM SA NA RIGHT

START!!! ROUND: 41
POSITION: 22 7
HYBEM SA NA LEFT

START!!! ROUND: 42
POSITION: 21 7
HYBEM SA NA LEFT

START!!! ROUND: 43
POSITION: 20 7
HYBEM SA NA LEFT

START!!! ROUND: 44
POSITION: 19 7
HYBEM SA NA UP

START!!! ROUND: 45
POSITION: 19 6
HYBEM SA NA RIGHT

START!!! ROUND: 46
POSITION: 20 6
HYBEM SA NA LEFT

START!!! ROUND: 47
POSITION: 19 6
HYBEM SA NA UP

START!!! ROUND: 48
POSITION: 19 5
HYBEM SA NA LEFT

START!!! ROUND: 49
POSITION: 18 5
HYBEM SA NA LEFT

START!!! ROUND: 50
POSITION: 17 5
HYBEM SA NA LEFT

START!!! ROUND: 51
POSITION: 16 5
HYBEM SA NA LEFT

START!!! ROUND: 52
POSITION: 15 5
HYBEM SA NA DOWN

START!!! ROUND: 53
POSITION: 15 6
HYBEM SA NA LEFT

START!!! ROUND: 54
POSITION: 14 6
HYBEM SA NA UP

START!!! ROUND: 55
POSITION: 14 5
HYBEM SA NA UP

START!!! ROUND: 56
POSITION: 14 4
HYBEM SA NA RIGHT

START!!! ROUND: 57
POSITION: 15 4
HYBEM SA NA RIGHT

START!!! ROUND: 58
POSITION: 16 4
HYBEM SA NA UP

START!!! ROUND: 59
POSITION: 16 3
HYBEM SA NA UP

START!!! ROUND: 60
POSITION: 16 2
HYBEM SA NA UP

START!!! ROUND: 61
POSITION: 16 1
HYBEM SA NA LEFT

START!!! ROUND: 62
POSITION: 15 1
HYBEM SA NA LEFT

START!!! ROUND: 63
POSITION: 14 1
HYBEM SA NA LEFT

START!!! ROUND: 64
POSITION: 13 1
HYBEM SA NA LEFT

START!!! ROUND: 65
POSITION: 12 1
HYBEM SA NA UP

START!!! ROUND: 66
POSITION: 12 0
HYBEM SA NA LEFT

START!!! ROUND: 67
POSITION: 11 0
HYBEM SA NA LEFT

START!!! ROUND: 68
POSITION: 10 0
HYBEM SA NA LEFT

START!!! ROUND: 69
POSITION: 9 0
HYBEM SA NA DOWN

START!!! ROUND: 70
POSITION: 9 1
HYBEM SA NA DOWN

START!!! ROUND: 71
POSITION: 9 2
HYBEM SA NA DOWN

START!!! ROUND: 72
POSITION: 9 3
HYBEM SA NA RIGHT

START!!! ROUND: 73
POSITION: 10 3
HYBEM SA NA DOWN

START!!! ROUND: 74
POSITION: 10 4
HYBEM SA NA RIGHT

START!!! ROUND: 75
POSITION: 11 4
HYBEM SA NA RIGHT

START!!! ROUND: 76
POSITION: 12 4
HYBEM SA NA RIGHT

START!!! ROUND: 77
POSITION: 13 4
HYBEM SA NA DOWN

START!!! ROUND: 78
POSITION: 13 5
HYBEM SA NA DOWN

START!!! ROUND: 79
POSITION: 13 6
HYBEM SA NA LEFT

START!!! ROUND: 80
POSITION: 12 6
HYBEM SA NA LEFT

START!!! ROUND: 81
POSITION: 11 6
HYBEM SA NA DOWN

START!!! ROUND: 82
POSITION: 11 7
HYBEM SA NA RIGHT

START!!! ROUND: 83
POSITION: 12 7
HYBEM SA NA DOWN

START!!! ROUND: 84
POSITION: 12 8
HYBEM SA NA RIGHT

START!!! ROUND: 85
POSITION: 13 8
HYBEM SA NA UP

START!!! ROUND: 86
POSITION: 13 7
HYBEM SA NA RIGHT

START!!! ROUND: 87
POSITION: 14 7
HYBEM SA NA RIGHT

START!!! ROUND: 88
POSITION: 15 7
HYBEM SA NA DOWN

START!!! ROUND: 89
POSITION: 15 8
HYBEM SA NA DOWN

START!!! ROUND: 90
POSITION: 15 9
HYBEM SA NA DOWN

START!!! ROUND: 91
POSITION: 15 10
HYBEM SA NA DOWN

START!!! ROUND: 92
POSITION: 15 11
HYBEM SA NA RIGHT

START!!! ROUND: 93
POSITION: 16 11
HYBEM SA NA RIGHT

START!!! ROUND: 94
POSITION: 17 11
HYBEM SA NA DOWN

START!!! ROUND: 95
POSITION: 17 12
HYBEM SA NA DOWN

START!!! ROUND: 96
POSITION: 17 13
HYBEM SA NA RIGHT

START!!! ROUND: 97
POSITION: 18 13
HYBEM SA NA RIGHT

START!!! ROUND: 98
POSITION: 19 13
HYBEM SA NA RIGHT

START!!! ROUND: 99
POSITION: 20 13
HYBEM SA NA LEFT

START!!! ROUND: 100
POSITION: 19 13
HYBEM SA NA DOWN

START!!! ROUND: 101
POSITION: 19 14
HYBEM SA NA RIGHT

START!!! ROUND: 102
POSITION: 20 14
HYBEM SA NA LEFT

START!!! ROUND: 103
POSITION: 19 14
HYBEM SA NA LEFT

START!!! ROUND: 104
POSITION: 18 14
HYBEM SA NA UP

START!!! ROUND: 105
POSITION: 18 13
HYBEM SA NA LEFT

START!!! ROUND: 106
POSITION: 17 13
HYBEM SA NA RIGHT

START!!! ROUND: 107
POSITION: 18 13
HYBEM SA NA RIGHT

START!!! ROUND: 108
POSITION: 19 13
HYBEM SA NA DOWN

START!!! ROUND: 109
POSITION: 19 14
HYBEM SA NA DOWN

START!!! ROUND: 110
POSITION: 19 15
HYBEM SA NA RIGHT

START!!! ROUND: 111
POSITION: 20 15
HYBEM SA NA DOWN

START!!! ROUND: 112
POSITION: 20 16
HYBEM SA NA RIGHT

