1
START!!! ROUND: 0
POSITION: 15 5
HYBEM SA NA LEFT

START!!! ROUND: 1
POSITION: 14 5
HYBEM SA NA LEFT

START!!! ROUND: 2
POSITION: 13 5
HYBEM SA NA RIGHT

START!!! ROUND: 3
POSITION: 14 5
HYBEM SA NA LEFT

START!!! ROUND: 4
POSITION: 13 5
HYBEM SA NA UP

START!!! ROUND: 5
POSITION: 13 4
HYBEM SA NA UP

START!!! ROUND: 6
POSITION: 13 3
HYBEM SA NA RIGHT

START!!! ROUND: 7
POSITION: 14 3
HYBEM SA NA RIGHT

START!!! ROUND: 8
POSITION: 15 3
HYBEM SA NA RIGHT

START!!! ROUND: 9
POSITION: 16 3
HYBEM SA NA RIGHT

START!!! ROUND: 10
POSITION: 17 3
HYBEM SA NA DOWN

START!!! ROUND: 11
POSITION: 17 4
HYBEM SA NA DOWN

START!!! ROUND: 12
POSITION: 17 5
HYBEM SA NA LEFT

START!!! ROUND: 13
POSITION: 16 5
HYBEM SA NA RIGHT

START!!! ROUND: 14
POSITION: 17 5
HYBEM SA NA RIGHT

START!!! ROUND: 15
POSITION: 18 5
HYBEM SA NA LEFT

START!!! ROUND: 16
POSITION: 17 5
HYBEM SA NA DOWN

START!!! ROUND: 17
POSITION: 17 6
HYBEM SA NA LEFT

START!!! ROUND: 18
POSITION: 16 6
HYBEM SA NA LEFT

START!!! ROUND: 19
POSITION: 15 6
HYBEM SA NA DOWN

START!!! ROUND: 20
POSITION: 15 7
HYBEM SA NA UP

START!!! ROUND: 21
POSITION: 15 6
HYBEM SA NA UP

START!!! ROUND: 22
POSITION: 15 5
HYBEM SA NA RIGHT

START!!! ROUND: 23
POSITION: 16 5
HYBEM SA NA RIGHT

START!!! ROUND: 24
POSITION: 17 5
HYBEM SA NA DOWN

START!!! ROUND: 25
POSITION: 17 6
HYBEM SA NA DOWN

START!!! ROUND: 26
POSITION: 17 7
HYBEM SA NA UP

START!!! ROUND: 27
POSITION: 17 6
HYBEM SA NA DOWN

START!!! ROUND: 28
POSITION: 17 7
HYBEM SA NA RIGHT

START!!! ROUND: 29
POSITION: 18 7
HYBEM SA NA RIGHT

START!!! ROUND: 30
POSITION: 19 7
HYBEM SA NA DOWN

START!!! ROUND: 31
POSITION: 19 8
HYBEM SA NA DOWN

START!!! ROUND: 32
POSITION: 19 9
HYBEM SA NA LEFT

START!!! ROUND: 33
POSITION: 18 9
HYBEM SA NA LEFT

START!!! ROUND: 34
POSITION: 17 9
HYBEM SA NA LEFT

START!!! ROUND: 35
POSITION: 16 9
HYBEM SA NA LEFT

START!!! ROUND: 36
POSITION: 15 9
HYBEM SA NA LEFT

START!!! ROUND: 37
POSITION: 14 9
HYBEM SA NA UP

START!!! ROUND: 38
POSITION: 14 8
HYBEM SA NA LEFT

START!!! ROUND: 39
POSITION: 13 8
HYBEM SA NA LEFT

START!!! ROUND: 40
POSITION: 12 8
HYBEM SA NA LEFT

START!!! ROUND: 41
POSITION: 11 8
HYBEM SA NA UP

START!!! ROUND: 42
POSITION: 11 7
HYBEM SA NA UP

START!!! ROUND: 43
POSITION: 11 6
HYBEM SA NA RIGHT

START!!! ROUND: 44
POSITION: 12 6
HYBEM SA NA RIGHT

START!!! ROUND: 45
POSITION: 13 6
HYBEM SA NA RIGHT

START!!! ROUND: 46
POSITION: 14 6
HYBEM SA NA RIGHT

START!!! ROUND: 47
POSITION: 15 6
HYBEM SA NA RIGHT

START!!! ROUND: 48
POSITION: 16 6
HYBEM SA NA LEFT

START!!! ROUND: 49
POSITION: 15 6
HYBEM SA NA LEFT

START!!! ROUND: 50
POSITION: 14 6
HYBEM SA NA LEFT

START!!! ROUND: 51
POSITION: 13 6
HYBEM SA NA LEFT

START!!! ROUND: 52
POSITION: 12 6
HYBEM SA NA LEFT

START!!! ROUND: 53
POSITION: 11 6
HYBEM SA NA UP

START!!! ROUND: 54
POSITION: 11 5
HYBEM SA NA LEFT

START!!! ROUND: 55
POSITION: 10 5
HYBEM SA NA DOWN

START!!! ROUND: 56
POSITION: 10 6
HYBEM SA NA DOWN

START!!! ROUND: 57
POSITION: 10 7
HYBEM SA NA DOWN

START!!! ROUND: 58
POSITION: 10 8
HYBEM SA NA RIGHT

START!!! ROUND: 59
POSITION: 11 8
HYBEM SA NA RIGHT

START!!! ROUND: 60
POSITION: 12 8
HYBEM SA NA LEFT

START!!! ROUND: 61
POSITION: 11 8
HYBEM SA NA RIGHT

START!!! ROUND: 62
POSITION: 12 8
HYBEM SA NA DOWN

START!!! ROUND: 63
POSITION: 12 9
HYBEM SA NA UP

START!!! ROUND: 64
POSITION: 12 8
HYBEM SA NA LEFT

START!!! ROUND: 65
POSITION: 11 8
HYBEM SA NA LEFT

START!!! ROUND: 66
POSITION: 10 8
HYBEM SA NA UP

START!!! ROUND: 67
POSITION: 10 7
HYBEM SA NA UP

START!!! ROUND: 68
POSITION: 10 6
HYBEM SA NA DOWN

START!!! ROUND: 69
POSITION: 10 7
HYBEM SA NA UP

START!!! ROUND: 70
POSITION: 10 6
HYBEM SA NA UP

START!!! ROUND: 71
POSITION: 10 5
HYBEM SA NA UP

START!!! ROUND: 72
POSITION: 10 4
HYBEM SA NA DOWN

START!!! ROUND: 73
POSITION: 10 5
HYBEM SA NA DOWN

START!!! ROUND: 74
POSITION: 10 6
HYBEM SA NA DOWN

START!!! ROUND: 75
POSITION: 10 7
HYBEM SA NA RIGHT

START!!! ROUND: 76
POSITION: 11 7
HYBEM SA NA LEFT

START!!! ROUND: 77
POSITION: 10 7
HYBEM SA NA RIGHT

START!!! ROUND: 78
POSITION: 11 7
HYBEM SA NA RIGHT

START!!! ROUND: 79
POSITION: 12 7
HYBEM SA NA RIGHT

START!!! ROUND: 80
POSITION: 13 7
HYBEM SA NA LEFT

START!!! ROUND: 81
POSITION: 12 7
HYBEM SA NA UP

START!!! ROUND: 82
POSITION: 12 6
HYBEM SA NA LEFT

START!!! ROUND: 83
POSITION: 11 6
HYBEM SA NA UP

START!!! ROUND: 84
POSITION: 11 5
HYBEM SA NA LEFT

START!!! ROUND: 85
POSITION: 10 5
HYBEM SA NA UP

START!!! ROUND: 86
POSITION: 10 4
HYBEM SA NA UP

START!!! ROUND: 87
POSITION: 10 3
HYBEM SA NA LEFT

START!!! ROUND: 88
POSITION: 9 3
HYBEM SA NA DOWN

START!!! ROUND: 89
POSITION: 9 4
HYBEM SA NA RIGHT

START!!! ROUND: 90
POSITION: 10 4
HYBEM SA NA UP

START!!! ROUND: 91
POSITION: 10 3
HYBEM SA NA UP

START!!! ROUND: 92
POSITION: 10 2
HYBEM SA NA LEFT

START!!! ROUND: 93
POSITION: 9 2
HYBEM SA NA LEFT

START!!! ROUND: 94
POSITION: 8 2
HYBEM SA NA LEFT

START!!! ROUND: 95
POSITION: 7 2
HYBEM SA NA DOWN

START!!! ROUND: 96
POSITION: 7 3
HYBEM SA NA RIGHT

START!!! ROUND: 97
POSITION: 8 3
HYBEM SA NA RIGHT

START!!! ROUND: 98
POSITION: 9 3
HYBEM SA NA RIGHT

START!!! ROUND: 99
POSITION: 10 3
HYBEM SA NA RIGHT

START!!! ROUND: 100
POSITION: 11 3
HYBEM SA NA UP

START!!! ROUND: 101
POSITION: 11 2
HYBEM SA NA LEFT

START!!! ROUND: 102
POSITION: 10 2
HYBEM SA NA UP

START!!! ROUND: 103
POSITION: 10 1
HYBEM SA NA UP

START!!! ROUND: 104
POSITION: 10 0
HYBEM SA NA LEFT

START!!! ROUND: 105
POSITION: 9 0
HYBEM SA NA RIGHT

START!!! ROUND: 106
POSITION: 10 0
HYBEM SA NA DOWN

START!!! ROUND: 107
POSITION: 10 1
HYBEM SA NA DOWN

START!!! ROUND: 108
POSITION: 10 2
HYBEM SA NA RIGHT

START!!! ROUND: 109
POSITION: 11 2
HYBEM SA NA RIGHT

START!!! ROUND: 110
POSITION: 12 2
HYBEM SA NA RIGHT

START!!! ROUND: 111
POSITION: 13 2
HYBEM SA NA DOWN

START!!! ROUND: 112
POSITION: 13 3
HYBEM SA NA RIGHT

START!!! ROUND: 113
POSITION: 14 3
HYBEM SA NA RIGHT

START!!! ROUND: 114
POSITION: 15 3
HYBEM SA NA UP

START!!! ROUND: 115
POSITION: 15 2
HYBEM SA NA DOWN

START!!! ROUND: 116
POSITION: 15 3
HYBEM SA NA RIGHT

START!!! ROUND: 117
POSITION: 16 3
HYBEM SA NA RIGHT

START!!! ROUND: 118
POSITION: 17 3
HYBEM SA NA UP

START!!! ROUND: 119
POSITION: 17 2
HYBEM SA NA UP

START!!! ROUND: 120
POSITION: 17 1
HYBEM SA NA UP

START!!! ROUND: 121
POSITION: 17 0
HYBEM SA NA LEFT

START!!! ROUND: 122
POSITION: 16 0
HYBEM SA NA LEFT

START!!! ROUND: 123
POSITION: 15 0
HYBEM SA NA LEFT

START!!! ROUND: 124
POSITION: 14 0
HYBEM SA NA DOWN

START!!! ROUND: 125
POSITION: 14 1
HYBEM SA NA LEFT

START!!! ROUND: 126
POSITION: 13 1
HYBEM SA NA LEFT

START!!! ROUND: 127
POSITION: 12 1
HYBEM SA NA DOWN

START!!! ROUND: 128
POSITION: 12 2
HYBEM SA NA RIGHT

START!!! ROUND: 129
POSITION: 13 2
HYBEM SA NA UP

START!!! ROUND: 130
POSITION: 13 1
HYBEM SA NA UP

START!!! ROUND: 131
POSITION: 13 0
HYBEM SA NA DOWN

START!!! ROUND: 132
POSITION: 13 1
HYBEM SA NA LEFT

START!!! ROUND: 133
POSITION: 12 1
HYBEM SA NA UP

START!!! ROUND: 134
POSITION: 12 0
HYBEM SA NA LEFT

START!!! ROUND: 135
POSITION: 11 0
HYBEM SA NA LEFT

START!!! ROUND: 136
POSITION: 10 0
HYBEM SA NA LEFT

START!!! ROUND: 137
POSITION: 9 0
HYBEM SA NA LEFT

START!!! ROUND: 138
POSITION: 8 0
HYBEM SA NA DOWN

START!!! ROUND: 139
POSITION: 8 1
HYBEM SA NA DOWN

START!!! ROUND: 140
POSITION: 8 2
HYBEM SA NA LEFT

START!!! ROUND: 141
POSITION: 7 2
HYBEM SA NA UP

START!!! ROUND: 142
POSITION: 7 1
HYBEM SA NA UP

START!!! ROUND: 143
POSITION: 7 0
HYBEM SA NA RIGHT

START!!! ROUND: 144
POSITION: 8 0
HYBEM SA NA LEFT

START!!! ROUND: 145
POSITION: 7 0
HYBEM SA NA RIGHT

START!!! ROUND: 146
POSITION: 8 0
HYBEM SA NA RIGHT

START!!! ROUND: 147
POSITION: 9 0
HYBEM SA NA LEFT

START!!! ROUND: 148
POSITION: 8 0
HYBEM SA NA LEFT

START!!! ROUND: 149
POSITION: 7 0
HYBEM SA NA LEFT

START!!! ROUND: 150
POSITION: 6 0
HYBEM SA NA RIGHT

START!!! ROUND: 151
POSITION: 7 0
HYBEM SA NA LEFT

START!!! ROUND: 152
POSITION: 6 0
HYBEM SA NA RIGHT

START!!! ROUND: 153
POSITION: 7 0
HYBEM SA NA LEFT

START!!! ROUND: 154
POSITION: 6 0
HYBEM SA NA RIGHT

START!!! ROUND: 155
POSITION: 7 0
HYBEM SA NA RIGHT

START!!! ROUND: 156
POSITION: 8 0
HYBEM SA NA RIGHT

START!!! ROUND: 157
POSITION: 9 0
HYBEM SA NA LEFT

START!!! ROUND: 158
POSITION: 8 0
HYBEM SA NA LEFT

START!!! ROUND: 159
POSITION: 7 0
HYBEM SA NA LEFT

START!!! ROUND: 160
POSITION: 6 0
HYBEM SA NA LEFT

START!!! ROUND: 161
POSITION: 5 0
HYBEM SA NA RIGHT

START!!! ROUND: 162
POSITION: 6 0
HYBEM SA NA DOWN

START!!! ROUND: 163
POSITION: 6 1
HYBEM SA NA UP

START!!! ROUND: 164
POSITION: 6 0
HYBEM SA NA LEFT

START!!! ROUND: 165
POSITION: 5 0
HYBEM SA NA LEFT

START!!! ROUND: 166
POSITION: 4 0
HYBEM SA NA LEFT

START!!! ROUND: 167
POSITION: 3 0
HYBEM SA NA LEFT

START!!! ROUND: 168
POSITION: 2 0
HYBEM SA NA LEFT

START!!! ROUND: 169
POSITION: 1 0
HYBEM SA NA LEFT

START!!! ROUND: 170
POSITION: 0 0
HYBEM SA NA DOWN

START!!! ROUND: 171
POSITION: 0 1
HYBEM SA NA DOWN

START!!! ROUND: 172
POSITION: 0 2
HYBEM SA NA DOWN

START!!! ROUND: 173
POSITION: 0 3
HYBEM SA NA DOWN

START!!! ROUND: 174
POSITION: 0 4
HYBEM SA NA DOWN

START!!! ROUND: 175
POSITION: 0 5
HYBEM SA NA DOWN

START!!! ROUND: 176
POSITION: 0 6
HYBEM SA NA DOWN

START!!! ROUND: 177
POSITION: 0 7
HYBEM SA NA RIGHT

START!!! ROUND: 178
POSITION: 1 7
HYBEM SA NA RIGHT

START!!! ROUND: 179
POSITION: 2 7
HYBEM SA NA RIGHT

START!!! ROUND: 180
POSITION: 3 7
HYBEM SA NA UP

START!!! ROUND: 181
POSITION: 3 6
HYBEM SA NA UP

START!!! ROUND: 182
POSITION: 3 5
HYBEM SA NA UP

START!!! ROUND: 183
POSITION: 3 4
HYBEM SA NA RIGHT

START!!! ROUND: 184
POSITION: 4 4
HYBEM SA NA RIGHT

START!!! ROUND: 185
POSITION: 5 4
HYBEM SA NA RIGHT

START!!! ROUND: 186
POSITION: 6 4
HYBEM SA NA UP

START!!! ROUND: 187
POSITION: 6 3
HYBEM SA NA RIGHT

START!!! ROUND: 188
POSITION: 7 3
HYBEM SA NA RIGHT

START!!! ROUND: 189
POSITION: 8 3
HYBEM SA NA UP

START!!! ROUND: 190
POSITION: 8 2
HYBEM SA NA RIGHT

START!!! ROUND: 191
POSITION: 9 2
HYBEM SA NA DOWN

START!!! ROUND: 192
POSITION: 9 3
HYBEM SA NA DOWN

START!!! ROUND: 193
POSITION: 9 4
HYBEM SA NA RIGHT

START!!! ROUND: 194
POSITION: 10 4
HYBEM SA NA DOWN

START!!! ROUND: 195
POSITION: 10 5
HYBEM SA NA DOWN

START!!! ROUND: 196
POSITION: 10 6
HYBEM SA NA RIGHT

START!!! ROUND: 197
POSITION: 11 6
HYBEM SA NA RIGHT

START!!! ROUND: 198
POSITION: 12 6
HYBEM SA NA RIGHT

START!!! ROUND: 199
POSITION: 13 6
HYBEM SA NA RIGHT

START!!! ROUND: 200
POSITION: 14 6
HYBEM SA NA LEFT

START!!! ROUND: 201
POSITION: 13 6
HYBEM SA NA DOWN

