2
2 0
3...0

2 0
3...1

3 0
3...2

3 0
3...3

0 0
0...4

3 0
1...5

1 0
2...6

0 0
3...7

0 0
3...8

0 0
3...9

1 0
1...10

2 0
2...11

0 0
3...12

0 0
3...13

1 0
1...14

2 0
2...15

0 0
3...16

0 0
3...17

1 0
1...18

2 0
2...19

0 0
3...20

0 0
3...21

1 0
1...22

2 0
2...23

0 0
3...24

0 0
3...25

3 3
1...26

2 3
2...27

0 3
3...28

0 3
3...29

3 3
1...30

2 3
2...31

0 3
3...32

0 3
3...33

3 3
1...34

2 3
2...35

0 3
3...36

0 3
3...37

3 3
1...38

2 3
2...39

0 3
3...40

0 3
3...41

3 3
1...42

2 3
2...43

0 3
3...44

0 3
3...45

3 0
1...46

2 0
2...47

2 0
3...48

2 0
3...49

1 2
0...50

3 2
1...51

3 2
2...52

2 2
1...53

3 2
2...54

2 2
3...55

1 2
0...56

3 2
1...57

0 2
2...58

2 2
3...59

2 2
3...60

1 2
1...61

0 2
1...62

0 2
2...63

2 2
3...64

1 2
1...65

2 2
2...66

1 1
0...67

2 1
1...68

3 1
1...69

0 1
1...70

0 1
1...71

3 1
